Using pre-set license
Built from '2022.3/staging' branch; Version is '2022.3.4f1 (35713cd46cd7) revision 3502396'; Using compiler version '192829333'; Build Type 'Release'
OS: 'Windows 10  (10.0.19045) 64bit Professional' Language: 'ko' Physical Memory: 32469 MB
BatchMode: 1, IsHumanControllingUs: 0, StartBugReporterOnCrash: 0, Is64bit: 1, IsPro: 1

COMMAND LINE ARGUMENTS:
C:\Program Files\Unity\Hub\Editor\2022.3.4f1\Editor\Unity.exe
-adb2
-batchMode
-noUpm
-name
AssetImportWorker12
-projectPath
C:/Users/rhsj/Desktop/Unity/ProjectNW
-logFile
Logs/AssetImportWorker12.log
-srvPort
51623
Successfully changed project path to: C:/Users/rhsj/Desktop/Unity/ProjectNW
C:/Users/rhsj/Desktop/Unity/ProjectNW
[UnityMemory] Configuration Parameters - Can be set up in boot.config
    "memorysetup-bucket-allocator-granularity=16"
    "memorysetup-bucket-allocator-bucket-count=8"
    "memorysetup-bucket-allocator-block-size=33554432"
    "memorysetup-bucket-allocator-block-count=8"
    "memorysetup-main-allocator-block-size=16777216"
    "memorysetup-thread-allocator-block-size=16777216"
    "memorysetup-gfx-main-allocator-block-size=16777216"
    "memorysetup-gfx-thread-allocator-block-size=16777216"
    "memorysetup-cache-allocator-block-size=4194304"
    "memorysetup-typetree-allocator-block-size=2097152"
    "memorysetup-profiler-bucket-allocator-granularity=16"
    "memorysetup-profiler-bucket-allocator-bucket-count=8"
    "memorysetup-profiler-bucket-allocator-block-size=33554432"
    "memorysetup-profiler-bucket-allocator-block-count=8"
    "memorysetup-profiler-allocator-block-size=16777216"
    "memorysetup-profiler-editor-allocator-block-size=1048576"
    "memorysetup-temp-allocator-size-main=16777216"
    "memorysetup-job-temp-allocator-block-size=2097152"
    "memorysetup-job-temp-allocator-block-size-background=1048576"
    "memorysetup-job-temp-allocator-reduction-small-platforms=262144"
    "memorysetup-allocator-temp-initial-block-size-main=262144"
    "memorysetup-allocator-temp-initial-block-size-worker=262144"
    "memorysetup-temp-allocator-size-background-worker=32768"
    "memorysetup-temp-allocator-size-job-worker=262144"
    "memorysetup-temp-allocator-size-preload-manager=33554432"
    "memorysetup-temp-allocator-size-nav-mesh-worker=65536"
    "memorysetup-temp-allocator-size-audio-worker=65536"
    "memorysetup-temp-allocator-size-cloud-worker=32768"
    "memorysetup-temp-allocator-size-gi-baking-worker=262144"
    "memorysetup-temp-allocator-size-gfx=262144"
Player connection [32688] Host "[IP] 192.168.200.183 [Port] 0 [Flags] 2 [Guid] 3774933285 [EditorId] 3774933285 [Version] 1048832 [Id] WindowsEditor(7,DESKTOP-SUV84E9) [Debug] 1 [PackageName] WindowsEditor [ProjectName] Editor" joined multi-casting on [225.0.0.222:54997]...

Player connection [32688] Host "[IP] 192.168.200.183 [Port] 0 [Flags] 2 [Guid] 3774933285 [EditorId] 3774933285 [Version] 1048832 [Id] WindowsEditor(7,DESKTOP-SUV84E9) [Debug] 1 [PackageName] WindowsEditor [ProjectName] Editor" joined alternative multi-casting on [225.0.0.222:34997]...

Refreshing native plugins compatible for Editor in 38.10 ms, found 3 plugins.
Preloading 0 native plugins for Editor in 0.00 ms.
Initialize engine version: 2022.3.4f1 (35713cd46cd7)
[Subsystems] Discovering subsystems at path C:/Program Files/Unity/Hub/Editor/2022.3.4f1/Editor/Data/Resources/UnitySubsystems
[Subsystems] Discovering subsystems at path C:/Users/rhsj/Desktop/Unity/ProjectNW/Assets
GfxDevice: creating device client; threaded=0; jobified=0
Direct3D:
    Version:  Direct3D 11.0 [level 11.1]
    Renderer: NVIDIA GeForce RTX 3070 Laptop GPU (ID=0x249d)
    Vendor:   NVIDIA
    VRAM:     8020 MB
    Driver:   31.0.15.5244
Initialize mono
Mono path[0] = 'C:/Program Files/Unity/Hub/Editor/2022.3.4f1/Editor/Data/Managed'
Mono path[1] = 'C:/Program Files/Unity/Hub/Editor/2022.3.4f1/Editor/Data/MonoBleedingEdge/lib/mono/unityjit-win32'
Mono config path = 'C:/Program Files/Unity/Hub/Editor/2022.3.4f1/Editor/Data/MonoBleedingEdge/etc'
Using monoOptions --debugger-agent=transport=dt_socket,embedding=1,server=y,suspend=n,address=127.0.0.1:56604
Begin MonoManager ReloadAssembly
Registering precompiled unity dll's ...
Register platform support module: C:/Program Files/Unity/Hub/Editor/2022.3.4f1/Editor/Data/PlaybackEngines/WindowsStandaloneSupport/UnityEditor.WindowsStandalone.Extensions.dll
Registered in 0.017742 seconds.
- Loaded All Assemblies, in  0.644 seconds
Native extension for WindowsStandalone target not found
Mono: successfully reloaded assembly
- Finished resetting the current domain, in  0.486 seconds
Domain Reload Profiling: 1125ms
	BeginReloadAssembly (150ms)
		ExecutionOrderSort (0ms)
		DisableScriptedObjects (0ms)
		BackupInstance (0ms)
		ReleaseScriptingObjects (0ms)
		CreateAndSetChildDomain (1ms)
	RebuildCommonClasses (73ms)
	RebuildNativeTypeToScriptingClass (22ms)
	initialDomainReloadingComplete (120ms)
	LoadAllAssembliesAndSetupDomain (274ms)
		LoadAssemblies (145ms)
		RebuildTransferFunctionScriptingTraits (0ms)
		AnalyzeDomain (257ms)
			TypeCache.Refresh (255ms)
				TypeCache.ScanAssembly (234ms)
			ScanForSourceGeneratedMonoScriptInfo (1ms)
			ResolveRequiredComponents (1ms)
	FinalizeReload (486ms)
		ReleaseScriptCaches (0ms)
		RebuildScriptCaches (0ms)
		SetupLoadedEditorAssemblies (375ms)
			LogAssemblyErrors (0ms)
			InitializePlatformSupportModulesInManaged (20ms)
			SetLoadedEditorAssemblies (15ms)
			RefreshPlugins (0ms)
			BeforeProcessingInitializeOnLoad (4ms)
			ProcessInitializeOnLoadAttributes (250ms)
			ProcessInitializeOnLoadMethodAttributes (86ms)
			AfterProcessingInitializeOnLoad (0ms)
			EditorAssembliesLoaded (0ms)
		ExecutionOrderSort2 (0ms)
		AwakeInstancesAfterBackupRestoration (0ms)
========================================================================
Worker process is ready to serve import requests
Begin MonoManager ReloadAssembly
- Loaded All Assemblies, in  1.612 seconds
Refreshing native plugins compatible for Editor in 6.80 ms, found 3 plugins.
Native extension for WindowsStandalone target not found
[MODES] ModeService[none].Initialize
[MODES] ModeService[none].LoadModes
[MODES] Loading mode Default (0) for mode-current-id-ProjectNW
Package Manager log level set to [2]
[Package Manager] Server::EnsureServerProcessIsRunning -- launch failed, reason: Unity was launched with the -noUpm command-line argument
[Package Manager] UpmClient::Send -- Unable to send message (not connected to UPM process).
[Package Manager] Cannot connect to Unity Package Manager local server
Mono: successfully reloaded assembly
- Finished resetting the current domain, in  1.870 seconds
Domain Reload Profiling: 3472ms
	BeginReloadAssembly (251ms)
		ExecutionOrderSort (0ms)
		DisableScriptedObjects (12ms)
		BackupInstance (0ms)
		ReleaseScriptingObjects (0ms)
		CreateAndSetChildDomain (41ms)
	RebuildCommonClasses (77ms)
	RebuildNativeTypeToScriptingClass (22ms)
	initialDomainReloadingComplete (77ms)
	LoadAllAssembliesAndSetupDomain (1174ms)
		LoadAssemblies (598ms)
		RebuildTransferFunctionScriptingTraits (0ms)
		AnalyzeDomain (688ms)
			TypeCache.Refresh (609ms)
				TypeCache.ScanAssembly (581ms)
			ScanForSourceGeneratedMonoScriptInfo (54ms)
			ResolveRequiredComponents (25ms)
	FinalizeReload (1871ms)
		ReleaseScriptCaches (0ms)
		RebuildScriptCaches (0ms)
		SetupLoadedEditorAssemblies (1527ms)
			LogAssemblyErrors (0ms)
			InitializePlatformSupportModulesInManaged (13ms)
			SetLoadedEditorAssemblies (10ms)
			RefreshPlugins (0ms)
			BeforeProcessingInitializeOnLoad (299ms)
			ProcessInitializeOnLoadAttributes (1071ms)
			ProcessInitializeOnLoadMethodAttributes (122ms)
			AfterProcessingInitializeOnLoad (12ms)
			EditorAssembliesLoaded (0ms)
		ExecutionOrderSort2 (0ms)
		AwakeInstancesAfterBackupRestoration (9ms)
Launched and connected shader compiler UnityShaderCompiler.exe after 0.15 seconds
Refreshing native plugins compatible for Editor in 11.93 ms, found 3 plugins.
Preloading 0 native plugins for Editor in 0.00 ms.
Unloading 5871 Unused Serialized files (Serialized files now loaded: 0)
Unloading 90 unused Assets / (424.2 KB). Loaded Objects now: 6341.
Memory consumption went from 223.3 MB to 222.8 MB.
Total: 83.623200 ms (FindLiveObjects: 8.361600 ms CreateObjectMapping: 0.913200 ms MarkObjects: 43.920100 ms  DeleteObjects: 30.426500 ms)

AssetImportParameters requested are different than current active one (requested -> active):
  custom:scripting/monoscript/fileName/GlowBehaviour.cs: ca861d3f49951074594e88435ffd8088 -> 
  custom:container-demuxer-ogg: 62fdf1f143b41e24485cea50d1cbac27 -> 
  custom:scripting/monoscript/fileName/SceneSwitchManager.cs: df50a3d24c80308d26bc2a745fb42676 -> 58e5eb0dea83ab8edb1f1f60a746cc8e
  custom:video-decoder-ogg-theora: a1e56fd34408186e4bbccfd4996cb3dc -> 
  custom:framework-win-MediaFoundation: 216162199b28c13a410421893ffa2e32 -> 
  custom:CustomObjectIndexerAttribute: a3ef5dd2817f97addfee359851a9dba5 -> 
  custom:container-demuxer-webm: 4f35f7cbe854078d1ac9338744f61a02 -> 
  custom:container-muxer-webm: aa71ff27fc2769a1b78a27578f13a17b -> 
  custom:video-decoder-webm-vp8: 9c59270c3fd7afecdb556c50c9e8de78 -> 
  custom:AudioImporter_EditorPlatform: d09bf68614088b80899f8185d706f6e7 -> 
  custom:scripting/monoscript/fileName/FlyCameraBehaviour.cs: 65bfad318fd0822acedc5d4d128a4cf1 -> 447eed16c19bf671b669789534e75370
  custom:video-encoder-webm-vp8: eb34c28f22e8b96e1ab97ce403110664 -> 
  custom:audio-decoder-ogg-vorbis: bf7c407c2cedff20999df2af8eb42d56 -> 
  custom:audio-encoder-webm-vorbis: bf7c407c2cedff20999df2af8eb42d56 -> 
  custom:scripting/monoscript/fileName/InterfaceManager.cs: c212f60bf200697ee7be245421e1e623 -> 21cfdf8fde856ed3df1d4355b35ce7d5
========================================================================
Received Import Request.
  Time since last request: 792189.972004 seconds.
  path: Assets/IgnoreResources/Military/Materials HDRP/HDRP_Pouches1_Skin3.mat
  artifactKey: Guid(e105ed8a7c64859449c86b4a90e6149b) Importer(2089858483,0ecaa5967403d082aa24f35e1b516d23)
Start importing Assets/IgnoreResources/Military/Materials HDRP/HDRP_Pouches1_Skin3.mat using Guid(e105ed8a7c64859449c86b4a90e6149b) Importer(2089858483,0ecaa5967403d082aa24f35e1b516d23) Generated GUIDs only implemented for interfaces!
 -> (artifact id: '00641d54ad75c9a9bc92360ec4719709') in 2.364524 seconds
Number of updated asset objects reloaded before import = 0
Number of asset objects unloaded after import = 1
========================================================================
Received Import Request.
  Time since last request: 0.107970 seconds.
  path: Assets/IgnoreResources/Military/Texture/Body/T_Military_Hands1_ao.png
  artifactKey: Guid(c82bf507729e3cf43a7b3fe591d80d19) Importer(2089858483,0ecaa5967403d082aa24f35e1b516d23)
Start importing Assets/IgnoreResources/Military/Texture/Body/T_Military_Hands1_ao.png using Guid(c82bf507729e3cf43a7b3fe591d80d19) Importer(2089858483,0ecaa5967403d082aa24f35e1b516d23) Generated GUIDs only implemented for interfaces!
 -> (artifact id: '258b454b3c6cea4cb70d6b46d5601dfa') in 0.241264 seconds
Number of updated asset objects reloaded before import = 0
Number of asset objects unloaded after import = 1
========================================================================
Received Import Request.
  Time since last request: 0.002408 seconds.
  path: Assets/IgnoreResources/Military/Materials URP/URP_Pants2_Skin3.mat
  artifactKey: Guid(116fe99a763e66041a7d0596a9b72544) Importer(2089858483,0ecaa5967403d082aa24f35e1b516d23)
Start importing Assets/IgnoreResources/Military/Materials URP/URP_Pants2_Skin3.mat using Guid(116fe99a763e66041a7d0596a9b72544) Importer(2089858483,0ecaa5967403d082aa24f35e1b516d23) Generated GUIDs only implemented for interfaces!
 -> (artifact id: '2f7157c9b3a9a3a52096784640c6883f') in 0.113528 seconds
Number of updated asset objects reloaded before import = 0
Number of asset objects unloaded after import = 6
========================================================================
Received Import Request.
  Time since last request: 0.000027 seconds.
  path: Assets/IgnoreResources/Military/Materials HDRP/HDRP_Boots3_Skin2.mat
  artifactKey: Guid(897f2ddab7338ca4d8853a978e15652e) Importer(2089858483,0ecaa5967403d082aa24f35e1b516d23)
Start importing Assets/IgnoreResources/Military/Materials HDRP/HDRP_Boots3_Skin2.mat using Guid(897f2ddab7338ca4d8853a978e15652e) Importer(2089858483,0ecaa5967403d082aa24f35e1b516d23) Generated GUIDs only implemented for interfaces!
 -> (artifact id: '3075f1155183442a8b130025c6edb943') in 0.020431 seconds
Number of updated asset objects reloaded before import = 0
Number of asset objects unloaded after import = 1
========================================================================
Received Import Request.
  Time since last request: 0.000023 seconds.
  path: Assets/IgnoreResources/StarterAssets/Environment/Art/Models/Ramp_Mesh.fbx
  artifactKey: Guid(426a2785f8a940049aac2c246661cf09) Importer(2089858483,0ecaa5967403d082aa24f35e1b516d23)
Start importing Assets/IgnoreResources/StarterAssets/Environment/Art/Models/Ramp_Mesh.fbx using Guid(426a2785f8a940049aac2c246661cf09) Importer(2089858483,0ecaa5967403d082aa24f35e1b516d23) Generated GUIDs only implemented for interfaces!
 -> (artifact id: '0b6b65a97ba0ec83a143872df3618810') in 0.111981 seconds
Number of updated asset objects reloaded before import = 0
Number of asset objects unloaded after import = 8
========================================================================
Received Import Request.
  Time since last request: 0.000716 seconds.
  path: Assets/IgnoreResources/StarterAssets/ThirdPersonController/Scripts/BasicRigidBodyPush.cs
  artifactKey: Guid(909d917d73a63f940ac158d02e936645) Importer(2089858483,0ecaa5967403d082aa24f35e1b516d23)
Start importing Assets/IgnoreResources/StarterAssets/ThirdPersonController/Scripts/BasicRigidBodyPush.cs using Guid(909d917d73a63f940ac158d02e936645) Importer(2089858483,0ecaa5967403d082aa24f35e1b516d23) Generated GUIDs only implemented for interfaces!
 -> (artifact id: '4c6743ccc8c812079fe4bc3193628c78') in 0.020565 seconds
Number of updated asset objects reloaded before import = 0
Number of asset objects unloaded after import = 1
========================================================================
Received Import Request.
  Time since last request: 0.000024 seconds.
  path: Assets/IgnoreResources/Military/Prefab/HDRP/SK_Military_Survivalist (5).prefab
  artifactKey: Guid(9a46c8fcc8b7b4d40bf8984d09d74212) Importer(2089858483,0ecaa5967403d082aa24f35e1b516d23)
Start importing Assets/IgnoreResources/Military/Prefab/HDRP/SK_Military_Survivalist (5).prefab using Guid(9a46c8fcc8b7b4d40bf8984d09d74212) Importer(2089858483,0ecaa5967403d082aa24f35e1b516d23) Generated GUIDs only implemented for interfaces!
 -> (artifact id: '94eeb18a66a95d273ed2394069d32079') in 0.053033 seconds
Number of updated asset objects reloaded before import = 0
Number of asset objects unloaded after import = 186
========================================================================
Received Import Request.
  Time since last request: 0.000024 seconds.
  path: Assets/IgnoreResources/Military/Texture/FPS_Arms
  artifactKey: Guid(7b1a553cc7dc48b47a33c445a466bd9e) Importer(2089858483,0ecaa5967403d082aa24f35e1b516d23)
Start importing Assets/IgnoreResources/Military/Texture/FPS_Arms using Guid(7b1a553cc7dc48b47a33c445a466bd9e) Importer(2089858483,0ecaa5967403d082aa24f35e1b516d23) Generated GUIDs only implemented for interfaces!
 -> (artifact id: '51f52e595053287e67bd4d7a4c47d128') in 0.022039 seconds
Number of updated asset objects reloaded before import = 0
Number of asset objects unloaded after import = 1
========================================================================
Received Import Request.
  Time since last request: 0.000023 seconds.
  path: Assets/IgnoreResources/Basic Motions/Animations/Movement/Walk/RM/Human@Walk02_Right [RM].fbx
  artifactKey: Guid(6db4b1026ab60f8408ec34bbf311f777) Importer(2089858483,0ecaa5967403d082aa24f35e1b516d23)
Start importing Assets/IgnoreResources/Basic Motions/Animations/Movement/Walk/RM/Human@Walk02_Right [RM].fbx using Guid(6db4b1026ab60f8408ec34bbf311f777) Importer(2089858483,0ecaa5967403d082aa24f35e1b516d23) Generated GUIDs only implemented for interfaces!
 -> (artifact id: 'a60afaf56d48406251ae049f5fed9fe4') in 0.071345 seconds
Number of updated asset objects reloaded before import = 0
Number of asset objects unloaded after import = 114
========================================================================
Received Import Request.
  Time since last request: 0.000028 seconds.
  path: Assets/IgnoreResources/Basic Motions/_ExampleScene/AnimatorControllers/Idles
  artifactKey: Guid(5fd1328f2a9e54f4884dafaad7de8703) Importer(2089858483,0ecaa5967403d082aa24f35e1b516d23)
Start importing Assets/IgnoreResources/Basic Motions/_ExampleScene/AnimatorControllers/Idles using Guid(5fd1328f2a9e54f4884dafaad7de8703) Importer(2089858483,0ecaa5967403d082aa24f35e1b516d23) Generated GUIDs only implemented for interfaces!
 -> (artifact id: 'f8b3cd5821dbd3559f76ed8b2a5dd706') in 0.015728 seconds
Number of updated asset objects reloaded before import = 0
Number of asset objects unloaded after import = 1
========================================================================
Received Import Request.
  Time since last request: 0.000039 seconds.
  path: Assets/IgnoreResources/Basic Motions/Animations/Movement/Walk/Human@Walk01_ForwardRight.fbx
  artifactKey: Guid(6c1c5513c95aed44e9db044c2d6406a1) Importer(2089858483,0ecaa5967403d082aa24f35e1b516d23)
Start importing Assets/IgnoreResources/Basic Motions/Animations/Movement/Walk/Human@Walk01_ForwardRight.fbx using Guid(6c1c5513c95aed44e9db044c2d6406a1) Importer(2089858483,0ecaa5967403d082aa24f35e1b516d23) Generated GUIDs only implemented for interfaces!
 -> (artifact id: 'edf4f237b7af7b9ed81155f715b18930') in 0.077435 seconds
Number of updated asset objects reloaded before import = 0
Number of asset objects unloaded after import = 114
========================================================================
Received Import Request.
  Time since last request: 0.000024 seconds.
  path: Assets/IgnoreResources/Basic Motions/Textures/DummyType02
  artifactKey: Guid(60187ad8fdc4c644d954b1f5ccf11ae9) Importer(2089858483,0ecaa5967403d082aa24f35e1b516d23)
Start importing Assets/IgnoreResources/Basic Motions/Textures/DummyType02 using Guid(60187ad8fdc4c644d954b1f5ccf11ae9) Importer(2089858483,0ecaa5967403d082aa24f35e1b516d23) Generated GUIDs only implemented for interfaces!
 -> (artifact id: '1a3ece533a9b6a602a919c3697e7dbed') in 0.015067 seconds
Number of updated asset objects reloaded before import = 0
Number of asset objects unloaded after import = 1
========================================================================
Received Import Request.
  Time since last request: 0.430110 seconds.
  path: Assets/IgnoreResources/StarterAssets/Environment/Art/Models/Box_350x250x200_Mesh.fbx
  artifactKey: Guid(c6a55ba99e9e99d41b7eef123e311a43) Importer(2089858483,0ecaa5967403d082aa24f35e1b516d23)
Start importing Assets/IgnoreResources/StarterAssets/Environment/Art/Models/Box_350x250x200_Mesh.fbx using Guid(c6a55ba99e9e99d41b7eef123e311a43) Importer(2089858483,0ecaa5967403d082aa24f35e1b516d23) Generated GUIDs only implemented for interfaces!
 -> (artifact id: '4ebc5222b6c235cd038a46d6ba99d9ab') in 0.058022 seconds
Number of updated asset objects reloaded before import = 0
Number of asset objects unloaded after import = 8
========================================================================
Received Import Request.
  Time since last request: 0.000023 seconds.
  path: Assets/IgnoreResources/StarterAssets/Environment/Art/Materials/GridWhite_01_Mat.mat
  artifactKey: Guid(dbf898c9f9c4a2d46aa6336e23caeb61) Importer(2089858483,0ecaa5967403d082aa24f35e1b516d23)
Start importing Assets/IgnoreResources/StarterAssets/Environment/Art/Materials/GridWhite_01_Mat.mat using Guid(dbf898c9f9c4a2d46aa6336e23caeb61) Importer(2089858483,0ecaa5967403d082aa24f35e1b516d23) Generated GUIDs only implemented for interfaces!
 -> (artifact id: 'a617ddd1b0ccdf67626e59e580ce1de4') in 0.055503 seconds
Number of updated asset objects reloaded before import = 0
Number of asset objects unloaded after import = 4
========================================================================
Received Import Request.
  Time since last request: 0.000027 seconds.
  path: Assets/IgnoreResources/Military/Materials/Pants2_Skin1.mat
  artifactKey: Guid(39c752ff4621e8f408fe3e0030d2cbce) Importer(2089858483,0ecaa5967403d082aa24f35e1b516d23)
Start importing Assets/IgnoreResources/Military/Materials/Pants2_Skin1.mat using Guid(39c752ff4621e8f408fe3e0030d2cbce) Importer(2089858483,0ecaa5967403d082aa24f35e1b516d23) Generated GUIDs only implemented for interfaces!
 -> (artifact id: '2fee4187fbba24e462b27d13b856c003') in 0.061759 seconds
Number of updated asset objects reloaded before import = 0
Number of asset objects unloaded after import = 6
========================================================================
Received Import Request.
  Time since last request: 0.000274 seconds.
  path: Assets/IgnoreResources/Military/Materials HDRP/HDRP_Cap1_Skin2.mat
  artifactKey: Guid(76c552f98f0f48f4fa5d280ae5a7978f) Importer(2089858483,0ecaa5967403d082aa24f35e1b516d23)
Start importing Assets/IgnoreResources/Military/Materials HDRP/HDRP_Cap1_Skin2.mat using Guid(76c552f98f0f48f4fa5d280ae5a7978f) Importer(2089858483,0ecaa5967403d082aa24f35e1b516d23) Generated GUIDs only implemented for interfaces!
 -> (artifact id: '48743f597656e35288d661ad4e51bd55') in 0.023204 seconds
Number of updated asset objects reloaded before import = 0
Number of asset objects unloaded after import = 1
========================================================================
Received Import Request.
  Time since last request: 0.000029 seconds.
  path: Assets/IgnoreResources/Military/Texture/Equip/T_Military_Vest1_ao.png
  artifactKey: Guid(4790aaab7963f7d4d8e38804141b94f8) Importer(2089858483,0ecaa5967403d082aa24f35e1b516d23)
Start importing Assets/IgnoreResources/Military/Texture/Equip/T_Military_Vest1_ao.png using Guid(4790aaab7963f7d4d8e38804141b94f8) Importer(2089858483,0ecaa5967403d082aa24f35e1b516d23) Generated GUIDs only implemented for interfaces!
 -> (artifact id: '089a285e78f475246b1a02c0b472e4ca') in 0.059054 seconds
Number of updated asset objects reloaded before import = 0
Number of asset objects unloaded after import = 1
========================================================================
Received Import Request.
  Time since last request: 0.000309 seconds.
  path: Assets/IgnoreResources/Military/Materials HDRP/HDRP_Backpack1_Skin1.mat
  artifactKey: Guid(67e01125e3f35d24ea88a4316b057310) Importer(2089858483,0ecaa5967403d082aa24f35e1b516d23)
Start importing Assets/IgnoreResources/Military/Materials HDRP/HDRP_Backpack1_Skin1.mat using Guid(67e01125e3f35d24ea88a4316b057310) Importer(2089858483,0ecaa5967403d082aa24f35e1b516d23) Generated GUIDs only implemented for interfaces!
 -> (artifact id: '35ea63361d2b79e89ab35e69ee7c328d') in 0.027590 seconds
Number of updated asset objects reloaded before import = 0
Number of asset objects unloaded after import = 1
========================================================================
Received Import Request.
  Time since last request: 0.000027 seconds.
  path: Assets/IgnoreResources/Military/Materials URP/URP_Boots3_Skin1.mat
  artifactKey: Guid(69a7ae62ad9e47040b84931e37b8966e) Importer(2089858483,0ecaa5967403d082aa24f35e1b516d23)
Start importing Assets/IgnoreResources/Military/Materials URP/URP_Boots3_Skin1.mat using Guid(69a7ae62ad9e47040b84931e37b8966e) Importer(2089858483,0ecaa5967403d082aa24f35e1b516d23) Generated GUIDs only implemented for interfaces!
 -> (artifact id: 'e9c7f67f5f02df9a704761a54d4eb3a5') in 0.033764 seconds
Number of updated asset objects reloaded before import = 0
Number of asset objects unloaded after import = 6
========================================================================
Received Import Request.
  Time since last request: 0.000031 seconds.
  path: Assets/IgnoreResources/StarterAssets/InputSystem
  artifactKey: Guid(48c9acd554a28814b922162e3fa889b0) Importer(2089858483,0ecaa5967403d082aa24f35e1b516d23)
Start importing Assets/IgnoreResources/StarterAssets/InputSystem using Guid(48c9acd554a28814b922162e3fa889b0) Importer(2089858483,0ecaa5967403d082aa24f35e1b516d23) Generated GUIDs only implemented for interfaces!
 -> (artifact id: 'ff5e82f6529bc5045f023eb662e506aa') in 0.020853 seconds
Number of updated asset objects reloaded before import = 0
Number of asset objects unloaded after import = 1
========================================================================
Received Import Request.
  Time since last request: 0.000036 seconds.
  path: Assets/IgnoreResources/Military/Materials HDRP/HDRP_Vest1_Skin3.mat
  artifactKey: Guid(05d1daf7457ea524783155e9bea3f9b5) Importer(2089858483,0ecaa5967403d082aa24f35e1b516d23)
Start importing Assets/IgnoreResources/Military/Materials HDRP/HDRP_Vest1_Skin3.mat using Guid(05d1daf7457ea524783155e9bea3f9b5) Importer(2089858483,0ecaa5967403d082aa24f35e1b516d23) Generated GUIDs only implemented for interfaces!
 -> (artifact id: '9291e7a758b69579150f7bb671f3188b') in 0.022760 seconds
Number of updated asset objects reloaded before import = 0
Number of asset objects unloaded after import = 1
========================================================================
Received Import Request.
  Time since last request: 0.383810 seconds.
  path: Assets/IgnoreResources/Military/Materials URP/URP_Cap1_Skin4.mat
  artifactKey: Guid(ccfb5ff9a2f4e8f4c9b8355539a1358f) Importer(2089858483,0ecaa5967403d082aa24f35e1b516d23)
Start importing Assets/IgnoreResources/Military/Materials URP/URP_Cap1_Skin4.mat using Guid(ccfb5ff9a2f4e8f4c9b8355539a1358f) Importer(2089858483,0ecaa5967403d082aa24f35e1b516d23) Generated GUIDs only implemented for interfaces!
 -> (artifact id: '76ecedae94193b45ab2aa2366c230f77') in 0.049075 seconds
Number of updated asset objects reloaded before import = 0
Number of asset objects unloaded after import = 6
========================================================================
Received Import Request.
  Time since last request: 0.000022 seconds.
  path: Assets/IgnoreResources/StarterAssets/ThirdPersonController/Prefabs/PlayerCapsule.prefab
  artifactKey: Guid(2553cec8fdb3eb643bbe9f2ec880c472) Importer(2089858483,0ecaa5967403d082aa24f35e1b516d23)
Start importing Assets/IgnoreResources/StarterAssets/ThirdPersonController/Prefabs/PlayerCapsule.prefab using Guid(2553cec8fdb3eb643bbe9f2ec880c472) Importer(2089858483,0ecaa5967403d082aa24f35e1b516d23) Generated GUIDs only implemented for interfaces!
 -> (artifact id: 'e3b1986d641547d836cb635375043f00') in 0.460321 seconds
Number of updated asset objects reloaded before import = 0
Number of asset objects unloaded after import = 18
========================================================================
Received Import Request.
  Time since last request: 0.000038 seconds.
  path: Assets/IgnoreResources/StarterAssets/Environment/Prefabs/Structure_Prefab.prefab
  artifactKey: Guid(79e624e6a8770a946afb866fd94b394b) Importer(2089858483,0ecaa5967403d082aa24f35e1b516d23)
Start importing Assets/IgnoreResources/StarterAssets/Environment/Prefabs/Structure_Prefab.prefab using Guid(79e624e6a8770a946afb866fd94b394b) Importer(2089858483,0ecaa5967403d082aa24f35e1b516d23) Generated GUIDs only implemented for interfaces!
 -> (artifact id: 'f90cd97b90365861f2c9d2c30e645bdc') in 0.033902 seconds
Number of updated asset objects reloaded before import = 0
Number of asset objects unloaded after import = 115
========================================================================
Received Import Request.
  Time since last request: 0.000036 seconds.
  path: Assets/IgnoreResources/StarterAssets/ThirdPersonController/Character/Sfx/Player_Footstep_04.wav
  artifactKey: Guid(1a91fcd19acf1e54bba0945d9f390849) Importer(2089858483,0ecaa5967403d082aa24f35e1b516d23)
Start importing Assets/IgnoreResources/StarterAssets/ThirdPersonController/Character/Sfx/Player_Footstep_04.wav using Guid(1a91fcd19acf1e54bba0945d9f390849) Importer(2089858483,0ecaa5967403d082aa24f35e1b516d23) Generated GUIDs only implemented for interfaces!
 -> (artifact id: 'abc5b444705ac6f2f6b3959a0b11022e') in 0.110333 seconds
Number of updated asset objects reloaded before import = 0
Number of asset objects unloaded after import = 1
========================================================================
Received Import Request.
  Time since last request: 0.082022 seconds.
  path: Assets/Resources/Avatars/Mask/ShootBodyMask.mask
  artifactKey: Guid(f6b9e98793ceb2b42823da0809dcaab2) Importer(2089858483,0ecaa5967403d082aa24f35e1b516d23)
Start importing Assets/Resources/Avatars/Mask/ShootBodyMask.mask using Guid(f6b9e98793ceb2b42823da0809dcaab2) Importer(2089858483,0ecaa5967403d082aa24f35e1b516d23) Generated GUIDs only implemented for interfaces!
 -> (artifact id: 'dbe3422ccd582ed8642c5ade3cef754b') in 0.020779 seconds
Number of updated asset objects reloaded before import = 0
Number of asset objects unloaded after import = 1
========================================================================
Received Import Request.
  Time since last request: 0.000025 seconds.
  path: Assets/IgnoreResources/Aligned Games/Polygonal Modern Weapons Collection 1 Asset Package/Models/Guns/Pistols/Pistol2/pistol_2.fbx
  artifactKey: Guid(4753265b658e71e47ada39a11e32f049) Importer(2089858483,0ecaa5967403d082aa24f35e1b516d23)
Start importing Assets/IgnoreResources/Aligned Games/Polygonal Modern Weapons Collection 1 Asset Package/Models/Guns/Pistols/Pistol2/pistol_2.fbx using Guid(4753265b658e71e47ada39a11e32f049) Importer(2089858483,0ecaa5967403d082aa24f35e1b516d23) Generated GUIDs only implemented for interfaces!
 -> (artifact id: '00b625ae5e29450a372450a17d6d3c85') in 0.053826 seconds
Number of updated asset objects reloaded before import = 0
Number of asset objects unloaded after import = 7
========================================================================
Received Import Request.
  Time since last request: 0.000027 seconds.
  path: Assets/IgnoreResources/Aligned Games/Polygonal Modern Weapons Collection 1 Asset Package/Models/Attachments/Silencer1
  artifactKey: Guid(e974037811cfef4408831a70399e3f62) Importer(2089858483,0ecaa5967403d082aa24f35e1b516d23)
Start importing Assets/IgnoreResources/Aligned Games/Polygonal Modern Weapons Collection 1 Asset Package/Models/Attachments/Silencer1 using Guid(e974037811cfef4408831a70399e3f62) Importer(2089858483,0ecaa5967403d082aa24f35e1b516d23) Generated GUIDs only implemented for interfaces!
 -> (artifact id: 'cad39a6b8cab18dcd60dc73f62a78898') in 0.013355 seconds
Number of updated asset objects reloaded before import = 0
Number of asset objects unloaded after import = 1
========================================================================
Received Import Request.
  Time since last request: 0.000024 seconds.
  path: Assets/Resources/Anims/UseThisToChange.anim
  artifactKey: Guid(2cf82aad33494d54d9b3175547ba005d) Importer(2089858483,0ecaa5967403d082aa24f35e1b516d23)
Start importing Assets/Resources/Anims/UseThisToChange.anim using Guid(2cf82aad33494d54d9b3175547ba005d) Importer(2089858483,0ecaa5967403d082aa24f35e1b516d23) Generated GUIDs only implemented for interfaces!
 -> (artifact id: '3dfbd2544348995e712af7c3038f2480') in 0.050354 seconds
Number of updated asset objects reloaded before import = 0
Number of asset objects unloaded after import = 1
========================================================================
Received Import Request.
  Time since last request: 0.000214 seconds.
  path: Assets/IgnoreResources/Aligned Games/Polygonal Modern Weapons Collection 1 Asset Package/Models/Melee/Knive/Knive3/knive_3.fbx
  artifactKey: Guid(7c3cbd651472e7343b2769c14221b24a) Importer(2089858483,0ecaa5967403d082aa24f35e1b516d23)
Start importing Assets/IgnoreResources/Aligned Games/Polygonal Modern Weapons Collection 1 Asset Package/Models/Melee/Knive/Knive3/knive_3.fbx using Guid(7c3cbd651472e7343b2769c14221b24a) Importer(2089858483,0ecaa5967403d082aa24f35e1b516d23) Generated GUIDs only implemented for interfaces!
 -> (artifact id: 'c72cdc274a7cd4eb6604fce0e6ea396e') in 0.058306 seconds
Number of updated asset objects reloaded before import = 0
Number of asset objects unloaded after import = 7
========================================================================
Received Import Request.
  Time since last request: 0.000027 seconds.
  path: Assets/CSharp/Scripts/Interface/IHitable.cs
  artifactKey: Guid(6165265c31aecf944bfc979493363001) Importer(2089858483,0ecaa5967403d082aa24f35e1b516d23)
Start importing Assets/CSharp/Scripts/Interface/IHitable.cs using Guid(6165265c31aecf944bfc979493363001) Importer(2089858483,0ecaa5967403d082aa24f35e1b516d23) Generated GUIDs only implemented for interfaces!
 -> (artifact id: '1f7d1b6c3e2a3da6168c8120aba6d140') in 0.018560 seconds
Number of updated asset objects reloaded before import = 0
Number of asset objects unloaded after import = 1
========================================================================
Received Import Request.
  Time since last request: 0.000039 seconds.
  path: Assets/IgnoreResources/Aligned Games/Polygonal Modern Weapons Collection 1 Asset Package/Models/Attachments/Sight3/sight_3.fbx
  artifactKey: Guid(fae414ffadf42d34ea778b5de207619e) Importer(2089858483,0ecaa5967403d082aa24f35e1b516d23)
Start importing Assets/IgnoreResources/Aligned Games/Polygonal Modern Weapons Collection 1 Asset Package/Models/Attachments/Sight3/sight_3.fbx using Guid(fae414ffadf42d34ea778b5de207619e) Importer(2089858483,0ecaa5967403d082aa24f35e1b516d23) Generated GUIDs only implemented for interfaces!
 -> (artifact id: '45e13deede3cda2bf9bce693a463e566') in 0.047080 seconds
Number of updated asset objects reloaded before import = 0
Number of asset objects unloaded after import = 7
========================================================================
Received Import Request.
  Time since last request: 0.000023 seconds.
  path: Assets/IgnoreResources/Aligned Games/Polygonal Modern Weapons Collection 1 Asset Package/Models/Melee/Bats
  artifactKey: Guid(2da052a23c32fc04ca5d55b58b4e8e13) Importer(2089858483,0ecaa5967403d082aa24f35e1b516d23)
Start importing Assets/IgnoreResources/Aligned Games/Polygonal Modern Weapons Collection 1 Asset Package/Models/Melee/Bats using Guid(2da052a23c32fc04ca5d55b58b4e8e13) Importer(2089858483,0ecaa5967403d082aa24f35e1b516d23) Generated GUIDs only implemented for interfaces!
 -> (artifact id: '4c7ec426e484fcc2079e8fb339c9935d') in 0.014343 seconds
Number of updated asset objects reloaded before import = 0
Number of asset objects unloaded after import = 1
========================================================================
Received Import Request.
  Time since last request: 0.000024 seconds.
  path: Assets/Resources/Anims/Shooter
  artifactKey: Guid(3aae10c5734c7de49a293a05f8400b89) Importer(2089858483,0ecaa5967403d082aa24f35e1b516d23)
Start importing Assets/Resources/Anims/Shooter using Guid(3aae10c5734c7de49a293a05f8400b89) Importer(2089858483,0ecaa5967403d082aa24f35e1b516d23) Generated GUIDs only implemented for interfaces!
 -> (artifact id: '0b6931d44568df8d77f7678cb9f2a8ea') in 0.015284 seconds
Number of updated asset objects reloaded before import = 0
Number of asset objects unloaded after import = 1
========================================================================
Received Import Request.
  Time since last request: 0.000024 seconds.
  path: Assets/IgnoreResources/Aligned Games/Polygonal Modern Weapons Collection 1 Asset Package/Models/Attachments/Grip1/grip_1.fbx
  artifactKey: Guid(29c3d70370fb0dc4792adf77f2090b7a) Importer(2089858483,0ecaa5967403d082aa24f35e1b516d23)
Start importing Assets/IgnoreResources/Aligned Games/Polygonal Modern Weapons Collection 1 Asset Package/Models/Attachments/Grip1/grip_1.fbx using Guid(29c3d70370fb0dc4792adf77f2090b7a) Importer(2089858483,0ecaa5967403d082aa24f35e1b516d23) Generated GUIDs only implemented for interfaces!
 -> (artifact id: 'ebcd8a90c37160ae4e1b2ba9744bc312') in 0.049344 seconds
Number of updated asset objects reloaded before import = 0
Number of asset objects unloaded after import = 7
========================================================================
Received Import Request.
  Time since last request: 0.000026 seconds.
  path: Assets/Resources/Textures/Materials/Ch35_1002_Glossiness.png
  artifactKey: Guid(36a7f6e169c07e24294b3fd15edf21ad) Importer(2089858483,0ecaa5967403d082aa24f35e1b516d23)
Start importing Assets/Resources/Textures/Materials/Ch35_1002_Glossiness.png using Guid(36a7f6e169c07e24294b3fd15edf21ad) Importer(2089858483,0ecaa5967403d082aa24f35e1b516d23) Generated GUIDs only implemented for interfaces!
 -> (artifact id: '4cae67f7c25a44d461fd76684465f6d5') in 0.052470 seconds
Number of updated asset objects reloaded before import = 0
Number of asset objects unloaded after import = 1
========================================================================
Received Import Request.
  Time since last request: 0.000049 seconds.
  path: Assets/IgnoreResources/Aligned Games/Polygonal Modern Weapons Collection 1 Asset Package/Models/Guns/Rifles/Rifle2
  artifactKey: Guid(2cbe3d718dbd3f74ea4e4ce4d3cd14a2) Importer(2089858483,0ecaa5967403d082aa24f35e1b516d23)
Start importing Assets/IgnoreResources/Aligned Games/Polygonal Modern Weapons Collection 1 Asset Package/Models/Guns/Rifles/Rifle2 using Guid(2cbe3d718dbd3f74ea4e4ce4d3cd14a2) Importer(2089858483,0ecaa5967403d082aa24f35e1b516d23) Generated GUIDs only implemented for interfaces!
 -> (artifact id: '2db6ec1560f943196b1c1632282e22ae') in 0.014234 seconds
Number of updated asset objects reloaded before import = 0
Number of asset objects unloaded after import = 1
========================================================================
Received Import Request.
  Time since last request: 0.000043 seconds.
  path: Assets/IgnoreResources/Aligned Games/Polygonal Modern Weapons Collection 1 Asset Package/Models/Guns/SubmachineGuns/SubmachineGun5
  artifactKey: Guid(43fcac8b92b187642af2351418b5168b) Importer(2089858483,0ecaa5967403d082aa24f35e1b516d23)
Start importing Assets/IgnoreResources/Aligned Games/Polygonal Modern Weapons Collection 1 Asset Package/Models/Guns/SubmachineGuns/SubmachineGun5 using Guid(43fcac8b92b187642af2351418b5168b) Importer(2089858483,0ecaa5967403d082aa24f35e1b516d23) Generated GUIDs only implemented for interfaces!
 -> (artifact id: '3132968ff38bcc736e3491175e8a2b0f') in 0.014145 seconds
Number of updated asset objects reloaded before import = 0
Number of asset objects unloaded after import = 1
========================================================================
Received Import Request.
  Time since last request: 0.000022 seconds.
  path: Assets/ExtractedAnimations/mixamo.com9.anim
  artifactKey: Guid(f21d846b3e5e97b42b947a423ae687dc) Importer(2089858483,0ecaa5967403d082aa24f35e1b516d23)
Start importing Assets/ExtractedAnimations/mixamo.com9.anim using Guid(f21d846b3e5e97b42b947a423ae687dc) Importer(2089858483,0ecaa5967403d082aa24f35e1b516d23) Generated GUIDs only implemented for interfaces!
 -> (artifact id: 'ecb67195db41bbafc51705acdb739ded') in 0.044126 seconds
Number of updated asset objects reloaded before import = 0
Number of asset objects unloaded after import = 1
========================================================================
Received Import Request.
  Time since last request: 0.000031 seconds.
  path: Assets/IgnoreResources/Low Poly ShotGun Weapon Pack 1/Models/Attachments/Barrels/Muzzle_ShotGun_Suppresor_A.fbx
  artifactKey: Guid(34873348b8f8fc4479e136165f498a74) Importer(2089858483,0ecaa5967403d082aa24f35e1b516d23)
Start importing Assets/IgnoreResources/Low Poly ShotGun Weapon Pack 1/Models/Attachments/Barrels/Muzzle_ShotGun_Suppresor_A.fbx using Guid(34873348b8f8fc4479e136165f498a74) Importer(2089858483,0ecaa5967403d082aa24f35e1b516d23) Generated GUIDs only implemented for interfaces!
 -> (artifact id: 'cd997b30f82e1e071623801c01b56e6e') in 0.056882 seconds
Number of updated asset objects reloaded before import = 0
Number of asset objects unloaded after import = 7
========================================================================
Received Import Request.
  Time since last request: 0.000023 seconds.
  path: Assets/IgnoreResources/Aligned Games/Polygonal Modern Weapons Collection 2 Asset Package/Models/Pistol4
  artifactKey: Guid(50a0b61dccb721241974ac85c4e42b38) Importer(2089858483,0ecaa5967403d082aa24f35e1b516d23)
Start importing Assets/IgnoreResources/Aligned Games/Polygonal Modern Weapons Collection 2 Asset Package/Models/Pistol4 using Guid(50a0b61dccb721241974ac85c4e42b38) Importer(2089858483,0ecaa5967403d082aa24f35e1b516d23) Generated GUIDs only implemented for interfaces!
 -> (artifact id: 'f4371a040865f1a6e40e1474f0e2ac2f') in 0.014636 seconds
Number of updated asset objects reloaded before import = 0
Number of asset objects unloaded after import = 1
========================================================================
Received Import Request.
  Time since last request: 0.000025 seconds.
  path: Assets/IgnoreResources/Aligned Games/Polygonal Modern Weapons Collection 1 Asset Package/Models/Guns/Pistols/Pistol1/pistol_1.prefab
  artifactKey: Guid(b8472c75b2bc2ee4b98e87869dace24f) Importer(2089858483,0ecaa5967403d082aa24f35e1b516d23)
Start importing Assets/IgnoreResources/Aligned Games/Polygonal Modern Weapons Collection 1 Asset Package/Models/Guns/Pistols/Pistol1/pistol_1.prefab using Guid(b8472c75b2bc2ee4b98e87869dace24f) Importer(2089858483,0ecaa5967403d082aa24f35e1b516d23) Generated GUIDs only implemented for interfaces!
 -> (artifact id: '8238dfda703c6a0a330ccb5c6cab5378') in 0.028948 seconds
Number of updated asset objects reloaded before import = 0
Number of asset objects unloaded after import = 7
========================================================================
Received Import Request.
  Time since last request: 0.000031 seconds.
  path: Assets/IgnoreResources/Aligned Games/Polygonal Modern Weapons Collection 1 Asset Package/Textures
  artifactKey: Guid(d07e288b01554e24da16ad84e8b2d440) Importer(2089858483,0ecaa5967403d082aa24f35e1b516d23)
Start importing Assets/IgnoreResources/Aligned Games/Polygonal Modern Weapons Collection 1 Asset Package/Textures using Guid(d07e288b01554e24da16ad84e8b2d440) Importer(2089858483,0ecaa5967403d082aa24f35e1b516d23) Generated GUIDs only implemented for interfaces!
 -> (artifact id: '84e8c314d3681ae3a475f7af0d0a46d0') in 0.022989 seconds
Number of updated asset objects reloaded before import = 0
Number of asset objects unloaded after import = 1
========================================================================
Received Import Request.
  Time since last request: 0.000054 seconds.
  path: Assets/IgnoreResources/Aligned Games/Polygonal Modern Weapons Collection 2 Asset Package/Models/Rifle3/rile_3.prefab
  artifactKey: Guid(2438c4bf64ac581489e1a9d2d18e971b) Importer(2089858483,0ecaa5967403d082aa24f35e1b516d23)
Start importing Assets/IgnoreResources/Aligned Games/Polygonal Modern Weapons Collection 2 Asset Package/Models/Rifle3/rile_3.prefab using Guid(2438c4bf64ac581489e1a9d2d18e971b) Importer(2089858483,0ecaa5967403d082aa24f35e1b516d23) Generated GUIDs only implemented for interfaces!
 -> (artifact id: '4b82b3947144cf2e8be4ecc0deea57f1') in 0.032794 seconds
Number of updated asset objects reloaded before import = 0
Number of asset objects unloaded after import = 7
========================================================================
Received Import Request.
  Time since last request: 0.000025 seconds.
  path: Assets/IgnoreResources/Aligned Games/Polygonal Modern Weapons Collection 2 Asset Package/Models/MachineGun2/machine_gun_2.prefab
  artifactKey: Guid(55e8dfd4533f14d438003b6097782763) Importer(2089858483,0ecaa5967403d082aa24f35e1b516d23)
Start importing Assets/IgnoreResources/Aligned Games/Polygonal Modern Weapons Collection 2 Asset Package/Models/MachineGun2/machine_gun_2.prefab using Guid(55e8dfd4533f14d438003b6097782763) Importer(2089858483,0ecaa5967403d082aa24f35e1b516d23) Generated GUIDs only implemented for interfaces!
 -> (artifact id: '47a9b8bbf1446a5711833a0e6279860e') in 0.031678 seconds
Number of updated asset objects reloaded before import = 0
Number of asset objects unloaded after import = 8
========================================================================
Received Import Request.
  Time since last request: 0.000032 seconds.
  path: Assets/IgnoreResources/Aligned Games/Polygonal Modern Weapons Collection 2 Asset Package/Models/MachineGun4
  artifactKey: Guid(4915445bb0c5389468548b6d4d40d8d4) Importer(2089858483,0ecaa5967403d082aa24f35e1b516d23)
Start importing Assets/IgnoreResources/Aligned Games/Polygonal Modern Weapons Collection 2 Asset Package/Models/MachineGun4 using Guid(4915445bb0c5389468548b6d4d40d8d4) Importer(2089858483,0ecaa5967403d082aa24f35e1b516d23) Generated GUIDs only implemented for interfaces!
 -> (artifact id: 'e5eddce2af03e667d7036202e28cdc65') in 0.023336 seconds
Number of updated asset objects reloaded before import = 0
Number of asset objects unloaded after import = 1
========================================================================
Received Import Request.
  Time since last request: 0.000251 seconds.
  path: Assets/IgnoreResources/Aligned Games/Polygonal Modern Weapons Collection 1 Asset Package/Models/Guns/Rifles
  artifactKey: Guid(32fcdb152f190e14b8a94cf88b9a99d6) Importer(2089858483,0ecaa5967403d082aa24f35e1b516d23)
Start importing Assets/IgnoreResources/Aligned Games/Polygonal Modern Weapons Collection 1 Asset Package/Models/Guns/Rifles using Guid(32fcdb152f190e14b8a94cf88b9a99d6) Importer(2089858483,0ecaa5967403d082aa24f35e1b516d23) Generated GUIDs only implemented for interfaces!
 -> (artifact id: '0d5c6ed82b575c47af1edd511097e13e') in 0.019726 seconds
Number of updated asset objects reloaded before import = 0
Number of asset objects unloaded after import = 1
========================================================================
Received Import Request.
  Time since last request: 0.003644 seconds.
  path: Assets/IgnoreResources/Aligned Games/Polygonal Modern Weapons Collection 1 Asset Package/Models/Guns/MachineGuns/MachineGun6/machine_gun_6.prefab
  artifactKey: Guid(c9dff1f04b7110b44886f72fedd7922b) Importer(2089858483,0ecaa5967403d082aa24f35e1b516d23)
Start importing Assets/IgnoreResources/Aligned Games/Polygonal Modern Weapons Collection 1 Asset Package/Models/Guns/MachineGuns/MachineGun6/machine_gun_6.prefab using Guid(c9dff1f04b7110b44886f72fedd7922b) Importer(2089858483,0ecaa5967403d082aa24f35e1b516d23) Generated GUIDs only implemented for interfaces!
 -> (artifact id: '8566299ca016d89d20c5f33b4fa308ac') in 0.030236 seconds
Number of updated asset objects reloaded before import = 0
Number of asset objects unloaded after import = 7
========================================================================
Received Import Request.
  Time since last request: 0.000304 seconds.
  path: Assets/IgnoreResources/Aligned Games/Polygonal Modern Weapons Collection 1 Asset Package/Models/Attachments/Scope3
  artifactKey: Guid(f36fd82f918405b4986c4cfee7fb0865) Importer(2089858483,0ecaa5967403d082aa24f35e1b516d23)
Start importing Assets/IgnoreResources/Aligned Games/Polygonal Modern Weapons Collection 1 Asset Package/Models/Attachments/Scope3 using Guid(f36fd82f918405b4986c4cfee7fb0865) Importer(2089858483,0ecaa5967403d082aa24f35e1b516d23) Generated GUIDs only implemented for interfaces!
 -> (artifact id: 'ecef59da553901552b9e099dbece0089') in 0.016109 seconds
Number of updated asset objects reloaded before import = 0
Number of asset objects unloaded after import = 1
========================================================================
Received Import Request.
  Time since last request: 0.000118 seconds.
  path: Assets/IgnoreResources/Aligned Games/Polygonal Modern Weapons Collection 2 Asset Package/Models/Scope1/scope_1.prefab
  artifactKey: Guid(83ca95bddbe74814d8a5796421042f18) Importer(2089858483,0ecaa5967403d082aa24f35e1b516d23)
Start importing Assets/IgnoreResources/Aligned Games/Polygonal Modern Weapons Collection 2 Asset Package/Models/Scope1/scope_1.prefab using Guid(83ca95bddbe74814d8a5796421042f18) Importer(2089858483,0ecaa5967403d082aa24f35e1b516d23) Generated GUIDs only implemented for interfaces!
 -> (artifact id: '5798654f215c152cb4bfe5db23a18a76') in 0.026079 seconds
Number of updated asset objects reloaded before import = 0
Number of asset objects unloaded after import = 7
========================================================================
Received Import Request.
  Time since last request: 0.000025 seconds.
  path: Assets/IgnoreResources/Aligned Games/Polygonal Modern Weapons Collection 1 Asset Package/Models/Melee/Bats/Bat2
  artifactKey: Guid(bee0c75f6995620498433781583d0681) Importer(2089858483,0ecaa5967403d082aa24f35e1b516d23)
Start importing Assets/IgnoreResources/Aligned Games/Polygonal Modern Weapons Collection 1 Asset Package/Models/Melee/Bats/Bat2 using Guid(bee0c75f6995620498433781583d0681) Importer(2089858483,0ecaa5967403d082aa24f35e1b516d23) Generated GUIDs only implemented for interfaces!
 -> (artifact id: 'e2c370b8be26a4055fcaafa827d8fd50') in 0.015406 seconds
Number of updated asset objects reloaded before import = 0
Number of asset objects unloaded after import = 1
========================================================================
Received Import Request.
  Time since last request: 0.000025 seconds.
  path: Assets/IgnoreResources/Aligned Games/Polygonal Modern Weapons Collection 2 Asset Package/Scenes/DemonstrationNight/LightingData.asset
  artifactKey: Guid(3ff9bc1c05185f043aaf1066783d3cbd) Importer(2089858483,0ecaa5967403d082aa24f35e1b516d23)
Start importing Assets/IgnoreResources/Aligned Games/Polygonal Modern Weapons Collection 2 Asset Package/Scenes/DemonstrationNight/LightingData.asset using Guid(3ff9bc1c05185f043aaf1066783d3cbd) Importer(2089858483,0ecaa5967403d082aa24f35e1b516d23) Generated GUIDs only implemented for interfaces!
 -> (artifact id: '5cbba948a891b1ef5e5a6b9f1bb0d0aa') in 0.035120 seconds
Number of updated asset objects reloaded before import = 0
Number of asset objects unloaded after import = 2
========================================================================
Received Import Request.
  Time since last request: 0.000024 seconds.
  path: Assets/IgnoreResources/Aligned Games/Polygonal Modern Weapons Collection 2 Asset Package/Models/Sight1/sight_1.prefab
  artifactKey: Guid(1365ce8451103b9418894565ecfe8dd6) Importer(2089858483,0ecaa5967403d082aa24f35e1b516d23)
Start importing Assets/IgnoreResources/Aligned Games/Polygonal Modern Weapons Collection 2 Asset Package/Models/Sight1/sight_1.prefab using Guid(1365ce8451103b9418894565ecfe8dd6) Importer(2089858483,0ecaa5967403d082aa24f35e1b516d23) Generated GUIDs only implemented for interfaces!
 -> (artifact id: '1dadedd9fa6e19d449e443948b306cc5') in 0.026991 seconds
Number of updated asset objects reloaded before import = 0
Number of asset objects unloaded after import = 7
========================================================================
Received Import Request.
  Time since last request: 0.000028 seconds.
  path: Assets/IgnoreResources/Aligned Games/Polygonal Modern Weapons Collection 2 Asset Package/Models/Axe1
  artifactKey: Guid(9fa911dc7f2e4bc4ab7932c6fcab9750) Importer(2089858483,0ecaa5967403d082aa24f35e1b516d23)
Start importing Assets/IgnoreResources/Aligned Games/Polygonal Modern Weapons Collection 2 Asset Package/Models/Axe1 using Guid(9fa911dc7f2e4bc4ab7932c6fcab9750) Importer(2089858483,0ecaa5967403d082aa24f35e1b516d23) Generated GUIDs only implemented for interfaces!
 -> (artifact id: 'e2677083cd309bb762857c3ff5589872') in 0.014123 seconds
Number of updated asset objects reloaded before import = 0
Number of asset objects unloaded after import = 1
========================================================================
Received Import Request.
  Time since last request: 0.000035 seconds.
  path: Assets/IgnoreResources/Aligned Games/Polygonal Modern Weapons Collection 2 Asset Package
  artifactKey: Guid(becb82ba5e4c0774d898a8e9d4ed00e2) Importer(2089858483,0ecaa5967403d082aa24f35e1b516d23)
Start importing Assets/IgnoreResources/Aligned Games/Polygonal Modern Weapons Collection 2 Asset Package using Guid(becb82ba5e4c0774d898a8e9d4ed00e2) Importer(2089858483,0ecaa5967403d082aa24f35e1b516d23) Generated GUIDs only implemented for interfaces!
 -> (artifact id: '56313381739d27fb2ca06d789aa1ed5c') in 0.016463 seconds
Number of updated asset objects reloaded before import = 0
Number of asset objects unloaded after import = 1
========================================================================
Received Import Request.
  Time since last request: 0.000026 seconds.
  path: Assets/IgnoreResources/Aligned Games/Polygonal Modern Weapons Collection 2 Asset Package/Textures
  artifactKey: Guid(652df731c54b58344831236ed323159d) Importer(2089858483,0ecaa5967403d082aa24f35e1b516d23)
Start importing Assets/IgnoreResources/Aligned Games/Polygonal Modern Weapons Collection 2 Asset Package/Textures using Guid(652df731c54b58344831236ed323159d) Importer(2089858483,0ecaa5967403d082aa24f35e1b516d23) Generated GUIDs only implemented for interfaces!
 -> (artifact id: '61e8b8607228b7350594ed44052e9b52') in 0.019523 seconds
Number of updated asset objects reloaded before import = 0
Number of asset objects unloaded after import = 1
========================================================================
Received Import Request.
  Time since last request: 0.000071 seconds.
  path: Assets/IgnoreResources/Aligned Games/Polygonal Modern Weapons Collection 2 Asset Package/Scripts/Managers/InterfaceManager.cs
  artifactKey: Guid(be8983ab5ee92854d91da1a23f697d9e) Importer(2089858483,0ecaa5967403d082aa24f35e1b516d23)
Start importing Assets/IgnoreResources/Aligned Games/Polygonal Modern Weapons Collection 2 Asset Package/Scripts/Managers/InterfaceManager.cs using Guid(be8983ab5ee92854d91da1a23f697d9e) Importer(2089858483,0ecaa5967403d082aa24f35e1b516d23) Generated GUIDs only implemented for interfaces!
 -> (artifact id: '2f27ec6d84fccd293aed75f4b8931a21') in 0.020509 seconds
Number of updated asset objects reloaded before import = 0
Number of asset objects unloaded after import = 1
========================================================================
Received Import Request.
  Time since last request: 0.000754 seconds.
  path: Assets/IgnoreResources/Aligned Games/Polygonal Modern Weapons Collection 2 Asset Package/Models/Knife1
  artifactKey: Guid(76eb3f904927e4c49a49ef7bf7790f76) Importer(2089858483,0ecaa5967403d082aa24f35e1b516d23)
Start importing Assets/IgnoreResources/Aligned Games/Polygonal Modern Weapons Collection 2 Asset Package/Models/Knife1 using Guid(76eb3f904927e4c49a49ef7bf7790f76) Importer(2089858483,0ecaa5967403d082aa24f35e1b516d23) Generated GUIDs only implemented for interfaces!
 -> (artifact id: '01cc288f19932be4c984c60a0819179e') in 0.017698 seconds
Number of updated asset objects reloaded before import = 0
Number of asset objects unloaded after import = 1
========================================================================
Received Import Request.
  Time since last request: 0.000022 seconds.
  path: Assets/IgnoreResources/Aligned Games/Polygonal Modern Weapons Collection 2 Asset Package/Models/Shotgun4
  artifactKey: Guid(3fdb4e39e6e73294aa88fc090f410795) Importer(2089858483,0ecaa5967403d082aa24f35e1b516d23)
Start importing Assets/IgnoreResources/Aligned Games/Polygonal Modern Weapons Collection 2 Asset Package/Models/Shotgun4 using Guid(3fdb4e39e6e73294aa88fc090f410795) Importer(2089858483,0ecaa5967403d082aa24f35e1b516d23) Generated GUIDs only implemented for interfaces!
 -> (artifact id: '935288631ba6dcfb6febdf5ab057952a') in 0.015030 seconds
Number of updated asset objects reloaded before import = 0
Number of asset objects unloaded after import = 1
========================================================================
Received Import Request.
  Time since last request: 0.000023 seconds.
  path: Assets/IgnoreResources/Aligned Games/Polygonal Modern Weapons Collection 1 Asset Package/Models/Guns/MachineGuns/MachineGun1/machine_gun_1.fbx
  artifactKey: Guid(b5f3858332a430645b1c20857c9f9f54) Importer(2089858483,0ecaa5967403d082aa24f35e1b516d23)
Start importing Assets/IgnoreResources/Aligned Games/Polygonal Modern Weapons Collection 1 Asset Package/Models/Guns/MachineGuns/MachineGun1/machine_gun_1.fbx using Guid(b5f3858332a430645b1c20857c9f9f54) Importer(2089858483,0ecaa5967403d082aa24f35e1b516d23) Generated GUIDs only implemented for interfaces!
 -> (artifact id: 'e61afabd28b63fe5d062b8016c1eaba8') in 0.044915 seconds
Number of updated asset objects reloaded before import = 0
Number of asset objects unloaded after import = 7
========================================================================
Received Import Request.
  Time since last request: 0.000027 seconds.
  path: Assets/IgnoreResources/Aligned Games/Polygonal Modern Weapons Collection 2 Asset Package/Scenes/DemonstrationDay
  artifactKey: Guid(cd74497396fb68f43ad8fdb060e63d13) Importer(2089858483,0ecaa5967403d082aa24f35e1b516d23)
Start importing Assets/IgnoreResources/Aligned Games/Polygonal Modern Weapons Collection 2 Asset Package/Scenes/DemonstrationDay using Guid(cd74497396fb68f43ad8fdb060e63d13) Importer(2089858483,0ecaa5967403d082aa24f35e1b516d23) Generated GUIDs only implemented for interfaces!
 -> (artifact id: '3c1018b8140baa3a2d5f570276d17ea4') in 0.015038 seconds
Number of updated asset objects reloaded before import = 0
Number of asset objects unloaded after import = 1
========================================================================
Received Import Request.
  Time since last request: 0.000032 seconds.
  path: Assets/IgnoreResources/Aligned Games/Polygonal Modern Weapons Collection 1 Asset Package/Models/Melee/Hammers/Hammer1/hammer_1.prefab
  artifactKey: Guid(761f5b716a39f3041958ea9cd4fe98a2) Importer(2089858483,0ecaa5967403d082aa24f35e1b516d23)
Start importing Assets/IgnoreResources/Aligned Games/Polygonal Modern Weapons Collection 1 Asset Package/Models/Melee/Hammers/Hammer1/hammer_1.prefab using Guid(761f5b716a39f3041958ea9cd4fe98a2) Importer(2089858483,0ecaa5967403d082aa24f35e1b516d23) Generated GUIDs only implemented for interfaces!
 -> (artifact id: 'd4dc4e1a9319f819d04539299eb8c477') in 0.023328 seconds
Number of updated asset objects reloaded before import = 0
Number of asset objects unloaded after import = 7
========================================================================
Received Import Request.
  Time since last request: 0.000025 seconds.
  path: Assets/IgnoreResources/Aligned Games/Polygonal Modern Weapons Collection 1 Asset Package/Models/Guns/MachineGuns/MachineGun4/machine_gun_4.prefab
  artifactKey: Guid(fea1566d87ea59143812144b7c80b26a) Importer(2089858483,0ecaa5967403d082aa24f35e1b516d23)
Start importing Assets/IgnoreResources/Aligned Games/Polygonal Modern Weapons Collection 1 Asset Package/Models/Guns/MachineGuns/MachineGun4/machine_gun_4.prefab using Guid(fea1566d87ea59143812144b7c80b26a) Importer(2089858483,0ecaa5967403d082aa24f35e1b516d23) Generated GUIDs only implemented for interfaces!
 -> (artifact id: '2efb94c0a525fe5dc15dacdb5df8ebcc') in 0.028053 seconds
Number of updated asset objects reloaded before import = 0
Number of asset objects unloaded after import = 7
========================================================================
Received Import Request.
  Time since last request: 0.000027 seconds.
  path: Assets/IgnoreResources/Low Poly ShotGun Weapon Pack 1/Prefabs/Weapons/ShotGun_D.prefab
  artifactKey: Guid(dbe4e8e8e5592604aa1406bce8f4f146) Importer(2089858483,0ecaa5967403d082aa24f35e1b516d23)
Start importing Assets/IgnoreResources/Low Poly ShotGun Weapon Pack 1/Prefabs/Weapons/ShotGun_D.prefab using Guid(dbe4e8e8e5592604aa1406bce8f4f146) Importer(2089858483,0ecaa5967403d082aa24f35e1b516d23) Generated GUIDs only implemented for interfaces!
 -> (artifact id: 'eace675823f4f87c448c5aa4f32c3cce') in 0.018877 seconds
Number of updated asset objects reloaded before import = 0
Number of asset objects unloaded after import = 54
========================================================================
Received Import Request.
  Time since last request: 0.000032 seconds.
  path: Assets/IgnoreResources/Aligned Games/Polygonal Modern Weapons Collection 1 Asset Package/Models/Guns/MachineGuns/MachineGun7/machine_gun_7.fbx
  artifactKey: Guid(28eea2e3434bc5d4187d1ecb987a6650) Importer(2089858483,0ecaa5967403d082aa24f35e1b516d23)
Start importing Assets/IgnoreResources/Aligned Games/Polygonal Modern Weapons Collection 1 Asset Package/Models/Guns/MachineGuns/MachineGun7/machine_gun_7.fbx using Guid(28eea2e3434bc5d4187d1ecb987a6650) Importer(2089858483,0ecaa5967403d082aa24f35e1b516d23) Generated GUIDs only implemented for interfaces!
 -> (artifact id: '3994768532df444e0d674bdd0165f299') in 0.050888 seconds
Number of updated asset objects reloaded before import = 0
Number of asset objects unloaded after import = 7
========================================================================
Received Import Request.
  Time since last request: 0.000029 seconds.
  path: Assets/IgnoreResources/Aligned Games/Polygonal Modern Weapons Collection 2 Asset Package/Models/Pistol3
  artifactKey: Guid(6ee58876825bc3f44a69c07e14a77f55) Importer(2089858483,0ecaa5967403d082aa24f35e1b516d23)
Start importing Assets/IgnoreResources/Aligned Games/Polygonal Modern Weapons Collection 2 Asset Package/Models/Pistol3 using Guid(6ee58876825bc3f44a69c07e14a77f55) Importer(2089858483,0ecaa5967403d082aa24f35e1b516d23) Generated GUIDs only implemented for interfaces!
 -> (artifact id: 'd2fa28b2141c797945d74abd9e0d79ea') in 0.015140 seconds
Number of updated asset objects reloaded before import = 0
Number of asset objects unloaded after import = 1
========================================================================
Received Import Request.
  Time since last request: 0.000029 seconds.
  path: Assets/IgnoreResources/nappin/Weapon Props Softpack/Textures/(Txt)GradientBrown.png
  artifactKey: Guid(7a39a35221a74544d9eff5b7cefdad00) Importer(2089858483,0ecaa5967403d082aa24f35e1b516d23)
Start importing Assets/IgnoreResources/nappin/Weapon Props Softpack/Textures/(Txt)GradientBrown.png using Guid(7a39a35221a74544d9eff5b7cefdad00) Importer(2089858483,0ecaa5967403d082aa24f35e1b516d23) Generated GUIDs only implemented for interfaces!
 -> (artifact id: '2dcdc7b8b41b04d7fb435ba0a6d7cb2f') in 0.047135 seconds
Number of updated asset objects reloaded before import = 0
Number of asset objects unloaded after import = 1
========================================================================
Received Import Request.
  Time since last request: 0.000038 seconds.
  path: Assets/IgnoreResources/nappin/Weapon Props Softpack/Materials/(Mat)GradientBlack.mat
  artifactKey: Guid(b83c3ae74a1c5294ab80bd939990f562) Importer(2089858483,0ecaa5967403d082aa24f35e1b516d23)
Start importing Assets/IgnoreResources/nappin/Weapon Props Softpack/Materials/(Mat)GradientBlack.mat using Guid(b83c3ae74a1c5294ab80bd939990f562) Importer(2089858483,0ecaa5967403d082aa24f35e1b516d23) Generated GUIDs only implemented for interfaces!
 -> (artifact id: '65026b691f4ff6b50aa6ccc5df7ac385') in 0.024683 seconds
Number of updated asset objects reloaded before import = 0
Number of asset objects unloaded after import = 2
========================================================================
Received Import Request.
  Time since last request: 0.000020 seconds.
  path: Assets/IgnoreResources/nappin/Weapon Props Softpack/Models/(Msh)Dagger.fbx
  artifactKey: Guid(6af39ea325d478544a02bc964d0092c4) Importer(2089858483,0ecaa5967403d082aa24f35e1b516d23)
Start importing Assets/IgnoreResources/nappin/Weapon Props Softpack/Models/(Msh)Dagger.fbx using Guid(6af39ea325d478544a02bc964d0092c4) Importer(2089858483,0ecaa5967403d082aa24f35e1b516d23) Generated GUIDs only implemented for interfaces!
 -> (artifact id: '8b6701de13b56c3b83fa1efc52f3c095') in 0.037603 seconds
Number of updated asset objects reloaded before import = 0
Number of asset objects unloaded after import = 9
========================================================================
Received Import Request.
  Time since last request: 0.000250 seconds.
  path: Assets/IgnoreResources/nappin/Weapon Props Softpack/Models/(Msh)WaterGun.fbx
  artifactKey: Guid(36d0f722a0b9ba047b5c46a84540ced6) Importer(2089858483,0ecaa5967403d082aa24f35e1b516d23)
Start importing Assets/IgnoreResources/nappin/Weapon Props Softpack/Models/(Msh)WaterGun.fbx using Guid(36d0f722a0b9ba047b5c46a84540ced6) Importer(2089858483,0ecaa5967403d082aa24f35e1b516d23) Generated GUIDs only implemented for interfaces!
 -> (artifact id: '20d657211819d9bf2613640e0e0eef9f') in 0.047529 seconds
Number of updated asset objects reloaded before import = 0
Number of asset objects unloaded after import = 21
========================================================================
Received Import Request.
  Time since last request: 0.000022 seconds.
  path: Assets/IgnoreResources/nappin/Weapon Props Softpack/Prefabs/(Prb)Pickaxe.prefab
  artifactKey: Guid(bf08c89e2666753449525c806b94e242) Importer(2089858483,0ecaa5967403d082aa24f35e1b516d23)
Start importing Assets/IgnoreResources/nappin/Weapon Props Softpack/Prefabs/(Prb)Pickaxe.prefab using Guid(bf08c89e2666753449525c806b94e242) Importer(2089858483,0ecaa5967403d082aa24f35e1b516d23) Generated GUIDs only implemented for interfaces!
 -> (artifact id: '2c7b5d0c73e5691431e598880094a18e') in 0.019149 seconds
Number of updated asset objects reloaded before import = 0
Number of asset objects unloaded after import = 10
========================================================================
Received Import Request.
  Time since last request: 0.000024 seconds.
  path: Assets/IgnoreResources/nappin/Weapon Props Softpack/Textures/(Txt)GradientYellow.png
  artifactKey: Guid(e6453dfd3b398c74e85fed2164336f99) Importer(2089858483,0ecaa5967403d082aa24f35e1b516d23)
Start importing Assets/IgnoreResources/nappin/Weapon Props Softpack/Textures/(Txt)GradientYellow.png using Guid(e6453dfd3b398c74e85fed2164336f99) Importer(2089858483,0ecaa5967403d082aa24f35e1b516d23) Generated GUIDs only implemented for interfaces!
 -> (artifact id: 'a36911b71a65584dc5de2b6dc0f983c8') in 0.059923 seconds
Number of updated asset objects reloaded before import = 0
Number of asset objects unloaded after import = 1
========================================================================
Received Import Request.
  Time since last request: 0.000249 seconds.
  path: Assets/IgnoreResources/nappin/Weapon Props Softpack/Models/(Msh)Shuriken.fbx
  artifactKey: Guid(e3237fc233f63a14dab24d56a06fe7f7) Importer(2089858483,0ecaa5967403d082aa24f35e1b516d23)
Start importing Assets/IgnoreResources/nappin/Weapon Props Softpack/Models/(Msh)Shuriken.fbx using Guid(e3237fc233f63a14dab24d56a06fe7f7) Importer(2089858483,0ecaa5967403d082aa24f35e1b516d23) Generated GUIDs only implemented for interfaces!
 -> (artifact id: '75f26235ef080ed1f02e66a88184306f') in 0.046242 seconds
Number of updated asset objects reloaded before import = 0
Number of asset objects unloaded after import = 9
========================================================================
Received Import Request.
  Time since last request: 0.000025 seconds.
  path: Assets/IgnoreResources/Aligned Games/Polygonal Modern Weapons Collection 2 Asset Package/Models/Spade1/spade_1.fbx
  artifactKey: Guid(2ba2b5e187e6ce645be8c7bc474e7b0d) Importer(2089858483,0ecaa5967403d082aa24f35e1b516d23)
Start importing Assets/IgnoreResources/Aligned Games/Polygonal Modern Weapons Collection 2 Asset Package/Models/Spade1/spade_1.fbx using Guid(2ba2b5e187e6ce645be8c7bc474e7b0d) Importer(2089858483,0ecaa5967403d082aa24f35e1b516d23) Generated GUIDs only implemented for interfaces!
 -> (artifact id: 'f40c1ccc06677954bbc2f937ac8666bf') in 0.051736 seconds
Number of updated asset objects reloaded before import = 0
Number of asset objects unloaded after import = 7
========================================================================
Received Import Request.
  Time since last request: 0.000025 seconds.
  path: Assets/IgnoreResources/Aligned Games/Polygonal Modern Weapons Collection 1 Asset Package/Scenes/DemonstrationDay.unity
  artifactKey: Guid(70c3ccafa41a5ad498dca0967ae35f98) Importer(2089858483,0ecaa5967403d082aa24f35e1b516d23)
Start importing Assets/IgnoreResources/Aligned Games/Polygonal Modern Weapons Collection 1 Asset Package/Scenes/DemonstrationDay.unity using Guid(70c3ccafa41a5ad498dca0967ae35f98) Importer(2089858483,0ecaa5967403d082aa24f35e1b516d23) Generated GUIDs only implemented for interfaces!
 -> (artifact id: '5d03d37d3184acdd704574353a2e8ec2') in 0.015050 seconds
Number of updated asset objects reloaded before import = 0
Number of asset objects unloaded after import = 1
========================================================================
Received Import Request.
  Time since last request: 0.000111 seconds.
  path: Assets/IgnoreResources/Aligned Games/Polygonal Modern Weapons Collection 2 Asset Package/Models/Sight2/sight_2.prefab
  artifactKey: Guid(858942dc03bc22f4a88aab214ae19cb8) Importer(2089858483,0ecaa5967403d082aa24f35e1b516d23)
Start importing Assets/IgnoreResources/Aligned Games/Polygonal Modern Weapons Collection 2 Asset Package/Models/Sight2/sight_2.prefab using Guid(858942dc03bc22f4a88aab214ae19cb8) Importer(2089858483,0ecaa5967403d082aa24f35e1b516d23) Generated GUIDs only implemented for interfaces!
 -> (artifact id: '186fa433191a6a353746ae5091e409d7') in 0.025507 seconds
Number of updated asset objects reloaded before import = 0
Number of asset objects unloaded after import = 7
========================================================================
Received Import Request.
  Time since last request: 0.000026 seconds.
  path: Assets/IgnoreResources/Aligned Games/Polygonal Modern Weapons Collection 2 Asset Package/Scripts/Behaviours
  artifactKey: Guid(c98d8f8ff95704c46904e53bf3e60ae6) Importer(2089858483,0ecaa5967403d082aa24f35e1b516d23)
Start importing Assets/IgnoreResources/Aligned Games/Polygonal Modern Weapons Collection 2 Asset Package/Scripts/Behaviours using Guid(c98d8f8ff95704c46904e53bf3e60ae6) Importer(2089858483,0ecaa5967403d082aa24f35e1b516d23) Generated GUIDs only implemented for interfaces!
 -> (artifact id: 'a7941f62690a96a39d34711d9f0b0232') in 0.013669 seconds
Number of updated asset objects reloaded before import = 0
Number of asset objects unloaded after import = 1
========================================================================
Received Import Request.
  Time since last request: 0.000030 seconds.
  path: Assets/IgnoreResources/Low Poly ShotGun Weapon Pack 1/Models/Attachments/UnderBarrels/ForwardGrip_B.fbx
  artifactKey: Guid(fdc8fd2eb8aa38242ad91a76af541c1e) Importer(2089858483,0ecaa5967403d082aa24f35e1b516d23)
Start importing Assets/IgnoreResources/Low Poly ShotGun Weapon Pack 1/Models/Attachments/UnderBarrels/ForwardGrip_B.fbx using Guid(fdc8fd2eb8aa38242ad91a76af541c1e) Importer(2089858483,0ecaa5967403d082aa24f35e1b516d23) Generated GUIDs only implemented for interfaces!
 -> (artifact id: '63fc94f3bf9ff89e55179c40cea344fb') in 0.047033 seconds
Number of updated asset objects reloaded before import = 0
Number of asset objects unloaded after import = 7
========================================================================
Received Import Request.
  Time since last request: 0.000020 seconds.
  path: Assets/IgnoreResources/Aligned Games/Polygonal Modern Weapons Collection 2 Asset Package/Models/Silencer1/silencer_1.prefab
  artifactKey: Guid(0d9bbcbc4fe7a5f4c95d8fed4140f5a9) Importer(2089858483,0ecaa5967403d082aa24f35e1b516d23)
Start importing Assets/IgnoreResources/Aligned Games/Polygonal Modern Weapons Collection 2 Asset Package/Models/Silencer1/silencer_1.prefab using Guid(0d9bbcbc4fe7a5f4c95d8fed4140f5a9) Importer(2089858483,0ecaa5967403d082aa24f35e1b516d23) Generated GUIDs only implemented for interfaces!
 -> (artifact id: '9859476a180920016aa873cf684a6bc3') in 0.023682 seconds
Number of updated asset objects reloaded before import = 0
Number of asset objects unloaded after import = 7
Editor requested this worker to shutdown with reason: balancing worker count downwards
TcpMessagingSession - receive error: operation aborted. errorcode: 995, details:        I/O  .
AssetImportWorker is now disconnected from the server
Process exiting
Exiting without the bug reporter. Application will terminate with return code 0