Using pre-set license
Built from '2022.3/staging' branch; Version is '2022.3.4f1 (35713cd46cd7) revision 3502396'; Using compiler version '192829333'; Build Type 'Release'
OS: 'Windows 10  (10.0.19045) 64bit Professional' Language: 'ko' Physical Memory: 32469 MB
BatchMode: 1, IsHumanControllingUs: 0, StartBugReporterOnCrash: 0, Is64bit: 1, IsPro: 1

COMMAND LINE ARGUMENTS:
C:\Program Files\Unity\Hub\Editor\2022.3.4f1\Editor\Unity.exe
-adb2
-batchMode
-noUpm
-name
AssetImportWorker22
-projectPath
C:/Users/rhsj/Desktop/Unity/ProjectNW
-logFile
Logs/AssetImportWorker22.log
-srvPort
51623
Successfully changed project path to: C:/Users/rhsj/Desktop/Unity/ProjectNW
C:/Users/rhsj/Desktop/Unity/ProjectNW
[UnityMemory] Configuration Parameters - Can be set up in boot.config
    "memorysetup-bucket-allocator-granularity=16"
    "memorysetup-bucket-allocator-bucket-count=8"
    "memorysetup-bucket-allocator-block-size=33554432"
    "memorysetup-bucket-allocator-block-count=8"
    "memorysetup-main-allocator-block-size=16777216"
    "memorysetup-thread-allocator-block-size=16777216"
    "memorysetup-gfx-main-allocator-block-size=16777216"
    "memorysetup-gfx-thread-allocator-block-size=16777216"
    "memorysetup-cache-allocator-block-size=4194304"
    "memorysetup-typetree-allocator-block-size=2097152"
    "memorysetup-profiler-bucket-allocator-granularity=16"
    "memorysetup-profiler-bucket-allocator-bucket-count=8"
    "memorysetup-profiler-bucket-allocator-block-size=33554432"
    "memorysetup-profiler-bucket-allocator-block-count=8"
    "memorysetup-profiler-allocator-block-size=16777216"
    "memorysetup-profiler-editor-allocator-block-size=1048576"
    "memorysetup-temp-allocator-size-main=16777216"
    "memorysetup-job-temp-allocator-block-size=2097152"
    "memorysetup-job-temp-allocator-block-size-background=1048576"
    "memorysetup-job-temp-allocator-reduction-small-platforms=262144"
    "memorysetup-allocator-temp-initial-block-size-main=262144"
    "memorysetup-allocator-temp-initial-block-size-worker=262144"
    "memorysetup-temp-allocator-size-background-worker=32768"
    "memorysetup-temp-allocator-size-job-worker=262144"
    "memorysetup-temp-allocator-size-preload-manager=33554432"
    "memorysetup-temp-allocator-size-nav-mesh-worker=65536"
    "memorysetup-temp-allocator-size-audio-worker=65536"
    "memorysetup-temp-allocator-size-cloud-worker=32768"
    "memorysetup-temp-allocator-size-gi-baking-worker=262144"
    "memorysetup-temp-allocator-size-gfx=262144"
Player connection [22492] Host "[IP] 192.168.200.183 [Port] 0 [Flags] 2 [Guid] 856750468 [EditorId] 856750468 [Version] 1048832 [Id] WindowsEditor(7,DESKTOP-SUV84E9) [Debug] 1 [PackageName] WindowsEditor [ProjectName] Editor" joined multi-casting on [225.0.0.222:54997]...

Player connection [22492] Host "[IP] 192.168.200.183 [Port] 0 [Flags] 2 [Guid] 856750468 [EditorId] 856750468 [Version] 1048832 [Id] WindowsEditor(7,DESKTOP-SUV84E9) [Debug] 1 [PackageName] WindowsEditor [ProjectName] Editor" joined alternative multi-casting on [225.0.0.222:34997]...

Refreshing native plugins compatible for Editor in 10.94 ms, found 3 plugins.
Preloading 0 native plugins for Editor in 0.00 ms.
Initialize engine version: 2022.3.4f1 (35713cd46cd7)
[Subsystems] Discovering subsystems at path C:/Program Files/Unity/Hub/Editor/2022.3.4f1/Editor/Data/Resources/UnitySubsystems
[Subsystems] Discovering subsystems at path C:/Users/rhsj/Desktop/Unity/ProjectNW/Assets
GfxDevice: creating device client; threaded=0; jobified=0
Direct3D:
    Version:  Direct3D 11.0 [level 11.1]
    Renderer: NVIDIA GeForce RTX 3070 Laptop GPU (ID=0x249d)
    Vendor:   NVIDIA
    VRAM:     8020 MB
    Driver:   31.0.15.5244
Initialize mono
Mono path[0] = 'C:/Program Files/Unity/Hub/Editor/2022.3.4f1/Editor/Data/Managed'
Mono path[1] = 'C:/Program Files/Unity/Hub/Editor/2022.3.4f1/Editor/Data/MonoBleedingEdge/lib/mono/unityjit-win32'
Mono config path = 'C:/Program Files/Unity/Hub/Editor/2022.3.4f1/Editor/Data/MonoBleedingEdge/etc'
Using monoOptions --debugger-agent=transport=dt_socket,embedding=1,server=y,suspend=n,address=127.0.0.1:56636
Begin MonoManager ReloadAssembly
Registering precompiled unity dll's ...
Register platform support module: C:/Program Files/Unity/Hub/Editor/2022.3.4f1/Editor/Data/PlaybackEngines/WindowsStandaloneSupport/UnityEditor.WindowsStandalone.Extensions.dll
Registered in 0.008094 seconds.
- Loaded All Assemblies, in  0.409 seconds
Native extension for WindowsStandalone target not found
Mono: successfully reloaded assembly
- Finished resetting the current domain, in  0.346 seconds
Domain Reload Profiling: 754ms
	BeginReloadAssembly (93ms)
		ExecutionOrderSort (0ms)
		DisableScriptedObjects (0ms)
		BackupInstance (0ms)
		ReleaseScriptingObjects (0ms)
		CreateAndSetChildDomain (1ms)
	RebuildCommonClasses (46ms)
	RebuildNativeTypeToScriptingClass (13ms)
	initialDomainReloadingComplete (75ms)
	LoadAllAssembliesAndSetupDomain (180ms)
		LoadAssemblies (90ms)
		RebuildTransferFunctionScriptingTraits (0ms)
		AnalyzeDomain (174ms)
			TypeCache.Refresh (173ms)
				TypeCache.ScanAssembly (157ms)
			ScanForSourceGeneratedMonoScriptInfo (0ms)
			ResolveRequiredComponents (0ms)
	FinalizeReload (347ms)
		ReleaseScriptCaches (0ms)
		RebuildScriptCaches (0ms)
		SetupLoadedEditorAssemblies (263ms)
			LogAssemblyErrors (0ms)
			InitializePlatformSupportModulesInManaged (12ms)
			SetLoadedEditorAssemblies (13ms)
			RefreshPlugins (0ms)
			BeforeProcessingInitializeOnLoad (3ms)
			ProcessInitializeOnLoadAttributes (176ms)
			ProcessInitializeOnLoadMethodAttributes (59ms)
			AfterProcessingInitializeOnLoad (0ms)
			EditorAssembliesLoaded (0ms)
		ExecutionOrderSort2 (0ms)
		AwakeInstancesAfterBackupRestoration (0ms)
========================================================================
Worker process is ready to serve import requests
Begin MonoManager ReloadAssembly
- Loaded All Assemblies, in  0.802 seconds
Refreshing native plugins compatible for Editor in 8.16 ms, found 3 plugins.
Native extension for WindowsStandalone target not found
[MODES] ModeService[none].Initialize
[MODES] ModeService[none].LoadModes
[MODES] Loading mode Default (0) for mode-current-id-ProjectNW
Package Manager log level set to [2]
[Package Manager] Server::EnsureServerProcessIsRunning -- launch failed, reason: Unity was launched with the -noUpm command-line argument
[Package Manager] UpmClient::Send -- Unable to send message (not connected to UPM process).
[Package Manager] Cannot connect to Unity Package Manager local server
Mono: successfully reloaded assembly
- Finished resetting the current domain, in  0.979 seconds
Domain Reload Profiling: 1780ms
	BeginReloadAssembly (136ms)
		ExecutionOrderSort (0ms)
		DisableScriptedObjects (7ms)
		BackupInstance (0ms)
		ReleaseScriptingObjects (0ms)
		CreateAndSetChildDomain (23ms)
	RebuildCommonClasses (39ms)
	RebuildNativeTypeToScriptingClass (13ms)
	initialDomainReloadingComplete (32ms)
	LoadAllAssembliesAndSetupDomain (580ms)
		LoadAssemblies (284ms)
		RebuildTransferFunctionScriptingTraits (0ms)
		AnalyzeDomain (342ms)
			TypeCache.Refresh (287ms)
				TypeCache.ScanAssembly (276ms)
			ScanForSourceGeneratedMonoScriptInfo (36ms)
			ResolveRequiredComponents (18ms)
	FinalizeReload (980ms)
		ReleaseScriptCaches (0ms)
		RebuildScriptCaches (0ms)
		SetupLoadedEditorAssemblies (814ms)
			LogAssemblyErrors (0ms)
			InitializePlatformSupportModulesInManaged (5ms)
			SetLoadedEditorAssemblies (4ms)
			RefreshPlugins (0ms)
			BeforeProcessingInitializeOnLoad (143ms)
			ProcessInitializeOnLoadAttributes (596ms)
			ProcessInitializeOnLoadMethodAttributes (61ms)
			AfterProcessingInitializeOnLoad (5ms)
			EditorAssembliesLoaded (0ms)
		ExecutionOrderSort2 (0ms)
		AwakeInstancesAfterBackupRestoration (4ms)
Launched and connected shader compiler UnityShaderCompiler.exe after 0.03 seconds
Refreshing native plugins compatible for Editor in 2.99 ms, found 3 plugins.
Preloading 0 native plugins for Editor in 0.00 ms.
Unloading 5871 Unused Serialized files (Serialized files now loaded: 0)
Unloading 90 unused Assets / (424.3 KB). Loaded Objects now: 6341.
Memory consumption went from 223.2 MB to 222.8 MB.
Total: 3.652600 ms (FindLiveObjects: 0.366200 ms CreateObjectMapping: 0.215200 ms MarkObjects: 2.875100 ms  DeleteObjects: 0.195400 ms)

AssetImportParameters requested are different than current active one (requested -> active):
  custom:scripting/monoscript/fileName/GlowBehaviour.cs: ca861d3f49951074594e88435ffd8088 -> 
  custom:container-demuxer-ogg: 62fdf1f143b41e24485cea50d1cbac27 -> 
  custom:scripting/monoscript/fileName/SceneSwitchManager.cs: df50a3d24c80308d26bc2a745fb42676 -> 58e5eb0dea83ab8edb1f1f60a746cc8e
  custom:video-decoder-ogg-theora: a1e56fd34408186e4bbccfd4996cb3dc -> 
  custom:framework-win-MediaFoundation: 216162199b28c13a410421893ffa2e32 -> 
  custom:CustomObjectIndexerAttribute: a3ef5dd2817f97addfee359851a9dba5 -> 
  custom:container-demuxer-webm: 4f35f7cbe854078d1ac9338744f61a02 -> 
  custom:container-muxer-webm: aa71ff27fc2769a1b78a27578f13a17b -> 
  custom:video-decoder-webm-vp8: 9c59270c3fd7afecdb556c50c9e8de78 -> 
  custom:AudioImporter_EditorPlatform: d09bf68614088b80899f8185d706f6e7 -> 
  custom:scripting/monoscript/fileName/FlyCameraBehaviour.cs: 65bfad318fd0822acedc5d4d128a4cf1 -> 447eed16c19bf671b669789534e75370
  custom:video-encoder-webm-vp8: eb34c28f22e8b96e1ab97ce403110664 -> 
  custom:audio-decoder-ogg-vorbis: bf7c407c2cedff20999df2af8eb42d56 -> 
  custom:audio-encoder-webm-vorbis: bf7c407c2cedff20999df2af8eb42d56 -> 
  custom:scripting/monoscript/fileName/InterfaceManager.cs: c212f60bf200697ee7be245421e1e623 -> 21cfdf8fde856ed3df1d4355b35ce7d5
========================================================================
Received Import Request.
  Time since last request: 793628.976787 seconds.
  path: Assets/IgnoreResources/Low Poly Medieval Weapons (Melee + Ranged)/Textures
  artifactKey: Guid(76cb7b1116936ef4e8a18f0238c9710c) Importer(2089858483,0ecaa5967403d082aa24f35e1b516d23)
Start importing Assets/IgnoreResources/Low Poly Medieval Weapons (Melee + Ranged)/Textures using Guid(76cb7b1116936ef4e8a18f0238c9710c) Importer(2089858483,0ecaa5967403d082aa24f35e1b516d23) Generated GUIDs only implemented for interfaces!
 -> (artifact id: '3b2b32af1f569344989b4b4ad2a4fae7') in 0.195287 seconds
Number of updated asset objects reloaded before import = 0
Number of asset objects unloaded after import = 1
========================================================================
Received Import Request.
  Time since last request: 0.000030 seconds.
  path: Assets/IgnoreResources/Low Poly Medieval Weapons (Melee + Ranged)/Meshes/Great_Sword.obj
  artifactKey: Guid(a59513c76a526e947b218a0dd4832f0f) Importer(2089858483,0ecaa5967403d082aa24f35e1b516d23)
Start importing Assets/IgnoreResources/Low Poly Medieval Weapons (Melee + Ranged)/Meshes/Great_Sword.obj using Guid(a59513c76a526e947b218a0dd4832f0f) Importer(2089858483,0ecaa5967403d082aa24f35e1b516d23) Generated GUIDs only implemented for interfaces!
 -> (artifact id: '33623d52416389696a1686393493278c') in 0.118234 seconds
Number of updated asset objects reloaded before import = 0
Number of asset objects unloaded after import = 10
========================================================================
Received Import Request.
  Time since last request: 0.000034 seconds.
  path: Assets/IgnoreResources/Low Poly Medieval Weapons (Melee + Ranged)/Meshes/Orc_Sword.obj
  artifactKey: Guid(631729928c7af2b4fac0738bd59097e9) Importer(2089858483,0ecaa5967403d082aa24f35e1b516d23)
Start importing Assets/IgnoreResources/Low Poly Medieval Weapons (Melee + Ranged)/Meshes/Orc_Sword.obj using Guid(631729928c7af2b4fac0738bd59097e9) Importer(2089858483,0ecaa5967403d082aa24f35e1b516d23) Generated GUIDs only implemented for interfaces!
 -> (artifact id: 'dd6f1c8d68422538c62904292c8f94f7') in 0.046230 seconds
Number of updated asset objects reloaded before import = 0
Number of asset objects unloaded after import = 10
========================================================================
Received Import Request.
  Time since last request: 0.000019 seconds.
  path: Assets/IgnoreResources/Low Poly Medieval Weapons (Melee + Ranged)/Materials/Low Poly Weapon Texture.mat
  artifactKey: Guid(c904c1af9a1d49a45ba878050adf8ca0) Importer(2089858483,0ecaa5967403d082aa24f35e1b516d23)
Start importing Assets/IgnoreResources/Low Poly Medieval Weapons (Melee + Ranged)/Materials/Low Poly Weapon Texture.mat using Guid(c904c1af9a1d49a45ba878050adf8ca0) Importer(2089858483,0ecaa5967403d082aa24f35e1b516d23) Generated GUIDs only implemented for interfaces!
 -> (artifact id: 'e0b70e2a3ac79c443d896b8f5322b854') in 0.042876 seconds
Number of updated asset objects reloaded before import = 0
Number of asset objects unloaded after import = 2
========================================================================
Received Import Request.
  Time since last request: 0.000021 seconds.
  path: Assets/IgnoreResources/Low Poly Medieval Weapons (Melee + Ranged)/Prefabs/Crossbow.prefab
  artifactKey: Guid(ba9444785a863ca47881cca5fa874378) Importer(2089858483,0ecaa5967403d082aa24f35e1b516d23)
Start importing Assets/IgnoreResources/Low Poly Medieval Weapons (Melee + Ranged)/Prefabs/Crossbow.prefab using Guid(ba9444785a863ca47881cca5fa874378) Importer(2089858483,0ecaa5967403d082aa24f35e1b516d23) Generated GUIDs only implemented for interfaces!
 -> (artifact id: 'ac99cf510d5b1f5c19381b33ef1369a3') in 0.021438 seconds
Number of updated asset objects reloaded before import = 0
Number of asset objects unloaded after import = 9
========================================================================
Received Import Request.
  Time since last request: 0.000020 seconds.
  path: Assets/IgnoreResources/Low Poly Medieval Weapons (Melee + Ranged)/Prefabs/Double_Hammer.prefab
  artifactKey: Guid(341aed259be65aa4ca46808cf9c2d605) Importer(2089858483,0ecaa5967403d082aa24f35e1b516d23)
Start importing Assets/IgnoreResources/Low Poly Medieval Weapons (Melee + Ranged)/Prefabs/Double_Hammer.prefab using Guid(341aed259be65aa4ca46808cf9c2d605) Importer(2089858483,0ecaa5967403d082aa24f35e1b516d23) Generated GUIDs only implemented for interfaces!
 -> (artifact id: '0825f9bb9cf64cd123cfeeb5a02e8a36') in 0.024264 seconds
Number of updated asset objects reloaded before import = 0
Number of asset objects unloaded after import = 9
========================================================================
Received Import Request.
  Time since last request: 0.000024 seconds.
  path: Assets/IgnoreResources/Low Poly Medieval Weapons (Melee + Ranged)/Meshes/Anvil_Hammer.obj
  artifactKey: Guid(ba29a7b51bccd984cbf8c740af9a2c0b) Importer(2089858483,0ecaa5967403d082aa24f35e1b516d23)
Start importing Assets/IgnoreResources/Low Poly Medieval Weapons (Melee + Ranged)/Meshes/Anvil_Hammer.obj using Guid(ba29a7b51bccd984cbf8c740af9a2c0b) Importer(2089858483,0ecaa5967403d082aa24f35e1b516d23) Generated GUIDs only implemented for interfaces!
 -> (artifact id: '9dc5f49aae80e355579e65204a9296ad') in 0.039658 seconds
Number of updated asset objects reloaded before import = 0
Number of asset objects unloaded after import = 10
========================================================================
Received Import Request.
  Time since last request: 0.000027 seconds.
  path: Assets/IgnoreResources/Low Poly Medieval Weapons (Melee + Ranged)/Prefabs/Pebble.prefab
  artifactKey: Guid(b037067fcf3260447a72e6eb12ae7ece) Importer(2089858483,0ecaa5967403d082aa24f35e1b516d23)
Start importing Assets/IgnoreResources/Low Poly Medieval Weapons (Melee + Ranged)/Prefabs/Pebble.prefab using Guid(b037067fcf3260447a72e6eb12ae7ece) Importer(2089858483,0ecaa5967403d082aa24f35e1b516d23) Generated GUIDs only implemented for interfaces!
 -> (artifact id: 'e6de082b9e03257c4e17aeb1d1af8f5e') in 0.027887 seconds
Number of updated asset objects reloaded before import = 0
Number of asset objects unloaded after import = 9
========================================================================
Received Import Request.
  Time since last request: 0.000039 seconds.
  path: Assets/IgnoreResources/Low Poly Medieval Weapons (Melee + Ranged)/Meshes/Pitchfork.obj
  artifactKey: Guid(3a881ee2f65063340b06eeeff6c72fad) Importer(2089858483,0ecaa5967403d082aa24f35e1b516d23)
Start importing Assets/IgnoreResources/Low Poly Medieval Weapons (Melee + Ranged)/Meshes/Pitchfork.obj using Guid(3a881ee2f65063340b06eeeff6c72fad) Importer(2089858483,0ecaa5967403d082aa24f35e1b516d23) Generated GUIDs only implemented for interfaces!
 -> (artifact id: '38b7ae38c3a751a03dec10ce4d3be5d9') in 0.032963 seconds
Number of updated asset objects reloaded before import = 0
Number of asset objects unloaded after import = 10
========================================================================
Received Import Request.
  Time since last request: 0.000024 seconds.
  path: Assets/IgnoreResources/Low Poly Medieval Weapons (Melee + Ranged)/Meshes/Bearded_Axe.obj
  artifactKey: Guid(2c2471fd0091509419a76738cbae5975) Importer(2089858483,0ecaa5967403d082aa24f35e1b516d23)
Start importing Assets/IgnoreResources/Low Poly Medieval Weapons (Melee + Ranged)/Meshes/Bearded_Axe.obj using Guid(2c2471fd0091509419a76738cbae5975) Importer(2089858483,0ecaa5967403d082aa24f35e1b516d23) Generated GUIDs only implemented for interfaces!
 -> (artifact id: 'a2d709ba4bf861d4e5e466127ee2af76') in 0.040305 seconds
Number of updated asset objects reloaded before import = 0
Number of asset objects unloaded after import = 10
========================================================================
Received Import Request.
  Time since last request: 0.000022 seconds.
  path: Assets/IgnoreResources/Low Poly Medieval Weapons (Melee + Ranged)/Prefabs/Dagger.prefab
  artifactKey: Guid(ad216bf5905aa1a43a4677d504a4c58b) Importer(2089858483,0ecaa5967403d082aa24f35e1b516d23)
Start importing Assets/IgnoreResources/Low Poly Medieval Weapons (Melee + Ranged)/Prefabs/Dagger.prefab using Guid(ad216bf5905aa1a43a4677d504a4c58b) Importer(2089858483,0ecaa5967403d082aa24f35e1b516d23) Generated GUIDs only implemented for interfaces!
 -> (artifact id: '3c50b41f4a048a621b2933c265ea2f5c') in 0.020386 seconds
Number of updated asset objects reloaded before import = 0
Number of asset objects unloaded after import = 9
========================================================================
Received Import Request.
  Time since last request: 0.000016 seconds.
  path: Assets/IgnoreResources/Low Poly Medieval Weapons (Melee + Ranged)/Meshes
  artifactKey: Guid(e9e82d3d9851dda448239ec2e7d3a1cf) Importer(2089858483,0ecaa5967403d082aa24f35e1b516d23)
Start importing Assets/IgnoreResources/Low Poly Medieval Weapons (Melee + Ranged)/Meshes using Guid(e9e82d3d9851dda448239ec2e7d3a1cf) Importer(2089858483,0ecaa5967403d082aa24f35e1b516d23) Generated GUIDs only implemented for interfaces!
 -> (artifact id: 'f6521aa88542ff656067b617b1d86650') in 0.011326 seconds
Number of updated asset objects reloaded before import = 0
Number of asset objects unloaded after import = 1
========================================================================
Received Import Request.
  Time since last request: 0.000030 seconds.
  path: Assets/IgnoreResources/Low Poly Medieval Weapons (Melee + Ranged)/Prefabs/War_Hammer.prefab
  artifactKey: Guid(be87bab05fc86864c83940a0439dd5c9) Importer(2089858483,0ecaa5967403d082aa24f35e1b516d23)
Start importing Assets/IgnoreResources/Low Poly Medieval Weapons (Melee + Ranged)/Prefabs/War_Hammer.prefab using Guid(be87bab05fc86864c83940a0439dd5c9) Importer(2089858483,0ecaa5967403d082aa24f35e1b516d23) Generated GUIDs only implemented for interfaces!
 -> (artifact id: 'df63b76aced392338b4c408bf36c6a92') in 0.016253 seconds
Number of updated asset objects reloaded before import = 0
Number of asset objects unloaded after import = 9
========================================================================
Received Import Request.
  Time since last request: 0.000021 seconds.
  path: Assets/IgnoreResources/Low Poly Medieval Weapons (Melee + Ranged)/Prefabs/Big_Rock.prefab
  artifactKey: Guid(c6c6249439b8d5f43aa8d2acd27b62c5) Importer(2089858483,0ecaa5967403d082aa24f35e1b516d23)
Start importing Assets/IgnoreResources/Low Poly Medieval Weapons (Melee + Ranged)/Prefabs/Big_Rock.prefab using Guid(c6c6249439b8d5f43aa8d2acd27b62c5) Importer(2089858483,0ecaa5967403d082aa24f35e1b516d23) Generated GUIDs only implemented for interfaces!
 -> (artifact id: 'a6d107dc05dbf61b2cb1b92e0926b137') in 0.021107 seconds
Number of updated asset objects reloaded before import = 0
Number of asset objects unloaded after import = 9
========================================================================
Received Import Request.
  Time since last request: 0.000021 seconds.
  path: Assets/IgnoreResources/Low Poly Medieval Weapons (Melee + Ranged)/Prefabs/Bullet_Arrow.prefab
  artifactKey: Guid(037979982974a824d90c59cfbba9f901) Importer(2089858483,0ecaa5967403d082aa24f35e1b516d23)
Start importing Assets/IgnoreResources/Low Poly Medieval Weapons (Melee + Ranged)/Prefabs/Bullet_Arrow.prefab using Guid(037979982974a824d90c59cfbba9f901) Importer(2089858483,0ecaa5967403d082aa24f35e1b516d23) Generated GUIDs only implemented for interfaces!
 -> (artifact id: '72c3976b4a9fbf36f701ece877570ff7') in 0.024067 seconds
Number of updated asset objects reloaded before import = 0
Number of asset objects unloaded after import = 9
========================================================================
Received Import Request.
  Time since last request: 0.000029 seconds.
  path: Assets/IgnoreResources/Low Poly Medieval Weapons (Melee + Ranged)/Prefabs/Spear.prefab
  artifactKey: Guid(6db645130985f654895e4942c7d8a16a) Importer(2089858483,0ecaa5967403d082aa24f35e1b516d23)
Start importing Assets/IgnoreResources/Low Poly Medieval Weapons (Melee + Ranged)/Prefabs/Spear.prefab using Guid(6db645130985f654895e4942c7d8a16a) Importer(2089858483,0ecaa5967403d082aa24f35e1b516d23) Generated GUIDs only implemented for interfaces!
 -> (artifact id: 'c73bd31bf2c6f8847a52872a6f7bdb0f') in 0.025587 seconds
Number of updated asset objects reloaded before import = 0
Number of asset objects unloaded after import = 9
========================================================================
Received Import Request.
  Time since last request: 0.000033 seconds.
  path: Assets/IgnoreResources/Low Poly Medieval Weapons (Melee + Ranged)/Prefabs/Bearded_Axe.prefab
  artifactKey: Guid(103991a4cea9ec247851053c49e3eb4a) Importer(2089858483,0ecaa5967403d082aa24f35e1b516d23)
Start importing Assets/IgnoreResources/Low Poly Medieval Weapons (Melee + Ranged)/Prefabs/Bearded_Axe.prefab using Guid(103991a4cea9ec247851053c49e3eb4a) Importer(2089858483,0ecaa5967403d082aa24f35e1b516d23) Generated GUIDs only implemented for interfaces!
 -> (artifact id: '2e9084721a961b1b237f05663b847f6f') in 0.019298 seconds
Number of updated asset objects reloaded before import = 0
Number of asset objects unloaded after import = 9
========================================================================
Received Import Request.
  Time since last request: 0.000020 seconds.
  path: Assets/IgnoreResources/Low Poly Medieval Weapons (Melee + Ranged)/Prefabs/Arming_Sword.prefab
  artifactKey: Guid(6876a039315e8444e982576fa2eaabea) Importer(2089858483,0ecaa5967403d082aa24f35e1b516d23)
Start importing Assets/IgnoreResources/Low Poly Medieval Weapons (Melee + Ranged)/Prefabs/Arming_Sword.prefab using Guid(6876a039315e8444e982576fa2eaabea) Importer(2089858483,0ecaa5967403d082aa24f35e1b516d23) Generated GUIDs only implemented for interfaces!
 -> (artifact id: '45cb8e51999861c1d5e4dcf464a5d8be') in 0.026412 seconds
Number of updated asset objects reloaded before import = 0
Number of asset objects unloaded after import = 9
========================================================================
Received Import Request.
  Time since last request: 0.000023 seconds.
  path: Assets/IgnoreResources/Low Poly Medieval Weapons (Melee + Ranged)/Meshes/Big_Rock.obj
  artifactKey: Guid(8e71ada036ebdbe4fb10b443d2935af1) Importer(2089858483,0ecaa5967403d082aa24f35e1b516d23)
Start importing Assets/IgnoreResources/Low Poly Medieval Weapons (Melee + Ranged)/Meshes/Big_Rock.obj using Guid(8e71ada036ebdbe4fb10b443d2935af1) Importer(2089858483,0ecaa5967403d082aa24f35e1b516d23) Generated GUIDs only implemented for interfaces!
 -> (artifact id: 'b87bc0648bf433012dcfefa5d9064c48') in 0.027622 seconds
Number of updated asset objects reloaded before import = 0
Number of asset objects unloaded after import = 10
========================================================================
Received Import Request.
  Time since last request: 0.000055 seconds.
  path: Assets/IgnoreResources/Low Poly Medieval Weapons (Melee + Ranged)/Meshes/Falchion.obj
  artifactKey: Guid(d9f984b95a2dd2e4eb2b76defd25a7a5) Importer(2089858483,0ecaa5967403d082aa24f35e1b516d23)
Start importing Assets/IgnoreResources/Low Poly Medieval Weapons (Melee + Ranged)/Meshes/Falchion.obj using Guid(d9f984b95a2dd2e4eb2b76defd25a7a5) Importer(2089858483,0ecaa5967403d082aa24f35e1b516d23) Generated GUIDs only implemented for interfaces!
 -> (artifact id: '436ef05f700d26fb04c4cc2ed54d31e6') in 0.034643 seconds
Number of updated asset objects reloaded before import = 0
Number of asset objects unloaded after import = 10
========================================================================
Received Import Request.
  Time since last request: 0.000023 seconds.
  path: Assets/IgnoreResources/Low Poly Medieval Weapons (Melee + Ranged)/Prefabs/Leaf_Blade.prefab
  artifactKey: Guid(9a4f947eaa2dd8e4aaf05ac434320c9d) Importer(2089858483,0ecaa5967403d082aa24f35e1b516d23)
Start importing Assets/IgnoreResources/Low Poly Medieval Weapons (Melee + Ranged)/Prefabs/Leaf_Blade.prefab using Guid(9a4f947eaa2dd8e4aaf05ac434320c9d) Importer(2089858483,0ecaa5967403d082aa24f35e1b516d23) Generated GUIDs only implemented for interfaces!
 -> (artifact id: 'ac21c98a483e8963abfa6229bc452295') in 0.017333 seconds
Number of updated asset objects reloaded before import = 0
Number of asset objects unloaded after import = 9
========================================================================
Received Import Request.
  Time since last request: 0.000016 seconds.
  path: Assets/IgnoreResources/Low Poly Medieval Weapons (Melee + Ranged)/Meshes/Bullet_Arrow.obj
  artifactKey: Guid(eaeb5b0028bf2b4408002aea1e6a1d90) Importer(2089858483,0ecaa5967403d082aa24f35e1b516d23)
Start importing Assets/IgnoreResources/Low Poly Medieval Weapons (Melee + Ranged)/Meshes/Bullet_Arrow.obj using Guid(eaeb5b0028bf2b4408002aea1e6a1d90) Importer(2089858483,0ecaa5967403d082aa24f35e1b516d23) Generated GUIDs only implemented for interfaces!
 -> (artifact id: 'ce2b03c54a867fb35cf6887e0476ae93') in 0.032411 seconds
Number of updated asset objects reloaded before import = 0
Number of asset objects unloaded after import = 10
========================================================================
Received Import Request.
  Time since last request: 0.000019 seconds.
  path: Assets/IgnoreResources/Low Poly Medieval Weapons (Melee + Ranged)/Prefabs/Double_Axe.prefab
  artifactKey: Guid(471d39eb7ed214e42baeb4acfb2d4529) Importer(2089858483,0ecaa5967403d082aa24f35e1b516d23)
Start importing Assets/IgnoreResources/Low Poly Medieval Weapons (Melee + Ranged)/Prefabs/Double_Axe.prefab using Guid(471d39eb7ed214e42baeb4acfb2d4529) Importer(2089858483,0ecaa5967403d082aa24f35e1b516d23) Generated GUIDs only implemented for interfaces!
 -> (artifact id: '3e149f38044535e1d3564a1589673e4c') in 0.016331 seconds
Number of updated asset objects reloaded before import = 0
Number of asset objects unloaded after import = 9
========================================================================
Received Import Request.
  Time since last request: 0.000027 seconds.
  path: Assets/IgnoreResources/Low Poly Medieval Weapons (Melee + Ranged)/Meshes/Wizard_Staff.obj
  artifactKey: Guid(adfe339761f046540ad30e0872969c5c) Importer(2089858483,0ecaa5967403d082aa24f35e1b516d23)
Start importing Assets/IgnoreResources/Low Poly Medieval Weapons (Melee + Ranged)/Meshes/Wizard_Staff.obj using Guid(adfe339761f046540ad30e0872969c5c) Importer(2089858483,0ecaa5967403d082aa24f35e1b516d23) Generated GUIDs only implemented for interfaces!
 -> (artifact id: '2107a17508b14618a82437fd17f37489') in 0.040947 seconds
Number of updated asset objects reloaded before import = 0
Number of asset objects unloaded after import = 10
========================================================================
Received Import Request.
  Time since last request: 0.000021 seconds.
  path: Assets/IgnoreResources/Low Poly Medieval Weapons (Melee + Ranged)/Prefabs/Macuahuitl.prefab
  artifactKey: Guid(eaab48870db4bdd4980c25a53f0fbbd4) Importer(2089858483,0ecaa5967403d082aa24f35e1b516d23)
Start importing Assets/IgnoreResources/Low Poly Medieval Weapons (Melee + Ranged)/Prefabs/Macuahuitl.prefab using Guid(eaab48870db4bdd4980c25a53f0fbbd4) Importer(2089858483,0ecaa5967403d082aa24f35e1b516d23) Generated GUIDs only implemented for interfaces!
 -> (artifact id: '890d68c82cfe567e35f85c4295b96871') in 0.024422 seconds
Number of updated asset objects reloaded before import = 0
Number of asset objects unloaded after import = 9
========================================================================
Received Import Request.
  Time since last request: 0.000020 seconds.
  path: Assets/IgnoreResources/Low Poly Medieval Weapons (Melee + Ranged)/Prefabs/Falchion.prefab
  artifactKey: Guid(b35a91f07dab4474ca76b2c2ee3fccbe) Importer(2089858483,0ecaa5967403d082aa24f35e1b516d23)
Start importing Assets/IgnoreResources/Low Poly Medieval Weapons (Melee + Ranged)/Prefabs/Falchion.prefab using Guid(b35a91f07dab4474ca76b2c2ee3fccbe) Importer(2089858483,0ecaa5967403d082aa24f35e1b516d23) Generated GUIDs only implemented for interfaces!
 -> (artifact id: 'ceca86ce23a8845ffe12d71ba77bca38') in 0.016686 seconds
Number of updated asset objects reloaded before import = 0
Number of asset objects unloaded after import = 9
========================================================================
Received Import Request.
  Time since last request: 0.000019 seconds.
  path: Assets/IgnoreResources/Low Poly Medieval Weapons (Melee + Ranged)/Prefabs/Wizard_Staff.prefab
  artifactKey: Guid(d2ea171a0f130f246bf1206570134a59) Importer(2089858483,0ecaa5967403d082aa24f35e1b516d23)
Start importing Assets/IgnoreResources/Low Poly Medieval Weapons (Melee + Ranged)/Prefabs/Wizard_Staff.prefab using Guid(d2ea171a0f130f246bf1206570134a59) Importer(2089858483,0ecaa5967403d082aa24f35e1b516d23) Generated GUIDs only implemented for interfaces!
 -> (artifact id: '4970206fb4cd07d54def47f0c92171e0') in 0.018350 seconds
Number of updated asset objects reloaded before import = 0
Number of asset objects unloaded after import = 9
========================================================================
Received Import Request.
  Time since last request: 0.000023 seconds.
  path: Assets/IgnoreResources/Low Poly Medieval Weapons (Melee + Ranged)/Meshes/Kriegmesser.obj
  artifactKey: Guid(db739e180f9b67a4d91621fb645c607f) Importer(2089858483,0ecaa5967403d082aa24f35e1b516d23)
Start importing Assets/IgnoreResources/Low Poly Medieval Weapons (Melee + Ranged)/Meshes/Kriegmesser.obj using Guid(db739e180f9b67a4d91621fb645c607f) Importer(2089858483,0ecaa5967403d082aa24f35e1b516d23) Generated GUIDs only implemented for interfaces!
 -> (artifact id: '76390e2912716c41713f7224883b1db8') in 0.028423 seconds
Number of updated asset objects reloaded before import = 0
Number of asset objects unloaded after import = 10
========================================================================
Received Import Request.
  Time since last request: 0.000029 seconds.
  path: Assets/IgnoreResources/Low Poly Medieval Weapons (Melee + Ranged)/Meshes/Armor_Piercing_Arrow.obj
  artifactKey: Guid(abdadfec2d822f142bbc23931165e936) Importer(2089858483,0ecaa5967403d082aa24f35e1b516d23)
Start importing Assets/IgnoreResources/Low Poly Medieval Weapons (Melee + Ranged)/Meshes/Armor_Piercing_Arrow.obj using Guid(abdadfec2d822f142bbc23931165e936) Importer(2089858483,0ecaa5967403d082aa24f35e1b516d23) Generated GUIDs only implemented for interfaces!
 -> (artifact id: '0ffa044811d48d012ff67c52bad75ede') in 0.029757 seconds
Number of updated asset objects reloaded before import = 0
Number of asset objects unloaded after import = 10
========================================================================
Received Import Request.
  Time since last request: 0.000030 seconds.
  path: Assets/IgnoreResources/Low Poly Medieval Weapons (Melee + Ranged)/Materials/Low Poly Weapon Golden.mat
  artifactKey: Guid(dcc7f6174925d274bb9a7ebc5d474641) Importer(2089858483,0ecaa5967403d082aa24f35e1b516d23)
Start importing Assets/IgnoreResources/Low Poly Medieval Weapons (Melee + Ranged)/Materials/Low Poly Weapon Golden.mat using Guid(dcc7f6174925d274bb9a7ebc5d474641) Importer(2089858483,0ecaa5967403d082aa24f35e1b516d23) Generated GUIDs only implemented for interfaces!
 -> (artifact id: 'a30b8e0913adbfbb0b204c1eaa902a44') in 0.014509 seconds
Number of updated asset objects reloaded before import = 0
Number of asset objects unloaded after import = 2
========================================================================
Received Import Request.
  Time since last request: 0.000027 seconds.
  path: Assets/IgnoreResources/Low Poly Medieval Weapons (Melee + Ranged)/Meshes/Bat.obj
  artifactKey: Guid(c9265f38a6e85ca4ba925e71858f0a53) Importer(2089858483,0ecaa5967403d082aa24f35e1b516d23)
Start importing Assets/IgnoreResources/Low Poly Medieval Weapons (Melee + Ranged)/Meshes/Bat.obj using Guid(c9265f38a6e85ca4ba925e71858f0a53) Importer(2089858483,0ecaa5967403d082aa24f35e1b516d23) Generated GUIDs only implemented for interfaces!
 -> (artifact id: 'b60ba548e7d3d044321814ea2178988a') in 0.034370 seconds
Number of updated asset objects reloaded before import = 0
Number of asset objects unloaded after import = 10
========================================================================
Received Import Request.
  Time since last request: 0.000024 seconds.
  path: Assets/IgnoreResources/Low Poly Medieval Weapons (Melee + Ranged)/Meshes/Offset_Sword.obj
  artifactKey: Guid(c207258633faf524b85ec54b1fc3e607) Importer(2089858483,0ecaa5967403d082aa24f35e1b516d23)
Start importing Assets/IgnoreResources/Low Poly Medieval Weapons (Melee + Ranged)/Meshes/Offset_Sword.obj using Guid(c207258633faf524b85ec54b1fc3e607) Importer(2089858483,0ecaa5967403d082aa24f35e1b516d23) Generated GUIDs only implemented for interfaces!
 -> (artifact id: 'd18f1a300823af3b7519192259ae919f') in 0.033927 seconds
Number of updated asset objects reloaded before import = 0
Number of asset objects unloaded after import = 10
========================================================================
Received Import Request.
  Time since last request: 0.000019 seconds.
  path: Assets/IgnoreResources/Low Poly Medieval Weapons (Melee + Ranged)/Meshes/Double_Hammer.obj
  artifactKey: Guid(a1c4aebaeb968db4790e329db60cb515) Importer(2089858483,0ecaa5967403d082aa24f35e1b516d23)
Start importing Assets/IgnoreResources/Low Poly Medieval Weapons (Melee + Ranged)/Meshes/Double_Hammer.obj using Guid(a1c4aebaeb968db4790e329db60cb515) Importer(2089858483,0ecaa5967403d082aa24f35e1b516d23) Generated GUIDs only implemented for interfaces!
 -> (artifact id: 'a16b327080a098dee0ce5be2d6cbadb4') in 0.026900 seconds
Number of updated asset objects reloaded before import = 0
Number of asset objects unloaded after import = 10
========================================================================
Received Import Request.
  Time since last request: 0.000016 seconds.
  path: Assets/IgnoreResources/Low Poly Medieval Weapons (Melee + Ranged)/Meshes/Flared_Spear.obj
  artifactKey: Guid(91fe1031c43dea74387f7f42c28f013a) Importer(2089858483,0ecaa5967403d082aa24f35e1b516d23)
Start importing Assets/IgnoreResources/Low Poly Medieval Weapons (Melee + Ranged)/Meshes/Flared_Spear.obj using Guid(91fe1031c43dea74387f7f42c28f013a) Importer(2089858483,0ecaa5967403d082aa24f35e1b516d23) Generated GUIDs only implemented for interfaces!
 -> (artifact id: 'ecbcb15e075a2a5a427d71512ab71275') in 0.035408 seconds
Number of updated asset objects reloaded before import = 0
Number of asset objects unloaded after import = 10
========================================================================
Received Import Request.
  Time since last request: 0.000025 seconds.
  path: Assets/IgnoreResources/Low Poly Medieval Weapons (Melee + Ranged)/Prefabs/Bow.prefab
  artifactKey: Guid(0018e882e5efb0049afb602293ca146d) Importer(2089858483,0ecaa5967403d082aa24f35e1b516d23)
Start importing Assets/IgnoreResources/Low Poly Medieval Weapons (Melee + Ranged)/Prefabs/Bow.prefab using Guid(0018e882e5efb0049afb602293ca146d) Importer(2089858483,0ecaa5967403d082aa24f35e1b516d23) Generated GUIDs only implemented for interfaces!
 -> (artifact id: '8a819a97fe8d37b0942be53f80f3a26b') in 0.018680 seconds
Number of updated asset objects reloaded before import = 0
Number of asset objects unloaded after import = 9
========================================================================
Received Import Request.
  Time since last request: 0.000025 seconds.
  path: Assets/IgnoreResources/Low Poly Medieval Weapons (Melee + Ranged)/Meshes/Rock.obj
  artifactKey: Guid(b1e5cfc2dd9285c45bf794eaf50f3802) Importer(2089858483,0ecaa5967403d082aa24f35e1b516d23)
Start importing Assets/IgnoreResources/Low Poly Medieval Weapons (Melee + Ranged)/Meshes/Rock.obj using Guid(b1e5cfc2dd9285c45bf794eaf50f3802) Importer(2089858483,0ecaa5967403d082aa24f35e1b516d23) Generated GUIDs only implemented for interfaces!
 -> (artifact id: 'c161f28d98a20cb35b922bbb18374e90') in 0.032555 seconds
Number of updated asset objects reloaded before import = 0
Number of asset objects unloaded after import = 10
========================================================================
Received Import Request.
  Time since last request: 0.000031 seconds.
  path: Assets/IgnoreResources/Low Poly Medieval Weapons (Melee + Ranged)/Meshes/Arming_Sword.obj
  artifactKey: Guid(23f44c9e41fbdf44f84fe58679fcf847) Importer(2089858483,0ecaa5967403d082aa24f35e1b516d23)
Start importing Assets/IgnoreResources/Low Poly Medieval Weapons (Melee + Ranged)/Meshes/Arming_Sword.obj using Guid(23f44c9e41fbdf44f84fe58679fcf847) Importer(2089858483,0ecaa5967403d082aa24f35e1b516d23) Generated GUIDs only implemented for interfaces!
 -> (artifact id: '8e95eb4d238b896ee3e5ef85d72bc606') in 0.037575 seconds
Number of updated asset objects reloaded before import = 0
Number of asset objects unloaded after import = 10
========================================================================
Received Import Request.
  Time since last request: 0.000034 seconds.
  path: Assets/IgnoreResources/Low Poly Medieval Weapons (Melee + Ranged)/Meshes/Bone_Shiv.obj
  artifactKey: Guid(83040b81f4d1d3f4f93fb2a17654cde5) Importer(2089858483,0ecaa5967403d082aa24f35e1b516d23)
Start importing Assets/IgnoreResources/Low Poly Medieval Weapons (Melee + Ranged)/Meshes/Bone_Shiv.obj using Guid(83040b81f4d1d3f4f93fb2a17654cde5) Importer(2089858483,0ecaa5967403d082aa24f35e1b516d23) Generated GUIDs only implemented for interfaces!
 -> (artifact id: '18b26b277598a5404053de52c7cef49b') in 0.029347 seconds
Number of updated asset objects reloaded before import = 0
Number of asset objects unloaded after import = 10
========================================================================
Received Import Request.
  Time since last request: 0.992201 seconds.
  path: Assets/IgnoreResources/melee weapons/Material/black.mat
  artifactKey: Guid(efcb44e21d9df1b49861695f52a35d20) Importer(815301076,1909f56bfc062723c751e8b465ee728b)
Start importing Assets/IgnoreResources/melee weapons/Material/black.mat using Guid(efcb44e21d9df1b49861695f52a35d20) Importer(815301076,1909f56bfc062723c751e8b465ee728b)  -> (artifact id: '5c8b9487b75fb68d0c00832b53247775') in 0.009496 seconds
Number of updated asset objects reloaded before import = 0
Number of asset objects unloaded after import = 1
========================================================================
Received Import Request.
  Time since last request: 0.000017 seconds.
  path: Assets/IgnoreResources/melee weapons/Material/selver R.mat
  artifactKey: Guid(6dcda6b0e1533b84890505859b65f700) Importer(815301076,1909f56bfc062723c751e8b465ee728b)
Start importing Assets/IgnoreResources/melee weapons/Material/selver R.mat using Guid(6dcda6b0e1533b84890505859b65f700) Importer(815301076,1909f56bfc062723c751e8b465ee728b)  -> (artifact id: '3b85b7b6cfa45eb411744325b11297af') in 0.007891 seconds
Number of updated asset objects reloaded before import = 0
Number of asset objects unloaded after import = 1
========================================================================
Received Import Request.
  Time since last request: 0.000025 seconds.
  path: Assets/IgnoreResources/melee weapons/Material/brown.mat
  artifactKey: Guid(fc5c13ec9786bde42bf44e29bfd4ddb0) Importer(815301076,1909f56bfc062723c751e8b465ee728b)
Start importing Assets/IgnoreResources/melee weapons/Material/brown.mat using Guid(fc5c13ec9786bde42bf44e29bfd4ddb0) Importer(815301076,1909f56bfc062723c751e8b465ee728b)  -> (artifact id: 'c5da5a979171a4c2eca6beae42526b46') in 0.008003 seconds
Number of updated asset objects reloaded before import = 0
Number of asset objects unloaded after import = 1
========================================================================
Received Import Request.
  Time since last request: 32.315861 seconds.
  path: Assets/IgnoreResources/Low Poly Medieval Weapons (Melee + Ranged)/Materials/Low Poly Weapon Golden.mat
  artifactKey: Guid(dcc7f6174925d274bb9a7ebc5d474641) Importer(2089858483,0ecaa5967403d082aa24f35e1b516d23)
Start importing Assets/IgnoreResources/Low Poly Medieval Weapons (Melee + Ranged)/Materials/Low Poly Weapon Golden.mat using Guid(dcc7f6174925d274bb9a7ebc5d474641) Importer(2089858483,0ecaa5967403d082aa24f35e1b516d23) Generated GUIDs only implemented for interfaces!
 -> (artifact id: '0c38c1fea0b20a213b45915794bda579') in 0.013788 seconds
Number of updated asset objects reloaded before import = 0
Number of asset objects unloaded after import = 2
========================================================================
Received Import Request.
  Time since last request: 92.362602 seconds.
  path: Assets/IgnoreResources/melee weapons/Scenes/Weapons Scene.unity
  artifactKey: Guid(d54dab7140236b3418522e4c36ff1330) Importer(2089858483,0ecaa5967403d082aa24f35e1b516d23)
Start importing Assets/IgnoreResources/melee weapons/Scenes/Weapons Scene.unity using Guid(d54dab7140236b3418522e4c36ff1330) Importer(2089858483,0ecaa5967403d082aa24f35e1b516d23) Generated GUIDs only implemented for interfaces!
 -> (artifact id: '1e6a9dcefbd57079ed3f60b8517a8a66') in 0.008939 seconds
Number of updated asset objects reloaded before import = 0
Number of asset objects unloaded after import = 1
========================================================================
Received Import Request.
  Time since last request: 3.737352 seconds.
  path: Assets/IgnoreResources/melee weapons/Scenes/Weapons Scene.unity
  artifactKey: Guid(b9986ac75e67b9f49869c3686d2c3a7f) Importer(2089858483,0ecaa5967403d082aa24f35e1b516d23)
Start importing Assets/IgnoreResources/melee weapons/Scenes/Weapons Scene.unity using Guid(b9986ac75e67b9f49869c3686d2c3a7f) Importer(2089858483,0ecaa5967403d082aa24f35e1b516d23) Generated GUIDs only implemented for interfaces!
 -> (artifact id: 'dc3825a376f9f16ff374c6e1dee08712') in 0.010786 seconds
Number of updated asset objects reloaded before import = 0
Number of asset objects unloaded after import = 1
========================================================================
Received Import Request.
  Time since last request: 16.349514 seconds.
  path: Assets/IgnoreResources/Low Poly Medieval Weapons (Melee + Ranged)/Prefabs
  artifactKey: Guid(0beb35316d523d74f9328e8ba497884a) Importer(815301076,1909f56bfc062723c751e8b465ee728b)
Start importing Assets/IgnoreResources/Low Poly Medieval Weapons (Melee + Ranged)/Prefabs using Guid(0beb35316d523d74f9328e8ba497884a) Importer(815301076,1909f56bfc062723c751e8b465ee728b)  -> (artifact id: '159b2eb630855c867db35f815523d47f') in 0.000561 seconds
Number of updated asset objects reloaded before import = 0
Number of asset objects unloaded after import = 0
========================================================================
Received Import Request.
  Time since last request: 0.072048 seconds.
  path: Assets/IgnoreResources/Low Poly Medieval Weapons (Melee + Ranged)/Prefabs/Anvil_Hammer.prefab
  artifactKey: Guid(d3d5ca4218064c9409f393d50024f394) Importer(815301076,1909f56bfc062723c751e8b465ee728b)
Start importing Assets/IgnoreResources/Low Poly Medieval Weapons (Melee + Ranged)/Prefabs/Anvil_Hammer.prefab using Guid(d3d5ca4218064c9409f393d50024f394) Importer(815301076,1909f56bfc062723c751e8b465ee728b)  -> (artifact id: 'ebfc9502100afcb70c43dae41e0a6637') in 0.002506 seconds
Number of updated asset objects reloaded before import = 0
Number of asset objects unloaded after import = 8
========================================================================
Received Import Request.
  Time since last request: 0.000015 seconds.
  path: Assets/IgnoreResources/Low Poly Medieval Weapons (Melee + Ranged)/Prefabs/Bullet_Arrow.prefab
  artifactKey: Guid(037979982974a824d90c59cfbba9f901) Importer(815301076,1909f56bfc062723c751e8b465ee728b)
Start importing Assets/IgnoreResources/Low Poly Medieval Weapons (Melee + Ranged)/Prefabs/Bullet_Arrow.prefab using Guid(037979982974a824d90c59cfbba9f901) Importer(815301076,1909f56bfc062723c751e8b465ee728b)  -> (artifact id: '0e0355793707f2b25bd4949db7d31342') in 0.001650 seconds
Number of updated asset objects reloaded before import = 0
Number of asset objects unloaded after import = 8
========================================================================
Received Import Request.
  Time since last request: 0.000017 seconds.
  path: Assets/IgnoreResources/Low Poly Medieval Weapons (Melee + Ranged)/Prefabs/Bone_Shiv.prefab
  artifactKey: Guid(5857e8b84a9e3234a890467436f675e8) Importer(815301076,1909f56bfc062723c751e8b465ee728b)
Start importing Assets/IgnoreResources/Low Poly Medieval Weapons (Melee + Ranged)/Prefabs/Bone_Shiv.prefab using Guid(5857e8b84a9e3234a890467436f675e8) Importer(815301076,1909f56bfc062723c751e8b465ee728b)  -> (artifact id: 'f3e0438967b7cce5a044a8e6a06a253f') in 0.001689 seconds
Number of updated asset objects reloaded before import = 0
Number of asset objects unloaded after import = 8
========================================================================
Received Import Request.
  Time since last request: 0.000013 seconds.
  path: Assets/IgnoreResources/Low Poly Medieval Weapons (Melee + Ranged)/Prefabs/Big_Rock.prefab
  artifactKey: Guid(c6c6249439b8d5f43aa8d2acd27b62c5) Importer(815301076,1909f56bfc062723c751e8b465ee728b)
Start importing Assets/IgnoreResources/Low Poly Medieval Weapons (Melee + Ranged)/Prefabs/Big_Rock.prefab using Guid(c6c6249439b8d5f43aa8d2acd27b62c5) Importer(815301076,1909f56bfc062723c751e8b465ee728b)  -> (artifact id: '433c891ff147071d395c27406ef7374f') in 0.001612 seconds
Number of updated asset objects reloaded before import = 0
Number of asset objects unloaded after import = 8
========================================================================
Received Import Request.
  Time since last request: 0.000025 seconds.
  path: Assets/IgnoreResources/Low Poly Medieval Weapons (Melee + Ranged)/Prefabs/Blunt_Arrow.prefab
  artifactKey: Guid(39a95e6e25311f74c8e8daad062764fe) Importer(815301076,1909f56bfc062723c751e8b465ee728b)
Start importing Assets/IgnoreResources/Low Poly Medieval Weapons (Melee + Ranged)/Prefabs/Blunt_Arrow.prefab using Guid(39a95e6e25311f74c8e8daad062764fe) Importer(815301076,1909f56bfc062723c751e8b465ee728b)  -> (artifact id: 'cbbdad9aa9bb36fd7fe57bb8a43caf74') in 0.001372 seconds
Number of updated asset objects reloaded before import = 0
Number of asset objects unloaded after import = 8
========================================================================
Received Import Request.
  Time since last request: 0.000016 seconds.
  path: Assets/IgnoreResources/Low Poly Medieval Weapons (Melee + Ranged)/Prefabs/Bearded_Axe.prefab
  artifactKey: Guid(103991a4cea9ec247851053c49e3eb4a) Importer(815301076,1909f56bfc062723c751e8b465ee728b)
Start importing Assets/IgnoreResources/Low Poly Medieval Weapons (Melee + Ranged)/Prefabs/Bearded_Axe.prefab using Guid(103991a4cea9ec247851053c49e3eb4a) Importer(815301076,1909f56bfc062723c751e8b465ee728b)  -> (artifact id: '86e11102ec1236b53483f18ba1754bc3') in 0.001646 seconds
Number of updated asset objects reloaded before import = 0
Number of asset objects unloaded after import = 8
========================================================================
Received Import Request.
  Time since last request: 0.000017 seconds.
  path: Assets/IgnoreResources/Low Poly Medieval Weapons (Melee + Ranged)/Prefabs/Bat.prefab
  artifactKey: Guid(c420001fcfd49a146a531cbf4de75a99) Importer(815301076,1909f56bfc062723c751e8b465ee728b)
Start importing Assets/IgnoreResources/Low Poly Medieval Weapons (Melee + Ranged)/Prefabs/Bat.prefab using Guid(c420001fcfd49a146a531cbf4de75a99) Importer(815301076,1909f56bfc062723c751e8b465ee728b)  -> (artifact id: '90aaa1e0c7a2e58ffbd84df0e5228617') in 0.001320 seconds
Number of updated asset objects reloaded before import = 0
Number of asset objects unloaded after import = 8
========================================================================
Received Import Request.
  Time since last request: 3.636947 seconds.
  path: Assets/IgnoreResources/Low Poly Medieval Weapons (Melee + Ranged)/Prefabs/Dagger.prefab
  artifactKey: Guid(ad216bf5905aa1a43a4677d504a4c58b) Importer(815301076,1909f56bfc062723c751e8b465ee728b)
Start importing Assets/IgnoreResources/Low Poly Medieval Weapons (Melee + Ranged)/Prefabs/Dagger.prefab using Guid(ad216bf5905aa1a43a4677d504a4c58b) Importer(815301076,1909f56bfc062723c751e8b465ee728b)  -> (artifact id: '5dbe943ae839ed740cec68de049e3820') in 0.001793 seconds
Number of updated asset objects reloaded before import = 0
Number of asset objects unloaded after import = 8
========================================================================
Received Import Request.
  Time since last request: 0.000016 seconds.
  path: Assets/IgnoreResources/Low Poly Medieval Weapons (Melee + Ranged)/Prefabs/Double_Hammer.prefab
  artifactKey: Guid(341aed259be65aa4ca46808cf9c2d605) Importer(815301076,1909f56bfc062723c751e8b465ee728b)
Start importing Assets/IgnoreResources/Low Poly Medieval Weapons (Melee + Ranged)/Prefabs/Double_Hammer.prefab using Guid(341aed259be65aa4ca46808cf9c2d605) Importer(815301076,1909f56bfc062723c751e8b465ee728b)  -> (artifact id: '70d7a8865811beb0c9703a8fd6aa7ab3') in 0.001845 seconds
Number of updated asset objects reloaded before import = 0
Number of asset objects unloaded after import = 8
========================================================================
Received Import Request.
  Time since last request: 1.289543 seconds.
  path: Assets/IgnoreResources/Low Poly Medieval Weapons (Melee + Ranged)/Prefabs/Falchion.prefab
  artifactKey: Guid(b35a91f07dab4474ca76b2c2ee3fccbe) Importer(815301076,1909f56bfc062723c751e8b465ee728b)
Start importing Assets/IgnoreResources/Low Poly Medieval Weapons (Melee + Ranged)/Prefabs/Falchion.prefab using Guid(b35a91f07dab4474ca76b2c2ee3fccbe) Importer(815301076,1909f56bfc062723c751e8b465ee728b)  -> (artifact id: 'cd501f54dd95467387bacfddf65ef8db') in 0.001357 seconds
Number of updated asset objects reloaded before import = 0
Number of asset objects unloaded after import = 8
========================================================================
Received Import Request.
  Time since last request: 0.000017 seconds.
  path: Assets/IgnoreResources/Low Poly Medieval Weapons (Melee + Ranged)/Prefabs/Great_Sword.prefab
  artifactKey: Guid(3a078232abb58e049ac7e99e15aa5575) Importer(815301076,1909f56bfc062723c751e8b465ee728b)
Start importing Assets/IgnoreResources/Low Poly Medieval Weapons (Melee + Ranged)/Prefabs/Great_Sword.prefab using Guid(3a078232abb58e049ac7e99e15aa5575) Importer(815301076,1909f56bfc062723c751e8b465ee728b)  -> (artifact id: '5a5933e3d77e43aeb99df214cf14885f') in 0.001359 seconds
Number of updated asset objects reloaded before import = 0
Number of asset objects unloaded after import = 8
========================================================================
Received Import Request.
  Time since last request: 0.916645 seconds.
  path: Assets/IgnoreResources/Low Poly Medieval Weapons (Melee + Ranged)/Prefabs/Halberd.prefab
  artifactKey: Guid(8ab9f8272dc4e8e44aa3f236d8e1ead2) Importer(815301076,1909f56bfc062723c751e8b465ee728b)
Start importing Assets/IgnoreResources/Low Poly Medieval Weapons (Melee + Ranged)/Prefabs/Halberd.prefab using Guid(8ab9f8272dc4e8e44aa3f236d8e1ead2) Importer(815301076,1909f56bfc062723c751e8b465ee728b)  -> (artifact id: '14ea086974fbcd32f27455d66e335fe7') in 0.002526 seconds
Number of updated asset objects reloaded before import = 0
Number of asset objects unloaded after import = 8
========================================================================
Received Import Request.
  Time since last request: 0.037921 seconds.
  path: Assets/IgnoreResources/Low Poly Medieval Weapons (Melee + Ranged)/Prefabs/Kriegmesser.prefab
  artifactKey: Guid(9c84d237c35eb5a458ef406c82781020) Importer(815301076,1909f56bfc062723c751e8b465ee728b)
Start importing Assets/IgnoreResources/Low Poly Medieval Weapons (Melee + Ranged)/Prefabs/Kriegmesser.prefab using Guid(9c84d237c35eb5a458ef406c82781020) Importer(815301076,1909f56bfc062723c751e8b465ee728b)  -> (artifact id: '4fd0daf22fc28dae3c99c52465c5444e') in 0.001288 seconds
Number of updated asset objects reloaded before import = 0
Number of asset objects unloaded after import = 8
========================================================================
Received Import Request.
  Time since last request: 3.627957 seconds.
  path: Assets/IgnoreResources/Low Poly Medieval Weapons (Melee + Ranged)/Prefabs/Macuahuitl.prefab
  artifactKey: Guid(eaab48870db4bdd4980c25a53f0fbbd4) Importer(815301076,1909f56bfc062723c751e8b465ee728b)
Start importing Assets/IgnoreResources/Low Poly Medieval Weapons (Melee + Ranged)/Prefabs/Macuahuitl.prefab using Guid(eaab48870db4bdd4980c25a53f0fbbd4) Importer(815301076,1909f56bfc062723c751e8b465ee728b)  -> (artifact id: 'db6029bac2ca55a08dcebb2cbe5d4538') in 0.001550 seconds
Number of updated asset objects reloaded before import = 0
Number of asset objects unloaded after import = 8
========================================================================
Received Import Request.
  Time since last request: 1.785555 seconds.
  path: Assets/IgnoreResources/Low Poly Medieval Weapons (Melee + Ranged)/Prefabs/Pebble.prefab
  artifactKey: Guid(b037067fcf3260447a72e6eb12ae7ece) Importer(815301076,1909f56bfc062723c751e8b465ee728b)
Start importing Assets/IgnoreResources/Low Poly Medieval Weapons (Melee + Ranged)/Prefabs/Pebble.prefab using Guid(b037067fcf3260447a72e6eb12ae7ece) Importer(815301076,1909f56bfc062723c751e8b465ee728b)  -> (artifact id: '60287350647b1747b228cc08c82fa7a8') in 0.001231 seconds
Number of updated asset objects reloaded before import = 0
Number of asset objects unloaded after import = 8
========================================================================
Received Import Request.
  Time since last request: 0.040889 seconds.
  path: Assets/IgnoreResources/Low Poly Medieval Weapons (Melee + Ranged)/Prefabs/Scimitar.prefab
  artifactKey: Guid(7228022b7b5317a46b8b18021da33abe) Importer(815301076,1909f56bfc062723c751e8b465ee728b)
Start importing Assets/IgnoreResources/Low Poly Medieval Weapons (Melee + Ranged)/Prefabs/Scimitar.prefab using Guid(7228022b7b5317a46b8b18021da33abe) Importer(815301076,1909f56bfc062723c751e8b465ee728b)  -> (artifact id: 'e8ba71f12d01167b4ec584f620c0a439') in 0.001368 seconds
Number of updated asset objects reloaded before import = 0
Number of asset objects unloaded after import = 8
========================================================================
Received Import Request.
  Time since last request: 1.463376 seconds.
  path: Assets/IgnoreResources/Low Poly Medieval Weapons (Melee + Ranged)/Prefabs/War_Hammer.prefab
  artifactKey: Guid(be87bab05fc86864c83940a0439dd5c9) Importer(815301076,1909f56bfc062723c751e8b465ee728b)
Start importing Assets/IgnoreResources/Low Poly Medieval Weapons (Melee + Ranged)/Prefabs/War_Hammer.prefab using Guid(be87bab05fc86864c83940a0439dd5c9) Importer(815301076,1909f56bfc062723c751e8b465ee728b)  -> (artifact id: '7672c78a37529bedfbd1ae37b831354b') in 0.001452 seconds
Number of updated asset objects reloaded before import = 0
Number of asset objects unloaded after import = 8
