Using pre-set license
Built from '2022.3/staging' branch; Version is '2022.3.4f1 (35713cd46cd7) revision 3502396'; Using compiler version '192829333'; Build Type 'Release'
OS: 'Windows 10  (10.0.19045) 64bit Professional' Language: 'ko' Physical Memory: 32469 MB
BatchMode: 1, IsHumanControllingUs: 0, StartBugReporterOnCrash: 0, Is64bit: 1, IsPro: 1

COMMAND LINE ARGUMENTS:
C:\Program Files\Unity\Hub\Editor\2022.3.4f1\Editor\Unity.exe
-adb2
-batchMode
-noUpm
-name
AssetImportWorker20
-projectPath
C:/Users/rhsj/Desktop/Unity/ProjectNW
-logFile
Logs/AssetImportWorker20.log
-srvPort
51623
Successfully changed project path to: C:/Users/rhsj/Desktop/Unity/ProjectNW
C:/Users/rhsj/Desktop/Unity/ProjectNW
[UnityMemory] Configuration Parameters - Can be set up in boot.config
    "memorysetup-bucket-allocator-granularity=16"
    "memorysetup-bucket-allocator-bucket-count=8"
    "memorysetup-bucket-allocator-block-size=33554432"
    "memorysetup-bucket-allocator-block-count=8"
    "memorysetup-main-allocator-block-size=16777216"
    "memorysetup-thread-allocator-block-size=16777216"
    "memorysetup-gfx-main-allocator-block-size=16777216"
    "memorysetup-gfx-thread-allocator-block-size=16777216"
    "memorysetup-cache-allocator-block-size=4194304"
    "memorysetup-typetree-allocator-block-size=2097152"
    "memorysetup-profiler-bucket-allocator-granularity=16"
    "memorysetup-profiler-bucket-allocator-bucket-count=8"
    "memorysetup-profiler-bucket-allocator-block-size=33554432"
    "memorysetup-profiler-bucket-allocator-block-count=8"
    "memorysetup-profiler-allocator-block-size=16777216"
    "memorysetup-profiler-editor-allocator-block-size=1048576"
    "memorysetup-temp-allocator-size-main=16777216"
    "memorysetup-job-temp-allocator-block-size=2097152"
    "memorysetup-job-temp-allocator-block-size-background=1048576"
    "memorysetup-job-temp-allocator-reduction-small-platforms=262144"
    "memorysetup-allocator-temp-initial-block-size-main=262144"
    "memorysetup-allocator-temp-initial-block-size-worker=262144"
    "memorysetup-temp-allocator-size-background-worker=32768"
    "memorysetup-temp-allocator-size-job-worker=262144"
    "memorysetup-temp-allocator-size-preload-manager=33554432"
    "memorysetup-temp-allocator-size-nav-mesh-worker=65536"
    "memorysetup-temp-allocator-size-audio-worker=65536"
    "memorysetup-temp-allocator-size-cloud-worker=32768"
    "memorysetup-temp-allocator-size-gi-baking-worker=262144"
    "memorysetup-temp-allocator-size-gfx=262144"
Player connection [2688] Host "[IP] 192.168.200.183 [Port] 0 [Flags] 2 [Guid] 334999112 [EditorId] 334999112 [Version] 1048832 [Id] WindowsEditor(7,DESKTOP-SUV84E9) [Debug] 1 [PackageName] WindowsEditor [ProjectName] Editor" joined multi-casting on [225.0.0.222:54997]...

Player connection [2688] Host "[IP] 192.168.200.183 [Port] 0 [Flags] 2 [Guid] 334999112 [EditorId] 334999112 [Version] 1048832 [Id] WindowsEditor(7,DESKTOP-SUV84E9) [Debug] 1 [PackageName] WindowsEditor [ProjectName] Editor" joined alternative multi-casting on [225.0.0.222:34997]...

Refreshing native plugins compatible for Editor in 11.90 ms, found 3 plugins.
Preloading 0 native plugins for Editor in 0.00 ms.
Initialize engine version: 2022.3.4f1 (35713cd46cd7)
[Subsystems] Discovering subsystems at path C:/Program Files/Unity/Hub/Editor/2022.3.4f1/Editor/Data/Resources/UnitySubsystems
[Subsystems] Discovering subsystems at path C:/Users/rhsj/Desktop/Unity/ProjectNW/Assets
GfxDevice: creating device client; threaded=0; jobified=0
Direct3D:
    Version:  Direct3D 11.0 [level 11.1]
    Renderer: NVIDIA GeForce RTX 3070 Laptop GPU (ID=0x249d)
    Vendor:   NVIDIA
    VRAM:     8020 MB
    Driver:   31.0.15.5244
Initialize mono
Mono path[0] = 'C:/Program Files/Unity/Hub/Editor/2022.3.4f1/Editor/Data/Managed'
Mono path[1] = 'C:/Program Files/Unity/Hub/Editor/2022.3.4f1/Editor/Data/MonoBleedingEdge/lib/mono/unityjit-win32'
Mono config path = 'C:/Program Files/Unity/Hub/Editor/2022.3.4f1/Editor/Data/MonoBleedingEdge/etc'
Using monoOptions --debugger-agent=transport=dt_socket,embedding=1,server=y,suspend=n,address=127.0.0.1:56248
Begin MonoManager ReloadAssembly
Registering precompiled unity dll's ...
Register platform support module: C:/Program Files/Unity/Hub/Editor/2022.3.4f1/Editor/Data/PlaybackEngines/WindowsStandaloneSupport/UnityEditor.WindowsStandalone.Extensions.dll
Registered in 0.009890 seconds.
- Loaded All Assemblies, in  0.385 seconds
Native extension for WindowsStandalone target not found
Mono: successfully reloaded assembly
- Finished resetting the current domain, in  0.328 seconds
Domain Reload Profiling: 712ms
	BeginReloadAssembly (95ms)
		ExecutionOrderSort (0ms)
		DisableScriptedObjects (0ms)
		BackupInstance (0ms)
		ReleaseScriptingObjects (0ms)
		CreateAndSetChildDomain (1ms)
	RebuildCommonClasses (40ms)
	RebuildNativeTypeToScriptingClass (15ms)
	initialDomainReloadingComplete (72ms)
	LoadAllAssembliesAndSetupDomain (161ms)
		LoadAssemblies (92ms)
		RebuildTransferFunctionScriptingTraits (0ms)
		AnalyzeDomain (156ms)
			TypeCache.Refresh (155ms)
				TypeCache.ScanAssembly (137ms)
			ScanForSourceGeneratedMonoScriptInfo (0ms)
			ResolveRequiredComponents (1ms)
	FinalizeReload (328ms)
		ReleaseScriptCaches (0ms)
		RebuildScriptCaches (0ms)
		SetupLoadedEditorAssemblies (267ms)
			LogAssemblyErrors (0ms)
			InitializePlatformSupportModulesInManaged (14ms)
			SetLoadedEditorAssemblies (12ms)
			RefreshPlugins (0ms)
			BeforeProcessingInitializeOnLoad (3ms)
			ProcessInitializeOnLoadAttributes (171ms)
			ProcessInitializeOnLoadMethodAttributes (67ms)
			AfterProcessingInitializeOnLoad (0ms)
			EditorAssembliesLoaded (0ms)
		ExecutionOrderSort2 (0ms)
		AwakeInstancesAfterBackupRestoration (0ms)
========================================================================
Worker process is ready to serve import requests
Begin MonoManager ReloadAssembly
- Loaded All Assemblies, in  0.886 seconds
Refreshing native plugins compatible for Editor in 3.89 ms, found 3 plugins.
Native extension for WindowsStandalone target not found
Error loading file Library/StateCache/LayerSettings/9e/9ecc5c3c162a7aba29bafa64c8b94b7c.json. Error: System.IO.IOException: Sharing violation on path C:\Users\rhsj\Desktop\Unity\ProjectNW\Library\StateCache\LayerSettings\9e\9ecc5c3c162a7aba29bafa64c8b94b7c.json
  at System.IO.FileStream..ctor (System.String path, System.IO.FileMode mode, System.IO.FileAccess access, System.IO.FileShare share, System.Int32 bufferSize, System.Boolean anonymous, System.IO.FileOptions options) [0x0019e] in <605bf8b31fcb444b85176da963870aa7>:0 
  at System.IO.FileStream..ctor (System.String path, System.IO.FileMode mode, System.IO.FileAccess access, System.IO.FileShare share, System.Int32 bufferSize, System.IO.FileOptions options) [0x00000] in <605bf8b31fcb444b85176da963870aa7>:0 
  at (wrapper remoting-invoke-with-check) System.IO.FileStream..ctor(string,System.IO.FileMode,System.IO.FileAccess,System.IO.FileShare,int,System.IO.FileOptions)
  at System.IO.StreamReader..ctor (System.String path, System.Text.Encoding encoding, System.Boolean detectEncodingFromByteOrderMarks, System.Int32 bufferSize) [0x00055] in <605bf8b31fcb444b85176da963870aa7>:0 
  at System.IO.StreamReader..ctor (System.String path, System.Text.Encoding encoding, System.Boolean detectEncodingFromByteOrderMarks) [0x00000] in <605bf8b31fcb444b85176da963870aa7>:0 
  at (wrapper remoting-invoke-with-check) System.IO.StreamReader..ctor(string,System.Text.Encoding,bool)
  at System.IO.File.InternalReadAllText (System.String path, System.Text.Encoding encoding) [0x00000] in <605bf8b31fcb444b85176da963870aa7>:0 
  at System.IO.File.ReadAllText (System.String path, System.Text.Encoding encoding) [0x00034] in <605bf8b31fcb444b85176da963870aa7>:0 
  at UnityEditor.StateCache`1[T].GetState (UnityEngine.Hash128 key, T defaultValue) [0x00041] in <da771086bc2e4cfc9ad0a72e083a7f98>:0 
UnityEngine.StackTraceUtility:ExtractStackTrace ()
UnityEngine.DebugLogHandler:LogFormat (UnityEngine.LogType,UnityEngine.Object,string,object[])
UnityEngine.Logger:Log (UnityEngine.LogType,object)
UnityEngine.Debug:LogError (object)
UnityEditor.StateCache`1<UnityEditor.Tools/LayerSettings>:GetState (UnityEngine.Hash128,UnityEditor.Tools/LayerSettings)
UnityEditor.Tools:OnEnable ()
UnityEngine.ScriptableObject:CreateInstance (System.Type)
UnityEngine.ScriptableObject:CreateInstance<UnityEditor.Tools> ()
UnityEditor.Tools:get_get ()
UnityEditor.Tools:get_visibleLayers ()
UnityEditor.Animations.Rigging.BoneRendererUtils:.cctor () (at ./Library/PackageCache/com.unity.animation.rigging@1.2.1/Editor/Utils/BoneRendererUtils.cs:121)
System.Runtime.CompilerServices.RuntimeHelpers:RunClassConstructor (System.RuntimeTypeHandle)
UnityEditor.EditorAssemblies:ProcessInitializeOnLoadAttributes (System.Type[])

(Filename: ./Library/PackageCache/com.unity.animation.rigging@1.2.1/Editor/Utils/BoneRendererUtils.cs Line: 121)

[MODES] ModeService[none].Initialize
[MODES] ModeService[none].LoadModes
[MODES] Loading mode Default (0) for mode-current-id-ProjectNW
Package Manager log level set to [2]
[Package Manager] Server::EnsureServerProcessIsRunning -- launch failed, reason: Unity was launched with the -noUpm command-line argument
[Package Manager] UpmClient::Send -- Unable to send message (not connected to UPM process).
[Package Manager] Cannot connect to Unity Package Manager local server
Mono: successfully reloaded assembly
- Finished resetting the current domain, in  1.005 seconds
Domain Reload Profiling: 1889ms
	BeginReloadAssembly (149ms)
		ExecutionOrderSort (0ms)
		DisableScriptedObjects (4ms)
		BackupInstance (0ms)
		ReleaseScriptingObjects (0ms)
		CreateAndSetChildDomain (28ms)
	RebuildCommonClasses (52ms)
	RebuildNativeTypeToScriptingClass (10ms)
	initialDomainReloadingComplete (25ms)
	LoadAllAssembliesAndSetupDomain (647ms)
		LoadAssemblies (319ms)
		RebuildTransferFunctionScriptingTraits (0ms)
		AnalyzeDomain (388ms)
			TypeCache.Refresh (342ms)
				TypeCache.ScanAssembly (328ms)
			ScanForSourceGeneratedMonoScriptInfo (31ms)
			ResolveRequiredComponents (15ms)
	FinalizeReload (1006ms)
		ReleaseScriptCaches (0ms)
		RebuildScriptCaches (0ms)
		SetupLoadedEditorAssemblies (836ms)
			LogAssemblyErrors (0ms)
			InitializePlatformSupportModulesInManaged (7ms)
			SetLoadedEditorAssemblies (7ms)
			RefreshPlugins (0ms)
			BeforeProcessingInitializeOnLoad (182ms)
			ProcessInitializeOnLoadAttributes (572ms)
			ProcessInitializeOnLoadMethodAttributes (59ms)
			AfterProcessingInitializeOnLoad (7ms)
			EditorAssembliesLoaded (0ms)
		ExecutionOrderSort2 (0ms)
		AwakeInstancesAfterBackupRestoration (10ms)
Launched and connected shader compiler UnityShaderCompiler.exe after 0.04 seconds
Refreshing native plugins compatible for Editor in 2.88 ms, found 3 plugins.
Preloading 0 native plugins for Editor in 0.00 ms.
Unloading 5871 Unused Serialized files (Serialized files now loaded: 0)
Unloading 90 unused Assets / (424.2 KB). Loaded Objects now: 6341.
Memory consumption went from 223.3 MB to 222.9 MB.
Total: 4.012200 ms (FindLiveObjects: 0.489200 ms CreateObjectMapping: 0.265600 ms MarkObjects: 3.048500 ms  DeleteObjects: 0.208100 ms)

AssetImportParameters requested are different than current active one (requested -> active):
  custom:scripting/monoscript/fileName/GlowBehaviour.cs: ca861d3f49951074594e88435ffd8088 -> 
  custom:container-demuxer-ogg: 62fdf1f143b41e24485cea50d1cbac27 -> 
  custom:scripting/monoscript/fileName/SceneSwitchManager.cs: df50a3d24c80308d26bc2a745fb42676 -> 58e5eb0dea83ab8edb1f1f60a746cc8e
  custom:video-decoder-ogg-theora: a1e56fd34408186e4bbccfd4996cb3dc -> 
  custom:framework-win-MediaFoundation: 216162199b28c13a410421893ffa2e32 -> 
  custom:CustomObjectIndexerAttribute: a3ef5dd2817f97addfee359851a9dba5 -> 
  custom:container-demuxer-webm: 4f35f7cbe854078d1ac9338744f61a02 -> 
  custom:container-muxer-webm: aa71ff27fc2769a1b78a27578f13a17b -> 
  custom:video-decoder-webm-vp8: 9c59270c3fd7afecdb556c50c9e8de78 -> 
  custom:AudioImporter_EditorPlatform: d09bf68614088b80899f8185d706f6e7 -> 
  custom:scripting/monoscript/fileName/FlyCameraBehaviour.cs: 65bfad318fd0822acedc5d4d128a4cf1 -> 447eed16c19bf671b669789534e75370
  custom:video-encoder-webm-vp8: eb34c28f22e8b96e1ab97ce403110664 -> 
  custom:audio-decoder-ogg-vorbis: bf7c407c2cedff20999df2af8eb42d56 -> 
  custom:audio-encoder-webm-vorbis: bf7c407c2cedff20999df2af8eb42d56 -> 
  custom:scripting/monoscript/fileName/InterfaceManager.cs: c212f60bf200697ee7be245421e1e623 -> 21cfdf8fde856ed3df1d4355b35ce7d5
========================================================================
Received Import Request.
  Time since last request: 793034.807604 seconds.
  path: Assets/IgnoreResources/Low Poly Weapon Bundle Pack 1/Prefabs/Weapons/ShotGun Weapons
  artifactKey: Guid(40aeb22fc3696ee49b7afc4ee6455b5f) Importer(2089858483,0ecaa5967403d082aa24f35e1b516d23)
Start importing Assets/IgnoreResources/Low Poly Weapon Bundle Pack 1/Prefabs/Weapons/ShotGun Weapons using Guid(40aeb22fc3696ee49b7afc4ee6455b5f) Importer(2089858483,0ecaa5967403d082aa24f35e1b516d23) Generated GUIDs only implemented for interfaces!
 -> (artifact id: '251d6ce5614580b318f5c30de141ea64') in 0.191681 seconds
Number of updated asset objects reloaded before import = 0
Number of asset objects unloaded after import = 1
========================================================================
Received Import Request.
  Time since last request: 0.000534 seconds.
  path: Assets/IgnoreResources/Low Poly Weapon Bundle Pack 1/Prefabs/Attachments/Optics/Optics_Recon
  artifactKey: Guid(7e4ea6070c5f77443afaf4bcb932d665) Importer(2089858483,0ecaa5967403d082aa24f35e1b516d23)
Start importing Assets/IgnoreResources/Low Poly Weapon Bundle Pack 1/Prefabs/Attachments/Optics/Optics_Recon using Guid(7e4ea6070c5f77443afaf4bcb932d665) Importer(2089858483,0ecaa5967403d082aa24f35e1b516d23) Generated GUIDs only implemented for interfaces!
 -> (artifact id: 'c5176b88833baf70f7fedc178bf3a855') in 0.010506 seconds
Number of updated asset objects reloaded before import = 0
Number of asset objects unloaded after import = 1
========================================================================
Received Import Request.
  Time since last request: 0.000052 seconds.
  path: Assets/IgnoreResources/Low Poly Weapon Bundle Pack 1/Models/Bullets/Bullets_Pistol/Bullet_Pistol_A.fbx
  artifactKey: Guid(1a047e8628dbda0438e9055c255c33ce) Importer(2089858483,0ecaa5967403d082aa24f35e1b516d23)
Start importing Assets/IgnoreResources/Low Poly Weapon Bundle Pack 1/Models/Bullets/Bullets_Pistol/Bullet_Pistol_A.fbx using Guid(1a047e8628dbda0438e9055c255c33ce) Importer(2089858483,0ecaa5967403d082aa24f35e1b516d23) Generated GUIDs only implemented for interfaces!
 -> (artifact id: 'f4ddc572a13db1208c4c3cae429c9ad4') in 0.103202 seconds
Number of updated asset objects reloaded before import = 0
Number of asset objects unloaded after import = 12
========================================================================
Received Import Request.
  Time since last request: 0.000017 seconds.
  path: Assets/IgnoreResources/melee weapons/Prefabs/sword4.prefab
  artifactKey: Guid(71a0c097329e8ba4d89beed88b0046bb) Importer(2089858483,0ecaa5967403d082aa24f35e1b516d23)
Start importing Assets/IgnoreResources/melee weapons/Prefabs/sword4.prefab using Guid(71a0c097329e8ba4d89beed88b0046bb) Importer(2089858483,0ecaa5967403d082aa24f35e1b516d23) Generated GUIDs only implemented for interfaces!
 -> (artifact id: 'bfed243da9ed2eacdb485ecfc1f2094b') in 0.028714 seconds
Number of updated asset objects reloaded before import = 0
Number of asset objects unloaded after import = 8
========================================================================
Received Import Request.
  Time since last request: 0.000018 seconds.
  path: Assets/IgnoreResources/Low Poly Weapon Bundle Pack 1/Prefabs/Attachments/Muzzles/Muzzles_Pistol
  artifactKey: Guid(5872288fda9288c4c8d70127856bd22b) Importer(2089858483,0ecaa5967403d082aa24f35e1b516d23)
Start importing Assets/IgnoreResources/Low Poly Weapon Bundle Pack 1/Prefabs/Attachments/Muzzles/Muzzles_Pistol using Guid(5872288fda9288c4c8d70127856bd22b) Importer(2089858483,0ecaa5967403d082aa24f35e1b516d23) Generated GUIDs only implemented for interfaces!
 -> (artifact id: '1d637e082599d7cc00ff54ee3206cf9e') in 0.010159 seconds
Number of updated asset objects reloaded before import = 0
Number of asset objects unloaded after import = 1
========================================================================
Received Import Request.
  Time since last request: 0.000021 seconds.
  path: Assets/IgnoreResources/melee weapons/Prefabs/sword10.prefab
  artifactKey: Guid(560bb073a6dbf844a86357211738a096) Importer(2089858483,0ecaa5967403d082aa24f35e1b516d23)
Start importing Assets/IgnoreResources/melee weapons/Prefabs/sword10.prefab using Guid(560bb073a6dbf844a86357211738a096) Importer(2089858483,0ecaa5967403d082aa24f35e1b516d23) Generated GUIDs only implemented for interfaces!
 -> (artifact id: '9ba58a10f77f0620e7fe5e300fd3c31d') in 0.020015 seconds
Number of updated asset objects reloaded before import = 0
Number of asset objects unloaded after import = 8
========================================================================
Received Import Request.
  Time since last request: 0.000029 seconds.
  path: Assets/IgnoreResources/melee weapons/Prefabs/Axe6.prefab
  artifactKey: Guid(9c3ca8a1873da8c4285f51dd82fc7756) Importer(2089858483,0ecaa5967403d082aa24f35e1b516d23)
Start importing Assets/IgnoreResources/melee weapons/Prefabs/Axe6.prefab using Guid(9c3ca8a1873da8c4285f51dd82fc7756) Importer(2089858483,0ecaa5967403d082aa24f35e1b516d23) Generated GUIDs only implemented for interfaces!
 -> (artifact id: '798d32094b1f30cfc0bab5ef87166f4e') in 0.015431 seconds
Number of updated asset objects reloaded before import = 0
Number of asset objects unloaded after import = 8
========================================================================
Received Import Request.
  Time since last request: 0.000029 seconds.
  path: Assets/IgnoreResources/Low Poly Weapon Bundle Pack 1/Models/Attachments/Optics/Optics/Optic_J.fbx
  artifactKey: Guid(f64a530373315654e92377a619958398) Importer(2089858483,0ecaa5967403d082aa24f35e1b516d23)
Start importing Assets/IgnoreResources/Low Poly Weapon Bundle Pack 1/Models/Attachments/Optics/Optics/Optic_J.fbx using Guid(f64a530373315654e92377a619958398) Importer(2089858483,0ecaa5967403d082aa24f35e1b516d23) Generated GUIDs only implemented for interfaces!
 -> (artifact id: 'aa5c9f502af347276afd02deec027388') in 0.034104 seconds
Number of updated asset objects reloaded before import = 0
Number of asset objects unloaded after import = 7
========================================================================
Received Import Request.
  Time since last request: 0.000024 seconds.
  path: Assets/IgnoreResources/Low Poly Weapon Bundle Pack 1/Prefabs/Attachments/Accessories/Accessories_Pistol/Light_Pistol_A.prefab
  artifactKey: Guid(a0c96857b530e1d4d846aaf20c52cca5) Importer(2089858483,0ecaa5967403d082aa24f35e1b516d23)
Start importing Assets/IgnoreResources/Low Poly Weapon Bundle Pack 1/Prefabs/Attachments/Accessories/Accessories_Pistol/Light_Pistol_A.prefab using Guid(a0c96857b530e1d4d846aaf20c52cca5) Importer(2089858483,0ecaa5967403d082aa24f35e1b516d23) Generated GUIDs only implemented for interfaces!
 -> (artifact id: 'c63265f274fc436cf7be803ecb8f0e75') in 0.015917 seconds
Number of updated asset objects reloaded before import = 0
Number of asset objects unloaded after import = 7
========================================================================
Received Import Request.
  Time since last request: 0.000017 seconds.
  path: Assets/IgnoreResources/Low Poly Weapon Bundle Pack 1/Prefabs/Bullets/Bullets_Pistol/Bullet_Pistol_B.prefab
  artifactKey: Guid(340a36f4a3347294f88a30d36c35141c) Importer(2089858483,0ecaa5967403d082aa24f35e1b516d23)
Start importing Assets/IgnoreResources/Low Poly Weapon Bundle Pack 1/Prefabs/Bullets/Bullets_Pistol/Bullet_Pistol_B.prefab using Guid(340a36f4a3347294f88a30d36c35141c) Importer(2089858483,0ecaa5967403d082aa24f35e1b516d23) Generated GUIDs only implemented for interfaces!
 -> (artifact id: 'a88075b023e8e0bc521f8f5b423628b0') in 0.017669 seconds
Number of updated asset objects reloaded before import = 0
Number of asset objects unloaded after import = 12
========================================================================
Received Import Request.
  Time since last request: 0.000024 seconds.
  path: Assets/IgnoreResources/Low Poly Weapon Bundle Pack 1/Prefabs/Attachments/Muzzles/Muzzles_ShotGun/Muzzle_ShotGun_Suppresor_A.prefab
  artifactKey: Guid(6d7b7e2248f3dd9438472f2e25cd0a8b) Importer(2089858483,0ecaa5967403d082aa24f35e1b516d23)
Start importing Assets/IgnoreResources/Low Poly Weapon Bundle Pack 1/Prefabs/Attachments/Muzzles/Muzzles_ShotGun/Muzzle_ShotGun_Suppresor_A.prefab using Guid(6d7b7e2248f3dd9438472f2e25cd0a8b) Importer(2089858483,0ecaa5967403d082aa24f35e1b516d23) Generated GUIDs only implemented for interfaces!
 -> (artifact id: 'dbe587384dc25bdfa4b7ba7a140e0b1c') in 0.015599 seconds
Number of updated asset objects reloaded before import = 0
Number of asset objects unloaded after import = 7
========================================================================
Received Import Request.
  Time since last request: 0.000013 seconds.
  path: Assets/IgnoreResources/Low Poly Weapon Bundle Pack 1/Models/Weapons/SMG Weapons/SMG_E.fbx
  artifactKey: Guid(d09d3b13f2abcc64cb2f27012f0db0e0) Importer(2089858483,0ecaa5967403d082aa24f35e1b516d23)
Start importing Assets/IgnoreResources/Low Poly Weapon Bundle Pack 1/Models/Weapons/SMG Weapons/SMG_E.fbx using Guid(d09d3b13f2abcc64cb2f27012f0db0e0) Importer(2089858483,0ecaa5967403d082aa24f35e1b516d23) Generated GUIDs only implemented for interfaces!
 -> (artifact id: '7c6bbb2017289ff0bb87219e7e2cfd7e') in 0.041172 seconds
Number of updated asset objects reloaded before import = 0
Number of asset objects unloaded after import = 44
========================================================================
Received Import Request.
  Time since last request: 0.000023 seconds.
  path: Assets/IgnoreResources/Low Poly Weapon Bundle Pack 1/Models/Weapons/DMR Weapons/DMR_E.fbx
  artifactKey: Guid(eaa334d0e81ec7743bc0178d1ee81506) Importer(2089858483,0ecaa5967403d082aa24f35e1b516d23)
Start importing Assets/IgnoreResources/Low Poly Weapon Bundle Pack 1/Models/Weapons/DMR Weapons/DMR_E.fbx using Guid(eaa334d0e81ec7743bc0178d1ee81506) Importer(2089858483,0ecaa5967403d082aa24f35e1b516d23) Generated GUIDs only implemented for interfaces!
 -> (artifact id: '50094c37979cfe708b8d65d1ca4786b3') in 0.037810 seconds
Number of updated asset objects reloaded before import = 0
Number of asset objects unloaded after import = 39
========================================================================
Received Import Request.
  Time since last request: 0.000033 seconds.
  path: Assets/IgnoreResources/Low Poly Weapon Bundle Pack 1/Prefabs/Attachments/Muzzles/Muzzles/Muzzle_Suppressor_A.prefab
  artifactKey: Guid(f9f71d126ed911d41af426015800a588) Importer(2089858483,0ecaa5967403d082aa24f35e1b516d23)
Start importing Assets/IgnoreResources/Low Poly Weapon Bundle Pack 1/Prefabs/Attachments/Muzzles/Muzzles/Muzzle_Suppressor_A.prefab using Guid(f9f71d126ed911d41af426015800a588) Importer(2089858483,0ecaa5967403d082aa24f35e1b516d23) Generated GUIDs only implemented for interfaces!
 -> (artifact id: '63b186fa1eebf421c4e6452a023baa85') in 0.016968 seconds
Number of updated asset objects reloaded before import = 0
Number of asset objects unloaded after import = 7
========================================================================
Received Import Request.
  Time since last request: 0.000029 seconds.
  path: Assets/IgnoreResources/Low Poly Weapon Bundle Pack 1/Prefabs/Attachments/Accessories/Lasers
  artifactKey: Guid(45af8e8b6d9aa4248aa8e2852d6f4549) Importer(2089858483,0ecaa5967403d082aa24f35e1b516d23)
Start importing Assets/IgnoreResources/Low Poly Weapon Bundle Pack 1/Prefabs/Attachments/Accessories/Lasers using Guid(45af8e8b6d9aa4248aa8e2852d6f4549) Importer(2089858483,0ecaa5967403d082aa24f35e1b516d23) Generated GUIDs only implemented for interfaces!
 -> (artifact id: '11666167226e2cc2cb1e7e2e683dfe9d') in 0.011976 seconds
Number of updated asset objects reloaded before import = 0
Number of asset objects unloaded after import = 1
========================================================================
Received Import Request.
  Time since last request: 0.000026 seconds.
  path: Assets/IgnoreResources/Low Poly Weapon Bundle Pack 1/Materials/Low Poly Weapon.mat
  artifactKey: Guid(cc0f91b45ac837e408b89bf87b3119a7) Importer(2089858483,0ecaa5967403d082aa24f35e1b516d23)
Start importing Assets/IgnoreResources/Low Poly Weapon Bundle Pack 1/Materials/Low Poly Weapon.mat using Guid(cc0f91b45ac837e408b89bf87b3119a7) Importer(2089858483,0ecaa5967403d082aa24f35e1b516d23) Generated GUIDs only implemented for interfaces!
 -> (artifact id: '90be7dfd2c764fc8e64a9c9d13ea874f') in 0.034032 seconds
Number of updated asset objects reloaded before import = 0
Number of asset objects unloaded after import = 2
========================================================================
Received Import Request.
  Time since last request: 0.000017 seconds.
  path: Assets/IgnoreResources/Low Poly Weapon Bundle Pack 1/Models/Attachments/Accessories/Lights/Light_A_Right.fbx
  artifactKey: Guid(6f908440518ac61429102c74bb05d45e) Importer(2089858483,0ecaa5967403d082aa24f35e1b516d23)
Start importing Assets/IgnoreResources/Low Poly Weapon Bundle Pack 1/Models/Attachments/Accessories/Lights/Light_A_Right.fbx using Guid(6f908440518ac61429102c74bb05d45e) Importer(2089858483,0ecaa5967403d082aa24f35e1b516d23) Generated GUIDs only implemented for interfaces!
 -> (artifact id: '0dfc2a2df520ec73d5e8216096e5c0dd') in 0.024302 seconds
Number of updated asset objects reloaded before import = 0
Number of asset objects unloaded after import = 12
========================================================================
Received Import Request.
  Time since last request: 0.000015 seconds.
  path: Assets/IgnoreResources/Low Poly Weapon Bundle Pack 1/Models/Attachments/Optics/Optics_Recon/Optic_Recon_A.fbx
  artifactKey: Guid(9abc51b40553a3e4d95c90ccf507618f) Importer(2089858483,0ecaa5967403d082aa24f35e1b516d23)
Start importing Assets/IgnoreResources/Low Poly Weapon Bundle Pack 1/Models/Attachments/Optics/Optics_Recon/Optic_Recon_A.fbx using Guid(9abc51b40553a3e4d95c90ccf507618f) Importer(2089858483,0ecaa5967403d082aa24f35e1b516d23) Generated GUIDs only implemented for interfaces!
 -> (artifact id: '010bf3ec256a97dba8bf1a822fa56960') in 0.025222 seconds
Number of updated asset objects reloaded before import = 0
Number of asset objects unloaded after import = 19
========================================================================
Received Import Request.
  Time since last request: 0.000020 seconds.
  path: Assets/IgnoreResources/Low Poly Weapon Bundle Pack 1/Models/Attachments/Muzzles/Muzzles_Pistol/Muzzle_Pistol_Brake_A.fbx
  artifactKey: Guid(500bb3558925b444192e19202eb6a641) Importer(2089858483,0ecaa5967403d082aa24f35e1b516d23)
Start importing Assets/IgnoreResources/Low Poly Weapon Bundle Pack 1/Models/Attachments/Muzzles/Muzzles_Pistol/Muzzle_Pistol_Brake_A.fbx using Guid(500bb3558925b444192e19202eb6a641) Importer(2089858483,0ecaa5967403d082aa24f35e1b516d23) Generated GUIDs only implemented for interfaces!
 -> (artifact id: '0be980bba5d08870bf458c15ffd1c006') in 0.032066 seconds
Number of updated asset objects reloaded before import = 0
Number of asset objects unloaded after import = 7
========================================================================
Received Import Request.
  Time since last request: 0.000032 seconds.
  path: Assets/IgnoreResources/Low Poly Weapon Bundle Pack 1/Prefabs/Attachments/Muzzles/Muzzles_Recon/Muzzle_Recon_Suppressor_A.prefab
  artifactKey: Guid(4b3334579c0dc914399242735266cc52) Importer(2089858483,0ecaa5967403d082aa24f35e1b516d23)
Start importing Assets/IgnoreResources/Low Poly Weapon Bundle Pack 1/Prefabs/Attachments/Muzzles/Muzzles_Recon/Muzzle_Recon_Suppressor_A.prefab using Guid(4b3334579c0dc914399242735266cc52) Importer(2089858483,0ecaa5967403d082aa24f35e1b516d23) Generated GUIDs only implemented for interfaces!
 -> (artifact id: 'd07745fa3f1e91061944834ffc957890') in 0.020191 seconds
Number of updated asset objects reloaded before import = 0
Number of asset objects unloaded after import = 7
========================================================================
Received Import Request.
  Time since last request: 0.000018 seconds.
  path: Assets/IgnoreResources/Low Poly Weapon Bundle Pack 1/Models/Weapons/DMR Weapons
  artifactKey: Guid(16cfad4f7e6bfc04797c3019a3e81853) Importer(2089858483,0ecaa5967403d082aa24f35e1b516d23)
Start importing Assets/IgnoreResources/Low Poly Weapon Bundle Pack 1/Models/Weapons/DMR Weapons using Guid(16cfad4f7e6bfc04797c3019a3e81853) Importer(2089858483,0ecaa5967403d082aa24f35e1b516d23) Generated GUIDs only implemented for interfaces!
 -> (artifact id: '105337052409b3ed5d67cecaedc5443a') in 0.009562 seconds
Number of updated asset objects reloaded before import = 0
Number of asset objects unloaded after import = 1
========================================================================
Received Import Request.
  Time since last request: 0.000023 seconds.
  path: Assets/IgnoreResources/Low Poly Weapon Bundle Pack 1/Models/Attachments/Accessories/Rails/Rail_Down.fbx
  artifactKey: Guid(d7a56c7110c5251449ad57ca11f6a590) Importer(2089858483,0ecaa5967403d082aa24f35e1b516d23)
Start importing Assets/IgnoreResources/Low Poly Weapon Bundle Pack 1/Models/Attachments/Accessories/Rails/Rail_Down.fbx using Guid(d7a56c7110c5251449ad57ca11f6a590) Importer(2089858483,0ecaa5967403d082aa24f35e1b516d23) Generated GUIDs only implemented for interfaces!
 -> (artifact id: '4a73df241b55617e42d148ee7c6ae7eb') in 0.030668 seconds
Number of updated asset objects reloaded before import = 0
Number of asset objects unloaded after import = 7
========================================================================
Received Import Request.
  Time since last request: 0.000026 seconds.
  path: Assets/IgnoreResources/Low Poly Weapon Bundle Pack 1/Prefabs/Attachments/Optics/Optics
  artifactKey: Guid(c6044ea5b22283b4e94c0395e886cc99) Importer(2089858483,0ecaa5967403d082aa24f35e1b516d23)
Start importing Assets/IgnoreResources/Low Poly Weapon Bundle Pack 1/Prefabs/Attachments/Optics/Optics using Guid(c6044ea5b22283b4e94c0395e886cc99) Importer(2089858483,0ecaa5967403d082aa24f35e1b516d23) Generated GUIDs only implemented for interfaces!
 -> (artifact id: '67bb2bf1317aee073d2d1c675aa55b73') in 0.008018 seconds
Number of updated asset objects reloaded before import = 0
Number of asset objects unloaded after import = 1
========================================================================
Received Import Request.
  Time since last request: 0.000018 seconds.
  path: Assets/IgnoreResources/Low Poly Weapon Bundle Pack 1/Models/Attachments/Optics/Optics_Recon/Optic_Recon_F.fbx
  artifactKey: Guid(e2bfe2a3e4016ee4c94dfb145194e25d) Importer(2089858483,0ecaa5967403d082aa24f35e1b516d23)
Start importing Assets/IgnoreResources/Low Poly Weapon Bundle Pack 1/Models/Attachments/Optics/Optics_Recon/Optic_Recon_F.fbx using Guid(e2bfe2a3e4016ee4c94dfb145194e25d) Importer(2089858483,0ecaa5967403d082aa24f35e1b516d23) Generated GUIDs only implemented for interfaces!
 -> (artifact id: 'ca133933ea09845339e1ffddfb83b1d0') in 0.030683 seconds
Number of updated asset objects reloaded before import = 0
Number of asset objects unloaded after import = 7
========================================================================
Received Import Request.
  Time since last request: 0.000018 seconds.
  path: Assets/IgnoreResources/Low Poly Weapon Bundle Pack 1/Prefabs/Attachments/UnderBarrels/ForwardGrip_B.prefab
  artifactKey: Guid(cc187bd0a69b36848bfb9eeb7fc34098) Importer(2089858483,0ecaa5967403d082aa24f35e1b516d23)
Start importing Assets/IgnoreResources/Low Poly Weapon Bundle Pack 1/Prefabs/Attachments/UnderBarrels/ForwardGrip_B.prefab using Guid(cc187bd0a69b36848bfb9eeb7fc34098) Importer(2089858483,0ecaa5967403d082aa24f35e1b516d23) Generated GUIDs only implemented for interfaces!
 -> (artifact id: '54cea7449e5288e88c444cd45440e039') in 0.013995 seconds
Number of updated asset objects reloaded before import = 0
Number of asset objects unloaded after import = 7
========================================================================
Received Import Request.
  Time since last request: 0.000027 seconds.
  path: Assets/IgnoreResources/Low Poly Weapon Bundle Pack 1/Prefabs/Attachments/Optics/Optics_Recon/Optic_Recon_D.prefab
  artifactKey: Guid(f42bc667937728448a21356c8aa26e37) Importer(2089858483,0ecaa5967403d082aa24f35e1b516d23)
Start importing Assets/IgnoreResources/Low Poly Weapon Bundle Pack 1/Prefabs/Attachments/Optics/Optics_Recon/Optic_Recon_D.prefab using Guid(f42bc667937728448a21356c8aa26e37) Importer(2089858483,0ecaa5967403d082aa24f35e1b516d23) Generated GUIDs only implemented for interfaces!
 -> (artifact id: '6df09e59b46e7a487638dfaf212fe61d') in 0.012415 seconds
Number of updated asset objects reloaded before import = 0
Number of asset objects unloaded after import = 7
========================================================================
Received Import Request.
  Time since last request: 0.000024 seconds.
  path: Assets/IgnoreResources/Low Poly Weapon Bundle Pack 1/Prefabs/Bullets
  artifactKey: Guid(d5bcca538accd6544af8fb739e1487da) Importer(2089858483,0ecaa5967403d082aa24f35e1b516d23)
Start importing Assets/IgnoreResources/Low Poly Weapon Bundle Pack 1/Prefabs/Bullets using Guid(d5bcca538accd6544af8fb739e1487da) Importer(2089858483,0ecaa5967403d082aa24f35e1b516d23) Generated GUIDs only implemented for interfaces!
 -> (artifact id: 'b94ed7a6c501792e418120645712939f') in 0.008565 seconds
Number of updated asset objects reloaded before import = 0
Number of asset objects unloaded after import = 1
========================================================================
Received Import Request.
  Time since last request: 0.000015 seconds.
  path: Assets/IgnoreResources/Low Poly Weapon Bundle Pack 1
  artifactKey: Guid(56b526021a5e2a346b94d9cf7e2c2b53) Importer(2089858483,0ecaa5967403d082aa24f35e1b516d23)
Start importing Assets/IgnoreResources/Low Poly Weapon Bundle Pack 1 using Guid(56b526021a5e2a346b94d9cf7e2c2b53) Importer(2089858483,0ecaa5967403d082aa24f35e1b516d23) Generated GUIDs only implemented for interfaces!
 -> (artifact id: 'ecb5f26aa685d5ad7dfd4fb7a2357920') in 0.009191 seconds
Number of updated asset objects reloaded before import = 0
Number of asset objects unloaded after import = 1
========================================================================
Received Import Request.
  Time since last request: 0.000020 seconds.
  path: Assets/IgnoreResources/Low Poly Weapon Bundle Pack 1/Models/Attachments/UnderBarrels/ForwardGrip_E.fbx
  artifactKey: Guid(0d06c0d4c5c008f47a40fc2146fcd9dc) Importer(2089858483,0ecaa5967403d082aa24f35e1b516d23)
Start importing Assets/IgnoreResources/Low Poly Weapon Bundle Pack 1/Models/Attachments/UnderBarrels/ForwardGrip_E.fbx using Guid(0d06c0d4c5c008f47a40fc2146fcd9dc) Importer(2089858483,0ecaa5967403d082aa24f35e1b516d23) Generated GUIDs only implemented for interfaces!
 -> (artifact id: '898a495f40107ab6733cc0cabb8189ff') in 0.032610 seconds
Number of updated asset objects reloaded before import = 0
Number of asset objects unloaded after import = 7
========================================================================
Received Import Request.
  Time since last request: 0.000016 seconds.
  path: Assets/IgnoreResources/Low Poly Weapon Bundle Pack 1/Models/Attachments/Accessories/Accessories_Pistol/Light_Pistol_A.fbx
  artifactKey: Guid(1d2705e60d632b445b0e681da7c1b571) Importer(2089858483,0ecaa5967403d082aa24f35e1b516d23)
Start importing Assets/IgnoreResources/Low Poly Weapon Bundle Pack 1/Models/Attachments/Accessories/Accessories_Pistol/Light_Pistol_A.fbx using Guid(1d2705e60d632b445b0e681da7c1b571) Importer(2089858483,0ecaa5967403d082aa24f35e1b516d23) Generated GUIDs only implemented for interfaces!
 -> (artifact id: '40dd0d231e52bf0f83988564ce31291b') in 0.031172 seconds
Number of updated asset objects reloaded before import = 0
Number of asset objects unloaded after import = 7
========================================================================
Received Import Request.
  Time since last request: 0.000027 seconds.
  path: Assets/IgnoreResources/Low Poly Weapon Bundle Pack 1/Models/Attachments/Accessories/Lasers/Laser_A_Right.fbx
  artifactKey: Guid(f89f4962fa410724784aea5cec62d402) Importer(2089858483,0ecaa5967403d082aa24f35e1b516d23)
Start importing Assets/IgnoreResources/Low Poly Weapon Bundle Pack 1/Models/Attachments/Accessories/Lasers/Laser_A_Right.fbx using Guid(f89f4962fa410724784aea5cec62d402) Importer(2089858483,0ecaa5967403d082aa24f35e1b516d23) Generated GUIDs only implemented for interfaces!
 -> (artifact id: '192448c0acad652dd6e8e61d48879eef') in 0.041318 seconds
Number of updated asset objects reloaded before import = 0
Number of asset objects unloaded after import = 7
========================================================================
Received Import Request.
  Time since last request: 0.000024 seconds.
  path: Assets/IgnoreResources/Low Poly Weapon Bundle Pack 1/Prefabs/Weapons/DMR Weapons/DMR_D.prefab
  artifactKey: Guid(ab3e7a859256ac34da4ba00883c3cdd3) Importer(2089858483,0ecaa5967403d082aa24f35e1b516d23)
Start importing Assets/IgnoreResources/Low Poly Weapon Bundle Pack 1/Prefabs/Weapons/DMR Weapons/DMR_D.prefab using Guid(ab3e7a859256ac34da4ba00883c3cdd3) Importer(2089858483,0ecaa5967403d082aa24f35e1b516d23) Generated GUIDs only implemented for interfaces!
 -> (artifact id: '6d615c0d3ed031bee31c36967b1e7682') in 0.023827 seconds
Number of updated asset objects reloaded before import = 0
Number of asset objects unloaded after import = 44
========================================================================
Received Import Request.
  Time since last request: 0.000017 seconds.
  path: Assets/IgnoreResources/Low Poly Weapon Bundle Pack 1/Models/Bullets/Bullets/Bullet_B.fbx
  artifactKey: Guid(e55907e56ced4a3429a9a9a2a800de19) Importer(2089858483,0ecaa5967403d082aa24f35e1b516d23)
Start importing Assets/IgnoreResources/Low Poly Weapon Bundle Pack 1/Models/Bullets/Bullets/Bullet_B.fbx using Guid(e55907e56ced4a3429a9a9a2a800de19) Importer(2089858483,0ecaa5967403d082aa24f35e1b516d23) Generated GUIDs only implemented for interfaces!
 -> (artifact id: '17b0f7324ac5c290a6575f32007ba7aa') in 0.031036 seconds
Number of updated asset objects reloaded before import = 0
Number of asset objects unloaded after import = 12
========================================================================
Received Import Request.
  Time since last request: 0.000023 seconds.
  path: Assets/IgnoreResources/Low Poly Weapon Bundle Pack 1/Prefabs/Attachments/Optics
  artifactKey: Guid(6c3e8e9a464b0b44c9dbceb2238f1700) Importer(2089858483,0ecaa5967403d082aa24f35e1b516d23)
Start importing Assets/IgnoreResources/Low Poly Weapon Bundle Pack 1/Prefabs/Attachments/Optics using Guid(6c3e8e9a464b0b44c9dbceb2238f1700) Importer(2089858483,0ecaa5967403d082aa24f35e1b516d23) Generated GUIDs only implemented for interfaces!
 -> (artifact id: '9b8870978c58027f037e0b2a7392aa77') in 0.009570 seconds
Number of updated asset objects reloaded before import = 0
Number of asset objects unloaded after import = 1
========================================================================
Received Import Request.
  Time since last request: 0.000022 seconds.
  path: Assets/IgnoreResources/Low Poly Weapon Bundle Pack 1/Models
  artifactKey: Guid(a50cbc6106bbd9146840e341db81f17d) Importer(2089858483,0ecaa5967403d082aa24f35e1b516d23)
Start importing Assets/IgnoreResources/Low Poly Weapon Bundle Pack 1/Models using Guid(a50cbc6106bbd9146840e341db81f17d) Importer(2089858483,0ecaa5967403d082aa24f35e1b516d23) Generated GUIDs only implemented for interfaces!
 -> (artifact id: 'bbc53eb37e08140db3fdd55b62a7ea9b') in 0.009097 seconds
Number of updated asset objects reloaded before import = 0
Number of asset objects unloaded after import = 1
========================================================================
Received Import Request.
  Time since last request: 0.000016 seconds.
  path: Assets/IgnoreResources/Low Poly Weapon Bundle Pack 1/Prefabs/Bullets/Bullets/Bullet_C.prefab
  artifactKey: Guid(d02e7901e859442468800b5d9fe29403) Importer(2089858483,0ecaa5967403d082aa24f35e1b516d23)
Start importing Assets/IgnoreResources/Low Poly Weapon Bundle Pack 1/Prefabs/Bullets/Bullets/Bullet_C.prefab using Guid(d02e7901e859442468800b5d9fe29403) Importer(2089858483,0ecaa5967403d082aa24f35e1b516d23) Generated GUIDs only implemented for interfaces!
 -> (artifact id: '24d5bd6ba6d285af09f5cd7af7704cc7') in 0.017415 seconds
Number of updated asset objects reloaded before import = 0
Number of asset objects unloaded after import = 12
========================================================================
Received Import Request.
  Time since last request: 0.000013 seconds.
  path: Assets/IgnoreResources/Low Poly Weapon Bundle Pack 1/Prefabs/Attachments/Muzzles/Muzzles_ShotGun
  artifactKey: Guid(07a43c53a4729a343a2386a32b5c123a) Importer(2089858483,0ecaa5967403d082aa24f35e1b516d23)
Start importing Assets/IgnoreResources/Low Poly Weapon Bundle Pack 1/Prefabs/Attachments/Muzzles/Muzzles_ShotGun using Guid(07a43c53a4729a343a2386a32b5c123a) Importer(2089858483,0ecaa5967403d082aa24f35e1b516d23) Generated GUIDs only implemented for interfaces!
 -> (artifact id: '1be51118d1fe3d2f345150426eaacb5d') in 0.010003 seconds
Number of updated asset objects reloaded before import = 0
Number of asset objects unloaded after import = 1
========================================================================
Received Import Request.
  Time since last request: 0.000035 seconds.
  path: Assets/IgnoreResources/Low Poly Weapon Bundle Pack 1/Prefabs/Attachments/Accessories/Lights/Light_D_Right.prefab
  artifactKey: Guid(b30a9cc495ac2464caa9026a72714e97) Importer(2089858483,0ecaa5967403d082aa24f35e1b516d23)
Start importing Assets/IgnoreResources/Low Poly Weapon Bundle Pack 1/Prefabs/Attachments/Accessories/Lights/Light_D_Right.prefab using Guid(b30a9cc495ac2464caa9026a72714e97) Importer(2089858483,0ecaa5967403d082aa24f35e1b516d23) Generated GUIDs only implemented for interfaces!
 -> (artifact id: '9cbe514982afa16e742388b26e00c32b') in 0.015711 seconds
Number of updated asset objects reloaded before import = 0
Number of asset objects unloaded after import = 7
========================================================================
Received Import Request.
  Time since last request: 0.000020 seconds.
  path: Assets/IgnoreResources/Low Poly Weapon Bundle Pack 1/Models/Bullets/Bullets_Pistol
  artifactKey: Guid(016cab1c1e69be94997b9b244fec5382) Importer(2089858483,0ecaa5967403d082aa24f35e1b516d23)
Start importing Assets/IgnoreResources/Low Poly Weapon Bundle Pack 1/Models/Bullets/Bullets_Pistol using Guid(016cab1c1e69be94997b9b244fec5382) Importer(2089858483,0ecaa5967403d082aa24f35e1b516d23) Generated GUIDs only implemented for interfaces!
 -> (artifact id: '6212d84c8b741baa20907f0970d92f9a') in 0.011395 seconds
Number of updated asset objects reloaded before import = 0
Number of asset objects unloaded after import = 1
========================================================================
Received Import Request.
  Time since last request: 0.000018 seconds.
  path: Assets/IgnoreResources/Low Poly Weapon Bundle Pack 1/Models/Weapons/SMG Weapons
  artifactKey: Guid(bcd6c7b1601bfc34da10c966d2e1da97) Importer(2089858483,0ecaa5967403d082aa24f35e1b516d23)
Start importing Assets/IgnoreResources/Low Poly Weapon Bundle Pack 1/Models/Weapons/SMG Weapons using Guid(bcd6c7b1601bfc34da10c966d2e1da97) Importer(2089858483,0ecaa5967403d082aa24f35e1b516d23) Generated GUIDs only implemented for interfaces!
 -> (artifact id: 'dff61f110920cdca3193b3fe8c309d66') in 0.010258 seconds
Number of updated asset objects reloaded before import = 0
Number of asset objects unloaded after import = 1
========================================================================
Received Import Request.
  Time since last request: 0.000040 seconds.
  path: Assets/IgnoreResources/Low Poly Weapon Bundle Pack 1/Models/Attachments
  artifactKey: Guid(a2355015076fe4240981bdccbb5666d6) Importer(2089858483,0ecaa5967403d082aa24f35e1b516d23)
Start importing Assets/IgnoreResources/Low Poly Weapon Bundle Pack 1/Models/Attachments using Guid(a2355015076fe4240981bdccbb5666d6) Importer(2089858483,0ecaa5967403d082aa24f35e1b516d23) Generated GUIDs only implemented for interfaces!
 -> (artifact id: '9647749c56dabb635703bbe5e6e1249b') in 0.010598 seconds
Number of updated asset objects reloaded before import = 0
Number of asset objects unloaded after import = 1
========================================================================
Received Import Request.
  Time since last request: 0.000023 seconds.
  path: Assets/IgnoreResources/Low Poly Weapon Bundle Pack 1/Models/Attachments/Optics/Optics_Pistol
  artifactKey: Guid(4bbefc9172f425741a7cec656e2b9560) Importer(2089858483,0ecaa5967403d082aa24f35e1b516d23)
Start importing Assets/IgnoreResources/Low Poly Weapon Bundle Pack 1/Models/Attachments/Optics/Optics_Pistol using Guid(4bbefc9172f425741a7cec656e2b9560) Importer(2089858483,0ecaa5967403d082aa24f35e1b516d23) Generated GUIDs only implemented for interfaces!
 -> (artifact id: '22d7bee450aad3707929082e797b4453') in 0.010639 seconds
Number of updated asset objects reloaded before import = 0
Number of asset objects unloaded after import = 1
========================================================================
Received Import Request.
  Time since last request: 0.000063 seconds.
  path: Assets/IgnoreResources/Low Poly Weapon Bundle Pack 1/Prefabs/Weapons/DMR Weapons/DMR_A.prefab
  artifactKey: Guid(f1b18801e55ef4f4880a900c3fa0d5ac) Importer(2089858483,0ecaa5967403d082aa24f35e1b516d23)
Start importing Assets/IgnoreResources/Low Poly Weapon Bundle Pack 1/Prefabs/Weapons/DMR Weapons/DMR_A.prefab using Guid(f1b18801e55ef4f4880a900c3fa0d5ac) Importer(2089858483,0ecaa5967403d082aa24f35e1b516d23) Generated GUIDs only implemented for interfaces!
 -> (artifact id: 'e649b8a7925a1f1538394437d512e1b1') in 0.014084 seconds
Number of updated asset objects reloaded before import = 0
Number of asset objects unloaded after import = 69
========================================================================
Received Import Request.
  Time since last request: 0.000016 seconds.
  path: Assets/IgnoreResources/Low Poly Weapon Bundle Pack 1/Models/Attachments/Optics/Optics/Optic_E.fbx
  artifactKey: Guid(6dd6d9d27d9efa44c9fb8a96f8b55971) Importer(2089858483,0ecaa5967403d082aa24f35e1b516d23)
Start importing Assets/IgnoreResources/Low Poly Weapon Bundle Pack 1/Models/Attachments/Optics/Optics/Optic_E.fbx using Guid(6dd6d9d27d9efa44c9fb8a96f8b55971) Importer(2089858483,0ecaa5967403d082aa24f35e1b516d23) Generated GUIDs only implemented for interfaces!
 -> (artifact id: '3cfbed8d92afd28e21087833d14e2013') in 0.035962 seconds
Number of updated asset objects reloaded before import = 0
Number of asset objects unloaded after import = 7
========================================================================
Received Import Request.
  Time since last request: 0.000018 seconds.
  path: Assets/IgnoreResources/Low Poly Weapon Bundle Pack 1/Models/Attachments/Accessories/Lasers/Laser_B_Right.fbx
  artifactKey: Guid(baefa011a5f943f41bb79e7389e7135f) Importer(2089858483,0ecaa5967403d082aa24f35e1b516d23)
Start importing Assets/IgnoreResources/Low Poly Weapon Bundle Pack 1/Models/Attachments/Accessories/Lasers/Laser_B_Right.fbx using Guid(baefa011a5f943f41bb79e7389e7135f) Importer(2089858483,0ecaa5967403d082aa24f35e1b516d23) Generated GUIDs only implemented for interfaces!
 -> (artifact id: 'b96a5ecc01264183e0e68dea2e515c47') in 0.034749 seconds
Number of updated asset objects reloaded before import = 0
Number of asset objects unloaded after import = 7
========================================================================
Received Import Request.
  Time since last request: 0.000021 seconds.
  path: Assets/IgnoreResources/Low Poly Weapon Bundle Pack 1/Models/Weapons/Recon Weapons
  artifactKey: Guid(f9aae948a1d498343a2f53039e4785de) Importer(2089858483,0ecaa5967403d082aa24f35e1b516d23)
Start importing Assets/IgnoreResources/Low Poly Weapon Bundle Pack 1/Models/Weapons/Recon Weapons using Guid(f9aae948a1d498343a2f53039e4785de) Importer(2089858483,0ecaa5967403d082aa24f35e1b516d23) Generated GUIDs only implemented for interfaces!
 -> (artifact id: 'ccb25a0719320417cfba46b035860d5d') in 0.008693 seconds
Number of updated asset objects reloaded before import = 0
Number of asset objects unloaded after import = 1
========================================================================
Received Import Request.
  Time since last request: 0.000044 seconds.
  path: Assets/IgnoreResources/melee weapons/Material/selver R.mat
  artifactKey: Guid(6dcda6b0e1533b84890505859b65f700) Importer(2089858483,0ecaa5967403d082aa24f35e1b516d23)
Start importing Assets/IgnoreResources/melee weapons/Material/selver R.mat using Guid(6dcda6b0e1533b84890505859b65f700) Importer(2089858483,0ecaa5967403d082aa24f35e1b516d23) Generated GUIDs only implemented for interfaces!
 -> (artifact id: '6d87d549d5893259a28f318a2449d2cb') in 0.016848 seconds
Number of updated asset objects reloaded before import = 0
Number of asset objects unloaded after import = 1
========================================================================
Received Import Request.
  Time since last request: 0.000016 seconds.
  path: Assets/IgnoreResources/Low Poly Weapon Bundle Pack 1/Prefabs/Bullets/Bullets_ShotGun
  artifactKey: Guid(d4a3cc9b7b42e0149aa56e6305836d87) Importer(2089858483,0ecaa5967403d082aa24f35e1b516d23)
Start importing Assets/IgnoreResources/Low Poly Weapon Bundle Pack 1/Prefabs/Bullets/Bullets_ShotGun using Guid(d4a3cc9b7b42e0149aa56e6305836d87) Importer(2089858483,0ecaa5967403d082aa24f35e1b516d23) Generated GUIDs only implemented for interfaces!
 -> (artifact id: '3fcd82943b5c13b938ba6c8f01d963e6') in 0.010041 seconds
Number of updated asset objects reloaded before import = 0
Number of asset objects unloaded after import = 1
========================================================================
Received Import Request.
  Time since last request: 0.000032 seconds.
  path: Assets/IgnoreResources/Low Poly Weapon Bundle Pack 1/Models/Attachments/Accessories/Lasers/Laser_C_Left.fbx
  artifactKey: Guid(2e7d87e531277d3458556b8f54d71d3e) Importer(2089858483,0ecaa5967403d082aa24f35e1b516d23)
Start importing Assets/IgnoreResources/Low Poly Weapon Bundle Pack 1/Models/Attachments/Accessories/Lasers/Laser_C_Left.fbx using Guid(2e7d87e531277d3458556b8f54d71d3e) Importer(2089858483,0ecaa5967403d082aa24f35e1b516d23) Generated GUIDs only implemented for interfaces!
 -> (artifact id: 'b5d3b27f86f56cabaf8f6a9e095c8120') in 0.026263 seconds
Number of updated asset objects reloaded before import = 0
Number of asset objects unloaded after import = 7
========================================================================
Received Import Request.
  Time since last request: 0.000020 seconds.
  path: Assets/IgnoreResources/Low Poly Weapon Bundle Pack 1/Prefabs/Attachments/Muzzles/Muzzles_Recon/Muzzle_Recon_Suppressor_B.prefab
  artifactKey: Guid(f66b66f5a3b1a6b40852431a315b910c) Importer(2089858483,0ecaa5967403d082aa24f35e1b516d23)
Start importing Assets/IgnoreResources/Low Poly Weapon Bundle Pack 1/Prefabs/Attachments/Muzzles/Muzzles_Recon/Muzzle_Recon_Suppressor_B.prefab using Guid(f66b66f5a3b1a6b40852431a315b910c) Importer(2089858483,0ecaa5967403d082aa24f35e1b516d23) Generated GUIDs only implemented for interfaces!
 -> (artifact id: '4a9ec4260f12816edb211251300b6bc5') in 0.017324 seconds
Number of updated asset objects reloaded before import = 0
Number of asset objects unloaded after import = 7
========================================================================
Received Import Request.
  Time since last request: 0.000022 seconds.
  path: Assets/IgnoreResources/Low Poly Weapon Bundle Pack 1/Prefabs/Attachments/Optics/Optics_Pistol/Optic_Pistol_C.prefab
  artifactKey: Guid(2edbac838157fc047bc61c678c8fb090) Importer(2089858483,0ecaa5967403d082aa24f35e1b516d23)
Start importing Assets/IgnoreResources/Low Poly Weapon Bundle Pack 1/Prefabs/Attachments/Optics/Optics_Pistol/Optic_Pistol_C.prefab using Guid(2edbac838157fc047bc61c678c8fb090) Importer(2089858483,0ecaa5967403d082aa24f35e1b516d23) Generated GUIDs only implemented for interfaces!
 -> (artifact id: '9d603aba084d5df3a794564d0ccc931f') in 0.018762 seconds
Number of updated asset objects reloaded before import = 0
Number of asset objects unloaded after import = 7
========================================================================
Received Import Request.
  Time since last request: 0.000018 seconds.
  path: Assets/IgnoreResources/Low Poly Weapon Bundle Pack 1/Models/Attachments/Accessories/Lasers/Laser_B_Left.fbx
  artifactKey: Guid(f8547f5328885e8408e9d06f10abc50d) Importer(2089858483,0ecaa5967403d082aa24f35e1b516d23)
Start importing Assets/IgnoreResources/Low Poly Weapon Bundle Pack 1/Models/Attachments/Accessories/Lasers/Laser_B_Left.fbx using Guid(f8547f5328885e8408e9d06f10abc50d) Importer(2089858483,0ecaa5967403d082aa24f35e1b516d23) Generated GUIDs only implemented for interfaces!
 -> (artifact id: '70d8ea2f2f7fe20ea9a7d750039af1c1') in 0.026847 seconds
Number of updated asset objects reloaded before import = 0
Number of asset objects unloaded after import = 7
========================================================================
Received Import Request.
  Time since last request: 1.553258 seconds.
  path: Assets/IgnoreResources/Low Poly Weapon Bundle Pack 1/Prefabs/Attachments/Optics/Optics/Optic_B.prefab
  artifactKey: Guid(f48205b724a42bb4b93c889e4cf4b25a) Importer(2089858483,0ecaa5967403d082aa24f35e1b516d23)
Start importing Assets/IgnoreResources/Low Poly Weapon Bundle Pack 1/Prefabs/Attachments/Optics/Optics/Optic_B.prefab using Guid(f48205b724a42bb4b93c889e4cf4b25a) Importer(2089858483,0ecaa5967403d082aa24f35e1b516d23) Generated GUIDs only implemented for interfaces!
 -> (artifact id: 'edcf1c6fa0af2550e1751f61a8278f17') in 0.015105 seconds
Number of updated asset objects reloaded before import = 0
Number of asset objects unloaded after import = 7
========================================================================
Received Import Request.
  Time since last request: 0.000020 seconds.
  path: Assets/IgnoreResources/Low Poly Weapon Bundle Pack 1/Models/Attachments/Muzzles/Muzzles_Pistol/Muzzle_Pistol_Flash Hider_A.fbx
  artifactKey: Guid(28300c8e59582e349b5e6d96ecc40437) Importer(2089858483,0ecaa5967403d082aa24f35e1b516d23)
Start importing Assets/IgnoreResources/Low Poly Weapon Bundle Pack 1/Models/Attachments/Muzzles/Muzzles_Pistol/Muzzle_Pistol_Flash Hider_A.fbx using Guid(28300c8e59582e349b5e6d96ecc40437) Importer(2089858483,0ecaa5967403d082aa24f35e1b516d23) Generated GUIDs only implemented for interfaces!
 -> (artifact id: '17d2919c9951fa889c80ad81e3429a34') in 0.028547 seconds
Number of updated asset objects reloaded before import = 0
Number of asset objects unloaded after import = 7
========================================================================
Received Import Request.
  Time since last request: 0.000017 seconds.
  path: Assets/IgnoreResources/Low Poly Weapon Bundle Pack 1/Prefabs/Bullets/Bullets/Bullet_Belt.prefab
  artifactKey: Guid(bb7f187b772cfd44597c50e7d3ac2d92) Importer(2089858483,0ecaa5967403d082aa24f35e1b516d23)
Start importing Assets/IgnoreResources/Low Poly Weapon Bundle Pack 1/Prefabs/Bullets/Bullets/Bullet_Belt.prefab using Guid(bb7f187b772cfd44597c50e7d3ac2d92) Importer(2089858483,0ecaa5967403d082aa24f35e1b516d23) Generated GUIDs only implemented for interfaces!
 -> (artifact id: 'ef5700ae161c47e601280b26412be599') in 0.016540 seconds
Number of updated asset objects reloaded before import = 0
Number of asset objects unloaded after import = 7
========================================================================
Received Import Request.
  Time since last request: 0.000028 seconds.
  path: Assets/IgnoreResources/Low Poly Weapon Bundle Pack 1/Prefabs/Attachments/Accessories/Lasers/Laser_B_Right.prefab
  artifactKey: Guid(af81442b7d4e96f4e9bf793a94cd5776) Importer(2089858483,0ecaa5967403d082aa24f35e1b516d23)
Start importing Assets/IgnoreResources/Low Poly Weapon Bundle Pack 1/Prefabs/Attachments/Accessories/Lasers/Laser_B_Right.prefab using Guid(af81442b7d4e96f4e9bf793a94cd5776) Importer(2089858483,0ecaa5967403d082aa24f35e1b516d23) Generated GUIDs only implemented for interfaces!
 -> (artifact id: 'b3725d0e4ac24a4e62a589260adccdb5') in 0.018662 seconds
Number of updated asset objects reloaded before import = 0
Number of asset objects unloaded after import = 7
========================================================================
Received Import Request.
  Time since last request: 0.000028 seconds.
  path: Assets/IgnoreResources/Low Poly Weapon Bundle Pack 1/Models/Attachments/UnderBarrels/ForwardGrip_D.fbx
  artifactKey: Guid(2bc8d07dca2cb16408c69e21b2c3ad68) Importer(2089858483,0ecaa5967403d082aa24f35e1b516d23)
Start importing Assets/IgnoreResources/Low Poly Weapon Bundle Pack 1/Models/Attachments/UnderBarrels/ForwardGrip_D.fbx using Guid(2bc8d07dca2cb16408c69e21b2c3ad68) Importer(2089858483,0ecaa5967403d082aa24f35e1b516d23) Generated GUIDs only implemented for interfaces!
 -> (artifact id: 'bac06bd2687996500a9c63c3e9d78208') in 0.036421 seconds
Number of updated asset objects reloaded before import = 0
Number of asset objects unloaded after import = 7
========================================================================
Received Import Request.
  Time since last request: 0.000022 seconds.
  path: Assets/IgnoreResources/Low Poly Weapon Bundle Pack 1/Prefabs/Attachments/Optics/Optics/Optic_K.prefab
  artifactKey: Guid(adb0148d2cf87fb4aa5b1c08c06c1082) Importer(2089858483,0ecaa5967403d082aa24f35e1b516d23)
Start importing Assets/IgnoreResources/Low Poly Weapon Bundle Pack 1/Prefabs/Attachments/Optics/Optics/Optic_K.prefab using Guid(adb0148d2cf87fb4aa5b1c08c06c1082) Importer(2089858483,0ecaa5967403d082aa24f35e1b516d23) Generated GUIDs only implemented for interfaces!
 -> (artifact id: '47e9726d73512a1de0bd52af8681576e') in 0.016491 seconds
Number of updated asset objects reloaded before import = 0
Number of asset objects unloaded after import = 7
========================================================================
Received Import Request.
  Time since last request: 0.000044 seconds.
  path: Assets/IgnoreResources/melee weapons/Prefabs/sword8.prefab
  artifactKey: Guid(e8ffb2edd65c9144fb9d3ab2d7d9ad18) Importer(2089858483,0ecaa5967403d082aa24f35e1b516d23)
Start importing Assets/IgnoreResources/melee weapons/Prefabs/sword8.prefab using Guid(e8ffb2edd65c9144fb9d3ab2d7d9ad18) Importer(2089858483,0ecaa5967403d082aa24f35e1b516d23) Generated GUIDs only implemented for interfaces!
 -> (artifact id: '90ff22c00ef02c18c7f3d2aaf659c7a3') in 0.016689 seconds
Number of updated asset objects reloaded before import = 0
Number of asset objects unloaded after import = 8
========================================================================
Received Import Request.
  Time since last request: 0.000020 seconds.
  path: Assets/IgnoreResources/Low Poly Weapon Bundle Pack 1/Prefabs/Bullets/Bullets_ShotGun/Bullet_ShotGun_A.prefab
  artifactKey: Guid(d2ab50dda1abbfb409473178b9c7dad9) Importer(2089858483,0ecaa5967403d082aa24f35e1b516d23)
Start importing Assets/IgnoreResources/Low Poly Weapon Bundle Pack 1/Prefabs/Bullets/Bullets_ShotGun/Bullet_ShotGun_A.prefab using Guid(d2ab50dda1abbfb409473178b9c7dad9) Importer(2089858483,0ecaa5967403d082aa24f35e1b516d23) Generated GUIDs only implemented for interfaces!
 -> (artifact id: 'ce05588e6b577c754f7e1242fcd72b31') in 0.019352 seconds
Number of updated asset objects reloaded before import = 0
Number of asset objects unloaded after import = 7
========================================================================
Received Import Request.
  Time since last request: 0.000027 seconds.
  path: Assets/IgnoreResources/Low Poly Weapon Bundle Pack 1/Prefabs/Weapons/LMG Weapons/LMG_A.prefab
  artifactKey: Guid(5dacf80f9cab62e4597c2afb67bec8e1) Importer(2089858483,0ecaa5967403d082aa24f35e1b516d23)
Start importing Assets/IgnoreResources/Low Poly Weapon Bundle Pack 1/Prefabs/Weapons/LMG Weapons/LMG_A.prefab using Guid(5dacf80f9cab62e4597c2afb67bec8e1) Importer(2089858483,0ecaa5967403d082aa24f35e1b516d23) Generated GUIDs only implemented for interfaces!
 -> (artifact id: '6055e811c1bbadb374be7dc67306da7d') in 0.014700 seconds
Number of updated asset objects reloaded before import = 0
Number of asset objects unloaded after import = 59
========================================================================
Received Import Request.
  Time since last request: 0.000022 seconds.
  path: Assets/IgnoreResources/Low Poly Weapon Bundle Pack 1/Models/Weapons/SMG Weapons/SMG_C.fbx
  artifactKey: Guid(41aff60c39fa8b94cb0fb298b933ca67) Importer(2089858483,0ecaa5967403d082aa24f35e1b516d23)
Start importing Assets/IgnoreResources/Low Poly Weapon Bundle Pack 1/Models/Weapons/SMG Weapons/SMG_C.fbx using Guid(41aff60c39fa8b94cb0fb298b933ca67) Importer(2089858483,0ecaa5967403d082aa24f35e1b516d23) Generated GUIDs only implemented for interfaces!
 -> (artifact id: '7dac750599edec8217d9348a3ef95b4d') in 0.044188 seconds
Number of updated asset objects reloaded before import = 0
Number of asset objects unloaded after import = 44
========================================================================
Received Import Request.
  Time since last request: 0.000019 seconds.
  path: Assets/IgnoreResources/Low Poly Weapon Bundle Pack 1/Models/Weapons/DMR Weapons/DMR_B.fbx
  artifactKey: Guid(b318584f359a50c4c88d9326c618f0c7) Importer(2089858483,0ecaa5967403d082aa24f35e1b516d23)
Start importing Assets/IgnoreResources/Low Poly Weapon Bundle Pack 1/Models/Weapons/DMR Weapons/DMR_B.fbx using Guid(b318584f359a50c4c88d9326c618f0c7) Importer(2089858483,0ecaa5967403d082aa24f35e1b516d23) Generated GUIDs only implemented for interfaces!
 -> (artifact id: '63b8ba6c0af87180391505c11db05164') in 0.064623 seconds
Number of updated asset objects reloaded before import = 0
Number of asset objects unloaded after import = 84
========================================================================
Received Import Request.
  Time since last request: 0.000019 seconds.
  path: Assets/IgnoreResources/Low Poly Weapon Bundle Pack 1/Prefabs/Attachments/Optics/Optics_Recon/Optic_Recon_B.prefab
  artifactKey: Guid(681edaadaf15356499cfd333f78b527d) Importer(2089858483,0ecaa5967403d082aa24f35e1b516d23)
Start importing Assets/IgnoreResources/Low Poly Weapon Bundle Pack 1/Prefabs/Attachments/Optics/Optics_Recon/Optic_Recon_B.prefab using Guid(681edaadaf15356499cfd333f78b527d) Importer(2089858483,0ecaa5967403d082aa24f35e1b516d23) Generated GUIDs only implemented for interfaces!
 -> (artifact id: 'f668a82df80495b9dfe0148c59ff22c3') in 0.014463 seconds
Number of updated asset objects reloaded before import = 0
Number of asset objects unloaded after import = 7
========================================================================
Received Import Request.
  Time since last request: 0.000021 seconds.
  path: Assets/IgnoreResources/Low Poly Weapon Bundle Pack 1/Prefabs/Attachments/Accessories/Rails/Rail_Down.prefab
  artifactKey: Guid(24c1e0fd9b9e8c2479c796f3478c9cb0) Importer(2089858483,0ecaa5967403d082aa24f35e1b516d23)
Start importing Assets/IgnoreResources/Low Poly Weapon Bundle Pack 1/Prefabs/Attachments/Accessories/Rails/Rail_Down.prefab using Guid(24c1e0fd9b9e8c2479c796f3478c9cb0) Importer(2089858483,0ecaa5967403d082aa24f35e1b516d23) Generated GUIDs only implemented for interfaces!
 -> (artifact id: '54ba9280e2378e7503aa00df4b1291a7') in 0.017503 seconds
Number of updated asset objects reloaded before import = 0
Number of asset objects unloaded after import = 7
========================================================================
Received Import Request.
  Time since last request: 0.000030 seconds.
  path: Assets/IgnoreResources/Low Poly Weapon Bundle Pack 1/Prefabs/Attachments/Muzzles/Muzzles/Muzzle_Brake_A.prefab
  artifactKey: Guid(37152a8ab52d22346a6b1103c4f7cb83) Importer(2089858483,0ecaa5967403d082aa24f35e1b516d23)
Start importing Assets/IgnoreResources/Low Poly Weapon Bundle Pack 1/Prefabs/Attachments/Muzzles/Muzzles/Muzzle_Brake_A.prefab using Guid(37152a8ab52d22346a6b1103c4f7cb83) Importer(2089858483,0ecaa5967403d082aa24f35e1b516d23) Generated GUIDs only implemented for interfaces!
 -> (artifact id: 'ca0f3f182b39038f8682c12753b7c658') in 0.019293 seconds
Number of updated asset objects reloaded before import = 0
Number of asset objects unloaded after import = 7
========================================================================
Received Import Request.
  Time since last request: 0.000016 seconds.
  path: Assets/IgnoreResources/Low Poly Weapon Bundle Pack 1/Models/Attachments/Muzzles/Muzzles_Recon/Muzzle_Recon_Flash Hider_A.fbx
  artifactKey: Guid(8fb7f19cd7842d946b9b8d728d215013) Importer(2089858483,0ecaa5967403d082aa24f35e1b516d23)
Start importing Assets/IgnoreResources/Low Poly Weapon Bundle Pack 1/Models/Attachments/Muzzles/Muzzles_Recon/Muzzle_Recon_Flash Hider_A.fbx using Guid(8fb7f19cd7842d946b9b8d728d215013) Importer(2089858483,0ecaa5967403d082aa24f35e1b516d23) Generated GUIDs only implemented for interfaces!
 -> (artifact id: 'cd83280aa43f13d8bbf31f525b3d0840') in 0.036985 seconds
Number of updated asset objects reloaded before import = 0
Number of asset objects unloaded after import = 7
========================================================================
Received Import Request.
  Time since last request: 0.000021 seconds.
  path: Assets/IgnoreResources/Low Poly Weapon Bundle Pack 1/Models/Attachments/UnderBarrels/ForwardGrip_H.fbx
  artifactKey: Guid(3cbfbe6ae2dfb7146a5f2a34184250cf) Importer(2089858483,0ecaa5967403d082aa24f35e1b516d23)
Start importing Assets/IgnoreResources/Low Poly Weapon Bundle Pack 1/Models/Attachments/UnderBarrels/ForwardGrip_H.fbx using Guid(3cbfbe6ae2dfb7146a5f2a34184250cf) Importer(2089858483,0ecaa5967403d082aa24f35e1b516d23) Generated GUIDs only implemented for interfaces!
 -> (artifact id: 'bbb8d845153fd00f1ce4b717a4650959') in 0.035666 seconds
Number of updated asset objects reloaded before import = 0
Number of asset objects unloaded after import = 7
========================================================================
Received Import Request.
  Time since last request: 0.000023 seconds.
  path: Assets/IgnoreResources/Low Poly Weapon Bundle Pack 1/Prefabs/Weapons/Pistol Weapons/Pistol_C.prefab
  artifactKey: Guid(7339073c58fc6314282bac497bc20398) Importer(2089858483,0ecaa5967403d082aa24f35e1b516d23)
Start importing Assets/IgnoreResources/Low Poly Weapon Bundle Pack 1/Prefabs/Weapons/Pistol Weapons/Pistol_C.prefab using Guid(7339073c58fc6314282bac497bc20398) Importer(2089858483,0ecaa5967403d082aa24f35e1b516d23) Generated GUIDs only implemented for interfaces!
 -> (artifact id: '3b8ed258e11895d71d8271f68177da1e') in 0.024217 seconds
Number of updated asset objects reloaded before import = 0
Number of asset objects unloaded after import = 34
========================================================================
Received Import Request.
  Time since last request: 0.000021 seconds.
  path: Assets/IgnoreResources/Low Poly Weapon Bundle Pack 1/Models/Weapons/AR Weapons/AR_C.fbx
  artifactKey: Guid(fb78b118b96bc3141aeae690bb58b2c7) Importer(2089858483,0ecaa5967403d082aa24f35e1b516d23)
Start importing Assets/IgnoreResources/Low Poly Weapon Bundle Pack 1/Models/Weapons/AR Weapons/AR_C.fbx using Guid(fb78b118b96bc3141aeae690bb58b2c7) Importer(2089858483,0ecaa5967403d082aa24f35e1b516d23) Generated GUIDs only implemented for interfaces!
 -> (artifact id: '429b3bf83a5b1cec73256e79eaba0cd4') in 0.058895 seconds
Number of updated asset objects reloaded before import = 0
Number of asset objects unloaded after import = 64
========================================================================
Received Import Request.
  Time since last request: 0.000020 seconds.
  path: Assets/IgnoreResources/Low Poly Weapon Bundle Pack 1/Models/Attachments/Muzzles/Muzzles/Muzzle_Suppressor_D.fbx
  artifactKey: Guid(6ff4ac0c485ddb04d9ae993236c89b55) Importer(2089858483,0ecaa5967403d082aa24f35e1b516d23)
Start importing Assets/IgnoreResources/Low Poly Weapon Bundle Pack 1/Models/Attachments/Muzzles/Muzzles/Muzzle_Suppressor_D.fbx using Guid(6ff4ac0c485ddb04d9ae993236c89b55) Importer(2089858483,0ecaa5967403d082aa24f35e1b516d23) Generated GUIDs only implemented for interfaces!
 -> (artifact id: '7632fbdbea8e8b6aa8eb55a2a11e72a5') in 0.032284 seconds
Number of updated asset objects reloaded before import = 0
Number of asset objects unloaded after import = 7
========================================================================
Received Import Request.
  Time since last request: 0.000039 seconds.
  path: Assets/IgnoreResources/Low Poly Weapon Bundle Pack 1/Prefabs/Attachments/Accessories/Rails/Rail_Left.prefab
  artifactKey: Guid(37d709df501dea24583c69b244c93701) Importer(2089858483,0ecaa5967403d082aa24f35e1b516d23)
Start importing Assets/IgnoreResources/Low Poly Weapon Bundle Pack 1/Prefabs/Attachments/Accessories/Rails/Rail_Left.prefab using Guid(37d709df501dea24583c69b244c93701) Importer(2089858483,0ecaa5967403d082aa24f35e1b516d23) Generated GUIDs only implemented for interfaces!
 -> (artifact id: '70ea5e479efa07d36a267e70272f20cb') in 0.015641 seconds
Number of updated asset objects reloaded before import = 0
Number of asset objects unloaded after import = 7
========================================================================
Received Import Request.
  Time since last request: 0.000021 seconds.
  path: Assets/IgnoreResources/melee weapons/Prefabs/hammer.prefab
  artifactKey: Guid(903c86cfc02ace84d8add84509ee1158) Importer(2089858483,0ecaa5967403d082aa24f35e1b516d23)
Start importing Assets/IgnoreResources/melee weapons/Prefabs/hammer.prefab using Guid(903c86cfc02ace84d8add84509ee1158) Importer(2089858483,0ecaa5967403d082aa24f35e1b516d23) Generated GUIDs only implemented for interfaces!
 -> (artifact id: 'ce9e4420d29d59b62c67d34bdbe2a51c') in 0.020470 seconds
Number of updated asset objects reloaded before import = 0
Number of asset objects unloaded after import = 8
========================================================================
Received Import Request.
  Time since last request: 0.000022 seconds.
  path: Assets/IgnoreResources/Low Poly Weapon Bundle Pack 1/Models/Attachments/Muzzles/Muzzles/Muzzle_Suppressor_A.fbx
  artifactKey: Guid(02c9c85b8757c9b46b559d293310d1c9) Importer(2089858483,0ecaa5967403d082aa24f35e1b516d23)
Start importing Assets/IgnoreResources/Low Poly Weapon Bundle Pack 1/Models/Attachments/Muzzles/Muzzles/Muzzle_Suppressor_A.fbx using Guid(02c9c85b8757c9b46b559d293310d1c9) Importer(2089858483,0ecaa5967403d082aa24f35e1b516d23) Generated GUIDs only implemented for interfaces!
 -> (artifact id: '7477c167ed3335c44359ebc80556bc1f') in 0.033689 seconds
Number of updated asset objects reloaded before import = 0
Number of asset objects unloaded after import = 7
========================================================================
Received Import Request.
  Time since last request: 0.000018 seconds.
  path: Assets/IgnoreResources/melee weapons/Prefabs/Long ax.prefab
  artifactKey: Guid(92e51239a7506e24d83fd106ccc4f78f) Importer(2089858483,0ecaa5967403d082aa24f35e1b516d23)
Start importing Assets/IgnoreResources/melee weapons/Prefabs/Long ax.prefab using Guid(92e51239a7506e24d83fd106ccc4f78f) Importer(2089858483,0ecaa5967403d082aa24f35e1b516d23) Generated GUIDs only implemented for interfaces!
 -> (artifact id: '2b7778e9e7dc264bce5f8a9142644af8') in 0.017117 seconds
Number of updated asset objects reloaded before import = 0
Number of asset objects unloaded after import = 8
========================================================================
Received Import Request.
  Time since last request: 0.000020 seconds.
  path: Assets/IgnoreResources/melee weapons/Prefabs/Axe5.prefab
  artifactKey: Guid(c6a8f57ad6f610e4f96b3eb30d67d5a9) Importer(2089858483,0ecaa5967403d082aa24f35e1b516d23)
Start importing Assets/IgnoreResources/melee weapons/Prefabs/Axe5.prefab using Guid(c6a8f57ad6f610e4f96b3eb30d67d5a9) Importer(2089858483,0ecaa5967403d082aa24f35e1b516d23) Generated GUIDs only implemented for interfaces!
 -> (artifact id: '5970aa3e160827d5c7a4686b86ef3edd') in 0.020686 seconds
Number of updated asset objects reloaded before import = 0
Number of asset objects unloaded after import = 8
========================================================================
Received Import Request.
  Time since last request: 0.000021 seconds.
  path: Assets/IgnoreResources/Low Poly Weapon Bundle Pack 1/Models/Bullets/Bullets/Bullet_Belt.fbx
  artifactKey: Guid(581fbadfde0be90449aa72c3452f339d) Importer(2089858483,0ecaa5967403d082aa24f35e1b516d23)
Start importing Assets/IgnoreResources/Low Poly Weapon Bundle Pack 1/Models/Bullets/Bullets/Bullet_Belt.fbx using Guid(581fbadfde0be90449aa72c3452f339d) Importer(2089858483,0ecaa5967403d082aa24f35e1b516d23) Generated GUIDs only implemented for interfaces!
 -> (artifact id: '8bb4a391d54b7b18c0b2bb8eec377ef9') in 0.028732 seconds
Number of updated asset objects reloaded before import = 0
Number of asset objects unloaded after import = 7
========================================================================
Received Import Request.
  Time since last request: 0.000023 seconds.
  path: Assets/IgnoreResources/melee weapons/Prefabs/sword5.prefab
  artifactKey: Guid(020cf799182c54243ad79c06c1e1fdb0) Importer(2089858483,0ecaa5967403d082aa24f35e1b516d23)
Start importing Assets/IgnoreResources/melee weapons/Prefabs/sword5.prefab using Guid(020cf799182c54243ad79c06c1e1fdb0) Importer(2089858483,0ecaa5967403d082aa24f35e1b516d23) Generated GUIDs only implemented for interfaces!
 -> (artifact id: '5efade2b0309f1e2ed4e0fe1508fd51d') in 0.019680 seconds
Number of updated asset objects reloaded before import = 0
Number of asset objects unloaded after import = 8
========================================================================
Received Import Request.
  Time since last request: 0.000023 seconds.
  path: Assets/IgnoreResources/Low Poly Weapon Bundle Pack 1/Models/Bullets/Bullets_ShotGun/Bullet_ShotGun_A.fbx
  artifactKey: Guid(fb38227bf4d21974097efb43d04d7fca) Importer(2089858483,0ecaa5967403d082aa24f35e1b516d23)
Start importing Assets/IgnoreResources/Low Poly Weapon Bundle Pack 1/Models/Bullets/Bullets_ShotGun/Bullet_ShotGun_A.fbx using Guid(fb38227bf4d21974097efb43d04d7fca) Importer(2089858483,0ecaa5967403d082aa24f35e1b516d23) Generated GUIDs only implemented for interfaces!
 -> (artifact id: '8dbc8739e5d2b8d70536c9c282854c9a') in 0.031250 seconds
Number of updated asset objects reloaded before import = 0
Number of asset objects unloaded after import = 7
========================================================================
Received Import Request.
  Time since last request: 0.000029 seconds.
  path: Assets/IgnoreResources/Low Poly Weapon Bundle Pack 1/Models/Attachments/Accessories/Lasers/Laser_A_Left.fbx
  artifactKey: Guid(af9fbe893be4203408ad2817b67878ab) Importer(2089858483,0ecaa5967403d082aa24f35e1b516d23)
Start importing Assets/IgnoreResources/Low Poly Weapon Bundle Pack 1/Models/Attachments/Accessories/Lasers/Laser_A_Left.fbx using Guid(af9fbe893be4203408ad2817b67878ab) Importer(2089858483,0ecaa5967403d082aa24f35e1b516d23) Generated GUIDs only implemented for interfaces!
 -> (artifact id: '9e224b0b23027f8e4578f1e7bd35dee8') in 0.031532 seconds
Number of updated asset objects reloaded before import = 0
Number of asset objects unloaded after import = 7
========================================================================
Received Import Request.
  Time since last request: 0.000018 seconds.
  path: Assets/IgnoreResources/Low Poly Weapon Bundle Pack 1/Prefabs/Weapons/SMG Weapons/SMG_A.prefab
  artifactKey: Guid(2dbdd65e7a4d13f46b25cf92974abee3) Importer(2089858483,0ecaa5967403d082aa24f35e1b516d23)
Start importing Assets/IgnoreResources/Low Poly Weapon Bundle Pack 1/Prefabs/Weapons/SMG Weapons/SMG_A.prefab using Guid(2dbdd65e7a4d13f46b25cf92974abee3) Importer(2089858483,0ecaa5967403d082aa24f35e1b516d23) Generated GUIDs only implemented for interfaces!
 -> (artifact id: '97f313bff4c67cfa7f73858d7c1d8246') in 0.016779 seconds
Number of updated asset objects reloaded before import = 0
Number of asset objects unloaded after import = 54
========================================================================
Received Import Request.
  Time since last request: 0.000022 seconds.
  path: Assets/IgnoreResources/Low Poly Weapon Bundle Pack 1/Models/Bullets/Bullets_Recon/Bullet_Recon_C.fbx
  artifactKey: Guid(87a1486e700ba594385798d4326a1e0f) Importer(2089858483,0ecaa5967403d082aa24f35e1b516d23)
Start importing Assets/IgnoreResources/Low Poly Weapon Bundle Pack 1/Models/Bullets/Bullets_Recon/Bullet_Recon_C.fbx using Guid(87a1486e700ba594385798d4326a1e0f) Importer(2089858483,0ecaa5967403d082aa24f35e1b516d23) Generated GUIDs only implemented for interfaces!
 -> (artifact id: '2751eaa3343a1f19fff2a0578ed72313') in 0.033436 seconds
Number of updated asset objects reloaded before import = 0
Number of asset objects unloaded after import = 12
========================================================================
Received Import Request.
  Time since last request: 0.000021 seconds.
  path: Assets/IgnoreResources/melee weapons/Prefabs/melee weapons.fbx
  artifactKey: Guid(9c125949ebc2f274794134800fafc64d) Importer(2089858483,0ecaa5967403d082aa24f35e1b516d23)
Start importing Assets/IgnoreResources/melee weapons/Prefabs/melee weapons.fbx using Guid(9c125949ebc2f274794134800fafc64d) Importer(2089858483,0ecaa5967403d082aa24f35e1b516d23) Generated GUIDs only implemented for interfaces!
 -> (artifact id: '8a3353003f96b911fd1fa1a6e2381124') in 0.072536 seconds
Number of updated asset objects reloaded before import = 0
Number of asset objects unloaded after import = 144
========================================================================
Received Import Request.
  Time since last request: 0.000024 seconds.
  path: Assets/IgnoreResources/Low Poly Weapon Bundle Pack 1/Models/Weapons/Recon Weapons/Recon_A.fbx
  artifactKey: Guid(0808065a62135fc4db157470776782c6) Importer(2089858483,0ecaa5967403d082aa24f35e1b516d23)
Start importing Assets/IgnoreResources/Low Poly Weapon Bundle Pack 1/Models/Weapons/Recon Weapons/Recon_A.fbx using Guid(0808065a62135fc4db157470776782c6) Importer(2089858483,0ecaa5967403d082aa24f35e1b516d23) Generated GUIDs only implemented for interfaces!
 -> (artifact id: '3ae9061eea00a82b4fc6d0b41fc45673') in 0.058078 seconds
Number of updated asset objects reloaded before import = 0
Number of asset objects unloaded after import = 64
========================================================================
Received Import Request.
  Time since last request: 0.000028 seconds.
  path: Assets/IgnoreResources/Low Poly Weapon Bundle Pack 1/Prefabs/Attachments/Accessories/Lights/Light_A_Right.prefab
  artifactKey: Guid(03ec54fcd970fe44fa3b250a10af09cc) Importer(2089858483,0ecaa5967403d082aa24f35e1b516d23)
Start importing Assets/IgnoreResources/Low Poly Weapon Bundle Pack 1/Prefabs/Attachments/Accessories/Lights/Light_A_Right.prefab using Guid(03ec54fcd970fe44fa3b250a10af09cc) Importer(2089858483,0ecaa5967403d082aa24f35e1b516d23) Generated GUIDs only implemented for interfaces!
 -> (artifact id: 'e07b51677ad07b32c320fc2eefbeb96a') in 0.019054 seconds
Number of updated asset objects reloaded before import = 0
Number of asset objects unloaded after import = 12
========================================================================
Received Import Request.
  Time since last request: 0.000032 seconds.
  path: Assets/IgnoreResources/Low Poly Weapon Bundle Pack 1/Models/Weapons/LMG Weapons/LMG_C.fbx
  artifactKey: Guid(679933df05653154b91fd839902cdca9) Importer(2089858483,0ecaa5967403d082aa24f35e1b516d23)
Start importing Assets/IgnoreResources/Low Poly Weapon Bundle Pack 1/Models/Weapons/LMG Weapons/LMG_C.fbx using Guid(679933df05653154b91fd839902cdca9) Importer(2089858483,0ecaa5967403d082aa24f35e1b516d23) Generated GUIDs only implemented for interfaces!
 -> (artifact id: '90d9229dc6de4e53995c771ab26e8ec0') in 0.052082 seconds
Number of updated asset objects reloaded before import = 0
Number of asset objects unloaded after import = 64
========================================================================
Received Import Request.
  Time since last request: 4.174248 seconds.
  path: Assets/IgnoreResources/melee weapons/Material/s-w.mat
  artifactKey: Guid(6a164b9e552c5c04cbe4e1d95a2aa914) Importer(2089858483,0ecaa5967403d082aa24f35e1b516d23)
Start importing Assets/IgnoreResources/melee weapons/Material/s-w.mat using Guid(6a164b9e552c5c04cbe4e1d95a2aa914) Importer(2089858483,0ecaa5967403d082aa24f35e1b516d23) Generated GUIDs only implemented for interfaces!
 -> (artifact id: 'a9171c59b70fa380f9248038e8a2aded') in 0.024871 seconds
Number of updated asset objects reloaded before import = 0
Number of asset objects unloaded after import = 1
========================================================================
Received Import Request.
  Time since last request: 0.000031 seconds.
  path: Assets/IgnoreResources/melee weapons/Material/selver R.mat
  artifactKey: Guid(6dcda6b0e1533b84890505859b65f700) Importer(2089858483,0ecaa5967403d082aa24f35e1b516d23)
Start importing Assets/IgnoreResources/melee weapons/Material/selver R.mat using Guid(6dcda6b0e1533b84890505859b65f700) Importer(2089858483,0ecaa5967403d082aa24f35e1b516d23) Generated GUIDs only implemented for interfaces!
 -> (artifact id: 'f9becc5bf2c646b5f1947deda5d811ea') in 0.015062 seconds
Number of updated asset objects reloaded before import = 0
Number of asset objects unloaded after import = 1
========================================================================
Received Import Request.
  Time since last request: 3.339032 seconds.
  path: Assets/IgnoreResources/melee weapons/Prefabs/Axe2.prefab
  artifactKey: Guid(59c8f0b45e078024790e41c60925eebd) Importer(815301076,1909f56bfc062723c751e8b465ee728b)
Start importing Assets/IgnoreResources/melee weapons/Prefabs/Axe2.prefab using Guid(59c8f0b45e078024790e41c60925eebd) Importer(815301076,1909f56bfc062723c751e8b465ee728b)  -> (artifact id: 'c4b15bdf6eb62671028647fa89b66ff5') in 0.001930 seconds
Number of updated asset objects reloaded before import = 0
Number of asset objects unloaded after import = 7
========================================================================
Received Import Request.
  Time since last request: 0.000015 seconds.
  path: Assets/IgnoreResources/melee weapons/Prefabs/Axe5.prefab
  artifactKey: Guid(c6a8f57ad6f610e4f96b3eb30d67d5a9) Importer(815301076,1909f56bfc062723c751e8b465ee728b)
Start importing Assets/IgnoreResources/melee weapons/Prefabs/Axe5.prefab using Guid(c6a8f57ad6f610e4f96b3eb30d67d5a9) Importer(815301076,1909f56bfc062723c751e8b465ee728b)  -> (artifact id: 'ad5b30af93f1040f91f3eb8963669284') in 0.001646 seconds
Number of updated asset objects reloaded before import = 0
Number of asset objects unloaded after import = 7
========================================================================
Received Import Request.
  Time since last request: 0.000020 seconds.
  path: Assets/IgnoreResources/melee weapons/Prefabs/Axe6.prefab
  artifactKey: Guid(9c3ca8a1873da8c4285f51dd82fc7756) Importer(815301076,1909f56bfc062723c751e8b465ee728b)
Start importing Assets/IgnoreResources/melee weapons/Prefabs/Axe6.prefab using Guid(9c3ca8a1873da8c4285f51dd82fc7756) Importer(815301076,1909f56bfc062723c751e8b465ee728b)  -> (artifact id: '811da2c06d3ec9a7c5df00f628d5ddf9') in 0.001576 seconds
Number of updated asset objects reloaded before import = 0
Number of asset objects unloaded after import = 7
========================================================================
Received Import Request.
  Time since last request: 4.362274 seconds.
  path: Assets/IgnoreResources/melee weapons/Material/red.mat
  artifactKey: Guid(9d02448f5bd783848b0cdc8506b3790e) Importer(815301076,1909f56bfc062723c751e8b465ee728b)
Start importing Assets/IgnoreResources/melee weapons/Material/red.mat using Guid(9d02448f5bd783848b0cdc8506b3790e) Importer(815301076,1909f56bfc062723c751e8b465ee728b)  -> (artifact id: '18601d63550654611c0148b379bf39d6') in 0.001115 seconds
Number of updated asset objects reloaded before import = 0
Number of asset objects unloaded after import = 1
========================================================================
Received Import Request.
  Time since last request: 2.010232 seconds.
  path: Assets/IgnoreResources/melee weapons/Prefabs/melee weapons.fbx
  artifactKey: Guid(9c125949ebc2f274794134800fafc64d) Importer(815301076,1909f56bfc062723c751e8b465ee728b)
Start importing Assets/IgnoreResources/melee weapons/Prefabs/melee weapons.fbx using Guid(9c125949ebc2f274794134800fafc64d) Importer(815301076,1909f56bfc062723c751e8b465ee728b)  -> (artifact id: '6777582965f2c44db8940403d101a79a') in 0.006901 seconds
Number of updated asset objects reloaded before import = 0
Number of asset objects unloaded after import = 143
========================================================================
Received Import Request.
  Time since last request: 1.076378 seconds.
  path: Assets/IgnoreResources/melee weapons/Prefabs/Spear.prefab
  artifactKey: Guid(9fb39c598d8bb8f4b92467a226228950) Importer(815301076,1909f56bfc062723c751e8b465ee728b)
Start importing Assets/IgnoreResources/melee weapons/Prefabs/Spear.prefab using Guid(9fb39c598d8bb8f4b92467a226228950) Importer(815301076,1909f56bfc062723c751e8b465ee728b)  -> (artifact id: '138255eb0cc157d7dc47dd06ed51060c') in 0.002388 seconds
Number of updated asset objects reloaded before import = 0
Number of asset objects unloaded after import = 7
========================================================================
Received Import Request.
  Time since last request: 0.063432 seconds.
  path: Assets/IgnoreResources/melee weapons/Prefabs/sword3.prefab
  artifactKey: Guid(e9f4a4da9bb86d14999254e188fd71a5) Importer(815301076,1909f56bfc062723c751e8b465ee728b)
Start importing Assets/IgnoreResources/melee weapons/Prefabs/sword3.prefab using Guid(e9f4a4da9bb86d14999254e188fd71a5) Importer(815301076,1909f56bfc062723c751e8b465ee728b)  -> (artifact id: '8d2513e7831af31f2668d323f2719a2b') in 0.001539 seconds
Number of updated asset objects reloaded before import = 0
Number of asset objects unloaded after import = 7
========================================================================
Received Import Request.
  Time since last request: 1.868764 seconds.
  path: Assets/IgnoreResources/melee weapons/Prefabs/sword6.prefab
  artifactKey: Guid(8c3f310ee0952294fba12d2bcb89ccd4) Importer(815301076,1909f56bfc062723c751e8b465ee728b)
Start importing Assets/IgnoreResources/melee weapons/Prefabs/sword6.prefab using Guid(8c3f310ee0952294fba12d2bcb89ccd4) Importer(815301076,1909f56bfc062723c751e8b465ee728b)  -> (artifact id: 'dbe06a53251c4f8c409a9296a2d071b7') in 0.001537 seconds
Number of updated asset objects reloaded before import = 0
Number of asset objects unloaded after import = 7
========================================================================
Received Import Request.
  Time since last request: 0.034779 seconds.
  path: Assets/IgnoreResources/melee weapons/Prefabs/sword9.prefab
  artifactKey: Guid(fd212d307ace73041b3267dabc9cd6eb) Importer(815301076,1909f56bfc062723c751e8b465ee728b)
Start importing Assets/IgnoreResources/melee weapons/Prefabs/sword9.prefab using Guid(fd212d307ace73041b3267dabc9cd6eb) Importer(815301076,1909f56bfc062723c751e8b465ee728b)  -> (artifact id: 'ee192f0a4aeb2e9392a65050d18cbe00') in 0.001480 seconds
Number of updated asset objects reloaded before import = 0
Number of asset objects unloaded after import = 7
Editor requested this worker to shutdown with reason: Scaling down because of idle timeout
TcpMessagingSession - receive error: operation aborted. errorcode: 995, details:        I/O  .
AssetImportWorker is now disconnected from the server
Process exiting
Exiting without the bug reporter. Application will terminate with return code 0