Using pre-set license
Built from '2022.3/staging' branch; Version is '2022.3.4f1 (35713cd46cd7) revision 3502396'; Using compiler version '192829333'; Build Type 'Release'
OS: 'Windows 10  (10.0.19045) 64bit Professional' Language: 'ko' Physical Memory: 32469 MB
BatchMode: 1, IsHumanControllingUs: 0, StartBugReporterOnCrash: 0, Is64bit: 1, IsPro: 1

COMMAND LINE ARGUMENTS:
C:\Program Files\Unity\Hub\Editor\2022.3.4f1\Editor\Unity.exe
-adb2
-batchMode
-noUpm
-name
AssetImportWorker11
-projectPath
C:/Users/rhsj/Desktop/Unity/ProjectNW
-logFile
Logs/AssetImportWorker11.log
-srvPort
51623
Successfully changed project path to: C:/Users/rhsj/Desktop/Unity/ProjectNW
C:/Users/rhsj/Desktop/Unity/ProjectNW
[UnityMemory] Configuration Parameters - Can be set up in boot.config
    "memorysetup-bucket-allocator-granularity=16"
    "memorysetup-bucket-allocator-bucket-count=8"
    "memorysetup-bucket-allocator-block-size=33554432"
    "memorysetup-bucket-allocator-block-count=8"
    "memorysetup-main-allocator-block-size=16777216"
    "memorysetup-thread-allocator-block-size=16777216"
    "memorysetup-gfx-main-allocator-block-size=16777216"
    "memorysetup-gfx-thread-allocator-block-size=16777216"
    "memorysetup-cache-allocator-block-size=4194304"
    "memorysetup-typetree-allocator-block-size=2097152"
    "memorysetup-profiler-bucket-allocator-granularity=16"
    "memorysetup-profiler-bucket-allocator-bucket-count=8"
    "memorysetup-profiler-bucket-allocator-block-size=33554432"
    "memorysetup-profiler-bucket-allocator-block-count=8"
    "memorysetup-profiler-allocator-block-size=16777216"
    "memorysetup-profiler-editor-allocator-block-size=1048576"
    "memorysetup-temp-allocator-size-main=16777216"
    "memorysetup-job-temp-allocator-block-size=2097152"
    "memorysetup-job-temp-allocator-block-size-background=1048576"
    "memorysetup-job-temp-allocator-reduction-small-platforms=262144"
    "memorysetup-allocator-temp-initial-block-size-main=262144"
    "memorysetup-allocator-temp-initial-block-size-worker=262144"
    "memorysetup-temp-allocator-size-background-worker=32768"
    "memorysetup-temp-allocator-size-job-worker=262144"
    "memorysetup-temp-allocator-size-preload-manager=33554432"
    "memorysetup-temp-allocator-size-nav-mesh-worker=65536"
    "memorysetup-temp-allocator-size-audio-worker=65536"
    "memorysetup-temp-allocator-size-cloud-worker=32768"
    "memorysetup-temp-allocator-size-gi-baking-worker=262144"
    "memorysetup-temp-allocator-size-gfx=262144"
Player connection [8964] Host "[IP] 192.168.200.183 [Port] 0 [Flags] 2 [Guid] 2740573955 [EditorId] 2740573955 [Version] 1048832 [Id] WindowsEditor(7,DESKTOP-SUV84E9) [Debug] 1 [PackageName] WindowsEditor [ProjectName] Editor" joined multi-casting on [225.0.0.222:54997]...

Player connection [8964] Host "[IP] 192.168.200.183 [Port] 0 [Flags] 2 [Guid] 2740573955 [EditorId] 2740573955 [Version] 1048832 [Id] WindowsEditor(7,DESKTOP-SUV84E9) [Debug] 1 [PackageName] WindowsEditor [ProjectName] Editor" joined alternative multi-casting on [225.0.0.222:34997]...

Refreshing native plugins compatible for Editor in 23.39 ms, found 3 plugins.
Preloading 0 native plugins for Editor in 0.00 ms.
Initialize engine version: 2022.3.4f1 (35713cd46cd7)
[Subsystems] Discovering subsystems at path C:/Program Files/Unity/Hub/Editor/2022.3.4f1/Editor/Data/Resources/UnitySubsystems
[Subsystems] Discovering subsystems at path C:/Users/rhsj/Desktop/Unity/ProjectNW/Assets
GfxDevice: creating device client; threaded=0; jobified=0
Direct3D:
    Version:  Direct3D 11.0 [level 11.1]
    Renderer: NVIDIA GeForce RTX 3070 Laptop GPU (ID=0x249d)
    Vendor:   NVIDIA
    VRAM:     8020 MB
    Driver:   31.0.15.5244
Initialize mono
Mono path[0] = 'C:/Program Files/Unity/Hub/Editor/2022.3.4f1/Editor/Data/Managed'
Mono path[1] = 'C:/Program Files/Unity/Hub/Editor/2022.3.4f1/Editor/Data/MonoBleedingEdge/lib/mono/unityjit-win32'
Mono config path = 'C:/Program Files/Unity/Hub/Editor/2022.3.4f1/Editor/Data/MonoBleedingEdge/etc'
Using monoOptions --debugger-agent=transport=dt_socket,embedding=1,server=y,suspend=n,address=127.0.0.1:56772
Begin MonoManager ReloadAssembly
Registering precompiled unity dll's ...
Register platform support module: C:/Program Files/Unity/Hub/Editor/2022.3.4f1/Editor/Data/PlaybackEngines/WindowsStandaloneSupport/UnityEditor.WindowsStandalone.Extensions.dll
Registered in 0.016267 seconds.
- Loaded All Assemblies, in  0.640 seconds
Native extension for WindowsStandalone target not found
Mono: successfully reloaded assembly
- Finished resetting the current domain, in  0.472 seconds
Domain Reload Profiling: 1108ms
	BeginReloadAssembly (155ms)
		ExecutionOrderSort (0ms)
		DisableScriptedObjects (0ms)
		BackupInstance (0ms)
		ReleaseScriptingObjects (0ms)
		CreateAndSetChildDomain (1ms)
	RebuildCommonClasses (65ms)
	RebuildNativeTypeToScriptingClass (21ms)
	initialDomainReloadingComplete (139ms)
	LoadAllAssembliesAndSetupDomain (256ms)
		LoadAssemblies (151ms)
		RebuildTransferFunctionScriptingTraits (0ms)
		AnalyzeDomain (244ms)
			TypeCache.Refresh (243ms)
				TypeCache.ScanAssembly (223ms)
			ScanForSourceGeneratedMonoScriptInfo (1ms)
			ResolveRequiredComponents (1ms)
	FinalizeReload (473ms)
		ReleaseScriptCaches (0ms)
		RebuildScriptCaches (0ms)
		SetupLoadedEditorAssemblies (359ms)
			LogAssemblyErrors (0ms)
			InitializePlatformSupportModulesInManaged (17ms)
			SetLoadedEditorAssemblies (18ms)
			RefreshPlugins (0ms)
			BeforeProcessingInitializeOnLoad (5ms)
			ProcessInitializeOnLoadAttributes (235ms)
			ProcessInitializeOnLoadMethodAttributes (85ms)
			AfterProcessingInitializeOnLoad (0ms)
			EditorAssembliesLoaded (0ms)
		ExecutionOrderSort2 (0ms)
		AwakeInstancesAfterBackupRestoration (0ms)
========================================================================
Worker process is ready to serve import requests
Begin MonoManager ReloadAssembly
- Loaded All Assemblies, in  1.624 seconds
Refreshing native plugins compatible for Editor in 6.77 ms, found 3 plugins.
Native extension for WindowsStandalone target not found
[MODES] ModeService[none].Initialize
[MODES] ModeService[none].LoadModes
[MODES] Loading mode Default (0) for mode-current-id-ProjectNW
Package Manager log level set to [2]
[Package Manager] Server::EnsureServerProcessIsRunning -- launch failed, reason: Unity was launched with the -noUpm command-line argument
[Package Manager] UpmClient::Send -- Unable to send message (not connected to UPM process).
[Package Manager] Cannot connect to Unity Package Manager local server
Mono: successfully reloaded assembly
- Finished resetting the current domain, in  1.938 seconds
Domain Reload Profiling: 3556ms
	BeginReloadAssembly (254ms)
		ExecutionOrderSort (0ms)
		DisableScriptedObjects (10ms)
		BackupInstance (0ms)
		ReleaseScriptingObjects (0ms)
		CreateAndSetChildDomain (41ms)
	RebuildCommonClasses (88ms)
	RebuildNativeTypeToScriptingClass (28ms)
	initialDomainReloadingComplete (56ms)
	LoadAllAssembliesAndSetupDomain (1192ms)
		LoadAssemblies (592ms)
		RebuildTransferFunctionScriptingTraits (0ms)
		AnalyzeDomain (715ms)
			TypeCache.Refresh (622ms)
				TypeCache.ScanAssembly (597ms)
			ScanForSourceGeneratedMonoScriptInfo (52ms)
			ResolveRequiredComponents (41ms)
	FinalizeReload (1939ms)
		ReleaseScriptCaches (0ms)
		RebuildScriptCaches (0ms)
		SetupLoadedEditorAssemblies (1528ms)
			LogAssemblyErrors (0ms)
			InitializePlatformSupportModulesInManaged (14ms)
			SetLoadedEditorAssemblies (12ms)
			RefreshPlugins (0ms)
			BeforeProcessingInitializeOnLoad (289ms)
			ProcessInitializeOnLoadAttributes (1080ms)
			ProcessInitializeOnLoadMethodAttributes (121ms)
			AfterProcessingInitializeOnLoad (13ms)
			EditorAssembliesLoaded (0ms)
		ExecutionOrderSort2 (0ms)
		AwakeInstancesAfterBackupRestoration (9ms)
Launched and connected shader compiler UnityShaderCompiler.exe after 1.25 seconds
Refreshing native plugins compatible for Editor in 26.22 ms, found 3 plugins.
Preloading 0 native plugins for Editor in 0.00 ms.
Unloading 5871 Unused Serialized files (Serialized files now loaded: 0)
Unloading 90 unused Assets / (424.2 KB). Loaded Objects now: 6341.
Memory consumption went from 223.3 MB to 222.9 MB.
Total: 7.533400 ms (FindLiveObjects: 0.744600 ms CreateObjectMapping: 0.655100 ms MarkObjects: 5.750500 ms  DeleteObjects: 0.381300 ms)

AssetImportParameters requested are different than current active one (requested -> active):
  custom:scripting/monoscript/fileName/GlowBehaviour.cs: ca861d3f49951074594e88435ffd8088 -> 
  custom:container-demuxer-ogg: 62fdf1f143b41e24485cea50d1cbac27 -> 
  custom:scripting/monoscript/fileName/SceneSwitchManager.cs: df50a3d24c80308d26bc2a745fb42676 -> 58e5eb0dea83ab8edb1f1f60a746cc8e
  custom:video-decoder-ogg-theora: a1e56fd34408186e4bbccfd4996cb3dc -> 
  custom:framework-win-MediaFoundation: 216162199b28c13a410421893ffa2e32 -> 
  custom:CustomObjectIndexerAttribute: a3ef5dd2817f97addfee359851a9dba5 -> 
  custom:container-demuxer-webm: 4f35f7cbe854078d1ac9338744f61a02 -> 
  custom:container-muxer-webm: aa71ff27fc2769a1b78a27578f13a17b -> 
  custom:video-decoder-webm-vp8: 9c59270c3fd7afecdb556c50c9e8de78 -> 
  custom:AudioImporter_EditorPlatform: d09bf68614088b80899f8185d706f6e7 -> 
  custom:scripting/monoscript/fileName/FlyCameraBehaviour.cs: 65bfad318fd0822acedc5d4d128a4cf1 -> 447eed16c19bf671b669789534e75370
  custom:video-encoder-webm-vp8: eb34c28f22e8b96e1ab97ce403110664 -> 
  custom:audio-decoder-ogg-vorbis: bf7c407c2cedff20999df2af8eb42d56 -> 
  custom:audio-encoder-webm-vorbis: bf7c407c2cedff20999df2af8eb42d56 -> 
  custom:scripting/monoscript/fileName/InterfaceManager.cs: c212f60bf200697ee7be245421e1e623 -> 21cfdf8fde856ed3df1d4355b35ce7d5
========================================================================
Received Import Request.
  Time since last request: 792192.336069 seconds.
  path: Assets/IgnoreResources/Military/Prefab/SK_Military_Survivalist (4).prefab
  artifactKey: Guid(018f1c2109d7023488206bb23d1a8f71) Importer(2089858483,0ecaa5967403d082aa24f35e1b516d23)
Start importing Assets/IgnoreResources/Military/Prefab/SK_Military_Survivalist (4).prefab using Guid(018f1c2109d7023488206bb23d1a8f71) Importer(2089858483,0ecaa5967403d082aa24f35e1b516d23) Generated GUIDs only implemented for interfaces!
 -> (artifact id: 'd948029138803aeb87f1876ceec17d40') in 0.739128 seconds
Number of updated asset objects reloaded before import = 0
Number of asset objects unloaded after import = 186
========================================================================
Received Import Request.
  Time since last request: 0.000048 seconds.
  path: Assets/IgnoreResources/Military/Prefab/SK_Military_Survivalist (2).prefab
  artifactKey: Guid(ee890c2bad02eb24992202c420217a7a) Importer(2089858483,0ecaa5967403d082aa24f35e1b516d23)
Start importing Assets/IgnoreResources/Military/Prefab/SK_Military_Survivalist (2).prefab using Guid(ee890c2bad02eb24992202c420217a7a) Importer(2089858483,0ecaa5967403d082aa24f35e1b516d23) Generated GUIDs only implemented for interfaces!
 -> (artifact id: '4892cabe2796694c3019bd4087aded83') in 0.037425 seconds
Number of updated asset objects reloaded before import = 0
Number of asset objects unloaded after import = 186
========================================================================
Received Import Request.
  Time since last request: 0.000032 seconds.
  path: Assets/IgnoreResources/StarterAssets/Environment/Art/Textures
  artifactKey: Guid(ed5cc06472bb24d419458b6ece5b79eb) Importer(2089858483,0ecaa5967403d082aa24f35e1b516d23)
Start importing Assets/IgnoreResources/StarterAssets/Environment/Art/Textures using Guid(ed5cc06472bb24d419458b6ece5b79eb) Importer(2089858483,0ecaa5967403d082aa24f35e1b516d23) Generated GUIDs only implemented for interfaces!
 -> (artifact id: '88b33ded8df342be4cc4cb776dbab478') in 0.014844 seconds
Number of updated asset objects reloaded before import = 0
Number of asset objects unloaded after import = 1
========================================================================
Received Import Request.
  Time since last request: 0.000024 seconds.
  path: Assets/IgnoreResources/Basic Motions/_ExampleScene/AnimatorControllers/Social/BasicMotions@Talk01.controller
  artifactKey: Guid(25b2dc2e3e55c9046a6723bf04675504) Importer(2089858483,0ecaa5967403d082aa24f35e1b516d23)
Start importing Assets/IgnoreResources/Basic Motions/_ExampleScene/AnimatorControllers/Social/BasicMotions@Talk01.controller using Guid(25b2dc2e3e55c9046a6723bf04675504) Importer(2089858483,0ecaa5967403d082aa24f35e1b516d23) Generated GUIDs only implemented for interfaces!
 -> (artifact id: '37335d2ddf5caa9603076ee03d680241') in 0.023092 seconds
Number of updated asset objects reloaded before import = 0
Number of asset objects unloaded after import = 5
========================================================================
Received Import Request.
  Time since last request: 0.000023 seconds.
  path: Assets/Resources/Anims/Zombie/Zombie Run.anim
  artifactKey: Guid(76115eee3c7fa440b926e14b63d73f5b) Importer(2089858483,0ecaa5967403d082aa24f35e1b516d23)
Start importing Assets/Resources/Anims/Zombie/Zombie Run.anim using Guid(76115eee3c7fa440b926e14b63d73f5b) Importer(2089858483,0ecaa5967403d082aa24f35e1b516d23) Generated GUIDs only implemented for interfaces!
 -> (artifact id: '6142e03038ed38d47b59539d2d5328ba') in 0.054358 seconds
Number of updated asset objects reloaded before import = 0
Number of asset objects unloaded after import = 1
========================================================================
Received Import Request.
  Time since last request: 0.000092 seconds.
  path: Assets/IgnoreResources/Aligned Games/Polygonal Modern Weapons Collection 2 Asset Package/Models/Hammer2/hammer_2.prefab
  artifactKey: Guid(b2de34f12f1400047bc0ccbfc9986055) Importer(2089858483,3d70f49cd1c2eb9ae422958d1c652c6b)
Start importing Assets/IgnoreResources/Aligned Games/Polygonal Modern Weapons Collection 2 Asset Package/Models/Hammer2/hammer_2.prefab using Guid(b2de34f12f1400047bc0ccbfc9986055) Importer(2089858483,3d70f49cd1c2eb9ae422958d1c652c6b) Generated GUIDs only implemented for interfaces!
 -> (artifact id: 'dfe03d9bc445c2932fbc741ed761ae9f') in 0.029007 seconds
Number of updated asset objects reloaded before import = 0
Number of asset objects unloaded after import = 8
========================================================================
Received Import Request.
  Time since last request: 0.000029 seconds.
  path: Assets/IgnoreResources/Basic Motions/Animations/Movement/Run/Rootmotion/Human@Run02_Left [RM].fbx
  artifactKey: Guid(3dcef214b43b1cc4fb0cd9fcee13197f) Importer(2089858483,0ecaa5967403d082aa24f35e1b516d23)
Start importing Assets/IgnoreResources/Basic Motions/Animations/Movement/Run/Rootmotion/Human@Run02_Left [RM].fbx using Guid(3dcef214b43b1cc4fb0cd9fcee13197f) Importer(2089858483,0ecaa5967403d082aa24f35e1b516d23) Generated GUIDs only implemented for interfaces!
 -> (artifact id: '4baa6fc8e4382354668e8f608285f6ff') in 0.104786 seconds
Number of updated asset objects reloaded before import = 0
Number of asset objects unloaded after import = 114
========================================================================
Received Import Request.
  Time since last request: 0.391422 seconds.
  path: Assets/IgnoreResources/Military/Prefab/URP/SK_Military_Survivalist (10).prefab
  artifactKey: Guid(a5673bc2ba44eb743aaaaeeccabc3a5f) Importer(2089858483,0ecaa5967403d082aa24f35e1b516d23)
Start importing Assets/IgnoreResources/Military/Prefab/URP/SK_Military_Survivalist (10).prefab using Guid(a5673bc2ba44eb743aaaaeeccabc3a5f) Importer(2089858483,0ecaa5967403d082aa24f35e1b516d23) Generated GUIDs only implemented for interfaces!
 -> (artifact id: 'b8537799ad18135ba00d1635cf5b0aec') in 0.049800 seconds
Number of updated asset objects reloaded before import = 0
Number of asset objects unloaded after import = 186
========================================================================
Received Import Request.
  Time since last request: 0.000034 seconds.
  path: Assets/IgnoreResources/Military/Texture/Top/T_Military_Caps1_ao.png
  artifactKey: Guid(d79303328980f65419e1b1a43e82be7f) Importer(2089858483,0ecaa5967403d082aa24f35e1b516d23)
Start importing Assets/IgnoreResources/Military/Texture/Top/T_Military_Caps1_ao.png using Guid(d79303328980f65419e1b1a43e82be7f) Importer(2089858483,0ecaa5967403d082aa24f35e1b516d23) Generated GUIDs only implemented for interfaces!
 -> (artifact id: '56d59d2147ef88c564808bc5579caec0') in 0.186308 seconds
Number of updated asset objects reloaded before import = 0
Number of asset objects unloaded after import = 1
========================================================================
Received Import Request.
  Time since last request: 0.000037 seconds.
  path: Assets/IgnoreResources/Military/Texture/Bottom
  artifactKey: Guid(0aebfd1ca45fb0046b5ec2870cf69137) Importer(2089858483,0ecaa5967403d082aa24f35e1b516d23)
Start importing Assets/IgnoreResources/Military/Texture/Bottom using Guid(0aebfd1ca45fb0046b5ec2870cf69137) Importer(2089858483,0ecaa5967403d082aa24f35e1b516d23) Generated GUIDs only implemented for interfaces!
 -> (artifact id: '71774fb9f68d486900ce52fd958b2925') in 0.017047 seconds
Number of updated asset objects reloaded before import = 0
Number of asset objects unloaded after import = 1
========================================================================
Received Import Request.
  Time since last request: 0.000025 seconds.
  path: Assets/IgnoreResources/Military/Materials/Boots3_Skin3.mat
  artifactKey: Guid(a210e4596a34b764387336c54096ea70) Importer(2089858483,0ecaa5967403d082aa24f35e1b516d23)
Start importing Assets/IgnoreResources/Military/Materials/Boots3_Skin3.mat using Guid(a210e4596a34b764387336c54096ea70) Importer(2089858483,0ecaa5967403d082aa24f35e1b516d23) Generated GUIDs only implemented for interfaces!
 -> (artifact id: '4a8e17bf1c53a51944df4ecd338864d8') in 0.072215 seconds
Number of updated asset objects reloaded before import = 0
Number of asset objects unloaded after import = 6
========================================================================
Received Import Request.
  Time since last request: 0.000025 seconds.
  path: Assets/IgnoreResources/Military/Texture/Equip/T_Military_Gloves1_color_skin2.png
  artifactKey: Guid(25ffb7274ee8edd4297e1f877021ba20) Importer(2089858483,0ecaa5967403d082aa24f35e1b516d23)
Start importing Assets/IgnoreResources/Military/Texture/Equip/T_Military_Gloves1_color_skin2.png using Guid(25ffb7274ee8edd4297e1f877021ba20) Importer(2089858483,0ecaa5967403d082aa24f35e1b516d23) Generated GUIDs only implemented for interfaces!
 -> (artifact id: 'a60366287fe2588b05115d8c06d46a88') in 0.057545 seconds
Number of updated asset objects reloaded before import = 0
Number of asset objects unloaded after import = 1
========================================================================
Received Import Request.
  Time since last request: 0.000024 seconds.
  path: Assets/IgnoreResources/Military/Materials/Cap1_Skin4.mat
  artifactKey: Guid(3ada2b513534a4a42806251244eefe3d) Importer(2089858483,0ecaa5967403d082aa24f35e1b516d23)
Start importing Assets/IgnoreResources/Military/Materials/Cap1_Skin4.mat using Guid(3ada2b513534a4a42806251244eefe3d) Importer(2089858483,0ecaa5967403d082aa24f35e1b516d23) Generated GUIDs only implemented for interfaces!
 -> (artifact id: 'c1393afa9e84343b9655db3da0783d78') in 0.048703 seconds
Number of updated asset objects reloaded before import = 0
Number of asset objects unloaded after import = 6
========================================================================
Received Import Request.
  Time since last request: 0.363273 seconds.
  path: Assets/IgnoreResources/Military/Materials HDRP
  artifactKey: Guid(b215d3e97c3a8d54298e419b65977da5) Importer(2089858483,0ecaa5967403d082aa24f35e1b516d23)
Start importing Assets/IgnoreResources/Military/Materials HDRP using Guid(b215d3e97c3a8d54298e419b65977da5) Importer(2089858483,0ecaa5967403d082aa24f35e1b516d23) Generated GUIDs only implemented for interfaces!
 -> (artifact id: '9d93f4082f928c541bf9ff277887dbd2') in 0.016234 seconds
Number of updated asset objects reloaded before import = 0
Number of asset objects unloaded after import = 1
========================================================================
Received Import Request.
  Time since last request: 0.000022 seconds.
  path: Assets/Resources/Textures/Materials
  artifactKey: Guid(74fc2ef36ef62aa4ab5afa6a9e4d028a) Importer(2089858483,0ecaa5967403d082aa24f35e1b516d23)
Start importing Assets/Resources/Textures/Materials using Guid(74fc2ef36ef62aa4ab5afa6a9e4d028a) Importer(2089858483,0ecaa5967403d082aa24f35e1b516d23) Generated GUIDs only implemented for interfaces!
 -> (artifact id: '8265ef2edf714b20ffa892b5f2e4457a') in 0.017100 seconds
Number of updated asset objects reloaded before import = 0
Number of asset objects unloaded after import = 1
========================================================================
Received Import Request.
  Time since last request: 0.000028 seconds.
  path: Assets/IgnoreResources/StarterAssets/Mobile/Prefabs/VirtualInputs/UI_Virtual_Button.prefab
  artifactKey: Guid(9e55d9b4642484f41be20c69a9b48063) Importer(2089858483,0ecaa5967403d082aa24f35e1b516d23)
Start importing Assets/IgnoreResources/StarterAssets/Mobile/Prefabs/VirtualInputs/UI_Virtual_Button.prefab using Guid(9e55d9b4642484f41be20c69a9b48063) Importer(2089858483,0ecaa5967403d082aa24f35e1b516d23) Generated GUIDs only implemented for interfaces!
 -> (artifact id: '367a03be6955d29eea54ce79ca8a9e65') in 0.094457 seconds
Number of updated asset objects reloaded before import = 0
Number of asset objects unloaded after import = 13
========================================================================
Received Import Request.
  Time since last request: 0.000109 seconds.
  path: Assets/CSharp/Scripts/StaticNavMeshScript.cs
  artifactKey: Guid(6ba823daa2b23c74fbaa4771a031c734) Importer(2089858483,0ecaa5967403d082aa24f35e1b516d23)
Start importing Assets/CSharp/Scripts/StaticNavMeshScript.cs using Guid(6ba823daa2b23c74fbaa4771a031c734) Importer(2089858483,0ecaa5967403d082aa24f35e1b516d23) Generated GUIDs only implemented for interfaces!
 -> (artifact id: '302bc9023620580477dfcb216ea45ca7') in 0.021098 seconds
Number of updated asset objects reloaded before import = 0
Number of asset objects unloaded after import = 1
========================================================================
Received Import Request.
  Time since last request: 0.000024 seconds.
  path: Assets/Resources/EquipmentModels/Paladin.prefab
  artifactKey: Guid(751a3c0289542974188187c1f1173813) Importer(2089858483,0ecaa5967403d082aa24f35e1b516d23)
Start importing Assets/Resources/EquipmentModels/Paladin.prefab using Guid(751a3c0289542974188187c1f1173813) Importer(2089858483,0ecaa5967403d082aa24f35e1b516d23) Generated GUIDs only implemented for interfaces!
 -> (artifact id: '48a6c7b9c68377c0dd7d1d51b301be57') in 0.027831 seconds
Number of updated asset objects reloaded before import = 0
Number of asset objects unloaded after import = 150
========================================================================
Received Import Request.
  Time since last request: 0.000023 seconds.
  path: Assets/Settings/URP-HighFidelity.asset
  artifactKey: Guid(7b7fd9122c28c4d15b667c7040e3b3fd) Importer(2089858483,0ecaa5967403d082aa24f35e1b516d23)
Start importing Assets/Settings/URP-HighFidelity.asset using Guid(7b7fd9122c28c4d15b667c7040e3b3fd) Importer(2089858483,0ecaa5967403d082aa24f35e1b516d23) Generated GUIDs only implemented for interfaces!
 -> (artifact id: '10cd15875bbc593c7dd817ed7f56d292') in 0.097220 seconds
Number of updated asset objects reloaded before import = 0
Number of asset objects unloaded after import = 1
========================================================================
Received Import Request.
  Time since last request: 0.000307 seconds.
  path: Assets/IgnoreResources/StarterAssets/Environment/Prefabs/Wall_Prefab.prefab
  artifactKey: Guid(9eb847ab97b24024588682c8601254cf) Importer(2089858483,0ecaa5967403d082aa24f35e1b516d23)
Start importing Assets/IgnoreResources/StarterAssets/Environment/Prefabs/Wall_Prefab.prefab using Guid(9eb847ab97b24024588682c8601254cf) Importer(2089858483,0ecaa5967403d082aa24f35e1b516d23) Generated GUIDs only implemented for interfaces!
 -> (artifact id: '370e67a54cd36d7c5f5e99069124f7f4') in 0.031837 seconds
Number of updated asset objects reloaded before import = 0
Number of asset objects unloaded after import = 9
========================================================================
Received Import Request.
  Time since last request: 0.000028 seconds.
  path: Assets/IgnoreResources/StarterAssets/Mobile/Prefabs/CanvasInputs/UI_Canvas_StarterAssetsInputs_Joysticks.prefab
  artifactKey: Guid(2f7f3dde7ae722a4aafffe20691ad702) Importer(2089858483,0ecaa5967403d082aa24f35e1b516d23)
Start importing Assets/IgnoreResources/StarterAssets/Mobile/Prefabs/CanvasInputs/UI_Canvas_StarterAssetsInputs_Joysticks.prefab using Guid(2f7f3dde7ae722a4aafffe20691ad702) Importer(2089858483,0ecaa5967403d082aa24f35e1b516d23) Generated GUIDs only implemented for interfaces!
 -> (artifact id: 'ce00158fe4b6ba0d7fee5773e369e860') in 0.057545 seconds
Number of updated asset objects reloaded before import = 0
Number of asset objects unloaded after import = 61
========================================================================
Received Import Request.
  Time since last request: 0.000030 seconds.
  path: Assets/IgnoreResources/StarterAssets/ThirdPersonController/Character/Sfx/Player_Footstep_08.wav
  artifactKey: Guid(67c8b33e424ccdc4486edf538ab91c5a) Importer(2089858483,0ecaa5967403d082aa24f35e1b516d23)
Start importing Assets/IgnoreResources/StarterAssets/ThirdPersonController/Character/Sfx/Player_Footstep_08.wav using Guid(67c8b33e424ccdc4486edf538ab91c5a) Importer(2089858483,0ecaa5967403d082aa24f35e1b516d23) Generated GUIDs only implemented for interfaces!
 -> (artifact id: '826d634bfaac300073449e7416124b21') in 0.107674 seconds
Number of updated asset objects reloaded before import = 0
Number of asset objects unloaded after import = 1
========================================================================
Received Import Request.
  Time since last request: 0.000029 seconds.
  path: Assets/IgnoreResources/StarterAssets/ThirdPersonController/Prefabs
  artifactKey: Guid(84b4ab346fc32d445b7207cb1884cf42) Importer(2089858483,0ecaa5967403d082aa24f35e1b516d23)
Start importing Assets/IgnoreResources/StarterAssets/ThirdPersonController/Prefabs using Guid(84b4ab346fc32d445b7207cb1884cf42) Importer(2089858483,0ecaa5967403d082aa24f35e1b516d23) Generated GUIDs only implemented for interfaces!
 -> (artifact id: 'c85cdc25d0bc0d9dd7665b168ef35684') in 0.015854 seconds
Number of updated asset objects reloaded before import = 0
Number of asset objects unloaded after import = 1
========================================================================
Received Import Request.
  Time since last request: 0.000031 seconds.
  path: Assets/IgnoreResources/StarterAssets/ThirdPersonController/Character/Textures/Armature_Arms_RGB.tif
  artifactKey: Guid(9b46b2c2f21deb843b7ac9242d5f13e6) Importer(2089858483,0ecaa5967403d082aa24f35e1b516d23)
Start importing Assets/IgnoreResources/StarterAssets/ThirdPersonController/Character/Textures/Armature_Arms_RGB.tif using Guid(9b46b2c2f21deb843b7ac9242d5f13e6) Importer(2089858483,0ecaa5967403d082aa24f35e1b516d23) Generated GUIDs only implemented for interfaces!
 -> (artifact id: 'f03b23c7c9206d28b207eac5242d9ca9') in 0.064659 seconds
Number of updated asset objects reloaded before import = 0
Number of asset objects unloaded after import = 1
========================================================================
Received Import Request.
  Time since last request: 0.084198 seconds.
  path: Assets/IgnoreResources/Prefabs/DebuggingCapsule.prefab
  artifactKey: Guid(e31ca3792147166468a99815c6408dd6) Importer(2089858483,0ecaa5967403d082aa24f35e1b516d23)
Start importing Assets/IgnoreResources/Prefabs/DebuggingCapsule.prefab using Guid(e31ca3792147166468a99815c6408dd6) Importer(2089858483,0ecaa5967403d082aa24f35e1b516d23) Generated GUIDs only implemented for interfaces!
 -> (artifact id: '3e1cb5d6b5278134e040714d25dbbeaf') in 0.027297 seconds
Number of updated asset objects reloaded before import = 0
Number of asset objects unloaded after import = 6
========================================================================
Received Import Request.
  Time since last request: 0.001201 seconds.
  path: Assets/IgnoreResources/Aligned Games/Polygonal Modern Weapons Collection 1 Asset Package/Models/Attachments/Scope4/scope_4.prefab
  artifactKey: Guid(32ab638ccf9b52249a460559baa327c5) Importer(2089858483,0ecaa5967403d082aa24f35e1b516d23)
Start importing Assets/IgnoreResources/Aligned Games/Polygonal Modern Weapons Collection 1 Asset Package/Models/Attachments/Scope4/scope_4.prefab using Guid(32ab638ccf9b52249a460559baa327c5) Importer(2089858483,0ecaa5967403d082aa24f35e1b516d23) Generated GUIDs only implemented for interfaces!
 -> (artifact id: '9855e0bb0064cc65da766538b1834ef4') in 0.033835 seconds
Number of updated asset objects reloaded before import = 0
Number of asset objects unloaded after import = 7
========================================================================
Received Import Request.
  Time since last request: 0.000025 seconds.
  path: Assets/Resources/AnimationController/ZombieController.controller
  artifactKey: Guid(ac1a407ad8a968340bb4cc2b8426ba43) Importer(2089858483,0ecaa5967403d082aa24f35e1b516d23)
Start importing Assets/Resources/AnimationController/ZombieController.controller using Guid(ac1a407ad8a968340bb4cc2b8426ba43) Importer(2089858483,0ecaa5967403d082aa24f35e1b516d23) Generated GUIDs only implemented for interfaces!
 -> (artifact id: '39f33f578b0332d39190fb6f35b2ca44') in 0.244438 seconds
Number of updated asset objects reloaded before import = 0
Number of asset objects unloaded after import = 21
========================================================================
Received Import Request.
  Time since last request: 0.000406 seconds.
  path: Assets/IgnoreResources/Aligned Games/Polygonal Modern Weapons Collection 1 Asset Package/Profiles/Post-processingProfile1.asset
  artifactKey: Guid(1c49bb647012c674884b9f2c82b20e85) Importer(2089858483,0ecaa5967403d082aa24f35e1b516d23)
Start importing Assets/IgnoreResources/Aligned Games/Polygonal Modern Weapons Collection 1 Asset Package/Profiles/Post-processingProfile1.asset using Guid(1c49bb647012c674884b9f2c82b20e85) Importer(2089858483,0ecaa5967403d082aa24f35e1b516d23) Generated GUIDs only implemented for interfaces!
 -> (artifact id: 'feb5bce6e4485438935fbbde546b324b') in 0.016624 seconds
Number of updated asset objects reloaded before import = 0
Number of asset objects unloaded after import = 1
========================================================================
Received Import Request.
  Time since last request: 0.000025 seconds.
  path: Assets/Resources/Textures/Materials/Ch10_1002_Glossiness.png
  artifactKey: Guid(a73fea2c5e1f261488abddb41bebef3a) Importer(2089858483,0ecaa5967403d082aa24f35e1b516d23)
Start importing Assets/Resources/Textures/Materials/Ch10_1002_Glossiness.png using Guid(a73fea2c5e1f261488abddb41bebef3a) Importer(2089858483,0ecaa5967403d082aa24f35e1b516d23) Generated GUIDs only implemented for interfaces!
 -> (artifact id: '8c45190d5b598b0b5a7e082a838e1226') in 0.055867 seconds
Number of updated asset objects reloaded before import = 0
Number of asset objects unloaded after import = 1
========================================================================
Received Import Request.
  Time since last request: 0.000025 seconds.
  path: Assets/ExtractedAnimations/mixamo.com6.anim
  artifactKey: Guid(70d908dc885983648ad47d29669cd8f6) Importer(2089858483,0ecaa5967403d082aa24f35e1b516d23)
Start importing Assets/ExtractedAnimations/mixamo.com6.anim using Guid(70d908dc885983648ad47d29669cd8f6) Importer(2089858483,0ecaa5967403d082aa24f35e1b516d23) Generated GUIDs only implemented for interfaces!
 -> (artifact id: '10bf25afaa70835027e2da7eb22e2b08') in 0.053195 seconds
Number of updated asset objects reloaded before import = 0
Number of asset objects unloaded after import = 1
========================================================================
Received Import Request.
  Time since last request: 0.000027 seconds.
  path: Assets/ExtractedAnimations/mixamo.com4.anim
  artifactKey: Guid(3f9ee96e2e2798042b8928c73b6da60a) Importer(2089858483,0ecaa5967403d082aa24f35e1b516d23)
Start importing Assets/ExtractedAnimations/mixamo.com4.anim using Guid(3f9ee96e2e2798042b8928c73b6da60a) Importer(2089858483,0ecaa5967403d082aa24f35e1b516d23) Generated GUIDs only implemented for interfaces!
 -> (artifact id: '8b8b7b96ade376c0fdf4a8c3d52b6e92') in 0.044184 seconds
Number of updated asset objects reloaded before import = 0
Number of asset objects unloaded after import = 1
========================================================================
Received Import Request.
  Time since last request: 0.000027 seconds.
  path: Assets/IgnoreResources/Aligned Games/Polygonal Modern Weapons Collection 1 Asset Package/Models/Guns/Pistols/Pistol3/pistol_3.fbx
  artifactKey: Guid(018eca6695e1f3d41a14398de6a65175) Importer(2089858483,0ecaa5967403d082aa24f35e1b516d23)
Start importing Assets/IgnoreResources/Aligned Games/Polygonal Modern Weapons Collection 1 Asset Package/Models/Guns/Pistols/Pistol3/pistol_3.fbx using Guid(018eca6695e1f3d41a14398de6a65175) Importer(2089858483,0ecaa5967403d082aa24f35e1b516d23) Generated GUIDs only implemented for interfaces!
 -> (artifact id: 'f482c9be598719fdcbc6b69d063373a6') in 0.043657 seconds
Number of updated asset objects reloaded before import = 0
Number of asset objects unloaded after import = 7
========================================================================
Received Import Request.
  Time since last request: 0.011643 seconds.
  path: Assets/IgnoreResources/Aligned Games/Polygonal Modern Weapons Collection 1 Asset Package/Materials/atlass_1_2.mat
  artifactKey: Guid(7d60f5fb9c0a45e408b12ef1cce8ec0b) Importer(2089858483,0ecaa5967403d082aa24f35e1b516d23)
Start importing Assets/IgnoreResources/Aligned Games/Polygonal Modern Weapons Collection 1 Asset Package/Materials/atlass_1_2.mat using Guid(7d60f5fb9c0a45e408b12ef1cce8ec0b) Importer(2089858483,0ecaa5967403d082aa24f35e1b516d23) Generated GUIDs only implemented for interfaces!
 -> (artifact id: '63b4e1e357bf5208ee827f4c7c8cd898') in 0.023796 seconds
Number of updated asset objects reloaded before import = 0
Number of asset objects unloaded after import = 2
========================================================================
Received Import Request.
  Time since last request: 0.000163 seconds.
  path: Assets/IgnoreResources/Aligned Games/Polygonal Modern Weapons Collection 1 Asset Package/Textures/atlass_1_diffuse.png
  artifactKey: Guid(ed6f6dbbbba63c440a760b6f869219cb) Importer(2089858483,0ecaa5967403d082aa24f35e1b516d23)
Start importing Assets/IgnoreResources/Aligned Games/Polygonal Modern Weapons Collection 1 Asset Package/Textures/atlass_1_diffuse.png using Guid(ed6f6dbbbba63c440a760b6f869219cb) Importer(2089858483,0ecaa5967403d082aa24f35e1b516d23) Generated GUIDs only implemented for interfaces!
 -> (artifact id: '23b7e9a5453b7f7b157163a3e0e8132c') in 0.051680 seconds
Number of updated asset objects reloaded before import = 0
Number of asset objects unloaded after import = 1
========================================================================
Received Import Request.
  Time since last request: 0.000201 seconds.
  path: Assets/IgnoreResources/Aligned Games/Polygonal Modern Weapons Collection 2 Asset Package/Models/Sight2/sight_2.fbx
  artifactKey: Guid(9bbba56811c81a94fbd2f9a8aed0295d) Importer(2089858483,0ecaa5967403d082aa24f35e1b516d23)
Start importing Assets/IgnoreResources/Aligned Games/Polygonal Modern Weapons Collection 2 Asset Package/Models/Sight2/sight_2.fbx using Guid(9bbba56811c81a94fbd2f9a8aed0295d) Importer(2089858483,0ecaa5967403d082aa24f35e1b516d23) Generated GUIDs only implemented for interfaces!
 -> (artifact id: '672f32db1c7fc1d0a7c97b6ccb5ac770') in 0.052071 seconds
Number of updated asset objects reloaded before import = 0
Number of asset objects unloaded after import = 7
========================================================================
Received Import Request.
  Time since last request: 0.000024 seconds.
  path: Assets/IgnoreResources/Aligned Games/Polygonal Modern Weapons Collection 1 Asset Package/Models/Guns/SubmachineGuns/SubmachineGun4/submachine_gun_4.prefab
  artifactKey: Guid(fa6964db2f282044fa32b6ffb70b41b0) Importer(2089858483,0ecaa5967403d082aa24f35e1b516d23)
Start importing Assets/IgnoreResources/Aligned Games/Polygonal Modern Weapons Collection 1 Asset Package/Models/Guns/SubmachineGuns/SubmachineGun4/submachine_gun_4.prefab using Guid(fa6964db2f282044fa32b6ffb70b41b0) Importer(2089858483,0ecaa5967403d082aa24f35e1b516d23) Generated GUIDs only implemented for interfaces!
 -> (artifact id: '249881460723cb1afffc1307d89f25ea') in 0.045547 seconds
Number of updated asset objects reloaded before import = 0
Number of asset objects unloaded after import = 7
========================================================================
Received Import Request.
  Time since last request: 0.000034 seconds.
  path: Assets/IgnoreResources/Aligned Games/Polygonal Modern Weapons Collection 1 Asset Package/Models/Attachments/Scope1
  artifactKey: Guid(949d4dbe73d45744192b8214edd35e94) Importer(2089858483,0ecaa5967403d082aa24f35e1b516d23)
Start importing Assets/IgnoreResources/Aligned Games/Polygonal Modern Weapons Collection 1 Asset Package/Models/Attachments/Scope1 using Guid(949d4dbe73d45744192b8214edd35e94) Importer(2089858483,0ecaa5967403d082aa24f35e1b516d23) Generated GUIDs only implemented for interfaces!
 -> (artifact id: '2f783f49fd1fb9e011441d61aa4bbec1') in 0.020189 seconds
Number of updated asset objects reloaded before import = 0
Number of asset objects unloaded after import = 1
========================================================================
Received Import Request.
  Time since last request: 0.000183 seconds.
  path: Assets/IgnoreResources/Aligned Games/Polygonal Modern Weapons Collection 1 Asset Package/Models/Explosives/Explosive1/explosive_1.prefab
  artifactKey: Guid(3060300fea53e324bade33aaaeef7e80) Importer(2089858483,0ecaa5967403d082aa24f35e1b516d23)
Start importing Assets/IgnoreResources/Aligned Games/Polygonal Modern Weapons Collection 1 Asset Package/Models/Explosives/Explosive1/explosive_1.prefab using Guid(3060300fea53e324bade33aaaeef7e80) Importer(2089858483,0ecaa5967403d082aa24f35e1b516d23) Generated GUIDs only implemented for interfaces!
 -> (artifact id: 'e1168731af39db99730249195cd0a5bd') in 0.038901 seconds
Number of updated asset objects reloaded before import = 0
Number of asset objects unloaded after import = 7
========================================================================
Received Import Request.
  Time since last request: 0.000022 seconds.
  path: Assets/IgnoreResources/Aligned Games/Polygonal Modern Weapons Collection 2 Asset Package/Models/Pistol2/pistol_2.fbx
  artifactKey: Guid(b3d92f729feff3c459c6298eaf5f22ce) Importer(2089858483,0ecaa5967403d082aa24f35e1b516d23)
Start importing Assets/IgnoreResources/Aligned Games/Polygonal Modern Weapons Collection 2 Asset Package/Models/Pistol2/pistol_2.fbx using Guid(b3d92f729feff3c459c6298eaf5f22ce) Importer(2089858483,0ecaa5967403d082aa24f35e1b516d23) Generated GUIDs only implemented for interfaces!
 -> (artifact id: 'd1f69b00d798f85987f24c3572663df8') in 0.063049 seconds
Number of updated asset objects reloaded before import = 0
Number of asset objects unloaded after import = 7
========================================================================
Received Import Request.
  Time since last request: 0.000026 seconds.
  path: Assets/IgnoreResources/Aligned Games/Polygonal Modern Weapons Collection 2 Asset Package/Models/SubmachineGun2
  artifactKey: Guid(f9d7e6e02b6fdad4f9a725f8538497d0) Importer(2089858483,0ecaa5967403d082aa24f35e1b516d23)
Start importing Assets/IgnoreResources/Aligned Games/Polygonal Modern Weapons Collection 2 Asset Package/Models/SubmachineGun2 using Guid(f9d7e6e02b6fdad4f9a725f8538497d0) Importer(2089858483,0ecaa5967403d082aa24f35e1b516d23) Generated GUIDs only implemented for interfaces!
 -> (artifact id: '1a5b7c3a5713e5ad053794b55d17ef13') in 0.015278 seconds
Number of updated asset objects reloaded before import = 0
Number of asset objects unloaded after import = 1
========================================================================
Received Import Request.
  Time since last request: 0.000024 seconds.
  path: Assets/IgnoreResources/Low Poly ShotGun Weapon Pack 1/Prefabs/Weapons/ShotGun_E.prefab
  artifactKey: Guid(2906ccac3723784419b783637cc1a4af) Importer(2089858483,0ecaa5967403d082aa24f35e1b516d23)
Start importing Assets/IgnoreResources/Low Poly ShotGun Weapon Pack 1/Prefabs/Weapons/ShotGun_E.prefab using Guid(2906ccac3723784419b783637cc1a4af) Importer(2089858483,0ecaa5967403d082aa24f35e1b516d23) Generated GUIDs only implemented for interfaces!
 -> (artifact id: '8572e3b5d0a1bcc362b8c7a1640e0025') in 0.026116 seconds
Number of updated asset objects reloaded before import = 0
Number of asset objects unloaded after import = 39
========================================================================
Received Import Request.
  Time since last request: 0.000050 seconds.
  path: Assets/IgnoreResources/Aligned Games/Polygonal Modern Weapons Collection 1 Asset Package/Models/Attachments/Compensator1
  artifactKey: Guid(383ccc8feb77d2542b6ae82a420155b5) Importer(2089858483,0ecaa5967403d082aa24f35e1b516d23)
Start importing Assets/IgnoreResources/Aligned Games/Polygonal Modern Weapons Collection 1 Asset Package/Models/Attachments/Compensator1 using Guid(383ccc8feb77d2542b6ae82a420155b5) Importer(2089858483,0ecaa5967403d082aa24f35e1b516d23) Generated GUIDs only implemented for interfaces!
 -> (artifact id: '872bb3f650f96ebcc3ef11dce063b20f') in 0.014692 seconds
Number of updated asset objects reloaded before import = 0
Number of asset objects unloaded after import = 1
========================================================================
Received Import Request.
  Time since last request: 0.000038 seconds.
  path: Assets/IgnoreResources/Low Poly ShotGun Weapon Pack 1/Prefabs/Attachments/Barrels/Muzzle_ShotGun_Shoke_A.prefab
  artifactKey: Guid(6a872140b6b86314ea7d1414a1e2df9c) Importer(2089858483,0ecaa5967403d082aa24f35e1b516d23)
Start importing Assets/IgnoreResources/Low Poly ShotGun Weapon Pack 1/Prefabs/Attachments/Barrels/Muzzle_ShotGun_Shoke_A.prefab using Guid(6a872140b6b86314ea7d1414a1e2df9c) Importer(2089858483,0ecaa5967403d082aa24f35e1b516d23) Generated GUIDs only implemented for interfaces!
 -> (artifact id: '49f2dfc83932e59b6a027b5096805e4a') in 0.028327 seconds
Number of updated asset objects reloaded before import = 0
Number of asset objects unloaded after import = 7
========================================================================
Received Import Request.
  Time since last request: 0.000023 seconds.
  path: Assets/IgnoreResources/Aligned Games/Polygonal Modern Weapons Collection 2 Asset Package/Models/Shell2/shell_2.prefab
  artifactKey: Guid(2ebbefb435a38f448abba0cf0ee55ed4) Importer(2089858483,0ecaa5967403d082aa24f35e1b516d23)
Start importing Assets/IgnoreResources/Aligned Games/Polygonal Modern Weapons Collection 2 Asset Package/Models/Shell2/shell_2.prefab using Guid(2ebbefb435a38f448abba0cf0ee55ed4) Importer(2089858483,0ecaa5967403d082aa24f35e1b516d23) Generated GUIDs only implemented for interfaces!
 -> (artifact id: '896da1cc41bd2172871d42ea1e669a7f') in 0.022406 seconds
Number of updated asset objects reloaded before import = 0
Number of asset objects unloaded after import = 7
========================================================================
Received Import Request.
  Time since last request: 0.000027 seconds.
  path: Assets/IgnoreResources/Aligned Games/Polygonal Modern Weapons Collection 2 Asset Package/Models/Shotgun3
  artifactKey: Guid(17e50a9fdce32e749a2c24f7853e39d2) Importer(2089858483,0ecaa5967403d082aa24f35e1b516d23)
Start importing Assets/IgnoreResources/Aligned Games/Polygonal Modern Weapons Collection 2 Asset Package/Models/Shotgun3 using Guid(17e50a9fdce32e749a2c24f7853e39d2) Importer(2089858483,0ecaa5967403d082aa24f35e1b516d23) Generated GUIDs only implemented for interfaces!
 -> (artifact id: 'b44ac2007459c7c9d3fd353caa297574') in 0.015808 seconds
Number of updated asset objects reloaded before import = 0
Number of asset objects unloaded after import = 1
========================================================================
Received Import Request.
  Time since last request: 0.000024 seconds.
  path: Assets/IgnoreResources/Aligned Games/Polygonal Modern Weapons Collection 2 Asset Package/Models/Shell3
  artifactKey: Guid(4ebf1e72ed44cae42bf559cc851fff07) Importer(2089858483,0ecaa5967403d082aa24f35e1b516d23)
Start importing Assets/IgnoreResources/Aligned Games/Polygonal Modern Weapons Collection 2 Asset Package/Models/Shell3 using Guid(4ebf1e72ed44cae42bf559cc851fff07) Importer(2089858483,0ecaa5967403d082aa24f35e1b516d23) Generated GUIDs only implemented for interfaces!
 -> (artifact id: '56320b1bb4e3a02f03028dba83cc0347') in 0.016117 seconds
Number of updated asset objects reloaded before import = 0
Number of asset objects unloaded after import = 1
========================================================================
Received Import Request.
  Time since last request: 0.000026 seconds.
  path: Assets/IgnoreResources/Aligned Games/Polygonal Modern Weapons Collection 2 Asset Package/Models/SubmachineGun2/submachine_gun_2.fbx
  artifactKey: Guid(cbfb046dc1ff6ce44b55b403129f6347) Importer(2089858483,0ecaa5967403d082aa24f35e1b516d23)
Start importing Assets/IgnoreResources/Aligned Games/Polygonal Modern Weapons Collection 2 Asset Package/Models/SubmachineGun2/submachine_gun_2.fbx using Guid(cbfb046dc1ff6ce44b55b403129f6347) Importer(2089858483,0ecaa5967403d082aa24f35e1b516d23) Generated GUIDs only implemented for interfaces!
 -> (artifact id: '56ae202e09e38c3dfd93e7f5e5725d75') in 0.048294 seconds
Number of updated asset objects reloaded before import = 0
Number of asset objects unloaded after import = 7
========================================================================
Received Import Request.
  Time since last request: 0.000036 seconds.
  path: Assets/IgnoreResources/Aligned Games/Polygonal Modern Weapons Collection 2 Asset Package/Models/Pistol5/pistol_5.prefab
  artifactKey: Guid(68030dffcf2b86a4d9b6302082b06eef) Importer(2089858483,0ecaa5967403d082aa24f35e1b516d23)
Start importing Assets/IgnoreResources/Aligned Games/Polygonal Modern Weapons Collection 2 Asset Package/Models/Pistol5/pistol_5.prefab using Guid(68030dffcf2b86a4d9b6302082b06eef) Importer(2089858483,0ecaa5967403d082aa24f35e1b516d23) Generated GUIDs only implemented for interfaces!
 -> (artifact id: '35105e61165fe7df6e81e2a3ad7bee4d') in 0.030220 seconds
Number of updated asset objects reloaded before import = 0
Number of asset objects unloaded after import = 7
========================================================================
Received Import Request.
  Time since last request: 0.000470 seconds.
  path: Assets/IgnoreResources/Aligned Games/Polygonal Modern Weapons Collection 2 Asset Package/Scenes/DemonstrationNight/ReflectionProbe-6.exr
  artifactKey: Guid(7765c72fc5c2c9342840a9e2ad8acd4e) Importer(2089858483,0ecaa5967403d082aa24f35e1b516d23)
Start importing Assets/IgnoreResources/Aligned Games/Polygonal Modern Weapons Collection 2 Asset Package/Scenes/DemonstrationNight/ReflectionProbe-6.exr using Guid(7765c72fc5c2c9342840a9e2ad8acd4e) Importer(2089858483,0ecaa5967403d082aa24f35e1b516d23) Generated GUIDs only implemented for interfaces!
 -> (artifact id: '2534e5efdb3be8e620c62b3623d22832') in 0.053410 seconds
Number of updated asset objects reloaded before import = 0
Number of asset objects unloaded after import = 1
========================================================================
Received Import Request.
  Time since last request: 0.000240 seconds.
  path: Assets/IgnoreResources/Aligned Games/Polygonal Modern Weapons Collection 1 Asset Package/Skyboxes/DefaultNight/DefaultNight.png
  artifactKey: Guid(517758da5d21bfe468e6d2d66fdb4d17) Importer(2089858483,0ecaa5967403d082aa24f35e1b516d23)
Start importing Assets/IgnoreResources/Aligned Games/Polygonal Modern Weapons Collection 1 Asset Package/Skyboxes/DefaultNight/DefaultNight.png using Guid(517758da5d21bfe468e6d2d66fdb4d17) Importer(2089858483,0ecaa5967403d082aa24f35e1b516d23) Generated GUIDs only implemented for interfaces!
 -> (artifact id: '6a3fbef0580ccbd11d6934766829a500') in 0.050189 seconds
Number of updated asset objects reloaded before import = 0
Number of asset objects unloaded after import = 1
========================================================================
Received Import Request.
  Time since last request: 0.000153 seconds.
  path: Assets/IgnoreResources/Aligned Games/Polygonal Modern Weapons Collection 2 Asset Package/Models/Shell2
  artifactKey: Guid(15b1852444394684fab9ffaa2280d89c) Importer(2089858483,0ecaa5967403d082aa24f35e1b516d23)
Start importing Assets/IgnoreResources/Aligned Games/Polygonal Modern Weapons Collection 2 Asset Package/Models/Shell2 using Guid(15b1852444394684fab9ffaa2280d89c) Importer(2089858483,0ecaa5967403d082aa24f35e1b516d23) Generated GUIDs only implemented for interfaces!
 -> (artifact id: '7cf30635203cea920e059e59255e132d') in 0.017396 seconds
Number of updated asset objects reloaded before import = 0
Number of asset objects unloaded after import = 1
========================================================================
Received Import Request.
  Time since last request: 0.000024 seconds.
  path: Assets/IgnoreResources/Aligned Games/Polygonal Modern Weapons Collection 2 Asset Package/Models/Silencer1/silencer_1.fbx
  artifactKey: Guid(8f195946c0729d549bffb9bc163b43ad) Importer(2089858483,0ecaa5967403d082aa24f35e1b516d23)
Start importing Assets/IgnoreResources/Aligned Games/Polygonal Modern Weapons Collection 2 Asset Package/Models/Silencer1/silencer_1.fbx using Guid(8f195946c0729d549bffb9bc163b43ad) Importer(2089858483,0ecaa5967403d082aa24f35e1b516d23) Generated GUIDs only implemented for interfaces!
 -> (artifact id: '0ac26382348c9bcfe21457be31348456') in 0.047339 seconds
Number of updated asset objects reloaded before import = 0
Number of asset objects unloaded after import = 7
========================================================================
Received Import Request.
  Time since last request: 0.000031 seconds.
  path: Assets/IgnoreResources/Aligned Games/Polygonal Modern Weapons Collection 2 Asset Package/Models/MachineGun4/machine_gun_4.fbx
  artifactKey: Guid(b758ffd9bc53a724fae9c71bf5d399d1) Importer(2089858483,0ecaa5967403d082aa24f35e1b516d23)
Start importing Assets/IgnoreResources/Aligned Games/Polygonal Modern Weapons Collection 2 Asset Package/Models/MachineGun4/machine_gun_4.fbx using Guid(b758ffd9bc53a724fae9c71bf5d399d1) Importer(2089858483,0ecaa5967403d082aa24f35e1b516d23) Generated GUIDs only implemented for interfaces!
 -> (artifact id: 'dc09bf51a280abf1674d26b28cdf7ffb') in 0.062646 seconds
Number of updated asset objects reloaded before import = 0
Number of asset objects unloaded after import = 7
========================================================================
Received Import Request.
  Time since last request: 0.000032 seconds.
  path: Assets/IgnoreResources/Low Poly ShotGun Weapon Pack 1/Prefabs/Weapons/ShotGun_B.prefab
  artifactKey: Guid(19319383dcd17ba45b1c25651dba91eb) Importer(2089858483,0ecaa5967403d082aa24f35e1b516d23)
Start importing Assets/IgnoreResources/Low Poly ShotGun Weapon Pack 1/Prefabs/Weapons/ShotGun_B.prefab using Guid(19319383dcd17ba45b1c25651dba91eb) Importer(2089858483,0ecaa5967403d082aa24f35e1b516d23) Generated GUIDs only implemented for interfaces!
 -> (artifact id: 'bf15647b76a5ffc9d094494c6065802a') in 0.018956 seconds
Number of updated asset objects reloaded before import = 0
Number of asset objects unloaded after import = 49
========================================================================
Received Import Request.
  Time since last request: 0.000024 seconds.
  path: Assets/IgnoreResources/nappin/Weapon Props Softpack/Textures/(Txt)GradientPink_Reflective.png
  artifactKey: Guid(e942f3b9813218942a6fb7a33ad5d910) Importer(2089858483,0ecaa5967403d082aa24f35e1b516d23)
Start importing Assets/IgnoreResources/nappin/Weapon Props Softpack/Textures/(Txt)GradientPink_Reflective.png using Guid(e942f3b9813218942a6fb7a33ad5d910) Importer(2089858483,0ecaa5967403d082aa24f35e1b516d23) Generated GUIDs only implemented for interfaces!
 -> (artifact id: '03d4eb69b93af9e3dea9dd2df4cb648b') in 0.047543 seconds
Number of updated asset objects reloaded before import = 0
Number of asset objects unloaded after import = 1
========================================================================
Received Import Request.
  Time since last request: 0.000023 seconds.
  path: Assets/IgnoreResources/nappin/Weapon Props Softpack/Models/(Msh)HuntingRifle.fbx
  artifactKey: Guid(ce8d7a9f54256224ba078a0d140b5f65) Importer(2089858483,0ecaa5967403d082aa24f35e1b516d23)
Start importing Assets/IgnoreResources/nappin/Weapon Props Softpack/Models/(Msh)HuntingRifle.fbx using Guid(ce8d7a9f54256224ba078a0d140b5f65) Importer(2089858483,0ecaa5967403d082aa24f35e1b516d23) Generated GUIDs only implemented for interfaces!
 -> (artifact id: '040d6e2ef485af47093a2ce93abc9c78') in 0.047263 seconds
Number of updated asset objects reloaded before import = 0
Number of asset objects unloaded after import = 26
========================================================================
Received Import Request.
  Time since last request: 0.000022 seconds.
  path: Assets/IgnoreResources/nappin/Weapon Props Softpack/Materials/(Mat)GradientYellow.mat
  artifactKey: Guid(6bf9f62666c770c4dae1c5cb7442bfaa) Importer(2089858483,0ecaa5967403d082aa24f35e1b516d23)
Start importing Assets/IgnoreResources/nappin/Weapon Props Softpack/Materials/(Mat)GradientYellow.mat using Guid(6bf9f62666c770c4dae1c5cb7442bfaa) Importer(2089858483,0ecaa5967403d082aa24f35e1b516d23) Generated GUIDs only implemented for interfaces!
 -> (artifact id: 'e7e9aaf9b0fd0ab2485708a15e10524e') in 0.032220 seconds
Number of updated asset objects reloaded before import = 0
Number of asset objects unloaded after import = 2
========================================================================
Received Import Request.
  Time since last request: 0.000029 seconds.
  path: Assets/IgnoreResources/Aligned Games/Polygonal Modern Weapons Collection 2 Asset Package/Models/Pistol1/pistol_1.fbx
  artifactKey: Guid(94777c67b114ee2439ec6e332c526581) Importer(2089858483,0ecaa5967403d082aa24f35e1b516d23)
Start importing Assets/IgnoreResources/Aligned Games/Polygonal Modern Weapons Collection 2 Asset Package/Models/Pistol1/pistol_1.fbx using Guid(94777c67b114ee2439ec6e332c526581) Importer(2089858483,0ecaa5967403d082aa24f35e1b516d23) Generated GUIDs only implemented for interfaces!
 -> (artifact id: '3b92ed021b64ad15500b2ea405920a62') in 0.052290 seconds
Number of updated asset objects reloaded before import = 0
Number of asset objects unloaded after import = 7
========================================================================
Received Import Request.
  Time since last request: 0.000025 seconds.
  path: Assets/IgnoreResources/nappin/Weapon Props Softpack/Materials/(Mat)GradientPurple_Reflective.mat
  artifactKey: Guid(45a792c11e8be4f45897cb0dfb8668e0) Importer(2089858483,0ecaa5967403d082aa24f35e1b516d23)
Start importing Assets/IgnoreResources/nappin/Weapon Props Softpack/Materials/(Mat)GradientPurple_Reflective.mat using Guid(45a792c11e8be4f45897cb0dfb8668e0) Importer(2089858483,0ecaa5967403d082aa24f35e1b516d23) Generated GUIDs only implemented for interfaces!
 -> (artifact id: 'aac874dc7988274bf2678f0c31beb4a2') in 0.031198 seconds
Number of updated asset objects reloaded before import = 0
Number of asset objects unloaded after import = 2
========================================================================
Received Import Request.
  Time since last request: 0.000232 seconds.
  path: Assets/IgnoreResources/nappin/Weapon Props Softpack/Prefabs
  artifactKey: Guid(bb1ccfd70f690b8419e4e6b9d65f678a) Importer(2089858483,0ecaa5967403d082aa24f35e1b516d23)
Start importing Assets/IgnoreResources/nappin/Weapon Props Softpack/Prefabs using Guid(bb1ccfd70f690b8419e4e6b9d65f678a) Importer(2089858483,0ecaa5967403d082aa24f35e1b516d23) Generated GUIDs only implemented for interfaces!
 -> (artifact id: 'd88885c2a8ee2c21ca44a23c014014ae') in 0.017542 seconds
Number of updated asset objects reloaded before import = 0
Number of asset objects unloaded after import = 1
========================================================================
Received Import Request.
  Time since last request: 0.000023 seconds.
  path: Assets/IgnoreResources/nappin/Weapon Props Softpack/Prefabs/(Prb)Shuriken.prefab
  artifactKey: Guid(869ecb3179c4cb64a876b0ba75758db7) Importer(2089858483,0ecaa5967403d082aa24f35e1b516d23)
Start importing Assets/IgnoreResources/nappin/Weapon Props Softpack/Prefabs/(Prb)Shuriken.prefab using Guid(869ecb3179c4cb64a876b0ba75758db7) Importer(2089858483,0ecaa5967403d082aa24f35e1b516d23) Generated GUIDs only implemented for interfaces!
 -> (artifact id: 'e9bfcf5736157b6e3dce02108d9f43a0') in 0.019937 seconds
Number of updated asset objects reloaded before import = 0
Number of asset objects unloaded after import = 10
========================================================================
Received Import Request.
  Time since last request: 0.000025 seconds.
  path: Assets/IgnoreResources/Aligned Games/Polygonal Modern Weapons Collection 2 Asset Package/Models/Sight3
  artifactKey: Guid(a7424d9ceee11e042b0d5ab1b9b14e24) Importer(2089858483,0ecaa5967403d082aa24f35e1b516d23)
Start importing Assets/IgnoreResources/Aligned Games/Polygonal Modern Weapons Collection 2 Asset Package/Models/Sight3 using Guid(a7424d9ceee11e042b0d5ab1b9b14e24) Importer(2089858483,0ecaa5967403d082aa24f35e1b516d23) Generated GUIDs only implemented for interfaces!
 -> (artifact id: '49f325e6444c925fdc9db9b74aaac07c') in 0.015647 seconds
Number of updated asset objects reloaded before import = 0
Number of asset objects unloaded after import = 1
========================================================================
Received Import Request.
  Time since last request: 0.000024 seconds.
  path: Assets/IgnoreResources/nappin/Weapon Props Softpack/Models/(Msh)Arrow2.fbx
  artifactKey: Guid(0c645db53b0c96c40a3c1aae81363262) Importer(2089858483,0ecaa5967403d082aa24f35e1b516d23)
Start importing Assets/IgnoreResources/nappin/Weapon Props Softpack/Models/(Msh)Arrow2.fbx using Guid(0c645db53b0c96c40a3c1aae81363262) Importer(2089858483,0ecaa5967403d082aa24f35e1b516d23) Generated GUIDs only implemented for interfaces!
 -> (artifact id: '7931a5f6879a4463820156a88b154c34') in 0.040034 seconds
Number of updated asset objects reloaded before import = 0
Number of asset objects unloaded after import = 9
========================================================================
Received Import Request.
  Time since last request: 0.000023 seconds.
  path: Assets/IgnoreResources/Aligned Games/Polygonal Modern Weapons Collection 2 Asset Package/Models/Shotgun4/shotgun_4.fbx
  artifactKey: Guid(3f914025ec9ebef4ca3f3f6c83e8a509) Importer(2089858483,0ecaa5967403d082aa24f35e1b516d23)
Start importing Assets/IgnoreResources/Aligned Games/Polygonal Modern Weapons Collection 2 Asset Package/Models/Shotgun4/shotgun_4.fbx using Guid(3f914025ec9ebef4ca3f3f6c83e8a509) Importer(2089858483,0ecaa5967403d082aa24f35e1b516d23) Generated GUIDs only implemented for interfaces!
 -> (artifact id: '5a56f0f7804e400d98253410c4483662') in 0.050508 seconds
Number of updated asset objects reloaded before import = 0
Number of asset objects unloaded after import = 7
========================================================================
Received Import Request.
  Time since last request: 0.000030 seconds.
  path: Assets/IgnoreResources/Aligned Games/Polygonal Modern Weapons Collection 1 Asset Package/Models/Guns/Shotguns/Shotgun2/shotgun_2.fbx
  artifactKey: Guid(6d2e1f7b960abe74a9849ee0bc27c912) Importer(2089858483,0ecaa5967403d082aa24f35e1b516d23)
Start importing Assets/IgnoreResources/Aligned Games/Polygonal Modern Weapons Collection 1 Asset Package/Models/Guns/Shotguns/Shotgun2/shotgun_2.fbx using Guid(6d2e1f7b960abe74a9849ee0bc27c912) Importer(2089858483,0ecaa5967403d082aa24f35e1b516d23) Generated GUIDs only implemented for interfaces!
 -> (artifact id: '1a7b8591dec88d85eae2abc963bf7be2') in 0.042703 seconds
Number of updated asset objects reloaded before import = 0
Number of asset objects unloaded after import = 7
========================================================================
Received Import Request.
  Time since last request: 0.000041 seconds.
  path: Assets/IgnoreResources/Aligned Games/Polygonal Modern Weapons Collection 2 Asset Package/Models/Explosive2/explosive_2.prefab
  artifactKey: Guid(fbb02252e097c0a42b64211385a5a41e) Importer(2089858483,0ecaa5967403d082aa24f35e1b516d23)
Start importing Assets/IgnoreResources/Aligned Games/Polygonal Modern Weapons Collection 2 Asset Package/Models/Explosive2/explosive_2.prefab using Guid(fbb02252e097c0a42b64211385a5a41e) Importer(2089858483,0ecaa5967403d082aa24f35e1b516d23) Generated GUIDs only implemented for interfaces!
 -> (artifact id: '1841de65922821e5914e37aa4a803267') in 0.023596 seconds
Number of updated asset objects reloaded before import = 0
Number of asset objects unloaded after import = 7
========================================================================
Received Import Request.
  Time since last request: 0.000025 seconds.
  path: Assets/IgnoreResources/Aligned Games/Polygonal Modern Weapons Collection 1 Asset Package/Models/Guns/Shotguns/Shotgun1
  artifactKey: Guid(5fcfad53f5e56e04fa8a41ef0f79270d) Importer(2089858483,0ecaa5967403d082aa24f35e1b516d23)
Start importing Assets/IgnoreResources/Aligned Games/Polygonal Modern Weapons Collection 1 Asset Package/Models/Guns/Shotguns/Shotgun1 using Guid(5fcfad53f5e56e04fa8a41ef0f79270d) Importer(2089858483,0ecaa5967403d082aa24f35e1b516d23) Generated GUIDs only implemented for interfaces!
 -> (artifact id: '13663065227bed0c40658f620ef6815a') in 0.013591 seconds
Number of updated asset objects reloaded before import = 0
Number of asset objects unloaded after import = 1
========================================================================
Received Import Request.
  Time since last request: 0.000023 seconds.
  path: Assets/IgnoreResources/nappin/Weapon Props Softpack/Prefabs/(Prb)Chainsaw.prefab
  artifactKey: Guid(9277a84a7c45f6b489ca3d73791ad93d) Importer(2089858483,0ecaa5967403d082aa24f35e1b516d23)
Start importing Assets/IgnoreResources/nappin/Weapon Props Softpack/Prefabs/(Prb)Chainsaw.prefab using Guid(9277a84a7c45f6b489ca3d73791ad93d) Importer(2089858483,0ecaa5967403d082aa24f35e1b516d23) Generated GUIDs only implemented for interfaces!
 -> (artifact id: 'b1b53c37a5036ec0b0b6ff4b8e2b6936') in 0.018294 seconds
Number of updated asset objects reloaded before import = 0
Number of asset objects unloaded after import = 10
Editor requested this worker to shutdown with reason: balancing worker count downwards
TcpMessagingSession - receive error: operation aborted. errorcode: 995, details:        I/O  .
AssetImportWorker is now disconnected from the server
Process exiting
Exiting without the bug reporter. Application will terminate with return code 0