Using pre-set license
Built from '2022.3/staging' branch; Version is '2022.3.55f1 (9f374180d209) revision 10434369'; Using compiler version '192829333'; Build Type 'Release'
OS: 'Windows 10  (10.0.19045) 64bit Professional' Language: 'ko' Physical Memory: 32469 MB
BatchMode: 1, IsHumanControllingUs: 0, StartBugReporterOnCrash: 0, Is64bit: 1, IsPro: 1

COMMAND LINE ARGUMENTS:
C:\Program Files\Unity\Hub\Editor\2022.3.55f1\Editor\Unity.exe
-adb2
-batchMode
-noUpm
-name
AssetImportWorker10
-projectPath
C:/Users/rhsj/Desktop/Unity/ProjectNW
-logFile
Logs/AssetImportWorker10.log
-srvPort
54927
Successfully changed project path to: C:/Users/rhsj/Desktop/Unity/ProjectNW
C:/Users/rhsj/Desktop/Unity/ProjectNW
[UnityMemory] Configuration Parameters - Can be set up in boot.config
    "memorysetup-bucket-allocator-granularity=16"
    "memorysetup-bucket-allocator-bucket-count=8"
    "memorysetup-bucket-allocator-block-size=33554432"
    "memorysetup-bucket-allocator-block-count=8"
    "memorysetup-main-allocator-block-size=16777216"
    "memorysetup-thread-allocator-block-size=16777216"
    "memorysetup-gfx-main-allocator-block-size=16777216"
    "memorysetup-gfx-thread-allocator-block-size=16777216"
    "memorysetup-cache-allocator-block-size=4194304"
    "memorysetup-typetree-allocator-block-size=2097152"
    "memorysetup-profiler-bucket-allocator-granularity=16"
    "memorysetup-profiler-bucket-allocator-bucket-count=8"
    "memorysetup-profiler-bucket-allocator-block-size=33554432"
    "memorysetup-profiler-bucket-allocator-block-count=8"
    "memorysetup-profiler-allocator-block-size=16777216"
    "memorysetup-profiler-editor-allocator-block-size=1048576"
    "memorysetup-temp-allocator-size-main=16777216"
    "memorysetup-job-temp-allocator-block-size=2097152"
    "memorysetup-job-temp-allocator-block-size-background=1048576"
    "memorysetup-job-temp-allocator-reduction-small-platforms=262144"
    "memorysetup-allocator-temp-initial-block-size-main=262144"
    "memorysetup-allocator-temp-initial-block-size-worker=262144"
    "memorysetup-temp-allocator-size-background-worker=32768"
    "memorysetup-temp-allocator-size-job-worker=262144"
    "memorysetup-temp-allocator-size-preload-manager=33554432"
    "memorysetup-temp-allocator-size-nav-mesh-worker=65536"
    "memorysetup-temp-allocator-size-audio-worker=65536"
    "memorysetup-temp-allocator-size-cloud-worker=32768"
    "memorysetup-temp-allocator-size-gi-baking-worker=262144"
    "memorysetup-temp-allocator-size-gfx=262144"
Player connection [31300]  Target information:

Player connection [31300]  * "[IP] 192.168.0.195 [Port] 0 [Flags] 2 [Guid] 1231656331 [EditorId] 1231656331 [Version] 1048832 [Id] WindowsEditor(7,DESKTOP-SUV84E9) [Debug] 1 [PackageName] WindowsEditor [ProjectName] Editor" 

Player connection [31300] Host joined multi-casting on [225.0.0.222:54997]...
Player connection [31300] Host joined alternative multi-casting on [225.0.0.222:34997]...
[PhysX] Initialized MultithreadedTaskDispatcher with 16 workers.
Refreshing native plugins compatible for Editor in 15.48 ms, found 4 plugins.
Preloading 0 native plugins for Editor in 0.00 ms.
Initialize engine version: 2022.3.55f1 (9f374180d209)
[Subsystems] Discovering subsystems at path C:/Program Files/Unity/Hub/Editor/2022.3.55f1/Editor/Data/Resources/UnitySubsystems
[Subsystems] Discovering subsystems at path C:/Users/rhsj/Desktop/Unity/ProjectNW/Assets
GfxDevice: creating device client; threaded=0; jobified=0
Direct3D:
    Version:  Direct3D 11.0 [level 11.1]
    Renderer: NVIDIA GeForce RTX 3070 Laptop GPU (ID=0x249d)
    Vendor:   NVIDIA
    VRAM:     8020 MB
    Driver:   31.0.15.5244
Initialize mono
Mono path[0] = 'C:/Program Files/Unity/Hub/Editor/2022.3.55f1/Editor/Data/Managed'
Mono path[1] = 'C:/Program Files/Unity/Hub/Editor/2022.3.55f1/Editor/Data/MonoBleedingEdge/lib/mono/unityjit-win32'
Mono config path = 'C:/Program Files/Unity/Hub/Editor/2022.3.55f1/Editor/Data/MonoBleedingEdge/etc'
Using monoOptions --debugger-agent=transport=dt_socket,embedding=1,server=y,suspend=n,address=127.0.0.1:56916
Begin MonoManager ReloadAssembly
Registering precompiled unity dll's ...
Register platform support module: C:/Program Files/Unity/Hub/Editor/2022.3.55f1/Editor/Data/PlaybackEngines/WindowsStandaloneSupport/UnityEditor.WindowsStandalone.Extensions.dll
Registered in 0.007134 seconds.
- Loaded All Assemblies, in  0.487 seconds
Native extension for WindowsStandalone target not found
Mono: successfully reloaded assembly
- Finished resetting the current domain, in  0.351 seconds
Domain Reload Profiling: 837ms
	BeginReloadAssembly (130ms)
		ExecutionOrderSort (0ms)
		DisableScriptedObjects (0ms)
		BackupInstance (0ms)
		ReleaseScriptingObjects (0ms)
		CreateAndSetChildDomain (1ms)
	RebuildCommonClasses (50ms)
	RebuildNativeTypeToScriptingClass (19ms)
	initialDomainReloadingComplete (77ms)
	LoadAllAssembliesAndSetupDomain (210ms)
		LoadAssemblies (127ms)
		RebuildTransferFunctionScriptingTraits (0ms)
		AnalyzeDomain (208ms)
			TypeCache.Refresh (206ms)
				TypeCache.ScanAssembly (186ms)
			ScanForSourceGeneratedMonoScriptInfo (1ms)
			ResolveRequiredComponents (1ms)
	FinalizeReload (351ms)
		ReleaseScriptCaches (0ms)
		RebuildScriptCaches (0ms)
		SetupLoadedEditorAssemblies (291ms)
			LogAssemblyErrors (0ms)
			InitializePlatformSupportModulesInManaged (11ms)
			SetLoadedEditorAssemblies (13ms)
			RefreshPlugins (0ms)
			BeforeProcessingInitializeOnLoad (3ms)
			ProcessInitializeOnLoadAttributes (207ms)
			ProcessInitializeOnLoadMethodAttributes (58ms)
			AfterProcessingInitializeOnLoad (0ms)
			EditorAssembliesLoaded (0ms)
		ExecutionOrderSort2 (0ms)
		AwakeInstancesAfterBackupRestoration (0ms)
========================================================================
Worker process is ready to serve import requests
Caller must complete domain reload
Begin MonoManager ReloadAssembly
- Loaded All Assemblies, in  0.937 seconds
Native extension for WindowsStandalone target not found
[MODES] ModeService[none].Initialize
[MODES] ModeService[none].LoadModes
[MODES] Loading mode Default (0) for mode-current-id-ProjectNW
Mono: successfully reloaded assembly
- Finished resetting the current domain, in  1.240 seconds
Domain Reload Profiling: 2175ms
	BeginReloadAssembly (174ms)
		ExecutionOrderSort (0ms)
		DisableScriptedObjects (8ms)
		BackupInstance (0ms)
		ReleaseScriptingObjects (0ms)
		CreateAndSetChildDomain (26ms)
	RebuildCommonClasses (45ms)
	RebuildNativeTypeToScriptingClass (12ms)
	initialDomainReloadingComplete (40ms)
	LoadAllAssembliesAndSetupDomain (662ms)
		LoadAssemblies (438ms)
		RebuildTransferFunctionScriptingTraits (0ms)
		AnalyzeDomain (318ms)
			TypeCache.Refresh (269ms)
				TypeCache.ScanAssembly (250ms)
			ScanForSourceGeneratedMonoScriptInfo (32ms)
			ResolveRequiredComponents (15ms)
	FinalizeReload (1241ms)
		ReleaseScriptCaches (0ms)
		RebuildScriptCaches (0ms)
		SetupLoadedEditorAssemblies (1062ms)
			LogAssemblyErrors (0ms)
			InitializePlatformSupportModulesInManaged (8ms)
			SetLoadedEditorAssemblies (5ms)
			RefreshPlugins (0ms)
			BeforeProcessingInitializeOnLoad (186ms)
			ProcessInitializeOnLoadAttributes (699ms)
			ProcessInitializeOnLoadMethodAttributes (157ms)
			AfterProcessingInitializeOnLoad (8ms)
			EditorAssembliesLoaded (0ms)
		ExecutionOrderSort2 (0ms)
		AwakeInstancesAfterBackupRestoration (6ms)
Launched and connected shader compiler UnityShaderCompiler.exe after 0.04 seconds
Refreshing native plugins compatible for Editor in 6.99 ms, found 4 plugins.
Preloading 0 native plugins for Editor in 0.00 ms.
Unloading 6583 Unused Serialized files (Serialized files now loaded: 0)
Unloading 59 unused Assets / (2.1 MB). Loaded Objects now: 7096.
Memory consumption went from 303.3 MB to 301.1 MB.
Total: 5.634200 ms (FindLiveObjects: 0.501600 ms CreateObjectMapping: 0.249300 ms MarkObjects: 4.360700 ms  DeleteObjects: 0.521500 ms)

AssetImportParameters requested are different than current active one (requested -> active):
  custom:scripting/monoscript/fileName/IntAABB.cs: 9a527d1dd2743051e5032583d249f25e -> 77ab9d4a0318f4a79d3b389c3c4e9d9a
  custom:scripting/monoscript/fileName/CustomCharacterController.cs: 991ec2f0b9c71800eff624ec9c7c2812 -> 330d4af23f31379d0b2f858a6f04daed
  custom:scripting/monoscript/fileName/ExProcessingList.cs: 8f6297df34271fdb1ce2d9607ec6261d -> 90647cc400823b41df847a6cbfc29026
  custom:scripting/monoscript/fileName/VirtualMeshManager.cs: 025ecd168d3e60b2a075d1174e95e451 -> 0411bc55740f807ff0b8e6951b0fbce0
  custom:scripting/monoscript/fileName/AINavigationScript.cs: 6ac73b722bdc86618a67526f3c740222 -> 918499a653ffeb9876ca67b59f4c8b61
  custom:container-demuxer-ogg: 62fdf1f143b41e24485cea50d1cbac27 -> 
  custom:scripting/monoscript/fileName/TeamWindData.cs: 4114334bbd9e82ae1e58427b00a91183 -> 2bde5203167884ad1037b08fccb310fa
  custom:scripting/monoscript/fileName/ModelController.cs: bea16b14a88e953d61c43c7f51e1e896 -> 
  custom:scripting/monoscript/fileName/ReadOnlyPropertyDrawer.cs: 35db2da0314d589fdefd04812fa039bb -> afce2f5ccf97a914ac200dedb82cc9b4
  custom:scripting/monoscript/fileName/UniquePreBuildData.cs: 59728aea48905724285eb6e6d899ba0d -> c9cceb43f445b13254e984efa514a974
  custom:scripting/monoscript/fileName/DrawIconInHierarchy.cs: bd52cd42a20e434069037f4189ff6931 -> f650e5001a214e5de2037f9a4af79342
  custom:scripting/monoscript/fileName/ZombieStart.cs: 7d06bd719df46fcef41c1b4f5d6bc576 -> 4fbdcece5fd52dca572e6f63be5564b0
  custom:scripting/monoscript/fileName/MyPlayer.cs: 531a9b322d8a310f1507ce93fd05d983 -> 77deba9ef009953a2a3595a65be03083
  custom:scripting/monoscript/fileName/FixedList128BytesExtensions.cs: 88681b12c02a19875054a9e2a64a0937 -> 1f51cc83ae544e876c0113713e65630e
  custom:scripting/monoscript/fileName/MagicaCapsuleColliderEditor.cs: 9e1f901390e61bab7e08060e8151a761 -> dc448efa9059615557164356ce976837
  custom:scripting/monoscript/fileName/ClothProcessData.cs: 41f43fa1cd7c12c4980e8af57b16cea1 -> 7365cb13ce0844a8bfb5c58e9077a625
  custom:framework-win-MediaFoundation: 216162199b28c13a410421893ffa2e32 -> 
  custom:scripting/monoscript/fileName/VirtualMeshReduction.cs: 2238023eb78e30c65519444841be54b7 -> 1ace1023dcf9d9ebdb3a2452700bb7eb
  custom:scripting/monoscript/fileName/DataChunk.cs: 54d5250cc1c266563b0a21c3164853c4 -> 3b897fa7b0da2bc7f93673ca53254aa5
  custom:scripting/monoscript/fileName/PreBuildDataCreation.cs: 0897adf7b8487d4e24f1c1409406a479 -> fc9ccbb693088dfbc757f7a75c84aa55
  custom:scripting/monoscript/fileName/ClothInspectorUtility.cs: 220832f153ad997ff7b3f5ac922e8236 -> 15adcf13a470622c1ca98e53f456ebc8
  custom:scripting/monoscript/fileName/CullingSettings.cs: bcfd29a6f20813a35eff499e5862b322 -> a646c82c1bacfcef0690cc37a45503c4
  custom:scripting/monoscript/fileName/MagicaPlaneCollider.cs: 6ccde11e116508bb2ca9147d2fdff535 -> 6d9571b3eaaa749a9fc6fc57d6b27093
  custom:scripting/monoscript/fileName/MathExtensions.cs: 0433759eeb2f6fdf368700fec0d833be -> a40db7dff9257e4576a536d71d10c9a5
  custom:scripting/monoscript/fileName/ClothProcessGeneration.cs: b881ebba61f68082d29dbdd0ca6ee597 -> 27ee3d1636d45c209a6c7d8fa0d795b6
  custom:scripting/monoscript/fileName/ClothDebugSettings.cs: 8a157f52b16725da451277c9272a179a -> 24e92330c2d935719e96d080aaff272c
  custom:scripting/monoscript/fileName/TransformManager.cs: 8a9d908ad09cccc62b5ddf706a53285e -> 9158104df6fb852b03b2f003f533e9a9
  custom:scripting/monoscript/fileName/GizmoSerializeData.cs: 9c5105f7ceda3607ffe9ef00f6779a33 -> b2477ec12056a7a9d963fcf060397b19
  custom:scripting/monoscript/fileName/MotionConstraint.cs: 5a0af88a7c6885d94e92e7aa84e7763b -> fc366e5c02b96b820363e4716eaad3fd
  custom:scripting/monoscript/fileName/ClothManager.cs: d1004d41d6b609cedec6da095e52a385 -> 78cf94320bd04de875940f2a50705d53
  custom:scripting/monoscript/fileName/VirtualMeshOptimization.cs: c6976fd28dad593cbb5f977c0a96b926 -> f1c5ce36913112df5bbba1ed8494652c
  custom:scripting/monoscript/fileName/SystemDefine.cs: 9d3875cd5ab89dc2e1eb0affa648c2f6 -> be8f9d52bb9e98dc14ffb1df23681a3d
  custom:scripting/monoscript/fileName/PreBuildScriptableObject.cs: 948363240bf01b794b6a51c2d7f5160d -> 87ec8f3fc7e376abc4aa5c1d9f28104e
  custom:scripting/monoscript/fileName/ExampleMovingPlatform.cs: 23619ea959868e760b0859723c1d4419 -> 2401513d43b62febc61b24e9194f3a26
  custom:scripting/monoscript/fileName/SharePreBuildData.cs: 9f40cc2e18fa0ef4c20ac9ab3d86131a -> 33b37c80d11b95fb4a37003e190c9292
  custom:scripting/monoscript/fileName/TransformRecord.cs: 51c1d9b80027698905d2520bd3df8146 -> 83d8e5c01066f712375c3b9a5770d364
  custom:scripting/monoscript/fileName/ExamplePlayer.cs: 654681d8de7a5d8a6cfa8ab38bc942ca -> d4ad481cf668130ce4f703a9a25c9d4a
  custom:scripting/monoscript/fileName/VirtualMeshSerialization.cs: 86f2556da89009807a098223d6e324c1 -> d8d1c3784b43f28c8486a65ec95118cc
  custom:scripting/monoscript/fileName/MagicaWindZoneGizmoDrawer.cs: 67f520593258483b45bd90eaa08c3ed3 -> 6aa071e71f8bb2f3760d43fdf50731a4
  custom:scripting/monoscript/fileName/ClothEditorManager.cs: 12ba06eb0b3db76d4f6d32bec524a803 -> 93fa450979aa60eb335ce907a90223dd
  custom:scripting/monoscript/fileName/Exception.cs: 35c131e54088a63516c8e410461affe5 -> ad8761de2beb4d34402ff60d2204d52f
  custom:scripting/monoscript/fileName/InertiaConstraint.cs: f815c19e4c9c7b7b04f11d3cc33d930c -> 8b5b5aa48b6a4f8bd36a2c292409fd14
  custom:scripting/monoscript/fileName/ICharacterController.cs: 6bc6d9f615ef1b6a739fe7312ede89ce -> 396e6cd62c2b51438db9279f98575edf
  custom:scripting/monoscript/fileName/MagicaClothAPI.cs: 8f6297df34271fdb1ce2d9607ec6261d -> 90647cc400823b41df847a6cbfc29026
  custom:scripting/monoscript/fileName/ShapeDistanceReduction.cs: b7a18f3b7553dfdcd05be6f2bb4517f2 -> 08ff6df78038c57f75410035d2fc1bd6
  custom:scripting/monoscript/fileName/NativeMultiHashMapExtensions.cs: 7e7449e468c836c358973bfdca687ec6 -> f450b25214d2811a80f23815296a25d4
  custom:scripting/monoscript/fileName/ExSimpleNativeArray.cs: a53f96815da50de15010b1c479bc70cf -> 0cdf409b5aa8d4c25876d72b5c6a3b60
  custom:scripting/monoscript/fileName/TimeManager.cs: c1b273d03fb03b83c5e352d1a4d9df45 -> f8e1d1358c074da4d3dc879778c69da2
  custom:container-muxer-webm: aa71ff27fc2769a1b78a27578f13a17b -> 
  custom:scripting/monoscript/fileName/AutoRotate.cs: b0425fd219ab7509f7a53d86cd7f94c4 -> 
  custom:video-decoder-webm-vp8: 9c59270c3fd7afecdb556c50c9e8de78 -> 
  custom:scripting/monoscript/fileName/GridMap.cs: a53f96815da50de15010b1c479bc70cf -> 0cdf409b5aa8d4c25876d72b5c6a3b60
  custom:scripting/monoscript/fileName/ClothSerializeData2.cs: 7db65a3dd22d524f3277638d10f24090 -> 71f97b11e8d1725909afaf06747a9193
  custom:SearchIndexIgnoredProperties: e643bd26f0fe6173181afceb89e7c659 -> 
  custom:AudioImporter_EditorPlatform: d09bf68614088b80899f8185d706f6e7 -> 
  custom:scripting/monoscript/fileName/ReductionWorkData.cs: 0d70804e8532074b10fc9fba5e9db17b -> 96a96f9c7f7a5caf1139f96c1ca35c14
  custom:scripting/monoscript/fileName/CurveSerializeDataDrawer.cs: b7efc6486937755bef4e27abe2715293 -> af35a4621ee133b850f091ab77e0d601
  custom:scripting/monoscript/fileName/Monster1.cs: 99da3f52ad315036b29c75f073dc67ad -> a4f4390e67ff37c114adac449e7d5cf1
  custom:scripting/monoscript/fileName/VirtualMeshTransform.cs: 7030e22e58abd62217590890cf343245 -> 942208c6f1b42f3169a2bee2074fae42
  custom:scripting/monoscript/fileName/Teleporter.cs: 32d72410c9ad167bdbeba0f6cb90b598 -> f41f01aff98b9258db7be9922234250b
  custom:scripting/monoscript/fileName/TimeSpan.cs: c2f295ffeae9ed44d2924aef486c9bb3 -> 57770b47f5544261132220b254f9993a
  custom:scripting/monoscript/fileName/InterlockUtility.cs: 1da19a9db6d92eb8100883f81cc65eff -> 960c846d9825eddae9fd02f5b8d70774
  custom:scripting/monoscript/fileName/IValid.cs: 9748772a5b18f36649d7c28383fcc526 -> 57084b2b4372511e2ea032a0ead14398
  custom:scripting/monoscript/fileName/RuntimeBuildDemo.cs: d7c2d57e323de1c167849ef21b3aed2b -> 
  custom:scripting/monoscript/fileName/ExTransformAccessArray.cs: 9db3d81568411faed3e813d73ce14b55 -> d0990a418054b4c4f267332e5ec66894
  custom:scripting/monoscript/fileName/MagicaSphereColliderGizmoDrawer.cs: 1eab5f18c59ed98723b1e0217700c9f9 -> 8e9d554b0ab14902b8769eea1921acdf
  custom:scripting/monoscript/fileName/IDataValidate.cs: 5f168f811782d27b7ba860d1a06573df -> 412e67a033e3206b801eaab129c7d25b
  custom:scripting/monoscript/fileName/FixedList64BytesExtensions.cs: a12a542a2eef338e5a97f1cc134f9db4 -> 13db6e5aaf2f216d90adc78a6329140f
  custom:scripting/monoscript/fileName/ExCostSortedList1.cs: b4278f2770030ebbd657f282aff50304 -> cf7e7a1720349c1af71e44dffc240bf5
  custom:scripting/monoscript/fileName/RenderSetupData.cs: 9258e63a7d9459e2c472345217fcb220 -> e0d32fab968ec9de90f675ce149cada0
  custom:scripting/monoscript/fileName/FixedList512BytesExtensions.cs: 8bcb87dba8710a76fbbb71450a67ea1f -> 4dc8f76e75f32521d830c034f48d8387
  custom:scripting/monoscript/fileName/IMoverController.cs: 53f4e37e04c2c100a1b8ea80756122ca -> e20db6755f849a3fa83f14c701551de0
  custom:scripting/monoscript/fileName/FixedList4096BytesExtensions.cs: 4fe80be60772efde291cde0311eda7e1 -> 05351cda9beac716c03fe49d50608231
  custom:scripting/monoscript/fileName/MagicaSphereColliderEditor.cs: 6cd3a2037f13623e27da51ee3f8143aa -> 3cb438f6dde54ebf045856d50a94a1f0
  custom:scripting/monoscript/fileName/WindDemo.cs: 67c3768c75e5442cd6f4e2e268724ef2 -> 
  custom:scripting/monoscript/fileName/MagicaSettingsEditor.cs: 9634e89e129192b4e19d797c0f41d29f -> 967b2e4a7d469f701d86fda09ba4a2d8
  custom:scripting/monoscript/fileName/PlanetManager.cs: 2a8cd53b43b43d54a4a121214a98b9a3 -> f8d313b4ac34bf0728e8605cf244c91e
  custom:scripting/monoscript/fileName/TetherConstraint.cs: c3e35566f81f44714c9d34d444f2b173 -> 4ae222b0410673a5ec8cc5436bb329ee
  custom:scripting/monoscript/fileName/MagicaPlaneColliderGizmoDrawer.cs: 8e3608288e0bfb30951eebf6a5b45fab -> 7a6c54d86bfe0c977add7e86eab84e6d
  custom:audio-decoder-ogg-vorbis: bf7c407c2cedff20999df2af8eb42d56 -> 
  custom:scripting/monoscript/fileName/MagicaClothGizmoDrawer.cs: cc63fb377c1128b4cdf3c39083619cd2 -> 46734d9334cbb88301b263c481473882
  custom:scripting/monoscript/fileName/WindParams.cs: 428b74318e26cfca626770dfbf7be0c8 -> c5ac6a7b69a0915b48280e22c1b5e700
  custom:scripting/monoscript/fileName/ReductionSettings.cs: 0fc689cbbd0983120665b012cfe5512b -> a8556e131a5aec5d5951928e0dbb8ed7
  custom:scripting/monoscript/fileName/DistanceConstraint.cs: 802510e0c72cdae78b5d452844a72553 -> 2a4c00cc9a959bba85c4bb0a40559866
  custom:scripting/monoscript/fileName/ClothPainter.cs: 7e3fbb6dde34994e7fd4dd202c7f693c -> 222196fec1650231f7a0f1cb844992ac
  custom:scripting/monoscript/fileName/VirtualMeshRaycastHit.cs: b798ecb0721443857fd31410ced18406 -> 1cfdf329dc2f54b0a4c60b4a10992d45
  custom:scripting/monoscript/fileName/ColliderManager.cs: f4ca0a71ad1824f0265995ae6092db71 -> 0a660c9ef032cddd4dd0334acb142227
  custom:scripting/monoscript/fileName/ClothEditorUtility.cs: 324091eb65b75bfec453aad6ce76ab1f -> 0a4a3efc3f84d6bc70c114ae2ba1ecbd
  custom:scripting/monoscript/fileName/ITransform.cs: 8b80bf0fe1c0bc5337e4079d77c6eb0f -> ea29ab9b558bb6a3a0fd428e729ee660
  custom:scripting/monoscript/fileName/MyMovingPlatform.cs: f0ab9dbcdf1489b51efdb765d6fb7530 -> 19346c0229a17a2e718796ce6b99cf2a
  custom:scripting/monoscript/fileName/SliderText.cs: f9370152ee5c65379bca07263db6a3de -> 
  custom:scripting/monoscript/fileName/NativeParallelHashMapExtensions.cs: 84c331f68cc66961c8c67b4c2efa7a94 -> a59e205a3858071d9123850841e9967f
  custom:scripting/monoscript/fileName/VirtualMeshContainer.cs: 62a1cb2fc6e5b95fe38fba646fc2a98d -> ea9f342fcc6e37d2f8d0d2584acd660a
  custom:scripting/monoscript/fileName/MagicaEditorBase.cs: 263bc765b2bc74040fd49b1483b78b62 -> fe62013c7e5190961384c287bf25648d
  custom:audio-encoder-webm-vorbis: bf7c407c2cedff20999df2af8eb42d56 -> 
  custom:scripting/monoscript/fileName/VirtualMeshProxy.cs: f8d7b6bd726ecdcc9d2612920b21f1f7 -> af242f96276bca56fd517ade53941050
  custom:scripting/monoscript/fileName/StepReductionBase.cs: 9fbcb6f4e615f384e1c06afef32ea3ef -> d4c211b6af8eaf0620a84a1744bcf51c
  custom:scripting/monoscript/fileName/SightAttachScript.cs: 9fa5ea04a9e6f2310f590385939f416d -> c5d46e975a9dd84ceb42578a601ebfdd
  custom:scripting/monoscript/fileName/ClothSerializeDataFunction.cs: afb4d92e670053c3fa574a99067338a3 -> 7b6d5ff8504adaa817f3a956c12941e7
  custom:scripting/monoscript/fileName/FixedList32BytesExtensions.cs: d461b530c5c179f6e749c64fbffb0d7c -> 81e49ef8121742a0605f3de0ca565434
  custom:scripting/monoscript/fileName/TransformRecordSerializeData.cs: 03870cd7b9ed566e0f335f89aa12cf2d -> a3caf0376abc0aa5eb27e85965df0f76
  custom:scripting/monoscript/fileName/MagicaSphereCollider.cs: 64b3a3190b38bc88ba1e4ed6f48c6dbb -> 8b0c65c0f9969f2f081c930935ab22b6
  custom:scripting/monoscript/fileName/FrameratePanel.cs: 06f57082c107b8c57f15e0aa8c7858b8 -> e8de6f6b4952cffa623ea5fb3df6668a
  custom:scripting/monoscript/fileName/ExampleCharacterCamera.cs: 7dbe3465942debab12623a3a0775ebac -> cd2ca6423fbfe377769fc14eacb2e3c4
  custom:scripting/monoscript/fileName/PauseStateHandler.cs: 5859998f7b806f08d32f8d52cb3faac2 -> 14acff9d3c3458f79905bb5138cdc3c4
  custom:scripting/monoscript/fileName/MenuItemScript.cs: b59f95ed436d2e6916c4e275ae70b407 -> 1fde790145e3132289da3602503493df
  custom:scripting/monoscript/fileName/SharePreBuildDataDrawer.cs: 3b87b033e34f58df44cce04c60e8beca -> 1c21feb0afd4c1c10c2d227c9b894ef2
  custom:scripting/monoscript/fileName/MagicaSettings.cs: f509994cbc18b951f897d64733532d51 -> dc4c43ae67e9857f950e95c51a99b740
  custom:scripting/monoscript/fileName/VertexAttribute.cs: 8804aa14f9667fa076f0f9d39957c9d9 -> 60c33624d78039b8862840e283fedc74
  custom:scripting/monoscript/fileName/ClothAssetPostprocessor.cs: 9b69db1e271babad781288259ed9ae01 -> b62fc32fe36c29e9ee40ae85c01ea1a4
  custom:scripting/monoscript/fileName/VirtualMeshWork.cs: 4fa8c7087bbebf0b57f03d52a12089eb -> 2a7a1948930b51ceaa5752250772a7e0
  custom:scripting/monoscript/fileName/DataUtility.cs: a08efe19e0d1acf01a1c53b2e7655517 -> 4672f3fa6abd86e83d0b2305a679112a
  custom:scripting/monoscript/fileName/KCCSettings.cs: beb74d06317b4a51f75f6bde10e9caff -> d55935d076acd426723225fdd45f8bde
  custom:scripting/monoscript/fileName/TriangleBendingConstraint.cs: 7851b0bc113bc30c71574c5c72336c6c -> 8b821a46323c7e6fb59c7596b6df4d0b
  custom:scripting/monoscript/fileName/ClothBehaviour.cs: ea558173a0fb8a6a50fb8d0c29595557 -> 7f2fba1aa09773ae89638735c144fd0e
  custom:scripting/monoscript/fileName/DampingFollower.cs: 880e60ac69f0f7a21bee000dccf66992 -> 3fba2e075838884af9ed681a6fef6346
  custom:scripting/monoscript/fileName/MinimumData.cs: 8f6297df34271fdb1ce2d9607ec6261d -> 90647cc400823b41df847a6cbfc29026
  custom:scripting/monoscript/fileName/ResultDefine.cs: f3d615c385dd8fd972f8307ad16d9122 -> e957db3ecab6193d61553ab40822313b
  custom:video-decoder-ogg-theora: a1e56fd34408186e4bbccfd4996cb3dc -> 
  custom:scripting/monoscript/fileName/MultiDataBuilder.cs: 8f6297df34271fdb1ce2d9607ec6261d -> 90647cc400823b41df847a6cbfc29026
  custom:scripting/monoscript/fileName/ExampleCharacterController.cs: 9a2c5a9cb0dd8706380ffe8bbb2fc7fe -> 061606472fcf5f7e809f3f4cd2af8bc4
  custom:scripting/monoscript/fileName/TargetFPS.cs: d21bec3fc301fa0c1d1ab67a19091daf -> 
  custom:scripting/monoscript/fileName/MagicaManagerAPI.cs: 2c183d6dbd214716132e45978ba88593 -> a3328091f5da145b9d5ca02eb4a22864
  custom:scripting/monoscript/fileName/NativeArrayExtensions.cs: 0b2929ff4a9407f3a708aa68f4388753 -> da36b6bd8777d47d28aacbdda7c613f0
  custom:scripting/monoscript/fileName/WindManager.cs: 9b4198add6967e8239d870e14ac08791 -> ec1976344e7c4cda9de48be79b962ac5
  custom:scripting/monoscript/fileName/EquipmentDataManager.cs: 084624a0f486826ce9a66fc28027121a -> 4547df89faaaee0f0536944bc241f653
  custom:scripting/monoscript/fileName/ExBitFlag8.cs: a2451fda1019b9f38214bc13821f61a9 -> cc6e7215ec5105c91e3eb495f939209c
  custom:scripting/monoscript/fileName/VirtualMeshBoneWeight.cs: bed0988ca1bb95fb7d1a9a497fcf993c -> 53f00c9c752d771c1603afb0b8e6f2e3
  custom:scripting/monoscript/fileName/ClothPresetUtility.cs: 55bd4ddc23f252a76c703de2fc8d123f -> 71aaeabb33d30623dc1082085b12bcf3
  custom:scripting/monoscript/fileName/KinematicCharacterMotorEditor.cs: c7c99f94a54ea1510a6bcc5d30360558 -> b412289039b7d248fc42562d8e94a91e
  custom:scripting/monoscript/fileName/AABB.cs: 5802204bcbd919a15271efa1d42e13a7 -> 3cad86354589dd9108e9fef4c832a531
  custom:scripting/monoscript/fileName/UnityTimeSpan.cs: 24e2604c172069e8ced39abe2377fdc5 -> 1061facba5f1f643659cf58cc8ca83f7
  custom:scripting/monoscript/fileName/TransformData.cs: 9847871c7793d2cd92d075ecd39078b5 -> 75edcafbe1e8a71d09671c35dbea500b
  custom:scripting/monoscript/fileName/WindSettings.cs: fd4589861bad89af0db49656ebd15085 -> b1503ba37498f340df72318c79543761
  custom:scripting/monoscript/fileName/MagicaWindZoneEditor.cs: c661c46290a6d7d87aa42af05a491a8c -> ff9218c02b054c120ca08165a276fb1c
  custom:scripting/monoscript/fileName/MagicaCapsuleCollider.cs: ab8eee707e9fbbfca5f22ad37d3271d5 -> ec78af7aa465ea4b912c524a1a0d5cca
  custom:scripting/monoscript/fileName/NormalAlignmentSettings.cs: b53e3d9586c7f0fb921ff16038438499 -> a1b3e2adcbadca2d7bd879c85246d9c7
  custom:CustomObjectIndexerAttribute: 3ead1caaecf1c488f20bcfeb224b6af5 -> 
  custom:scripting/monoscript/fileName/PreBuildManager.cs: f2ce4418ee4273a25c196169e1f1e817 -> fa1fd7e35b7206f7cdd286ddcc604bc7
  custom:scripting/monoscript/fileName/RenderData.cs: fb4a80ecef24c16a0b4f18e56572a8e0 -> bc1ed791eef5d5188277cba7597f8011
  custom:scripting/monoscript/fileName/ICount.cs: ddb9879da66b5f02e306450378889b2e -> 3ac8c3f612c729638382415378e78318
  custom:container-demuxer-webm: 4f35f7cbe854078d1ac9338744f61a02 -> 
  custom:scripting/monoscript/fileName/CheckSliderSerializeData.cs: 0e07ca5fc4f908807748532d98aa2b4d -> 848d2679060aed2e01bb579fcaa15043
  custom:scripting/monoscript/fileName/RenderSetupDataSerialization.cs: 99dec4cb41ccec04b4e05630ff3dd835 -> 1aada3719ec348993195a5bbebf8ccbd
  custom:scripting/monoscript/fileName/PreBuildSerializeData.cs: 42115ecb16e2d76a258261ae0805df62 -> cb5d0b3a07b4035b68a8e0d9f97f6fe9
  custom:scripting/monoscript/fileName/RenderSetupSerializeData.cs: 4ce28f9dc30e0e14d08bc15479c91e22 -> 480599f6e5fcbf1f658408f3a256047e
  custom:scripting/monoscript/fileName/MagicaPlaneColliderEditor.cs: c723a31a019f7d5bb2a904687f30cdb3 -> 4a6746c7e5292d6c96309e5aaa9dfaa3
  custom:scripting/monoscript/fileName/SelfCollisionConstraint.cs: 73dec34218cb1a522ea1ff9eea68d44d -> 459473796b36511a807f24a3bb0abd5c
  custom:scripting/monoscript/fileName/ColliderComponent.cs: 7cc1d599ab829b5d01f1df840d0d4079 -> e2ccc18c43cfab3cf888adb91ce8a6ac
  custom:scripting/monoscript/fileName/KinematicCharacterMotor.cs: 0d5e3592f89b59054791390eb3614410 -> 7abadb99cd5a35acb0f92e1c2861187e
  custom:scripting/monoscript/fileName/JobUtility.cs: c4dfe6ee63201dad4c3e7198a71404a7 -> 4f209b40c576d24e8106da8aacb0f3a8
  custom:scripting/monoscript/fileName/CreateSingleton.cs: 90647cc400823b41df847a6cbfc29026 -> 
  custom:scripting/monoscript/fileName/TeamManager.cs: 0cd063b20cac75289823f6900e21e367 -> 4da9a0b56d685ff0f839c7e6fbbbc1d8
  custom:scripting/monoscript/fileName/VirtualMesh.cs: 7552bfee6a3be7b62588f689f880c19f -> 27698d6a4ae81536ab905be6579a9174
  custom:scripting/monoscript/fileName/StressTestManager.cs: 1c609634d12d8e98165601e47cdd1514 -> acd16b505ea60f63f6333d14ffbd3164
  custom:scripting/monoscript/fileName/VirtualMeshMapping.cs: fcb0584fdf26e54df1d630a00c5e993d -> 21242f34caaab03958980d3d94627d89
  custom:scripting/monoscript/fileName/MagicaCapsuleColliderGizmoDrawer.cs: 2ff50f972c6feda89ca232df981106df -> 0c7ecb3bce805734acfccb8ff43207f4
  custom:scripting/monoscript/fileName/GameObjectContainer.cs: d939f8263ca4cd22d999d8d72e194c0f -> 
  custom:scripting/monoscript/fileName/SpringConstraint.cs: 4309a02a2d9ab70508c0f86763023c73 -> cab3c716581dc8f37828859074934103
  custom:scripting/monoscript/fileName/StaticStringBuilder.cs: ffd2a4b8384a528471e9e1a77241e319 -> 10246fda492bf34200af9f3f5488dffe
  custom:scripting/monoscript/fileName/MagicaWindZone.cs: e21bb7e579d68bf20111c421a93be485 -> 82e18fbe58e45870208289a55931bae0
  custom:scripting/monoscript/fileName/ExampleAIController.cs: 9aaccf76d3f810440e343a44e097dfdb -> cd326ad64c0f78331ba063c38dd37c4b
  custom:scripting/monoscript/fileName/PhysicsMover.cs: 2f154c8e70aa13158f0d7f017007ed95 -> 072838628911965d889ea80b88a08759
  custom:scripting/monoscript/fileName/KinematicCharacterSystem.cs: f2277876cb64ff69eb9cc05f4dc9663d -> ad6c06b7e0a84bff00c79168b92da11c
  custom:scripting/monoscript/fileName/ClothInitSerializeData.cs: 8bc8e1c0e59083c8c04b154a8a629489 -> b120e6609bc94dc32dc1e63e95b07aca
  custom:scripting/monoscript/fileName/VirtualMeshInputOutput.cs: 2238023eb78e30c65519444841be54b7 -> 1ace1023dcf9d9ebdb3a2452700bb7eb
  custom:scripting/monoscript/fileName/SimpleInputManager.cs: 6831c401751904bdb67153a9fb16a392 -> 
  custom:scripting/monoscript/fileName/MathUtility.cs: cfe2e915ebf453c00435844babbf4d01 -> a652c6df6cf2f96425ba659ae3b794b8
  custom:scripting/monoscript/fileName/ExBitFlag16.cs: 2482c23dfc65bcedf11788affa0a3181 -> cb50d8ab63ccd9a96e69f490c04093d4
  custom:scripting/monoscript/fileName/AboutMenu.cs: b64620ab73e0954e754d4aacfac5b782 -> db41d041748faa5d45bd52a98bf84fa5
  custom:scripting/monoscript/fileName/SimpleDistanceReduction.cs: 933c7cd28e3d7572e726f83f6ef0ad1f -> 78fee0a822ae057b6d6adfc21f6795c0
  custom:scripting/monoscript/fileName/AngleConstraint.cs: 37914cb213974ef133d8a5508c53deda -> bb819c9737353b12bc7b1358b7169178
  custom:scripting/monoscript/fileName/TransformDataSerialization.cs: 9847871c7793d2cd92d075ecd39078b5 -> 75edcafbe1e8a71d09671c35dbea500b
  custom:scripting/monoscript/fileName/CheckSliderSerializeDataDrawer.cs: e7befe2611942c33360a46fc0feb95b9 -> 16cd25901e302a4e9872d2ccb2ce1df2
  custom:scripting/monoscript/fileName/ClothProcess.cs: 73aca10b858b5a8b5e5ffa8b02e8e111 -> bc21303536198357fd1cfeabd0fb2609
  custom:scripting/monoscript/fileName/ReadOnlyAttribute.cs: 7a5665f3537d02faa2c5bb60af939600 -> 96764eaba00605562c1b45285314cfbd
  custom:scripting/monoscript/fileName/DampingFollower2.cs: 5e8351f0378e5a20dd12935d677409b1 -> 55040f0337ac5c99e1f9ec3ed1633068
  custom:scripting/monoscript/fileName/SimulationManager.cs: 0941cdefe0c550f115392f11cd19c486 -> f8cd51dc537376639c0529226c66cd63
  custom:scripting/monoscript/fileName/ExNativeArray.cs: 8f6297df34271fdb1ce2d9607ec6261d -> 90647cc400823b41df847a6cbfc29026
  custom:scripting/monoscript/fileName/CustomSkinningSettings.cs: 7077c7e17f568973b7e8f7b4272eeba2 -> da057a58aada945120dea8754a6b8afb
  custom:scripting/monoscript/fileName/IManager.cs: 4151e6edda0ce5aaafc96f6bb33141d5 -> 0a6bbfe576120f6fc7200dc60ea78d6e
  custom:video-encoder-webm-vp8: eb34c28f22e8b96e1ab97ce403110664 -> 
  custom:scripting/monoscript/fileName/RuntimeDressUpDemo.cs: a29bd3c145247480912f611c5faee400 -> 
  custom:scripting/monoscript/fileName/MagicaManager.cs: 2c183d6dbd214716132e45978ba88593 -> a3328091f5da145b9d5ca02eb4a22864
  custom:scripting/monoscript/fileName/RenderManager.cs: dc2bdde0bd930b8c9b5a421a941ce027 -> f6bd65f7e3ff1c49222cbc033602c267
  custom:scripting/monoscript/fileName/BuildManager.cs: fbce394598dc23390070552d063e2a6d -> aa4749ab7220c6aa42864632abb386d4
  custom:scripting/monoscript/fileName/MyCharacterController.cs: 1c1eeb469138d6a1892eba1dff208b89 -> 2bf9295a63e8adac4663c1b619046056
  custom:scripting/monoscript/fileName/NativeReferenceExtensions.cs: 9e5bc0dcbe45638f9e38d7e2af55b342 -> 5d6597d7556862ff70f7a173125ae330
  custom:scripting/monoscript/fileName/Develop.cs: 32794a39081d28b0643c903962b033ef -> d3296c2f7f82d45fde14eb2a50a806a9
  custom:scripting/monoscript/fileName/MagicaClothEditor.cs: ea8cc2e64e26896cde496e03b6857a5a -> cb536e781647f2e982c9ae3e2da6467b
  custom:scripting/monoscript/fileName/CurveSerializeData.cs: 8fe293351875db32b0b02b372b2fb244 -> 773d83f73b643739a6c71fdea3b2f867
  custom:scripting/monoscript/fileName/CameraOrbit.cs: b9a4e87d7cb39fac61aa393b15c1d4d1 -> 
  custom:scripting/monoscript/fileName/PrefabLauncher.cs: 35f63be85a3af590b9f863d632411b83 -> b4b0c66fef61090988a9cc1b7cdb0803
  custom:scripting/monoscript/fileName/ExCostSortedList4.cs: 0e06df17a85c8082aa873b85cf992fc0 -> e1a3a13a27962aeb50ceccad2791889d
  custom:scripting/monoscript/fileName/ResultCode.cs: 9cac13c8a510fea98575b98c7cae8ddc -> 5e11ac4274a04c44ac2bb629c21487bd
  custom:scripting/monoscript/fileName/ClothParameters.cs: 83dbdee31f64c4f3f8573b6aeddfd503 -> 4f5aa61b57001d19fac03aa0ccfe6236
  custom:scripting/monoscript/fileName/MeshUtility.cs: 9ff0dd3e39238c4b16e7a595b5b926ac -> 37104eb97c52a28964d855ec12d2288b
  custom:scripting/monoscript/fileName/PlayableMover.cs: 3831b998512b5178fa750a137cc6608a -> 5c53a3094912916edf02d2756a18ab22
  custom:scripting/monoscript/fileName/SameDistanceReduction.cs: f461338cca74d17697fde1fcbb136523 -> db72d77af22a6533e6a52cfbe40da342
  custom:scripting/monoscript/fileName/ColliderCollisionConstraint.cs: 12c2cc19e6f048e91a667bef28bfc4fe -> acd6002fcb6fa0734677e98b77c79820
  custom:scripting/monoscript/fileName/ClothSerializeData.cs: ddfd317b194706acaf85b3eeb08ddd20 -> ac311fde64b9828755c95893ba2c9957
  custom:scripting/monoscript/fileName/Gunscript.cs: a660c0c1adb4f8d677ca878508521f22 -> 28cbabfb973d9b72d8a5774670da38c4
  custom:scripting/monoscript/fileName/SelectionData.cs: 6f3b7d049f16b6f66f7dc550452a9042 -> 00bd27903e949f5cbf8634cd98c8df52
  custom:scripting/monoscript/fileName/MyLadder.cs: d535a88eeb66427d456d830506cef3f1 -> f3f0198d4cfc7b1ad14ec0bf5e9e8a91
  custom:scripting/monoscript/fileName/GizmoUtility.cs: a6bbef6591e9ecb219ac92110a2c8f0f -> e22a7d6e07ed9350fa7fe5ac9789e8cb
  custom:scripting/monoscript/fileName/MagicaClothAnimationProperty.cs: 8f6297df34271fdb1ce2d9607ec6261d -> 90647cc400823b41df847a6cbfc29026
========================================================================
Received Prepare
Caller must complete domain reload
Begin MonoManager ReloadAssembly
- Loaded All Assemblies, in  0.746 seconds
Native extension for WindowsStandalone target not found
[MODES] ModeService[none].Initialize
[MODES] ModeService[none].LoadModes
[MODES] Loading mode Default (0) for mode-current-id-ProjectNW
Mono: successfully reloaded assembly
- Finished resetting the current domain, in  2.190 seconds
Domain Reload Profiling: 2931ms
	BeginReloadAssembly (219ms)
		ExecutionOrderSort (0ms)
		DisableScriptedObjects (5ms)
		BackupInstance (0ms)
		ReleaseScriptingObjects (0ms)
		CreateAndSetChildDomain (64ms)
	RebuildCommonClasses (40ms)
	RebuildNativeTypeToScriptingClass (12ms)
	initialDomainReloadingComplete (43ms)
	LoadAllAssembliesAndSetupDomain (426ms)
		LoadAssemblies (502ms)
		RebuildTransferFunctionScriptingTraits (0ms)
		AnalyzeDomain (34ms)
			TypeCache.Refresh (10ms)
				TypeCache.ScanAssembly (0ms)
			ScanForSourceGeneratedMonoScriptInfo (0ms)
			ResolveRequiredComponents (23ms)
	FinalizeReload (2191ms)
		ReleaseScriptCaches (0ms)
		RebuildScriptCaches (0ms)
		SetupLoadedEditorAssemblies (1238ms)
			LogAssemblyErrors (0ms)
			InitializePlatformSupportModulesInManaged (10ms)
			SetLoadedEditorAssemblies (9ms)
			RefreshPlugins (0ms)
			BeforeProcessingInitializeOnLoad (234ms)
			ProcessInitializeOnLoadAttributes (794ms)
			ProcessInitializeOnLoadMethodAttributes (181ms)
			AfterProcessingInitializeOnLoad (10ms)
			EditorAssembliesLoaded (0ms)
		ExecutionOrderSort2 (0ms)
		AwakeInstancesAfterBackupRestoration (18ms)
Refreshing native plugins compatible for Editor in 7.55 ms, found 4 plugins.
Preloading 0 native plugins for Editor in 0.00 ms.
Unloading 6421 Unused Serialized files (Serialized files now loaded: 0)
Unloading 39 unused Assets / (2.1 MB). Loaded Objects now: 7113.
Memory consumption went from 266.9 MB to 264.8 MB.
Total: 4.332500 ms (FindLiveObjects: 0.549700 ms CreateObjectMapping: 0.307700 ms MarkObjects: 3.149400 ms  DeleteObjects: 0.324700 ms)

Prepare: number of updated asset objects reloaded= 0
AssetImportParameters requested are different than current active one (requested -> active):
  custom:scripting/monoscript/fileName/IntAABB.cs: 9a527d1dd2743051e5032583d249f25e -> 77ab9d4a0318f4a79d3b389c3c4e9d9a
  custom:scripting/monoscript/fileName/CustomCharacterController.cs: 991ec2f0b9c71800eff624ec9c7c2812 -> 330d4af23f31379d0b2f858a6f04daed
  custom:scripting/monoscript/fileName/ExProcessingList.cs: 8f6297df34271fdb1ce2d9607ec6261d -> 90647cc400823b41df847a6cbfc29026
  custom:scripting/monoscript/fileName/VirtualMeshManager.cs: 025ecd168d3e60b2a075d1174e95e451 -> 0411bc55740f807ff0b8e6951b0fbce0
  custom:scripting/monoscript/fileName/AINavigationScript.cs: 6ac73b722bdc86618a67526f3c740222 -> 918499a653ffeb9876ca67b59f4c8b61
  custom:container-demuxer-ogg: 62fdf1f143b41e24485cea50d1cbac27 -> 
  custom:scripting/monoscript/fileName/TeamWindData.cs: 4114334bbd9e82ae1e58427b00a91183 -> 2bde5203167884ad1037b08fccb310fa
  custom:scripting/monoscript/fileName/ModelController.cs: bea16b14a88e953d61c43c7f51e1e896 -> 
  custom:scripting/monoscript/fileName/ReadOnlyPropertyDrawer.cs: 35db2da0314d589fdefd04812fa039bb -> afce2f5ccf97a914ac200dedb82cc9b4
  custom:scripting/monoscript/fileName/UniquePreBuildData.cs: 59728aea48905724285eb6e6d899ba0d -> c9cceb43f445b13254e984efa514a974
  custom:scripting/monoscript/fileName/DrawIconInHierarchy.cs: bd52cd42a20e434069037f4189ff6931 -> f650e5001a214e5de2037f9a4af79342
  custom:scripting/monoscript/fileName/ZombieStart.cs: 7d06bd719df46fcef41c1b4f5d6bc576 -> 4fbdcece5fd52dca572e6f63be5564b0
  custom:scripting/monoscript/fileName/MyPlayer.cs: 531a9b322d8a310f1507ce93fd05d983 -> 77deba9ef009953a2a3595a65be03083
  custom:scripting/monoscript/fileName/FixedList128BytesExtensions.cs: 88681b12c02a19875054a9e2a64a0937 -> 1f51cc83ae544e876c0113713e65630e
  custom:scripting/monoscript/fileName/MagicaCapsuleColliderEditor.cs: 9e1f901390e61bab7e08060e8151a761 -> dc448efa9059615557164356ce976837
  custom:scripting/monoscript/fileName/ClothProcessData.cs: 41f43fa1cd7c12c4980e8af57b16cea1 -> 7365cb13ce0844a8bfb5c58e9077a625
  custom:framework-win-MediaFoundation: 216162199b28c13a410421893ffa2e32 -> 
  custom:scripting/monoscript/fileName/VirtualMeshReduction.cs: 2238023eb78e30c65519444841be54b7 -> 1ace1023dcf9d9ebdb3a2452700bb7eb
  custom:scripting/monoscript/fileName/DataChunk.cs: 54d5250cc1c266563b0a21c3164853c4 -> 3b897fa7b0da2bc7f93673ca53254aa5
  custom:scripting/monoscript/fileName/PreBuildDataCreation.cs: 0897adf7b8487d4e24f1c1409406a479 -> fc9ccbb693088dfbc757f7a75c84aa55
  custom:scripting/monoscript/fileName/ClothInspectorUtility.cs: 220832f153ad997ff7b3f5ac922e8236 -> 15adcf13a470622c1ca98e53f456ebc8
  custom:scripting/monoscript/fileName/CullingSettings.cs: bcfd29a6f20813a35eff499e5862b322 -> a646c82c1bacfcef0690cc37a45503c4
  custom:scripting/monoscript/fileName/MagicaPlaneCollider.cs: 6ccde11e116508bb2ca9147d2fdff535 -> 6d9571b3eaaa749a9fc6fc57d6b27093
  custom:scripting/monoscript/fileName/MathExtensions.cs: 0433759eeb2f6fdf368700fec0d833be -> a40db7dff9257e4576a536d71d10c9a5
  custom:scripting/monoscript/fileName/ClothProcessGeneration.cs: b881ebba61f68082d29dbdd0ca6ee597 -> 27ee3d1636d45c209a6c7d8fa0d795b6
  custom:scripting/monoscript/fileName/ClothDebugSettings.cs: 8a157f52b16725da451277c9272a179a -> 24e92330c2d935719e96d080aaff272c
  custom:scripting/monoscript/fileName/TransformManager.cs: 8a9d908ad09cccc62b5ddf706a53285e -> 9158104df6fb852b03b2f003f533e9a9
  custom:scripting/monoscript/fileName/GizmoSerializeData.cs: 9c5105f7ceda3607ffe9ef00f6779a33 -> b2477ec12056a7a9d963fcf060397b19
  custom:scripting/monoscript/fileName/MotionConstraint.cs: 5a0af88a7c6885d94e92e7aa84e7763b -> fc366e5c02b96b820363e4716eaad3fd
  custom:scripting/monoscript/fileName/ClothManager.cs: d1004d41d6b609cedec6da095e52a385 -> 78cf94320bd04de875940f2a50705d53
  custom:scripting/monoscript/fileName/VirtualMeshOptimization.cs: c6976fd28dad593cbb5f977c0a96b926 -> f1c5ce36913112df5bbba1ed8494652c
  custom:scripting/monoscript/fileName/SystemDefine.cs: 9d3875cd5ab89dc2e1eb0affa648c2f6 -> be8f9d52bb9e98dc14ffb1df23681a3d
  custom:scripting/monoscript/fileName/PreBuildScriptableObject.cs: 948363240bf01b794b6a51c2d7f5160d -> 87ec8f3fc7e376abc4aa5c1d9f28104e
  custom:scripting/monoscript/fileName/ExampleMovingPlatform.cs: 23619ea959868e760b0859723c1d4419 -> 2401513d43b62febc61b24e9194f3a26
  custom:scripting/monoscript/fileName/SharePreBuildData.cs: 9f40cc2e18fa0ef4c20ac9ab3d86131a -> 33b37c80d11b95fb4a37003e190c9292
  custom:scripting/monoscript/fileName/TransformRecord.cs: 51c1d9b80027698905d2520bd3df8146 -> 83d8e5c01066f712375c3b9a5770d364
  custom:scripting/monoscript/fileName/ExamplePlayer.cs: 654681d8de7a5d8a6cfa8ab38bc942ca -> d4ad481cf668130ce4f703a9a25c9d4a
  custom:scripting/monoscript/fileName/VirtualMeshSerialization.cs: 86f2556da89009807a098223d6e324c1 -> d8d1c3784b43f28c8486a65ec95118cc
  custom:scripting/monoscript/fileName/MagicaWindZoneGizmoDrawer.cs: 67f520593258483b45bd90eaa08c3ed3 -> 6aa071e71f8bb2f3760d43fdf50731a4
  custom:scripting/monoscript/fileName/ClothEditorManager.cs: 12ba06eb0b3db76d4f6d32bec524a803 -> 93fa450979aa60eb335ce907a90223dd
  custom:scripting/monoscript/fileName/Exception.cs: 35c131e54088a63516c8e410461affe5 -> ad8761de2beb4d34402ff60d2204d52f
  custom:scripting/monoscript/fileName/InertiaConstraint.cs: f815c19e4c9c7b7b04f11d3cc33d930c -> 8b5b5aa48b6a4f8bd36a2c292409fd14
  custom:scripting/monoscript/fileName/ICharacterController.cs: 6bc6d9f615ef1b6a739fe7312ede89ce -> 396e6cd62c2b51438db9279f98575edf
  custom:scripting/monoscript/fileName/MagicaClothAPI.cs: 8f6297df34271fdb1ce2d9607ec6261d -> 90647cc400823b41df847a6cbfc29026
  custom:scripting/monoscript/fileName/ShapeDistanceReduction.cs: b7a18f3b7553dfdcd05be6f2bb4517f2 -> 08ff6df78038c57f75410035d2fc1bd6
  custom:scripting/monoscript/fileName/NativeMultiHashMapExtensions.cs: 7e7449e468c836c358973bfdca687ec6 -> f450b25214d2811a80f23815296a25d4
  custom:scripting/monoscript/fileName/ExSimpleNativeArray.cs: a53f96815da50de15010b1c479bc70cf -> 0cdf409b5aa8d4c25876d72b5c6a3b60
  custom:scripting/monoscript/fileName/TimeManager.cs: c1b273d03fb03b83c5e352d1a4d9df45 -> f8e1d1358c074da4d3dc879778c69da2
  custom:container-muxer-webm: aa71ff27fc2769a1b78a27578f13a17b -> 
  custom:scripting/monoscript/fileName/AutoRotate.cs: b0425fd219ab7509f7a53d86cd7f94c4 -> 
  custom:video-decoder-webm-vp8: 9c59270c3fd7afecdb556c50c9e8de78 -> 
  custom:scripting/monoscript/fileName/GridMap.cs: a53f96815da50de15010b1c479bc70cf -> 0cdf409b5aa8d4c25876d72b5c6a3b60
  custom:scripting/monoscript/fileName/ClothSerializeData2.cs: 7db65a3dd22d524f3277638d10f24090 -> 71f97b11e8d1725909afaf06747a9193
  custom:SearchIndexIgnoredProperties: e643bd26f0fe6173181afceb89e7c659 -> 
  custom:AudioImporter_EditorPlatform: d09bf68614088b80899f8185d706f6e7 -> 
  custom:scripting/monoscript/fileName/ReductionWorkData.cs: 0d70804e8532074b10fc9fba5e9db17b -> 96a96f9c7f7a5caf1139f96c1ca35c14
  custom:scripting/monoscript/fileName/CurveSerializeDataDrawer.cs: b7efc6486937755bef4e27abe2715293 -> af35a4621ee133b850f091ab77e0d601
  custom:scripting/monoscript/fileName/Monster1.cs: 99da3f52ad315036b29c75f073dc67ad -> a4f4390e67ff37c114adac449e7d5cf1
  custom:scripting/monoscript/fileName/VirtualMeshTransform.cs: 7030e22e58abd62217590890cf343245 -> 942208c6f1b42f3169a2bee2074fae42
  custom:scripting/monoscript/fileName/Teleporter.cs: 32d72410c9ad167bdbeba0f6cb90b598 -> f41f01aff98b9258db7be9922234250b
  custom:scripting/monoscript/fileName/TimeSpan.cs: c2f295ffeae9ed44d2924aef486c9bb3 -> 57770b47f5544261132220b254f9993a
  custom:scripting/monoscript/fileName/InterlockUtility.cs: 1da19a9db6d92eb8100883f81cc65eff -> 960c846d9825eddae9fd02f5b8d70774
  custom:scripting/monoscript/fileName/IValid.cs: 9748772a5b18f36649d7c28383fcc526 -> 57084b2b4372511e2ea032a0ead14398
  custom:scripting/monoscript/fileName/RuntimeBuildDemo.cs: d7c2d57e323de1c167849ef21b3aed2b -> 
  custom:scripting/monoscript/fileName/ExTransformAccessArray.cs: 9db3d81568411faed3e813d73ce14b55 -> d0990a418054b4c4f267332e5ec66894
  custom:scripting/monoscript/fileName/MagicaSphereColliderGizmoDrawer.cs: 1eab5f18c59ed98723b1e0217700c9f9 -> 8e9d554b0ab14902b8769eea1921acdf
  custom:scripting/monoscript/fileName/IDataValidate.cs: 5f168f811782d27b7ba860d1a06573df -> 412e67a033e3206b801eaab129c7d25b
  custom:scripting/monoscript/fileName/FixedList64BytesExtensions.cs: a12a542a2eef338e5a97f1cc134f9db4 -> 13db6e5aaf2f216d90adc78a6329140f
  custom:scripting/monoscript/fileName/ExCostSortedList1.cs: b4278f2770030ebbd657f282aff50304 -> cf7e7a1720349c1af71e44dffc240bf5
  custom:scripting/monoscript/fileName/RenderSetupData.cs: 9258e63a7d9459e2c472345217fcb220 -> e0d32fab968ec9de90f675ce149cada0
  custom:scripting/monoscript/fileName/FixedList512BytesExtensions.cs: 8bcb87dba8710a76fbbb71450a67ea1f -> 4dc8f76e75f32521d830c034f48d8387
  custom:scripting/monoscript/fileName/IMoverController.cs: 53f4e37e04c2c100a1b8ea80756122ca -> e20db6755f849a3fa83f14c701551de0
  custom:scripting/monoscript/fileName/FixedList4096BytesExtensions.cs: 4fe80be60772efde291cde0311eda7e1 -> 05351cda9beac716c03fe49d50608231
  custom:scripting/monoscript/fileName/MagicaSphereColliderEditor.cs: 6cd3a2037f13623e27da51ee3f8143aa -> 3cb438f6dde54ebf045856d50a94a1f0
  custom:scripting/monoscript/fileName/WindDemo.cs: 67c3768c75e5442cd6f4e2e268724ef2 -> 
  custom:scripting/monoscript/fileName/MagicaSettingsEditor.cs: 9634e89e129192b4e19d797c0f41d29f -> 967b2e4a7d469f701d86fda09ba4a2d8
  custom:scripting/monoscript/fileName/PlanetManager.cs: 2a8cd53b43b43d54a4a121214a98b9a3 -> f8d313b4ac34bf0728e8605cf244c91e
  custom:scripting/monoscript/fileName/TetherConstraint.cs: c3e35566f81f44714c9d34d444f2b173 -> 4ae222b0410673a5ec8cc5436bb329ee
  custom:scripting/monoscript/fileName/MagicaPlaneColliderGizmoDrawer.cs: 8e3608288e0bfb30951eebf6a5b45fab -> 7a6c54d86bfe0c977add7e86eab84e6d
  custom:audio-decoder-ogg-vorbis: bf7c407c2cedff20999df2af8eb42d56 -> 
  custom:scripting/monoscript/fileName/MagicaClothGizmoDrawer.cs: cc63fb377c1128b4cdf3c39083619cd2 -> 46734d9334cbb88301b263c481473882
  custom:scripting/monoscript/fileName/WindParams.cs: 428b74318e26cfca626770dfbf7be0c8 -> c5ac6a7b69a0915b48280e22c1b5e700
  custom:scripting/monoscript/fileName/ReductionSettings.cs: 0fc689cbbd0983120665b012cfe5512b -> a8556e131a5aec5d5951928e0dbb8ed7
  custom:scripting/monoscript/fileName/DistanceConstraint.cs: 802510e0c72cdae78b5d452844a72553 -> 2a4c00cc9a959bba85c4bb0a40559866
  custom:scripting/monoscript/fileName/ClothPainter.cs: 7e3fbb6dde34994e7fd4dd202c7f693c -> 222196fec1650231f7a0f1cb844992ac
  custom:scripting/monoscript/fileName/VirtualMeshRaycastHit.cs: b798ecb0721443857fd31410ced18406 -> 1cfdf329dc2f54b0a4c60b4a10992d45
  custom:scripting/monoscript/fileName/ColliderManager.cs: f4ca0a71ad1824f0265995ae6092db71 -> 0a660c9ef032cddd4dd0334acb142227
  custom:scripting/monoscript/fileName/ClothEditorUtility.cs: 324091eb65b75bfec453aad6ce76ab1f -> 0a4a3efc3f84d6bc70c114ae2ba1ecbd
  custom:scripting/monoscript/fileName/ITransform.cs: 8b80bf0fe1c0bc5337e4079d77c6eb0f -> ea29ab9b558bb6a3a0fd428e729ee660
  custom:scripting/monoscript/fileName/MyMovingPlatform.cs: f0ab9dbcdf1489b51efdb765d6fb7530 -> 19346c0229a17a2e718796ce6b99cf2a
  custom:scripting/monoscript/fileName/SliderText.cs: f9370152ee5c65379bca07263db6a3de -> 
  custom:scripting/monoscript/fileName/NativeParallelHashMapExtensions.cs: 84c331f68cc66961c8c67b4c2efa7a94 -> a59e205a3858071d9123850841e9967f
  custom:scripting/monoscript/fileName/VirtualMeshContainer.cs: 62a1cb2fc6e5b95fe38fba646fc2a98d -> ea9f342fcc6e37d2f8d0d2584acd660a
  custom:scripting/monoscript/fileName/MagicaEditorBase.cs: 263bc765b2bc74040fd49b1483b78b62 -> fe62013c7e5190961384c287bf25648d
  custom:audio-encoder-webm-vorbis: bf7c407c2cedff20999df2af8eb42d56 -> 
  custom:scripting/monoscript/fileName/VirtualMeshProxy.cs: f8d7b6bd726ecdcc9d2612920b21f1f7 -> af242f96276bca56fd517ade53941050
  custom:scripting/monoscript/fileName/StepReductionBase.cs: 9fbcb6f4e615f384e1c06afef32ea3ef -> d4c211b6af8eaf0620a84a1744bcf51c
  custom:scripting/monoscript/fileName/SightAttachScript.cs: 9fa5ea04a9e6f2310f590385939f416d -> c5d46e975a9dd84ceb42578a601ebfdd
  custom:scripting/monoscript/fileName/ClothSerializeDataFunction.cs: afb4d92e670053c3fa574a99067338a3 -> 7b6d5ff8504adaa817f3a956c12941e7
  custom:scripting/monoscript/fileName/FixedList32BytesExtensions.cs: d461b530c5c179f6e749c64fbffb0d7c -> 81e49ef8121742a0605f3de0ca565434
  custom:scripting/monoscript/fileName/TransformRecordSerializeData.cs: 03870cd7b9ed566e0f335f89aa12cf2d -> a3caf0376abc0aa5eb27e85965df0f76
  custom:scripting/monoscript/fileName/MagicaSphereCollider.cs: 64b3a3190b38bc88ba1e4ed6f48c6dbb -> 8b0c65c0f9969f2f081c930935ab22b6
  custom:scripting/monoscript/fileName/FrameratePanel.cs: 06f57082c107b8c57f15e0aa8c7858b8 -> e8de6f6b4952cffa623ea5fb3df6668a
  custom:scripting/monoscript/fileName/ExampleCharacterCamera.cs: 7dbe3465942debab12623a3a0775ebac -> cd2ca6423fbfe377769fc14eacb2e3c4
  custom:scripting/monoscript/fileName/PauseStateHandler.cs: 5859998f7b806f08d32f8d52cb3faac2 -> 14acff9d3c3458f79905bb5138cdc3c4
  custom:scripting/monoscript/fileName/MenuItemScript.cs: b59f95ed436d2e6916c4e275ae70b407 -> 1fde790145e3132289da3602503493df
  custom:scripting/monoscript/fileName/SharePreBuildDataDrawer.cs: 3b87b033e34f58df44cce04c60e8beca -> 1c21feb0afd4c1c10c2d227c9b894ef2
  custom:scripting/monoscript/fileName/MagicaSettings.cs: f509994cbc18b951f897d64733532d51 -> dc4c43ae67e9857f950e95c51a99b740
  custom:scripting/monoscript/fileName/VertexAttribute.cs: 8804aa14f9667fa076f0f9d39957c9d9 -> 60c33624d78039b8862840e283fedc74
  custom:scripting/monoscript/fileName/ClothAssetPostprocessor.cs: 9b69db1e271babad781288259ed9ae01 -> b62fc32fe36c29e9ee40ae85c01ea1a4
  custom:scripting/monoscript/fileName/VirtualMeshWork.cs: 4fa8c7087bbebf0b57f03d52a12089eb -> 2a7a1948930b51ceaa5752250772a7e0
  custom:scripting/monoscript/fileName/DataUtility.cs: a08efe19e0d1acf01a1c53b2e7655517 -> 4672f3fa6abd86e83d0b2305a679112a
  custom:scripting/monoscript/fileName/KCCSettings.cs: beb74d06317b4a51f75f6bde10e9caff -> d55935d076acd426723225fdd45f8bde
  custom:scripting/monoscript/fileName/TriangleBendingConstraint.cs: 7851b0bc113bc30c71574c5c72336c6c -> 8b821a46323c7e6fb59c7596b6df4d0b
  custom:scripting/monoscript/fileName/ClothBehaviour.cs: ea558173a0fb8a6a50fb8d0c29595557 -> 7f2fba1aa09773ae89638735c144fd0e
  custom:scripting/monoscript/fileName/DampingFollower.cs: 880e60ac69f0f7a21bee000dccf66992 -> 3fba2e075838884af9ed681a6fef6346
  custom:scripting/monoscript/fileName/MinimumData.cs: 8f6297df34271fdb1ce2d9607ec6261d -> 90647cc400823b41df847a6cbfc29026
  custom:scripting/monoscript/fileName/ResultDefine.cs: f3d615c385dd8fd972f8307ad16d9122 -> e957db3ecab6193d61553ab40822313b
  custom:video-decoder-ogg-theora: a1e56fd34408186e4bbccfd4996cb3dc -> 
  custom:scripting/monoscript/fileName/MultiDataBuilder.cs: 8f6297df34271fdb1ce2d9607ec6261d -> 90647cc400823b41df847a6cbfc29026
  custom:scripting/monoscript/fileName/ExampleCharacterController.cs: 9a2c5a9cb0dd8706380ffe8bbb2fc7fe -> 061606472fcf5f7e809f3f4cd2af8bc4
  custom:scripting/monoscript/fileName/TargetFPS.cs: d21bec3fc301fa0c1d1ab67a19091daf -> 
  custom:scripting/monoscript/fileName/MagicaManagerAPI.cs: 2c183d6dbd214716132e45978ba88593 -> a3328091f5da145b9d5ca02eb4a22864
  custom:scripting/monoscript/fileName/NativeArrayExtensions.cs: 0b2929ff4a9407f3a708aa68f4388753 -> da36b6bd8777d47d28aacbdda7c613f0
  custom:scripting/monoscript/fileName/WindManager.cs: 9b4198add6967e8239d870e14ac08791 -> ec1976344e7c4cda9de48be79b962ac5
  custom:scripting/monoscript/fileName/EquipmentDataManager.cs: 084624a0f486826ce9a66fc28027121a -> 4547df89faaaee0f0536944bc241f653
  custom:scripting/monoscript/fileName/ExBitFlag8.cs: a2451fda1019b9f38214bc13821f61a9 -> cc6e7215ec5105c91e3eb495f939209c
  custom:scripting/monoscript/fileName/VirtualMeshBoneWeight.cs: bed0988ca1bb95fb7d1a9a497fcf993c -> 53f00c9c752d771c1603afb0b8e6f2e3
  custom:scripting/monoscript/fileName/ClothPresetUtility.cs: 55bd4ddc23f252a76c703de2fc8d123f -> 71aaeabb33d30623dc1082085b12bcf3
  custom:scripting/monoscript/fileName/KinematicCharacterMotorEditor.cs: c7c99f94a54ea1510a6bcc5d30360558 -> b412289039b7d248fc42562d8e94a91e
  custom:scripting/monoscript/fileName/AABB.cs: 5802204bcbd919a15271efa1d42e13a7 -> 3cad86354589dd9108e9fef4c832a531
  custom:scripting/monoscript/fileName/UnityTimeSpan.cs: 24e2604c172069e8ced39abe2377fdc5 -> 1061facba5f1f643659cf58cc8ca83f7
  custom:scripting/monoscript/fileName/TransformData.cs: 9847871c7793d2cd92d075ecd39078b5 -> 75edcafbe1e8a71d09671c35dbea500b
  custom:scripting/monoscript/fileName/WindSettings.cs: fd4589861bad89af0db49656ebd15085 -> b1503ba37498f340df72318c79543761
  custom:scripting/monoscript/fileName/MagicaWindZoneEditor.cs: c661c46290a6d7d87aa42af05a491a8c -> ff9218c02b054c120ca08165a276fb1c
  custom:scripting/monoscript/fileName/MagicaCapsuleCollider.cs: ab8eee707e9fbbfca5f22ad37d3271d5 -> ec78af7aa465ea4b912c524a1a0d5cca
  custom:scripting/monoscript/fileName/NormalAlignmentSettings.cs: b53e3d9586c7f0fb921ff16038438499 -> a1b3e2adcbadca2d7bd879c85246d9c7
  custom:CustomObjectIndexerAttribute: 3ead1caaecf1c488f20bcfeb224b6af5 -> 
  custom:scripting/monoscript/fileName/PreBuildManager.cs: f2ce4418ee4273a25c196169e1f1e817 -> fa1fd7e35b7206f7cdd286ddcc604bc7
  custom:scripting/monoscript/fileName/RenderData.cs: fb4a80ecef24c16a0b4f18e56572a8e0 -> bc1ed791eef5d5188277cba7597f8011
  custom:scripting/monoscript/fileName/ICount.cs: ddb9879da66b5f02e306450378889b2e -> 3ac8c3f612c729638382415378e78318
  custom:container-demuxer-webm: 4f35f7cbe854078d1ac9338744f61a02 -> 
  custom:scripting/monoscript/fileName/CheckSliderSerializeData.cs: 0e07ca5fc4f908807748532d98aa2b4d -> 848d2679060aed2e01bb579fcaa15043
  custom:scripting/monoscript/fileName/RenderSetupDataSerialization.cs: 99dec4cb41ccec04b4e05630ff3dd835 -> 1aada3719ec348993195a5bbebf8ccbd
  custom:scripting/monoscript/fileName/PreBuildSerializeData.cs: 42115ecb16e2d76a258261ae0805df62 -> cb5d0b3a07b4035b68a8e0d9f97f6fe9
  custom:scripting/monoscript/fileName/RenderSetupSerializeData.cs: 4ce28f9dc30e0e14d08bc15479c91e22 -> 480599f6e5fcbf1f658408f3a256047e
  custom:scripting/monoscript/fileName/MagicaPlaneColliderEditor.cs: c723a31a019f7d5bb2a904687f30cdb3 -> 4a6746c7e5292d6c96309e5aaa9dfaa3
  custom:scripting/monoscript/fileName/SelfCollisionConstraint.cs: 73dec34218cb1a522ea1ff9eea68d44d -> 459473796b36511a807f24a3bb0abd5c
  custom:scripting/monoscript/fileName/ColliderComponent.cs: 7cc1d599ab829b5d01f1df840d0d4079 -> e2ccc18c43cfab3cf888adb91ce8a6ac
  custom:scripting/monoscript/fileName/KinematicCharacterMotor.cs: 0d5e3592f89b59054791390eb3614410 -> 7abadb99cd5a35acb0f92e1c2861187e
  custom:scripting/monoscript/fileName/JobUtility.cs: c4dfe6ee63201dad4c3e7198a71404a7 -> 4f209b40c576d24e8106da8aacb0f3a8
  custom:scripting/monoscript/fileName/CreateSingleton.cs: 90647cc400823b41df847a6cbfc29026 -> 
  custom:scripting/monoscript/fileName/TeamManager.cs: 0cd063b20cac75289823f6900e21e367 -> 4da9a0b56d685ff0f839c7e6fbbbc1d8
  custom:scripting/monoscript/fileName/VirtualMesh.cs: 7552bfee6a3be7b62588f689f880c19f -> 27698d6a4ae81536ab905be6579a9174
  custom:scripting/monoscript/fileName/StressTestManager.cs: 1c609634d12d8e98165601e47cdd1514 -> acd16b505ea60f63f6333d14ffbd3164
  custom:scripting/monoscript/fileName/VirtualMeshMapping.cs: fcb0584fdf26e54df1d630a00c5e993d -> 21242f34caaab03958980d3d94627d89
  custom:scripting/monoscript/fileName/MagicaCapsuleColliderGizmoDrawer.cs: 2ff50f972c6feda89ca232df981106df -> 0c7ecb3bce805734acfccb8ff43207f4
  custom:scripting/monoscript/fileName/GameObjectContainer.cs: d939f8263ca4cd22d999d8d72e194c0f -> 
  custom:scripting/monoscript/fileName/SpringConstraint.cs: 4309a02a2d9ab70508c0f86763023c73 -> cab3c716581dc8f37828859074934103
  custom:scripting/monoscript/fileName/StaticStringBuilder.cs: ffd2a4b8384a528471e9e1a77241e319 -> 10246fda492bf34200af9f3f5488dffe
  custom:scripting/monoscript/fileName/MagicaWindZone.cs: e21bb7e579d68bf20111c421a93be485 -> 82e18fbe58e45870208289a55931bae0
  custom:scripting/monoscript/fileName/ExampleAIController.cs: 9aaccf76d3f810440e343a44e097dfdb -> cd326ad64c0f78331ba063c38dd37c4b
  custom:scripting/monoscript/fileName/PhysicsMover.cs: 2f154c8e70aa13158f0d7f017007ed95 -> 072838628911965d889ea80b88a08759
  custom:scripting/monoscript/fileName/KinematicCharacterSystem.cs: f2277876cb64ff69eb9cc05f4dc9663d -> ad6c06b7e0a84bff00c79168b92da11c
  custom:scripting/monoscript/fileName/ClothInitSerializeData.cs: 8bc8e1c0e59083c8c04b154a8a629489 -> b120e6609bc94dc32dc1e63e95b07aca
  custom:scripting/monoscript/fileName/VirtualMeshInputOutput.cs: 2238023eb78e30c65519444841be54b7 -> 1ace1023dcf9d9ebdb3a2452700bb7eb
  custom:scripting/monoscript/fileName/SimpleInputManager.cs: 6831c401751904bdb67153a9fb16a392 -> 
  custom:scripting/monoscript/fileName/MathUtility.cs: cfe2e915ebf453c00435844babbf4d01 -> a652c6df6cf2f96425ba659ae3b794b8
  custom:scripting/monoscript/fileName/ExBitFlag16.cs: 2482c23dfc65bcedf11788affa0a3181 -> cb50d8ab63ccd9a96e69f490c04093d4
  custom:scripting/monoscript/fileName/AboutMenu.cs: b64620ab73e0954e754d4aacfac5b782 -> db41d041748faa5d45bd52a98bf84fa5
  custom:scripting/monoscript/fileName/SimpleDistanceReduction.cs: 933c7cd28e3d7572e726f83f6ef0ad1f -> 78fee0a822ae057b6d6adfc21f6795c0
  custom:scripting/monoscript/fileName/AngleConstraint.cs: 37914cb213974ef133d8a5508c53deda -> bb819c9737353b12bc7b1358b7169178
  custom:scripting/monoscript/fileName/TransformDataSerialization.cs: 9847871c7793d2cd92d075ecd39078b5 -> 75edcafbe1e8a71d09671c35dbea500b
  custom:scripting/monoscript/fileName/CheckSliderSerializeDataDrawer.cs: e7befe2611942c33360a46fc0feb95b9 -> 16cd25901e302a4e9872d2ccb2ce1df2
  custom:scripting/monoscript/fileName/ClothProcess.cs: 73aca10b858b5a8b5e5ffa8b02e8e111 -> bc21303536198357fd1cfeabd0fb2609
  custom:scripting/monoscript/fileName/ReadOnlyAttribute.cs: 7a5665f3537d02faa2c5bb60af939600 -> 96764eaba00605562c1b45285314cfbd
  custom:scripting/monoscript/fileName/DampingFollower2.cs: 5e8351f0378e5a20dd12935d677409b1 -> 55040f0337ac5c99e1f9ec3ed1633068
  custom:scripting/monoscript/fileName/SimulationManager.cs: 0941cdefe0c550f115392f11cd19c486 -> f8cd51dc537376639c0529226c66cd63
  custom:scripting/monoscript/fileName/ExNativeArray.cs: 8f6297df34271fdb1ce2d9607ec6261d -> 90647cc400823b41df847a6cbfc29026
  custom:scripting/monoscript/fileName/CustomSkinningSettings.cs: 7077c7e17f568973b7e8f7b4272eeba2 -> da057a58aada945120dea8754a6b8afb
  custom:scripting/monoscript/fileName/IManager.cs: 4151e6edda0ce5aaafc96f6bb33141d5 -> 0a6bbfe576120f6fc7200dc60ea78d6e
  custom:video-encoder-webm-vp8: eb34c28f22e8b96e1ab97ce403110664 -> 
  custom:scripting/monoscript/fileName/RuntimeDressUpDemo.cs: a29bd3c145247480912f611c5faee400 -> 
  custom:scripting/monoscript/fileName/MagicaManager.cs: 2c183d6dbd214716132e45978ba88593 -> a3328091f5da145b9d5ca02eb4a22864
  custom:scripting/monoscript/fileName/RenderManager.cs: dc2bdde0bd930b8c9b5a421a941ce027 -> f6bd65f7e3ff1c49222cbc033602c267
  custom:scripting/monoscript/fileName/BuildManager.cs: fbce394598dc23390070552d063e2a6d -> aa4749ab7220c6aa42864632abb386d4
  custom:scripting/monoscript/fileName/MyCharacterController.cs: 1c1eeb469138d6a1892eba1dff208b89 -> 2bf9295a63e8adac4663c1b619046056
  custom:scripting/monoscript/fileName/NativeReferenceExtensions.cs: 9e5bc0dcbe45638f9e38d7e2af55b342 -> 5d6597d7556862ff70f7a173125ae330
  custom:scripting/monoscript/fileName/Develop.cs: 32794a39081d28b0643c903962b033ef -> d3296c2f7f82d45fde14eb2a50a806a9
  custom:scripting/monoscript/fileName/MagicaClothEditor.cs: ea8cc2e64e26896cde496e03b6857a5a -> cb536e781647f2e982c9ae3e2da6467b
  custom:scripting/monoscript/fileName/CurveSerializeData.cs: 8fe293351875db32b0b02b372b2fb244 -> 773d83f73b643739a6c71fdea3b2f867
  custom:scripting/monoscript/fileName/CameraOrbit.cs: b9a4e87d7cb39fac61aa393b15c1d4d1 -> 
  custom:scripting/monoscript/fileName/PrefabLauncher.cs: 35f63be85a3af590b9f863d632411b83 -> b4b0c66fef61090988a9cc1b7cdb0803
  custom:scripting/monoscript/fileName/ExCostSortedList4.cs: 0e06df17a85c8082aa873b85cf992fc0 -> e1a3a13a27962aeb50ceccad2791889d
  custom:scripting/monoscript/fileName/ResultCode.cs: 9cac13c8a510fea98575b98c7cae8ddc -> 5e11ac4274a04c44ac2bb629c21487bd
  custom:scripting/monoscript/fileName/ClothParameters.cs: 83dbdee31f64c4f3f8573b6aeddfd503 -> 4f5aa61b57001d19fac03aa0ccfe6236
  custom:scripting/monoscript/fileName/MeshUtility.cs: 9ff0dd3e39238c4b16e7a595b5b926ac -> 37104eb97c52a28964d855ec12d2288b
  custom:scripting/monoscript/fileName/PlayableMover.cs: 3831b998512b5178fa750a137cc6608a -> 5c53a3094912916edf02d2756a18ab22
  custom:scripting/monoscript/fileName/SameDistanceReduction.cs: f461338cca74d17697fde1fcbb136523 -> db72d77af22a6533e6a52cfbe40da342
  custom:scripting/monoscript/fileName/ColliderCollisionConstraint.cs: 12c2cc19e6f048e91a667bef28bfc4fe -> acd6002fcb6fa0734677e98b77c79820
  custom:scripting/monoscript/fileName/ClothSerializeData.cs: ddfd317b194706acaf85b3eeb08ddd20 -> ac311fde64b9828755c95893ba2c9957
  custom:scripting/monoscript/fileName/Gunscript.cs: a660c0c1adb4f8d677ca878508521f22 -> 28cbabfb973d9b72d8a5774670da38c4
  custom:scripting/monoscript/fileName/SelectionData.cs: 6f3b7d049f16b6f66f7dc550452a9042 -> 00bd27903e949f5cbf8634cd98c8df52
  custom:scripting/monoscript/fileName/MyLadder.cs: d535a88eeb66427d456d830506cef3f1 -> f3f0198d4cfc7b1ad14ec0bf5e9e8a91
  custom:scripting/monoscript/fileName/GizmoUtility.cs: a6bbef6591e9ecb219ac92110a2c8f0f -> e22a7d6e07ed9350fa7fe5ac9789e8cb
  custom:scripting/monoscript/fileName/MagicaClothAnimationProperty.cs: 8f6297df34271fdb1ce2d9607ec6261d -> 90647cc400823b41df847a6cbfc29026
========================================================================
Received Import Request.
  Time since last request: 420231.254027 seconds.
  path: Assets/Resources/ModelOriginal/SkyBox/New Folder 1/CloudShaderMat0.mat
  artifactKey: Guid(3c6e7b1b43173f749ae4a20fae1d67ca) Importer(815301076,1909f56bfc062723c751e8b465ee728b)
Start importing Assets/Resources/ModelOriginal/SkyBox/New Folder 1/CloudShaderMat0.mat using Guid(3c6e7b1b43173f749ae4a20fae1d67ca) Importer(815301076,1909f56bfc062723c751e8b465ee728b) [PhysX] Initialized MultithreadedTaskDispatcher with 16 workers.
[PhysX] Initialized MultithreadedTaskDispatcher with 16 workers.
 -> (artifact id: '4676ca5b70cb6d6407e81fe2665fd982') in 0.384721 seconds
Number of updated asset objects reloaded before import = 0
Number of asset objects unloaded after import = 20
========================================================================
Received Prepare
Caller must complete domain reload
Begin MonoManager ReloadAssembly
- Loaded All Assemblies, in  0.753 seconds
Native extension for WindowsStandalone target not found
[MODES] ModeService[none].Initialize
[MODES] ModeService[none].LoadModes
[MODES] Loading mode Default (0) for mode-current-id-ProjectNW
Mono: successfully reloaded assembly
- Finished resetting the current domain, in  2.034 seconds
Domain Reload Profiling: 2784ms
	BeginReloadAssembly (222ms)
		ExecutionOrderSort (0ms)
		DisableScriptedObjects (15ms)
		BackupInstance (0ms)
		ReleaseScriptingObjects (0ms)
		CreateAndSetChildDomain (69ms)
	RebuildCommonClasses (55ms)
	RebuildNativeTypeToScriptingClass (19ms)
	initialDomainReloadingComplete (45ms)
	LoadAllAssembliesAndSetupDomain (407ms)
		LoadAssemblies (481ms)
		RebuildTransferFunctionScriptingTraits (0ms)
		AnalyzeDomain (27ms)
			TypeCache.Refresh (8ms)
				TypeCache.ScanAssembly (0ms)
			ScanForSourceGeneratedMonoScriptInfo (0ms)
			ResolveRequiredComponents (17ms)
	FinalizeReload (2035ms)
		ReleaseScriptCaches (0ms)
		RebuildScriptCaches (0ms)
		SetupLoadedEditorAssemblies (1184ms)
			LogAssemblyErrors (0ms)
			InitializePlatformSupportModulesInManaged (8ms)
			SetLoadedEditorAssemblies (12ms)
			RefreshPlugins (0ms)
			BeforeProcessingInitializeOnLoad (211ms)
			ProcessInitializeOnLoadAttributes (769ms)
			ProcessInitializeOnLoadMethodAttributes (177ms)
			AfterProcessingInitializeOnLoad (7ms)
			EditorAssembliesLoaded (0ms)
		ExecutionOrderSort2 (0ms)
		AwakeInstancesAfterBackupRestoration (25ms)
Refreshing native plugins compatible for Editor in 6.38 ms, found 4 plugins.
Preloading 0 native plugins for Editor in 0.00 ms.
Unloading 6421 Unused Serialized files (Serialized files now loaded: 0)
Unloading 39 unused Assets / (2.1 MB). Loaded Objects now: 7209.
Memory consumption went from 271.7 MB to 269.6 MB.
Total: 5.711500 ms (FindLiveObjects: 0.607400 ms CreateObjectMapping: 0.367700 ms MarkObjects: 4.319000 ms  DeleteObjects: 0.416100 ms)

Prepare: number of updated asset objects reloaded= 0
AssetImportParameters requested are different than current active one (requested -> active):
  custom:scripting/monoscript/fileName/IntAABB.cs: 9a527d1dd2743051e5032583d249f25e -> 77ab9d4a0318f4a79d3b389c3c4e9d9a
  custom:scripting/monoscript/fileName/CustomCharacterController.cs: 991ec2f0b9c71800eff624ec9c7c2812 -> 330d4af23f31379d0b2f858a6f04daed
  custom:scripting/monoscript/fileName/ExProcessingList.cs: 8f6297df34271fdb1ce2d9607ec6261d -> 90647cc400823b41df847a6cbfc29026
  custom:scripting/monoscript/fileName/VirtualMeshManager.cs: 025ecd168d3e60b2a075d1174e95e451 -> 0411bc55740f807ff0b8e6951b0fbce0
  custom:scripting/monoscript/fileName/AINavigationScript.cs: 6ac73b722bdc86618a67526f3c740222 -> 918499a653ffeb9876ca67b59f4c8b61
  custom:container-demuxer-ogg: 62fdf1f143b41e24485cea50d1cbac27 -> 
  custom:scripting/monoscript/fileName/TeamWindData.cs: 4114334bbd9e82ae1e58427b00a91183 -> 2bde5203167884ad1037b08fccb310fa
  custom:scripting/monoscript/fileName/ModelController.cs: bea16b14a88e953d61c43c7f51e1e896 -> 
  custom:scripting/monoscript/fileName/ReadOnlyPropertyDrawer.cs: 35db2da0314d589fdefd04812fa039bb -> afce2f5ccf97a914ac200dedb82cc9b4
  custom:scripting/monoscript/fileName/UniquePreBuildData.cs: 59728aea48905724285eb6e6d899ba0d -> c9cceb43f445b13254e984efa514a974
  custom:scripting/monoscript/fileName/DrawIconInHierarchy.cs: bd52cd42a20e434069037f4189ff6931 -> f650e5001a214e5de2037f9a4af79342
  custom:scripting/monoscript/fileName/ZombieStart.cs: 7d06bd719df46fcef41c1b4f5d6bc576 -> 4fbdcece5fd52dca572e6f63be5564b0
  custom:scripting/monoscript/fileName/MyPlayer.cs: 531a9b322d8a310f1507ce93fd05d983 -> 77deba9ef009953a2a3595a65be03083
  custom:scripting/monoscript/fileName/FixedList128BytesExtensions.cs: 88681b12c02a19875054a9e2a64a0937 -> 1f51cc83ae544e876c0113713e65630e
  custom:scripting/monoscript/fileName/MagicaCapsuleColliderEditor.cs: 9e1f901390e61bab7e08060e8151a761 -> dc448efa9059615557164356ce976837
  custom:scripting/monoscript/fileName/ClothProcessData.cs: 41f43fa1cd7c12c4980e8af57b16cea1 -> 7365cb13ce0844a8bfb5c58e9077a625
  custom:framework-win-MediaFoundation: 216162199b28c13a410421893ffa2e32 -> 
  custom:scripting/monoscript/fileName/VirtualMeshReduction.cs: 2238023eb78e30c65519444841be54b7 -> 1ace1023dcf9d9ebdb3a2452700bb7eb
  custom:scripting/monoscript/fileName/DataChunk.cs: 54d5250cc1c266563b0a21c3164853c4 -> 3b897fa7b0da2bc7f93673ca53254aa5
  custom:scripting/monoscript/fileName/PreBuildDataCreation.cs: 0897adf7b8487d4e24f1c1409406a479 -> fc9ccbb693088dfbc757f7a75c84aa55
  custom:scripting/monoscript/fileName/ClothInspectorUtility.cs: 220832f153ad997ff7b3f5ac922e8236 -> 15adcf13a470622c1ca98e53f456ebc8
  custom:scripting/monoscript/fileName/CullingSettings.cs: bcfd29a6f20813a35eff499e5862b322 -> a646c82c1bacfcef0690cc37a45503c4
  custom:scripting/monoscript/fileName/MagicaPlaneCollider.cs: 6ccde11e116508bb2ca9147d2fdff535 -> 6d9571b3eaaa749a9fc6fc57d6b27093
  custom:scripting/monoscript/fileName/MathExtensions.cs: 0433759eeb2f6fdf368700fec0d833be -> a40db7dff9257e4576a536d71d10c9a5
  custom:scripting/monoscript/fileName/ClothProcessGeneration.cs: b881ebba61f68082d29dbdd0ca6ee597 -> 27ee3d1636d45c209a6c7d8fa0d795b6
  custom:scripting/monoscript/fileName/ClothDebugSettings.cs: 8a157f52b16725da451277c9272a179a -> 24e92330c2d935719e96d080aaff272c
  custom:scripting/monoscript/fileName/TransformManager.cs: 8a9d908ad09cccc62b5ddf706a53285e -> 9158104df6fb852b03b2f003f533e9a9
  custom:scripting/monoscript/fileName/GizmoSerializeData.cs: 9c5105f7ceda3607ffe9ef00f6779a33 -> b2477ec12056a7a9d963fcf060397b19
  custom:scripting/monoscript/fileName/MotionConstraint.cs: 5a0af88a7c6885d94e92e7aa84e7763b -> fc366e5c02b96b820363e4716eaad3fd
  custom:scripting/monoscript/fileName/ClothManager.cs: d1004d41d6b609cedec6da095e52a385 -> 78cf94320bd04de875940f2a50705d53
  custom:scripting/monoscript/fileName/VirtualMeshOptimization.cs: c6976fd28dad593cbb5f977c0a96b926 -> f1c5ce36913112df5bbba1ed8494652c
  custom:scripting/monoscript/fileName/SystemDefine.cs: 9d3875cd5ab89dc2e1eb0affa648c2f6 -> be8f9d52bb9e98dc14ffb1df23681a3d
  custom:scripting/monoscript/fileName/PreBuildScriptableObject.cs: 948363240bf01b794b6a51c2d7f5160d -> 87ec8f3fc7e376abc4aa5c1d9f28104e
  custom:scripting/monoscript/fileName/ExampleMovingPlatform.cs: 23619ea959868e760b0859723c1d4419 -> 2401513d43b62febc61b24e9194f3a26
  custom:scripting/monoscript/fileName/SharePreBuildData.cs: 9f40cc2e18fa0ef4c20ac9ab3d86131a -> 33b37c80d11b95fb4a37003e190c9292
  custom:scripting/monoscript/fileName/TransformRecord.cs: 51c1d9b80027698905d2520bd3df8146 -> 83d8e5c01066f712375c3b9a5770d364
  custom:scripting/monoscript/fileName/ExamplePlayer.cs: 654681d8de7a5d8a6cfa8ab38bc942ca -> d4ad481cf668130ce4f703a9a25c9d4a
  custom:scripting/monoscript/fileName/VirtualMeshSerialization.cs: 86f2556da89009807a098223d6e324c1 -> d8d1c3784b43f28c8486a65ec95118cc
  custom:scripting/monoscript/fileName/MagicaWindZoneGizmoDrawer.cs: 67f520593258483b45bd90eaa08c3ed3 -> 6aa071e71f8bb2f3760d43fdf50731a4
  custom:scripting/monoscript/fileName/ClothEditorManager.cs: 12ba06eb0b3db76d4f6d32bec524a803 -> 93fa450979aa60eb335ce907a90223dd
  custom:scripting/monoscript/fileName/Exception.cs: 35c131e54088a63516c8e410461affe5 -> ad8761de2beb4d34402ff60d2204d52f
  custom:scripting/monoscript/fileName/InertiaConstraint.cs: f815c19e4c9c7b7b04f11d3cc33d930c -> 8b5b5aa48b6a4f8bd36a2c292409fd14
  custom:scripting/monoscript/fileName/ICharacterController.cs: 6bc6d9f615ef1b6a739fe7312ede89ce -> 396e6cd62c2b51438db9279f98575edf
  custom:scripting/monoscript/fileName/MagicaClothAPI.cs: 8f6297df34271fdb1ce2d9607ec6261d -> 90647cc400823b41df847a6cbfc29026
  custom:scripting/monoscript/fileName/ShapeDistanceReduction.cs: b7a18f3b7553dfdcd05be6f2bb4517f2 -> 08ff6df78038c57f75410035d2fc1bd6
  custom:scripting/monoscript/fileName/NativeMultiHashMapExtensions.cs: 7e7449e468c836c358973bfdca687ec6 -> f450b25214d2811a80f23815296a25d4
  custom:scripting/monoscript/fileName/ExSimpleNativeArray.cs: a53f96815da50de15010b1c479bc70cf -> 0cdf409b5aa8d4c25876d72b5c6a3b60
  custom:scripting/monoscript/fileName/TimeManager.cs: c1b273d03fb03b83c5e352d1a4d9df45 -> f8e1d1358c074da4d3dc879778c69da2
  custom:container-muxer-webm: aa71ff27fc2769a1b78a27578f13a17b -> 
  custom:scripting/monoscript/fileName/AutoRotate.cs: b0425fd219ab7509f7a53d86cd7f94c4 -> 
  custom:video-decoder-webm-vp8: 9c59270c3fd7afecdb556c50c9e8de78 -> 
  custom:scripting/monoscript/fileName/GridMap.cs: a53f96815da50de15010b1c479bc70cf -> 0cdf409b5aa8d4c25876d72b5c6a3b60
  custom:scripting/monoscript/fileName/ClothSerializeData2.cs: 7db65a3dd22d524f3277638d10f24090 -> 71f97b11e8d1725909afaf06747a9193
  custom:SearchIndexIgnoredProperties: e643bd26f0fe6173181afceb89e7c659 -> 
  custom:AudioImporter_EditorPlatform: d09bf68614088b80899f8185d706f6e7 -> 
  custom:scripting/monoscript/fileName/ReductionWorkData.cs: 0d70804e8532074b10fc9fba5e9db17b -> 96a96f9c7f7a5caf1139f96c1ca35c14
  custom:scripting/monoscript/fileName/CurveSerializeDataDrawer.cs: b7efc6486937755bef4e27abe2715293 -> af35a4621ee133b850f091ab77e0d601
  custom:scripting/monoscript/fileName/Monster1.cs: 99da3f52ad315036b29c75f073dc67ad -> a4f4390e67ff37c114adac449e7d5cf1
  custom:scripting/monoscript/fileName/VirtualMeshTransform.cs: 7030e22e58abd62217590890cf343245 -> 942208c6f1b42f3169a2bee2074fae42
  custom:scripting/monoscript/fileName/Teleporter.cs: 32d72410c9ad167bdbeba0f6cb90b598 -> f41f01aff98b9258db7be9922234250b
  custom:scripting/monoscript/fileName/TimeSpan.cs: c2f295ffeae9ed44d2924aef486c9bb3 -> 57770b47f5544261132220b254f9993a
  custom:scripting/monoscript/fileName/InterlockUtility.cs: 1da19a9db6d92eb8100883f81cc65eff -> 960c846d9825eddae9fd02f5b8d70774
  custom:scripting/monoscript/fileName/IValid.cs: 9748772a5b18f36649d7c28383fcc526 -> 57084b2b4372511e2ea032a0ead14398
  custom:scripting/monoscript/fileName/RuntimeBuildDemo.cs: d7c2d57e323de1c167849ef21b3aed2b -> 
  custom:scripting/monoscript/fileName/ExTransformAccessArray.cs: 9db3d81568411faed3e813d73ce14b55 -> d0990a418054b4c4f267332e5ec66894
  custom:scripting/monoscript/fileName/MagicaSphereColliderGizmoDrawer.cs: 1eab5f18c59ed98723b1e0217700c9f9 -> 8e9d554b0ab14902b8769eea1921acdf
  custom:scripting/monoscript/fileName/IDataValidate.cs: 5f168f811782d27b7ba860d1a06573df -> 412e67a033e3206b801eaab129c7d25b
  custom:scripting/monoscript/fileName/FixedList64BytesExtensions.cs: a12a542a2eef338e5a97f1cc134f9db4 -> 13db6e5aaf2f216d90adc78a6329140f
  custom:scripting/monoscript/fileName/ExCostSortedList1.cs: b4278f2770030ebbd657f282aff50304 -> cf7e7a1720349c1af71e44dffc240bf5
  custom:scripting/monoscript/fileName/RenderSetupData.cs: 9258e63a7d9459e2c472345217fcb220 -> e0d32fab968ec9de90f675ce149cada0
  custom:scripting/monoscript/fileName/FixedList512BytesExtensions.cs: 8bcb87dba8710a76fbbb71450a67ea1f -> 4dc8f76e75f32521d830c034f48d8387
  custom:scripting/monoscript/fileName/IMoverController.cs: 53f4e37e04c2c100a1b8ea80756122ca -> e20db6755f849a3fa83f14c701551de0
  custom:scripting/monoscript/fileName/FixedList4096BytesExtensions.cs: 4fe80be60772efde291cde0311eda7e1 -> 05351cda9beac716c03fe49d50608231
  custom:scripting/monoscript/fileName/MagicaSphereColliderEditor.cs: 6cd3a2037f13623e27da51ee3f8143aa -> 3cb438f6dde54ebf045856d50a94a1f0
  custom:scripting/monoscript/fileName/WindDemo.cs: 67c3768c75e5442cd6f4e2e268724ef2 -> 
  custom:scripting/monoscript/fileName/MagicaSettingsEditor.cs: 9634e89e129192b4e19d797c0f41d29f -> 967b2e4a7d469f701d86fda09ba4a2d8
  custom:scripting/monoscript/fileName/PlanetManager.cs: 2a8cd53b43b43d54a4a121214a98b9a3 -> f8d313b4ac34bf0728e8605cf244c91e
  custom:scripting/monoscript/fileName/TetherConstraint.cs: c3e35566f81f44714c9d34d444f2b173 -> 4ae222b0410673a5ec8cc5436bb329ee
  custom:scripting/monoscript/fileName/MagicaPlaneColliderGizmoDrawer.cs: 8e3608288e0bfb30951eebf6a5b45fab -> 7a6c54d86bfe0c977add7e86eab84e6d
  custom:audio-decoder-ogg-vorbis: bf7c407c2cedff20999df2af8eb42d56 -> 
  custom:scripting/monoscript/fileName/MagicaClothGizmoDrawer.cs: cc63fb377c1128b4cdf3c39083619cd2 -> 46734d9334cbb88301b263c481473882
  custom:scripting/monoscript/fileName/WindParams.cs: 428b74318e26cfca626770dfbf7be0c8 -> c5ac6a7b69a0915b48280e22c1b5e700
  custom:scripting/monoscript/fileName/ReductionSettings.cs: 0fc689cbbd0983120665b012cfe5512b -> a8556e131a5aec5d5951928e0dbb8ed7
  custom:scripting/monoscript/fileName/DistanceConstraint.cs: 802510e0c72cdae78b5d452844a72553 -> 2a4c00cc9a959bba85c4bb0a40559866
  custom:scripting/monoscript/fileName/ClothPainter.cs: 7e3fbb6dde34994e7fd4dd202c7f693c -> 222196fec1650231f7a0f1cb844992ac
  custom:scripting/monoscript/fileName/VirtualMeshRaycastHit.cs: b798ecb0721443857fd31410ced18406 -> 1cfdf329dc2f54b0a4c60b4a10992d45
  custom:scripting/monoscript/fileName/ColliderManager.cs: f4ca0a71ad1824f0265995ae6092db71 -> 0a660c9ef032cddd4dd0334acb142227
  custom:scripting/monoscript/fileName/ClothEditorUtility.cs: 324091eb65b75bfec453aad6ce76ab1f -> 0a4a3efc3f84d6bc70c114ae2ba1ecbd
  custom:scripting/monoscript/fileName/ITransform.cs: 8b80bf0fe1c0bc5337e4079d77c6eb0f -> ea29ab9b558bb6a3a0fd428e729ee660
  custom:scripting/monoscript/fileName/MyMovingPlatform.cs: f0ab9dbcdf1489b51efdb765d6fb7530 -> 19346c0229a17a2e718796ce6b99cf2a
  custom:scripting/monoscript/fileName/SliderText.cs: f9370152ee5c65379bca07263db6a3de -> 
  custom:scripting/monoscript/fileName/NativeParallelHashMapExtensions.cs: 84c331f68cc66961c8c67b4c2efa7a94 -> a59e205a3858071d9123850841e9967f
  custom:scripting/monoscript/fileName/VirtualMeshContainer.cs: 62a1cb2fc6e5b95fe38fba646fc2a98d -> ea9f342fcc6e37d2f8d0d2584acd660a
  custom:scripting/monoscript/fileName/MagicaEditorBase.cs: 263bc765b2bc74040fd49b1483b78b62 -> fe62013c7e5190961384c287bf25648d
  custom:audio-encoder-webm-vorbis: bf7c407c2cedff20999df2af8eb42d56 -> 
  custom:scripting/monoscript/fileName/VirtualMeshProxy.cs: f8d7b6bd726ecdcc9d2612920b21f1f7 -> af242f96276bca56fd517ade53941050
  custom:scripting/monoscript/fileName/StepReductionBase.cs: 9fbcb6f4e615f384e1c06afef32ea3ef -> d4c211b6af8eaf0620a84a1744bcf51c
  custom:scripting/monoscript/fileName/SightAttachScript.cs: 9fa5ea04a9e6f2310f590385939f416d -> c5d46e975a9dd84ceb42578a601ebfdd
  custom:scripting/monoscript/fileName/ClothSerializeDataFunction.cs: afb4d92e670053c3fa574a99067338a3 -> 7b6d5ff8504adaa817f3a956c12941e7
  custom:scripting/monoscript/fileName/FixedList32BytesExtensions.cs: d461b530c5c179f6e749c64fbffb0d7c -> 81e49ef8121742a0605f3de0ca565434
  custom:scripting/monoscript/fileName/TransformRecordSerializeData.cs: 03870cd7b9ed566e0f335f89aa12cf2d -> a3caf0376abc0aa5eb27e85965df0f76
  custom:scripting/monoscript/fileName/MagicaSphereCollider.cs: 64b3a3190b38bc88ba1e4ed6f48c6dbb -> 8b0c65c0f9969f2f081c930935ab22b6
  custom:scripting/monoscript/fileName/FrameratePanel.cs: 06f57082c107b8c57f15e0aa8c7858b8 -> e8de6f6b4952cffa623ea5fb3df6668a
  custom:scripting/monoscript/fileName/ExampleCharacterCamera.cs: 7dbe3465942debab12623a3a0775ebac -> cd2ca6423fbfe377769fc14eacb2e3c4
  custom:scripting/monoscript/fileName/PauseStateHandler.cs: 5859998f7b806f08d32f8d52cb3faac2 -> 14acff9d3c3458f79905bb5138cdc3c4
  custom:scripting/monoscript/fileName/MenuItemScript.cs: b59f95ed436d2e6916c4e275ae70b407 -> 1fde790145e3132289da3602503493df
  custom:scripting/monoscript/fileName/SharePreBuildDataDrawer.cs: 3b87b033e34f58df44cce04c60e8beca -> 1c21feb0afd4c1c10c2d227c9b894ef2
  custom:scripting/monoscript/fileName/MagicaSettings.cs: f509994cbc18b951f897d64733532d51 -> dc4c43ae67e9857f950e95c51a99b740
  custom:scripting/monoscript/fileName/VertexAttribute.cs: 8804aa14f9667fa076f0f9d39957c9d9 -> 60c33624d78039b8862840e283fedc74
  custom:scripting/monoscript/fileName/ClothAssetPostprocessor.cs: 9b69db1e271babad781288259ed9ae01 -> b62fc32fe36c29e9ee40ae85c01ea1a4
  custom:scripting/monoscript/fileName/VirtualMeshWork.cs: 4fa8c7087bbebf0b57f03d52a12089eb -> 2a7a1948930b51ceaa5752250772a7e0
  custom:scripting/monoscript/fileName/DataUtility.cs: a08efe19e0d1acf01a1c53b2e7655517 -> 4672f3fa6abd86e83d0b2305a679112a
  custom:scripting/monoscript/fileName/KCCSettings.cs: beb74d06317b4a51f75f6bde10e9caff -> d55935d076acd426723225fdd45f8bde
  custom:scripting/monoscript/fileName/TriangleBendingConstraint.cs: 7851b0bc113bc30c71574c5c72336c6c -> 8b821a46323c7e6fb59c7596b6df4d0b
  custom:scripting/monoscript/fileName/ClothBehaviour.cs: ea558173a0fb8a6a50fb8d0c29595557 -> 7f2fba1aa09773ae89638735c144fd0e
  custom:scripting/monoscript/fileName/DampingFollower.cs: 880e60ac69f0f7a21bee000dccf66992 -> 3fba2e075838884af9ed681a6fef6346
  custom:scripting/monoscript/fileName/MinimumData.cs: 8f6297df34271fdb1ce2d9607ec6261d -> 90647cc400823b41df847a6cbfc29026
  custom:scripting/monoscript/fileName/ResultDefine.cs: f3d615c385dd8fd972f8307ad16d9122 -> e957db3ecab6193d61553ab40822313b
  custom:video-decoder-ogg-theora: a1e56fd34408186e4bbccfd4996cb3dc -> 
  custom:scripting/monoscript/fileName/MultiDataBuilder.cs: 8f6297df34271fdb1ce2d9607ec6261d -> 90647cc400823b41df847a6cbfc29026
  custom:scripting/monoscript/fileName/ExampleCharacterController.cs: 9a2c5a9cb0dd8706380ffe8bbb2fc7fe -> 061606472fcf5f7e809f3f4cd2af8bc4
  custom:scripting/monoscript/fileName/TargetFPS.cs: d21bec3fc301fa0c1d1ab67a19091daf -> 
  custom:scripting/monoscript/fileName/MagicaManagerAPI.cs: 2c183d6dbd214716132e45978ba88593 -> a3328091f5da145b9d5ca02eb4a22864
  custom:scripting/monoscript/fileName/NativeArrayExtensions.cs: 0b2929ff4a9407f3a708aa68f4388753 -> da36b6bd8777d47d28aacbdda7c613f0
  custom:scripting/monoscript/fileName/WindManager.cs: 9b4198add6967e8239d870e14ac08791 -> ec1976344e7c4cda9de48be79b962ac5
  custom:scripting/monoscript/fileName/EquipmentDataManager.cs: 084624a0f486826ce9a66fc28027121a -> 4547df89faaaee0f0536944bc241f653
  custom:scripting/monoscript/fileName/ExBitFlag8.cs: a2451fda1019b9f38214bc13821f61a9 -> cc6e7215ec5105c91e3eb495f939209c
  custom:scripting/monoscript/fileName/VirtualMeshBoneWeight.cs: bed0988ca1bb95fb7d1a9a497fcf993c -> 53f00c9c752d771c1603afb0b8e6f2e3
  custom:scripting/monoscript/fileName/ClothPresetUtility.cs: 55bd4ddc23f252a76c703de2fc8d123f -> 71aaeabb33d30623dc1082085b12bcf3
  custom:scripting/monoscript/fileName/KinematicCharacterMotorEditor.cs: c7c99f94a54ea1510a6bcc5d30360558 -> b412289039b7d248fc42562d8e94a91e
  custom:scripting/monoscript/fileName/AABB.cs: 5802204bcbd919a15271efa1d42e13a7 -> 3cad86354589dd9108e9fef4c832a531
  custom:scripting/monoscript/fileName/UnityTimeSpan.cs: 24e2604c172069e8ced39abe2377fdc5 -> 1061facba5f1f643659cf58cc8ca83f7
  custom:scripting/monoscript/fileName/TransformData.cs: 9847871c7793d2cd92d075ecd39078b5 -> 75edcafbe1e8a71d09671c35dbea500b
  custom:scripting/monoscript/fileName/WindSettings.cs: fd4589861bad89af0db49656ebd15085 -> b1503ba37498f340df72318c79543761
  custom:scripting/monoscript/fileName/MagicaWindZoneEditor.cs: c661c46290a6d7d87aa42af05a491a8c -> ff9218c02b054c120ca08165a276fb1c
  custom:scripting/monoscript/fileName/MagicaCapsuleCollider.cs: ab8eee707e9fbbfca5f22ad37d3271d5 -> ec78af7aa465ea4b912c524a1a0d5cca
  custom:scripting/monoscript/fileName/NormalAlignmentSettings.cs: b53e3d9586c7f0fb921ff16038438499 -> a1b3e2adcbadca2d7bd879c85246d9c7
  custom:CustomObjectIndexerAttribute: 3ead1caaecf1c488f20bcfeb224b6af5 -> 
  custom:scripting/monoscript/fileName/PreBuildManager.cs: f2ce4418ee4273a25c196169e1f1e817 -> fa1fd7e35b7206f7cdd286ddcc604bc7
  custom:scripting/monoscript/fileName/RenderData.cs: fb4a80ecef24c16a0b4f18e56572a8e0 -> bc1ed791eef5d5188277cba7597f8011
  custom:scripting/monoscript/fileName/ICount.cs: ddb9879da66b5f02e306450378889b2e -> 3ac8c3f612c729638382415378e78318
  custom:container-demuxer-webm: 4f35f7cbe854078d1ac9338744f61a02 -> 
  custom:scripting/monoscript/fileName/CheckSliderSerializeData.cs: 0e07ca5fc4f908807748532d98aa2b4d -> 848d2679060aed2e01bb579fcaa15043
  custom:scripting/monoscript/fileName/RenderSetupDataSerialization.cs: 99dec4cb41ccec04b4e05630ff3dd835 -> 1aada3719ec348993195a5bbebf8ccbd
  custom:scripting/monoscript/fileName/PreBuildSerializeData.cs: 42115ecb16e2d76a258261ae0805df62 -> cb5d0b3a07b4035b68a8e0d9f97f6fe9
  custom:scripting/monoscript/fileName/RenderSetupSerializeData.cs: 4ce28f9dc30e0e14d08bc15479c91e22 -> 480599f6e5fcbf1f658408f3a256047e
  custom:scripting/monoscript/fileName/MagicaPlaneColliderEditor.cs: c723a31a019f7d5bb2a904687f30cdb3 -> 4a6746c7e5292d6c96309e5aaa9dfaa3
  custom:scripting/monoscript/fileName/SelfCollisionConstraint.cs: 73dec34218cb1a522ea1ff9eea68d44d -> 459473796b36511a807f24a3bb0abd5c
  custom:scripting/monoscript/fileName/ColliderComponent.cs: 7cc1d599ab829b5d01f1df840d0d4079 -> e2ccc18c43cfab3cf888adb91ce8a6ac
  custom:scripting/monoscript/fileName/KinematicCharacterMotor.cs: 0d5e3592f89b59054791390eb3614410 -> 7abadb99cd5a35acb0f92e1c2861187e
  custom:scripting/monoscript/fileName/JobUtility.cs: c4dfe6ee63201dad4c3e7198a71404a7 -> 4f209b40c576d24e8106da8aacb0f3a8
  custom:scripting/monoscript/fileName/CreateSingleton.cs: 90647cc400823b41df847a6cbfc29026 -> 
  custom:scripting/monoscript/fileName/TeamManager.cs: 0cd063b20cac75289823f6900e21e367 -> 4da9a0b56d685ff0f839c7e6fbbbc1d8
  custom:scripting/monoscript/fileName/VirtualMesh.cs: 7552bfee6a3be7b62588f689f880c19f -> 27698d6a4ae81536ab905be6579a9174
  custom:scripting/monoscript/fileName/StressTestManager.cs: 1c609634d12d8e98165601e47cdd1514 -> acd16b505ea60f63f6333d14ffbd3164
  custom:scripting/monoscript/fileName/VirtualMeshMapping.cs: fcb0584fdf26e54df1d630a00c5e993d -> 21242f34caaab03958980d3d94627d89
  custom:scripting/monoscript/fileName/MagicaCapsuleColliderGizmoDrawer.cs: 2ff50f972c6feda89ca232df981106df -> 0c7ecb3bce805734acfccb8ff43207f4
  custom:scripting/monoscript/fileName/GameObjectContainer.cs: d939f8263ca4cd22d999d8d72e194c0f -> 
  custom:scripting/monoscript/fileName/SpringConstraint.cs: 4309a02a2d9ab70508c0f86763023c73 -> cab3c716581dc8f37828859074934103
  custom:scripting/monoscript/fileName/StaticStringBuilder.cs: ffd2a4b8384a528471e9e1a77241e319 -> 10246fda492bf34200af9f3f5488dffe
  custom:scripting/monoscript/fileName/MagicaWindZone.cs: e21bb7e579d68bf20111c421a93be485 -> 82e18fbe58e45870208289a55931bae0
  custom:scripting/monoscript/fileName/ExampleAIController.cs: 9aaccf76d3f810440e343a44e097dfdb -> cd326ad64c0f78331ba063c38dd37c4b
  custom:scripting/monoscript/fileName/PhysicsMover.cs: 2f154c8e70aa13158f0d7f017007ed95 -> 072838628911965d889ea80b88a08759
  custom:scripting/monoscript/fileName/KinematicCharacterSystem.cs: f2277876cb64ff69eb9cc05f4dc9663d -> ad6c06b7e0a84bff00c79168b92da11c
  custom:scripting/monoscript/fileName/ClothInitSerializeData.cs: 8bc8e1c0e59083c8c04b154a8a629489 -> b120e6609bc94dc32dc1e63e95b07aca
  custom:scripting/monoscript/fileName/VirtualMeshInputOutput.cs: 2238023eb78e30c65519444841be54b7 -> 1ace1023dcf9d9ebdb3a2452700bb7eb
  custom:scripting/monoscript/fileName/SimpleInputManager.cs: 6831c401751904bdb67153a9fb16a392 -> 
  custom:scripting/monoscript/fileName/MathUtility.cs: cfe2e915ebf453c00435844babbf4d01 -> a652c6df6cf2f96425ba659ae3b794b8
  custom:scripting/monoscript/fileName/ExBitFlag16.cs: 2482c23dfc65bcedf11788affa0a3181 -> cb50d8ab63ccd9a96e69f490c04093d4
  custom:scripting/monoscript/fileName/AboutMenu.cs: b64620ab73e0954e754d4aacfac5b782 -> db41d041748faa5d45bd52a98bf84fa5
  custom:scripting/monoscript/fileName/SimpleDistanceReduction.cs: 933c7cd28e3d7572e726f83f6ef0ad1f -> 78fee0a822ae057b6d6adfc21f6795c0
  custom:scripting/monoscript/fileName/AngleConstraint.cs: 37914cb213974ef133d8a5508c53deda -> bb819c9737353b12bc7b1358b7169178
  custom:scripting/monoscript/fileName/TransformDataSerialization.cs: 9847871c7793d2cd92d075ecd39078b5 -> 75edcafbe1e8a71d09671c35dbea500b
  custom:scripting/monoscript/fileName/CheckSliderSerializeDataDrawer.cs: e7befe2611942c33360a46fc0feb95b9 -> 16cd25901e302a4e9872d2ccb2ce1df2
  custom:scripting/monoscript/fileName/ClothProcess.cs: 73aca10b858b5a8b5e5ffa8b02e8e111 -> bc21303536198357fd1cfeabd0fb2609
  custom:scripting/monoscript/fileName/ReadOnlyAttribute.cs: 7a5665f3537d02faa2c5bb60af939600 -> 96764eaba00605562c1b45285314cfbd
  custom:scripting/monoscript/fileName/DampingFollower2.cs: 5e8351f0378e5a20dd12935d677409b1 -> 55040f0337ac5c99e1f9ec3ed1633068
  custom:scripting/monoscript/fileName/SimulationManager.cs: 0941cdefe0c550f115392f11cd19c486 -> f8cd51dc537376639c0529226c66cd63
  custom:scripting/monoscript/fileName/ExNativeArray.cs: 8f6297df34271fdb1ce2d9607ec6261d -> 90647cc400823b41df847a6cbfc29026
  custom:scripting/monoscript/fileName/CustomSkinningSettings.cs: 7077c7e17f568973b7e8f7b4272eeba2 -> da057a58aada945120dea8754a6b8afb
  custom:scripting/monoscript/fileName/IManager.cs: 4151e6edda0ce5aaafc96f6bb33141d5 -> 0a6bbfe576120f6fc7200dc60ea78d6e
  custom:video-encoder-webm-vp8: eb34c28f22e8b96e1ab97ce403110664 -> 
  custom:scripting/monoscript/fileName/RuntimeDressUpDemo.cs: a29bd3c145247480912f611c5faee400 -> 
  custom:scripting/monoscript/fileName/MagicaManager.cs: 2c183d6dbd214716132e45978ba88593 -> a3328091f5da145b9d5ca02eb4a22864
  custom:scripting/monoscript/fileName/RenderManager.cs: dc2bdde0bd930b8c9b5a421a941ce027 -> f6bd65f7e3ff1c49222cbc033602c267
  custom:scripting/monoscript/fileName/BuildManager.cs: fbce394598dc23390070552d063e2a6d -> aa4749ab7220c6aa42864632abb386d4
  custom:scripting/monoscript/fileName/MyCharacterController.cs: 1c1eeb469138d6a1892eba1dff208b89 -> 2bf9295a63e8adac4663c1b619046056
  custom:scripting/monoscript/fileName/NativeReferenceExtensions.cs: 9e5bc0dcbe45638f9e38d7e2af55b342 -> 5d6597d7556862ff70f7a173125ae330
  custom:scripting/monoscript/fileName/Develop.cs: 32794a39081d28b0643c903962b033ef -> d3296c2f7f82d45fde14eb2a50a806a9
  custom:scripting/monoscript/fileName/MagicaClothEditor.cs: ea8cc2e64e26896cde496e03b6857a5a -> cb536e781647f2e982c9ae3e2da6467b
  custom:scripting/monoscript/fileName/CurveSerializeData.cs: 8fe293351875db32b0b02b372b2fb244 -> 773d83f73b643739a6c71fdea3b2f867
  custom:scripting/monoscript/fileName/CameraOrbit.cs: b9a4e87d7cb39fac61aa393b15c1d4d1 -> 
  custom:scripting/monoscript/fileName/PrefabLauncher.cs: 35f63be85a3af590b9f863d632411b83 -> b4b0c66fef61090988a9cc1b7cdb0803
  custom:scripting/monoscript/fileName/ExCostSortedList4.cs: 0e06df17a85c8082aa873b85cf992fc0 -> e1a3a13a27962aeb50ceccad2791889d
  custom:scripting/monoscript/fileName/ResultCode.cs: 9cac13c8a510fea98575b98c7cae8ddc -> 5e11ac4274a04c44ac2bb629c21487bd
  custom:scripting/monoscript/fileName/ClothParameters.cs: 83dbdee31f64c4f3f8573b6aeddfd503 -> 4f5aa61b57001d19fac03aa0ccfe6236
  custom:scripting/monoscript/fileName/MeshUtility.cs: 9ff0dd3e39238c4b16e7a595b5b926ac -> 37104eb97c52a28964d855ec12d2288b
  custom:scripting/monoscript/fileName/PlayableMover.cs: 3831b998512b5178fa750a137cc6608a -> 5c53a3094912916edf02d2756a18ab22
  custom:scripting/monoscript/fileName/SameDistanceReduction.cs: f461338cca74d17697fde1fcbb136523 -> db72d77af22a6533e6a52cfbe40da342
  custom:scripting/monoscript/fileName/ColliderCollisionConstraint.cs: 12c2cc19e6f048e91a667bef28bfc4fe -> acd6002fcb6fa0734677e98b77c79820
  custom:scripting/monoscript/fileName/ClothSerializeData.cs: ddfd317b194706acaf85b3eeb08ddd20 -> ac311fde64b9828755c95893ba2c9957
  custom:scripting/monoscript/fileName/Gunscript.cs: a660c0c1adb4f8d677ca878508521f22 -> 28cbabfb973d9b72d8a5774670da38c4
  custom:scripting/monoscript/fileName/SelectionData.cs: 6f3b7d049f16b6f66f7dc550452a9042 -> 00bd27903e949f5cbf8634cd98c8df52
  custom:scripting/monoscript/fileName/MyLadder.cs: d535a88eeb66427d456d830506cef3f1 -> f3f0198d4cfc7b1ad14ec0bf5e9e8a91
  custom:scripting/monoscript/fileName/GizmoUtility.cs: a6bbef6591e9ecb219ac92110a2c8f0f -> e22a7d6e07ed9350fa7fe5ac9789e8cb
  custom:scripting/monoscript/fileName/MagicaClothAnimationProperty.cs: 8f6297df34271fdb1ce2d9607ec6261d -> 90647cc400823b41df847a6cbfc29026
Editor requested this worker to shutdown with reason: Scaling down because of idle timeout
TcpMessagingSession - receive error: operation aborted. errorcode: 995, details:        I/O  .
AssetImportWorker is now disconnected from the server
Process exiting
Exiting without the bug reporter. Application will terminate with return code 0