Using pre-set license
Built from '2022.3/staging' branch; Version is '2022.3.4f1 (35713cd46cd7) revision 3502396'; Using compiler version '192829333'; Build Type 'Release'
OS: 'Windows 10  (10.0.19045) 64bit Professional' Language: 'ko' Physical Memory: 32469 MB
BatchMode: 1, IsHumanControllingUs: 0, StartBugReporterOnCrash: 0, Is64bit: 1, IsPro: 1

COMMAND LINE ARGUMENTS:
C:\Program Files\Unity\Hub\Editor\2022.3.4f1\Editor\Unity.exe
-adb2
-batchMode
-noUpm
-name
AssetImportWorker2
-projectPath
C:/Users/rhsj/Desktop/Unity/ProjectNW
-logFile
Logs/AssetImportWorker2.log
-srvPort
55306
Successfully changed project path to: C:/Users/rhsj/Desktop/Unity/ProjectNW
C:/Users/rhsj/Desktop/Unity/ProjectNW
[UnityMemory] Configuration Parameters - Can be set up in boot.config
    "memorysetup-bucket-allocator-granularity=16"
    "memorysetup-bucket-allocator-bucket-count=8"
    "memorysetup-bucket-allocator-block-size=33554432"
    "memorysetup-bucket-allocator-block-count=8"
    "memorysetup-main-allocator-block-size=16777216"
    "memorysetup-thread-allocator-block-size=16777216"
    "memorysetup-gfx-main-allocator-block-size=16777216"
    "memorysetup-gfx-thread-allocator-block-size=16777216"
    "memorysetup-cache-allocator-block-size=4194304"
    "memorysetup-typetree-allocator-block-size=2097152"
    "memorysetup-profiler-bucket-allocator-granularity=16"
    "memorysetup-profiler-bucket-allocator-bucket-count=8"
    "memorysetup-profiler-bucket-allocator-block-size=33554432"
    "memorysetup-profiler-bucket-allocator-block-count=8"
    "memorysetup-profiler-allocator-block-size=16777216"
    "memorysetup-profiler-editor-allocator-block-size=1048576"
    "memorysetup-temp-allocator-size-main=16777216"
    "memorysetup-job-temp-allocator-block-size=2097152"
    "memorysetup-job-temp-allocator-block-size-background=1048576"
    "memorysetup-job-temp-allocator-reduction-small-platforms=262144"
    "memorysetup-allocator-temp-initial-block-size-main=262144"
    "memorysetup-allocator-temp-initial-block-size-worker=262144"
    "memorysetup-temp-allocator-size-background-worker=32768"
    "memorysetup-temp-allocator-size-job-worker=262144"
    "memorysetup-temp-allocator-size-preload-manager=33554432"
    "memorysetup-temp-allocator-size-nav-mesh-worker=65536"
    "memorysetup-temp-allocator-size-audio-worker=65536"
    "memorysetup-temp-allocator-size-cloud-worker=32768"
    "memorysetup-temp-allocator-size-gi-baking-worker=262144"
    "memorysetup-temp-allocator-size-gfx=262144"
Player connection [30288] Host "[IP] 192.168.0.195 [Port] 0 [Flags] 2 [Guid] 1243867601 [EditorId] 1243867601 [Version] 1048832 [Id] WindowsEditor(7,DESKTOP-SUV84E9) [Debug] 1 [PackageName] WindowsEditor [ProjectName] Editor" joined multi-casting on [225.0.0.222:54997]...

Player connection [30288] Host "[IP] 192.168.0.195 [Port] 0 [Flags] 2 [Guid] 1243867601 [EditorId] 1243867601 [Version] 1048832 [Id] WindowsEditor(7,DESKTOP-SUV84E9) [Debug] 1 [PackageName] WindowsEditor [ProjectName] Editor" joined alternative multi-casting on [225.0.0.222:34997]...

Refreshing native plugins compatible for Editor in 12.31 ms, found 4 plugins.
Preloading 0 native plugins for Editor in 0.00 ms.
Initialize engine version: 2022.3.4f1 (35713cd46cd7)
[Subsystems] Discovering subsystems at path C:/Program Files/Unity/Hub/Editor/2022.3.4f1/Editor/Data/Resources/UnitySubsystems
[Subsystems] Discovering subsystems at path C:/Users/rhsj/Desktop/Unity/ProjectNW/Assets
GfxDevice: creating device client; threaded=0; jobified=0
Direct3D:
    Version:  Direct3D 11.0 [level 11.1]
    Renderer: NVIDIA GeForce RTX 3070 Laptop GPU (ID=0x249d)
    Vendor:   NVIDIA
    VRAM:     8020 MB
    Driver:   31.0.15.5244
Initialize mono
Mono path[0] = 'C:/Program Files/Unity/Hub/Editor/2022.3.4f1/Editor/Data/Managed'
Mono path[1] = 'C:/Program Files/Unity/Hub/Editor/2022.3.4f1/Editor/Data/MonoBleedingEdge/lib/mono/unityjit-win32'
Mono config path = 'C:/Program Files/Unity/Hub/Editor/2022.3.4f1/Editor/Data/MonoBleedingEdge/etc'
Using monoOptions --debugger-agent=transport=dt_socket,embedding=1,server=y,suspend=n,address=127.0.0.1:56528
Begin MonoManager ReloadAssembly
Registering precompiled unity dll's ...
Register platform support module: C:/Program Files/Unity/Hub/Editor/2022.3.4f1/Editor/Data/PlaybackEngines/WindowsStandaloneSupport/UnityEditor.WindowsStandalone.Extensions.dll
Registered in 0.013719 seconds.
- Loaded All Assemblies, in  0.311 seconds
Native extension for WindowsStandalone target not found
Mono: successfully reloaded assembly
- Finished resetting the current domain, in  0.228 seconds
Domain Reload Profiling: 538ms
	BeginReloadAssembly (66ms)
		ExecutionOrderSort (0ms)
		DisableScriptedObjects (0ms)
		BackupInstance (0ms)
		ReleaseScriptingObjects (0ms)
		CreateAndSetChildDomain (1ms)
	RebuildCommonClasses (41ms)
	RebuildNativeTypeToScriptingClass (20ms)
	initialDomainReloadingComplete (70ms)
	LoadAllAssembliesAndSetupDomain (113ms)
		LoadAssemblies (64ms)
		RebuildTransferFunctionScriptingTraits (0ms)
		AnalyzeDomain (108ms)
			TypeCache.Refresh (107ms)
				TypeCache.ScanAssembly (97ms)
			ScanForSourceGeneratedMonoScriptInfo (0ms)
			ResolveRequiredComponents (1ms)
	FinalizeReload (229ms)
		ReleaseScriptCaches (0ms)
		RebuildScriptCaches (0ms)
		SetupLoadedEditorAssemblies (171ms)
			LogAssemblyErrors (0ms)
			InitializePlatformSupportModulesInManaged (7ms)
			SetLoadedEditorAssemblies (7ms)
			RefreshPlugins (0ms)
			BeforeProcessingInitializeOnLoad (2ms)
			ProcessInitializeOnLoadAttributes (112ms)
			ProcessInitializeOnLoadMethodAttributes (43ms)
			AfterProcessingInitializeOnLoad (0ms)
			EditorAssembliesLoaded (0ms)
		ExecutionOrderSort2 (0ms)
		AwakeInstancesAfterBackupRestoration (0ms)
========================================================================
Worker process is ready to serve import requests
Begin MonoManager ReloadAssembly
- Loaded All Assemblies, in  0.960 seconds
Refreshing native plugins compatible for Editor in 4.66 ms, found 4 plugins.
Native extension for WindowsStandalone target not found
[MODES] ModeService[none].Initialize
[MODES] ModeService[none].LoadModes
[MODES] Loading mode Default (0) for mode-current-id-ProjectNW
Package Manager log level set to [2]
[Package Manager] Server::EnsureServerProcessIsRunning -- launch failed, reason: Unity was launched with the -noUpm command-line argument
[Package Manager] UpmClient::Send -- Unable to send message (not connected to UPM process).
[Package Manager] Cannot connect to Unity Package Manager local server
Mono: successfully reloaded assembly
- Finished resetting the current domain, in  1.221 seconds
Domain Reload Profiling: 2178ms
	BeginReloadAssembly (119ms)
		ExecutionOrderSort (0ms)
		DisableScriptedObjects (5ms)
		BackupInstance (0ms)
		ReleaseScriptingObjects (0ms)
		CreateAndSetChildDomain (24ms)
	RebuildCommonClasses (31ms)
	RebuildNativeTypeToScriptingClass (10ms)
	initialDomainReloadingComplete (49ms)
	LoadAllAssembliesAndSetupDomain (747ms)
		LoadAssemblies (313ms)
		RebuildTransferFunctionScriptingTraits (0ms)
		AnalyzeDomain (486ms)
			TypeCache.Refresh (395ms)
				TypeCache.ScanAssembly (376ms)
			ScanForSourceGeneratedMonoScriptInfo (70ms)
			ResolveRequiredComponents (21ms)
	FinalizeReload (1222ms)
		ReleaseScriptCaches (0ms)
		RebuildScriptCaches (0ms)
		SetupLoadedEditorAssemblies (1039ms)
			LogAssemblyErrors (0ms)
			InitializePlatformSupportModulesInManaged (5ms)
			SetLoadedEditorAssemblies (6ms)
			RefreshPlugins (0ms)
			BeforeProcessingInitializeOnLoad (166ms)
			ProcessInitializeOnLoadAttributes (704ms)
			ProcessInitializeOnLoadMethodAttributes (152ms)
			AfterProcessingInitializeOnLoad (5ms)
			EditorAssembliesLoaded (0ms)
		ExecutionOrderSort2 (0ms)
		AwakeInstancesAfterBackupRestoration (4ms)
Launched and connected shader compiler UnityShaderCompiler.exe after 0.05 seconds
Refreshing native plugins compatible for Editor in 6.61 ms, found 4 plugins.
Preloading 0 native plugins for Editor in 0.00 ms.
Unloading 6334 Unused Serialized files (Serialized files now loaded: 0)
Unloading 110 unused Assets / (426.0 KB). Loaded Objects now: 6834.
Memory consumption went from 252.1 MB to 251.7 MB.
Total: 6.258300 ms (FindLiveObjects: 0.909000 ms CreateObjectMapping: 0.670700 ms MarkObjects: 4.475100 ms  DeleteObjects: 0.201900 ms)

AssetImportParameters requested are different than current active one (requested -> active):
  custom:container-demuxer-ogg: 62fdf1f143b41e24485cea50d1cbac27 -> 
  custom:video-decoder-ogg-theora: a1e56fd34408186e4bbccfd4996cb3dc -> 
  custom:framework-win-MediaFoundation: 216162199b28c13a410421893ffa2e32 -> 
  custom:CustomObjectIndexerAttribute: a3ef5dd2817f97addfee359851a9dba5 -> 
  custom:container-demuxer-webm: 4f35f7cbe854078d1ac9338744f61a02 -> 
  custom:container-muxer-webm: aa71ff27fc2769a1b78a27578f13a17b -> 
  custom:video-decoder-webm-vp8: 9c59270c3fd7afecdb556c50c9e8de78 -> 
  custom:AudioImporter_EditorPlatform: d09bf68614088b80899f8185d706f6e7 -> 
  custom:video-encoder-webm-vp8: eb34c28f22e8b96e1ab97ce403110664 -> 
  custom:audio-decoder-ogg-vorbis: bf7c407c2cedff20999df2af8eb42d56 -> 
  custom:audio-encoder-webm-vorbis: bf7c407c2cedff20999df2af8eb42d56 -> 
========================================================================
Received Import Request.
  Time since last request: 887518.848732 seconds.
  path: Assets/IgnoreResources/DoubleL/FBX_Animations/Actions/Crafting/Blacksmith_Sit_End.fbx
  artifactKey: Guid(07860b03e07d6ad4fadf5a4a8f5dc539) Importer(815301076,1909f56bfc062723c751e8b465ee728b)
Start importing Assets/IgnoreResources/DoubleL/FBX_Animations/Actions/Crafting/Blacksmith_Sit_End.fbx using Guid(07860b03e07d6ad4fadf5a4a8f5dc539) Importer(815301076,1909f56bfc062723c751e8b465ee728b)  -> (artifact id: '53a4201789cf409f53caa7027d0660d3') in 0.020214 seconds
Number of updated asset objects reloaded before import = 0
Number of asset objects unloaded after import = 144
========================================================================
Received Import Request.
  Time since last request: 0.344589 seconds.
  path: Assets/IgnoreResources/DoubleL/FBX_Animations/Actions/Combat Idle/Combat_Idle_1.fbx
  artifactKey: Guid(8e71d4e1bbd89a241b210ac9a73a72f9) Importer(815301076,1909f56bfc062723c751e8b465ee728b)
Start importing Assets/IgnoreResources/DoubleL/FBX_Animations/Actions/Combat Idle/Combat_Idle_1.fbx using Guid(8e71d4e1bbd89a241b210ac9a73a72f9) Importer(815301076,1909f56bfc062723c751e8b465ee728b)  -> (artifact id: '044599a0260bda405190293d56fd4282') in 0.003944 seconds
Number of updated asset objects reloaded before import = 0
Number of asset objects unloaded after import = 144
========================================================================
Received Import Request.
  Time since last request: 0.004460 seconds.
  path: Assets/IgnoreResources/DoubleL/FBX_Animations/Actions/Combat Idle/Combat_Idle_3.fbx
  artifactKey: Guid(61bd02d85ac27cb40ba2994aab98bdac) Importer(815301076,1909f56bfc062723c751e8b465ee728b)
Start importing Assets/IgnoreResources/DoubleL/FBX_Animations/Actions/Combat Idle/Combat_Idle_3.fbx using Guid(61bd02d85ac27cb40ba2994aab98bdac) Importer(815301076,1909f56bfc062723c751e8b465ee728b)  -> (artifact id: 'd2cd2846c950a2ad1f4e294f1feb1f0f') in 0.008244 seconds
Number of updated asset objects reloaded before import = 0
Number of asset objects unloaded after import = 144
========================================================================
Received Import Request.
  Time since last request: 0.005926 seconds.
  path: Assets/IgnoreResources/DoubleL/FBX_Animations/Actions/Combat Idle/Combat_Idle_6.fbx
  artifactKey: Guid(99030c72a41a54c4f9cd6b7267f36aa0) Importer(815301076,1909f56bfc062723c751e8b465ee728b)
Start importing Assets/IgnoreResources/DoubleL/FBX_Animations/Actions/Combat Idle/Combat_Idle_6.fbx using Guid(99030c72a41a54c4f9cd6b7267f36aa0) Importer(815301076,1909f56bfc062723c751e8b465ee728b)  -> (artifact id: '92c2c5a272c607a8fe5a57cda4f622ae') in 0.003119 seconds
Number of updated asset objects reloaded before import = 0
Number of asset objects unloaded after import = 144
========================================================================
Received Import Request.
  Time since last request: 13.059651 seconds.
  path: Assets/IgnoreResources/DoubleL/FBX_Animations/Actions/Hammer/Hammer_A_End.fbx
  artifactKey: Guid(a03c76d7677ee214e91a8e107adee250) Importer(815301076,1909f56bfc062723c751e8b465ee728b)
Start importing Assets/IgnoreResources/DoubleL/FBX_Animations/Actions/Hammer/Hammer_A_End.fbx using Guid(a03c76d7677ee214e91a8e107adee250) Importer(815301076,1909f56bfc062723c751e8b465ee728b)  -> (artifact id: '26ea5697d2f330292935a2745d2a5281') in 0.004393 seconds
Number of updated asset objects reloaded before import = 0
Number of asset objects unloaded after import = 144
========================================================================
Received Import Request.
  Time since last request: 0.001185 seconds.
  path: Assets/IgnoreResources/DoubleL/FBX_Animations/Actions/Hammer/Hammer_A_Play_1.fbx
  artifactKey: Guid(95b275a974a8bdc418b96552e9ad9c98) Importer(815301076,1909f56bfc062723c751e8b465ee728b)
Start importing Assets/IgnoreResources/DoubleL/FBX_Animations/Actions/Hammer/Hammer_A_Play_1.fbx using Guid(95b275a974a8bdc418b96552e9ad9c98) Importer(815301076,1909f56bfc062723c751e8b465ee728b)  -> (artifact id: 'f897dc8c8e01bb93fcb4edf5c28bd9eb') in 0.003732 seconds
Number of updated asset objects reloaded before import = 0
Number of asset objects unloaded after import = 144
========================================================================
Received Import Request.
  Time since last request: 0.000014 seconds.
  path: Assets/IgnoreResources/DoubleL/FBX_Animations/Actions/Hammer/Hammer_B_End.fbx
  artifactKey: Guid(bed0212cc32ddd14d8b07be5e0812c1a) Importer(815301076,1909f56bfc062723c751e8b465ee728b)
Start importing Assets/IgnoreResources/DoubleL/FBX_Animations/Actions/Hammer/Hammer_B_End.fbx using Guid(bed0212cc32ddd14d8b07be5e0812c1a) Importer(815301076,1909f56bfc062723c751e8b465ee728b)  -> (artifact id: '40db389bf2474a973b7217a4254f4160') in 0.004881 seconds
Number of updated asset objects reloaded before import = 0
Number of asset objects unloaded after import = 144
========================================================================
Received Import Request.
  Time since last request: 0.005638 seconds.
  path: Assets/IgnoreResources/DoubleL/FBX_Animations/Actions/Hammer/Hammer_B_Play_2.fbx
  artifactKey: Guid(fb00e6281fe75364bab51b2a38bc8b8c) Importer(815301076,1909f56bfc062723c751e8b465ee728b)
Start importing Assets/IgnoreResources/DoubleL/FBX_Animations/Actions/Hammer/Hammer_B_Play_2.fbx using Guid(fb00e6281fe75364bab51b2a38bc8b8c) Importer(815301076,1909f56bfc062723c751e8b465ee728b)  -> (artifact id: 'b6aefd512983373e65f8413a16a75142') in 0.003523 seconds
Number of updated asset objects reloaded before import = 0
Number of asset objects unloaded after import = 144
========================================================================
Received Import Request.
  Time since last request: 156.448799 seconds.
  path: Assets/IgnoreResources/FightingMotionsVolume1/Animator
  artifactKey: Guid(3c6a1d67e78a2ff44b06b42ca9ee9267) Importer(815301076,1909f56bfc062723c751e8b465ee728b)
Start importing Assets/IgnoreResources/FightingMotionsVolume1/Animator using Guid(3c6a1d67e78a2ff44b06b42ca9ee9267) Importer(815301076,1909f56bfc062723c751e8b465ee728b)  -> (artifact id: '3cdc708c441f88b59d7f0607dc5a3409') in 0.000670 seconds
Number of updated asset objects reloaded before import = 0
Number of asset objects unloaded after import = 0
========================================================================
Received Import Request.
  Time since last request: 2.331498 seconds.
  path: Assets/IgnoreResources/FightingMotionsVolume1/Animator/BlueGuy_Animator.controller
  artifactKey: Guid(4737e6302c9030246ae91eff65c36dbd) Importer(815301076,1909f56bfc062723c751e8b465ee728b)
Start importing Assets/IgnoreResources/FightingMotionsVolume1/Animator/BlueGuy_Animator.controller using Guid(4737e6302c9030246ae91eff65c36dbd) Importer(815301076,1909f56bfc062723c751e8b465ee728b)  -> (artifact id: 'ad0d8dea9af85eab3e64a8dcfe9bbe2c') in 0.017610 seconds
Number of updated asset objects reloaded before import = 0
Number of asset objects unloaded after import = 130
========================================================================
Received Import Request.
  Time since last request: 3.910068 seconds.
  path: Assets/IgnoreResources/FightingMotionsVolume1/FBX/bb_front_A.fbx
  artifactKey: Guid(0282c4d4925893d41928a32222f24b11) Importer(815301076,1909f56bfc062723c751e8b465ee728b)
Start importing Assets/IgnoreResources/FightingMotionsVolume1/FBX/bb_front_A.fbx using Guid(0282c4d4925893d41928a32222f24b11) Importer(815301076,1909f56bfc062723c751e8b465ee728b)  -> (artifact id: 'a2c2483fc10707cd4346d17e012d7fdd') in 0.004194 seconds
Number of updated asset objects reloaded before import = 0
Number of asset objects unloaded after import = 52
========================================================================
Received Import Request.
  Time since last request: 0.003978 seconds.
  path: Assets/IgnoreResources/FightingMotionsVolume1/FBX/BlueGuy.fbx
  artifactKey: Guid(0bf37dc7372c57146bfc553d666ef609) Importer(815301076,1909f56bfc062723c751e8b465ee728b)
Start importing Assets/IgnoreResources/FightingMotionsVolume1/FBX/BlueGuy.fbx using Guid(0bf37dc7372c57146bfc553d666ef609) Importer(815301076,1909f56bfc062723c751e8b465ee728b)  -> (artifact id: '8b16e0898bac80f784583b43e37af0d8') in 0.002646 seconds
Number of updated asset objects reloaded before import = 0
Number of asset objects unloaded after import = 53
========================================================================
Received Import Request.
  Time since last request: 0.000013 seconds.
  path: Assets/IgnoreResources/FightingMotionsVolume1/FBX/getup_A.fbx
  artifactKey: Guid(17004ac38f600ff4f90db12b9b2d5433) Importer(815301076,1909f56bfc062723c751e8b465ee728b)
Start importing Assets/IgnoreResources/FightingMotionsVolume1/FBX/getup_A.fbx using Guid(17004ac38f600ff4f90db12b9b2d5433) Importer(815301076,1909f56bfc062723c751e8b465ee728b)  -> (artifact id: '3432b8da6954a6e2cc18d9cab948f58a') in 0.002645 seconds
Number of updated asset objects reloaded before import = 0
Number of asset objects unloaded after import = 52
========================================================================
Received Import Request.
  Time since last request: 0.000013 seconds.
  path: Assets/IgnoreResources/FightingMotionsVolume1/FBX/bk_rh_right_A.fbx
  artifactKey: Guid(82ff370070ffcb846a647642afec9429) Importer(815301076,1909f56bfc062723c751e8b465ee728b)
Start importing Assets/IgnoreResources/FightingMotionsVolume1/FBX/bk_rh_right_A.fbx using Guid(82ff370070ffcb846a647642afec9429) Importer(815301076,1909f56bfc062723c751e8b465ee728b)  -> (artifact id: '4737ea0e8020804076b3765656711e89') in 0.003979 seconds
Number of updated asset objects reloaded before import = 0
Number of asset objects unloaded after import = 52
========================================================================
Received Import Request.
  Time since last request: 0.000019 seconds.
  path: Assets/IgnoreResources/FightingMotionsVolume1/FBX/hb_front_A.fbx
  artifactKey: Guid(6f36d974de0fac648a26b5796fbfc3c3) Importer(815301076,1909f56bfc062723c751e8b465ee728b)
Start importing Assets/IgnoreResources/FightingMotionsVolume1/FBX/hb_front_A.fbx using Guid(6f36d974de0fac648a26b5796fbfc3c3) Importer(815301076,1909f56bfc062723c751e8b465ee728b)  -> (artifact id: '7c3af3c89ba51fd1dadc5b4184649aa7') in 0.002932 seconds
Number of updated asset objects reloaded before import = 0
Number of asset objects unloaded after import = 52
========================================================================
Received Import Request.
  Time since last request: 2.619443 seconds.
  path: Assets/IgnoreResources/FightingMotionsVolume1/FBX/hd_front_B.fbx
  artifactKey: Guid(3875ee494c5527c40a1c44833d2202d3) Importer(815301076,1909f56bfc062723c751e8b465ee728b)
Start importing Assets/IgnoreResources/FightingMotionsVolume1/FBX/hd_front_B.fbx using Guid(3875ee494c5527c40a1c44833d2202d3) Importer(815301076,1909f56bfc062723c751e8b465ee728b)  -> (artifact id: '872f2d3f30cf05ee85b079d070aa6029') in 0.003233 seconds
Number of updated asset objects reloaded before import = 0
Number of asset objects unloaded after import = 52
========================================================================
Received Import Request.
  Time since last request: 0.000012 seconds.
  path: Assets/IgnoreResources/FightingMotionsVolume1/FBX/hp_hook_left_A.fbx
  artifactKey: Guid(e85eabbd59e479e48a4b8d0cb836f2e3) Importer(815301076,1909f56bfc062723c751e8b465ee728b)
Start importing Assets/IgnoreResources/FightingMotionsVolume1/FBX/hp_hook_left_A.fbx using Guid(e85eabbd59e479e48a4b8d0cb836f2e3) Importer(815301076,1909f56bfc062723c751e8b465ee728b)  -> (artifact id: '9f4e81fbe9574eb21d06412b624e95d7') in 0.002956 seconds
Number of updated asset objects reloaded before import = 0
Number of asset objects unloaded after import = 52
========================================================================
Received Import Request.
  Time since last request: 0.000014 seconds.
  path: Assets/IgnoreResources/FightingMotionsVolume1/FBX/hk_side_left_A.fbx
  artifactKey: Guid(32ed0de2e84ee9540870e3c35b13272c) Importer(815301076,1909f56bfc062723c751e8b465ee728b)
Start importing Assets/IgnoreResources/FightingMotionsVolume1/FBX/hk_side_left_A.fbx using Guid(32ed0de2e84ee9540870e3c35b13272c) Importer(815301076,1909f56bfc062723c751e8b465ee728b)  -> (artifact id: '0a5fe4bf96cc0cfbb873630bb0ce929f') in 0.002465 seconds
Number of updated asset objects reloaded before import = 0
Number of asset objects unloaded after import = 52
========================================================================
Received Import Request.
  Time since last request: 51.783880 seconds.
  path: Assets/IgnoreResources/FightingMotionsVolume1/FBX/hp_straight_left_Tiramis.fbx
  artifactKey: Guid(5134975584e9d31438f5ac1f9fd3de18) Importer(815301076,1909f56bfc062723c751e8b465ee728b)
Start importing Assets/IgnoreResources/FightingMotionsVolume1/FBX/hp_straight_left_Tiramis.fbx using Guid(5134975584e9d31438f5ac1f9fd3de18) Importer(815301076,1909f56bfc062723c751e8b465ee728b)  -> (artifact id: '7ae13cba9899f6ee52dc3f7c570b45ef') in 0.002230 seconds
Number of updated asset objects reloaded before import = 0
Number of asset objects unloaded after import = 52
========================================================================
Received Import Request.
  Time since last request: 9.516709 seconds.
  path: Assets/IgnoreResources/FightingMotionsVolume1/FBX/idle_A.fbx
  artifactKey: Guid(6c88f17ac7ff45543a0878e71288c038) Importer(815301076,1909f56bfc062723c751e8b465ee728b)
Start importing Assets/IgnoreResources/FightingMotionsVolume1/FBX/idle_A.fbx using Guid(6c88f17ac7ff45543a0878e71288c038) Importer(815301076,1909f56bfc062723c751e8b465ee728b)  -> (artifact id: '1bd66c61cdc433c73506a63ce951043d') in 0.002229 seconds
Number of updated asset objects reloaded before import = 0
Number of asset objects unloaded after import = 52
========================================================================
Received Import Request.
  Time since last request: 5.709347 seconds.
  path: Assets/IgnoreResources/FightingMotionsVolume1/FBX/knockdown_loop_A.fbx
  artifactKey: Guid(3ff1228a6fef1834f96812bc96c1d41b) Importer(815301076,1909f56bfc062723c751e8b465ee728b)
Start importing Assets/IgnoreResources/FightingMotionsVolume1/FBX/knockdown_loop_A.fbx using Guid(3ff1228a6fef1834f96812bc96c1d41b) Importer(815301076,1909f56bfc062723c751e8b465ee728b)  -> (artifact id: '4750da82b9bcc39f864ae952b6aa8cf4') in 0.002358 seconds
Number of updated asset objects reloaded before import = 0
Number of asset objects unloaded after import = 52
========================================================================
Received Import Request.
  Time since last request: 837.358182 seconds.
  path: Assets/CSharp/ScriptableObjects/StateAsset/Created/Player/Attack/State_MediumSwordAttack_FromPlayerBoy_2.asset
  artifactKey: Guid(f654849b84e515943ba909a05982bc8f) Importer(815301076,1909f56bfc062723c751e8b465ee728b)
Start importing Assets/CSharp/ScriptableObjects/StateAsset/Created/Player/Attack/State_MediumSwordAttack_FromPlayerBoy_2.asset using Guid(f654849b84e515943ba909a05982bc8f) Importer(815301076,1909f56bfc062723c751e8b465ee728b)  -> (artifact id: '20a65b45677a81ba2ca9810ca1a52e2c') in 0.139037 seconds
Number of updated asset objects reloaded before import = 0
Number of asset objects unloaded after import = 2
========================================================================
Received Import Request.
  Time since last request: 1750.918952 seconds.
  path: Assets/CSharp/ScriptableObjects/AnimationAttackFrameAsset/Created/Heizo/Wrio_NormalAttack2.asset
  artifactKey: Guid(890e96763d6e745468989db6876e96cf) Importer(815301076,1909f56bfc062723c751e8b465ee728b)
Start importing Assets/CSharp/ScriptableObjects/AnimationAttackFrameAsset/Created/Heizo/Wrio_NormalAttack2.asset using Guid(890e96763d6e745468989db6876e96cf) Importer(815301076,1909f56bfc062723c751e8b465ee728b)  -> (artifact id: '62375a35ad2f04bd1c4a33e274a182c4') in 0.639890 seconds
Number of updated asset objects reloaded before import = 0
Number of asset objects unloaded after import = 2
========================================================================
Received Import Request.
  Time since last request: 0.000028 seconds.
  path: Assets/CSharp/ScriptableObjects/AnimationAttackFrameAsset/Created/Heizo/Wrio_NormalAttack5.asset
  artifactKey: Guid(7392396b5482abd46a56c072edd082af) Importer(815301076,1909f56bfc062723c751e8b465ee728b)
Start importing Assets/CSharp/ScriptableObjects/AnimationAttackFrameAsset/Created/Heizo/Wrio_NormalAttack5.asset using Guid(7392396b5482abd46a56c072edd082af) Importer(815301076,1909f56bfc062723c751e8b465ee728b)  -> (artifact id: '9568c36be61c50d6c1f62ddbcea6c26c') in 0.516051 seconds
Number of updated asset objects reloaded before import = 0
Number of asset objects unloaded after import = 2
Editor requested this worker to shutdown with reason: Scaling down because of idle timeout
TcpMessagingSession - receive error: operation aborted. errorcode: 995, details: 스레드 종료 또는 응용 프로그램 요청 때문에 I/O 작업이 취소되었습니다.
AssetImportWorker is now disconnected from the server
Process exiting
Exiting without the bug reporter. Application will terminate with return code 0