Using pre-set license
Built from '2022.3/staging' branch; Version is '2022.3.4f1 (35713cd46cd7) revision 3502396'; Using compiler version '192829333'; Build Type 'Release'
OS: 'Windows 10  (10.0.19045) 64bit Professional' Language: 'ko' Physical Memory: 32469 MB
BatchMode: 1, IsHumanControllingUs: 0, StartBugReporterOnCrash: 0, Is64bit: 1, IsPro: 1

COMMAND LINE ARGUMENTS:
C:\Program Files\Unity\Hub\Editor\2022.3.4f1\Editor\Unity.exe
-adb2
-batchMode
-noUpm
-name
AssetImportWorker3
-projectPath
C:/Users/rhsj/Desktop/Unity/ProjectNW
-logFile
Logs/AssetImportWorker3.log
-srvPort
57463
Successfully changed project path to: C:/Users/rhsj/Desktop/Unity/ProjectNW
C:/Users/rhsj/Desktop/Unity/ProjectNW
[UnityMemory] Configuration Parameters - Can be set up in boot.config
    "memorysetup-bucket-allocator-granularity=16"
    "memorysetup-bucket-allocator-bucket-count=8"
    "memorysetup-bucket-allocator-block-size=33554432"
    "memorysetup-bucket-allocator-block-count=8"
    "memorysetup-main-allocator-block-size=16777216"
    "memorysetup-thread-allocator-block-size=16777216"
    "memorysetup-gfx-main-allocator-block-size=16777216"
    "memorysetup-gfx-thread-allocator-block-size=16777216"
    "memorysetup-cache-allocator-block-size=4194304"
    "memorysetup-typetree-allocator-block-size=2097152"
    "memorysetup-profiler-bucket-allocator-granularity=16"
    "memorysetup-profiler-bucket-allocator-bucket-count=8"
    "memorysetup-profiler-bucket-allocator-block-size=33554432"
    "memorysetup-profiler-bucket-allocator-block-count=8"
    "memorysetup-profiler-allocator-block-size=16777216"
    "memorysetup-profiler-editor-allocator-block-size=1048576"
    "memorysetup-temp-allocator-size-main=16777216"
    "memorysetup-job-temp-allocator-block-size=2097152"
    "memorysetup-job-temp-allocator-block-size-background=1048576"
    "memorysetup-job-temp-allocator-reduction-small-platforms=262144"
    "memorysetup-allocator-temp-initial-block-size-main=262144"
    "memorysetup-allocator-temp-initial-block-size-worker=262144"
    "memorysetup-temp-allocator-size-background-worker=32768"
    "memorysetup-temp-allocator-size-job-worker=262144"
    "memorysetup-temp-allocator-size-preload-manager=33554432"
    "memorysetup-temp-allocator-size-nav-mesh-worker=65536"
    "memorysetup-temp-allocator-size-audio-worker=65536"
    "memorysetup-temp-allocator-size-cloud-worker=32768"
    "memorysetup-temp-allocator-size-gi-baking-worker=262144"
    "memorysetup-temp-allocator-size-gfx=262144"
Player connection [33636] Host "[IP] 192.168.200.183 [Port] 0 [Flags] 2 [Guid] 1516434469 [EditorId] 1516434469 [Version] 1048832 [Id] WindowsEditor(7,DESKTOP-SUV84E9) [Debug] 1 [PackageName] WindowsEditor [ProjectName] Editor" joined multi-casting on [225.0.0.222:54997]...

Player connection [33636] Host "[IP] 192.168.200.183 [Port] 0 [Flags] 2 [Guid] 1516434469 [EditorId] 1516434469 [Version] 1048832 [Id] WindowsEditor(7,DESKTOP-SUV84E9) [Debug] 1 [PackageName] WindowsEditor [ProjectName] Editor" joined alternative multi-casting on [225.0.0.222:34997]...

Refreshing native plugins compatible for Editor in 19.17 ms, found 4 plugins.
Preloading 0 native plugins for Editor in 0.00 ms.
Initialize engine version: 2022.3.4f1 (35713cd46cd7)
[Subsystems] Discovering subsystems at path C:/Program Files/Unity/Hub/Editor/2022.3.4f1/Editor/Data/Resources/UnitySubsystems
[Subsystems] Discovering subsystems at path C:/Users/rhsj/Desktop/Unity/ProjectNW/Assets
GfxDevice: creating device client; threaded=0; jobified=0
Direct3D:
    Version:  Direct3D 11.0 [level 11.1]
    Renderer: NVIDIA GeForce RTX 3070 Laptop GPU (ID=0x249d)
    Vendor:   NVIDIA
    VRAM:     8020 MB
    Driver:   31.0.15.5244
Initialize mono
Mono path[0] = 'C:/Program Files/Unity/Hub/Editor/2022.3.4f1/Editor/Data/Managed'
Mono path[1] = 'C:/Program Files/Unity/Hub/Editor/2022.3.4f1/Editor/Data/MonoBleedingEdge/lib/mono/unityjit-win32'
Mono config path = 'C:/Program Files/Unity/Hub/Editor/2022.3.4f1/Editor/Data/MonoBleedingEdge/etc'
Using monoOptions --debugger-agent=transport=dt_socket,embedding=1,server=y,suspend=n,address=127.0.0.1:56700
Begin MonoManager ReloadAssembly
Registering precompiled unity dll's ...
Register platform support module: C:/Program Files/Unity/Hub/Editor/2022.3.4f1/Editor/Data/PlaybackEngines/WindowsStandaloneSupport/UnityEditor.WindowsStandalone.Extensions.dll
Registered in 0.009173 seconds.
- Loaded All Assemblies, in  0.430 seconds
Native extension for WindowsStandalone target not found
Mono: successfully reloaded assembly
- Finished resetting the current domain, in  0.334 seconds
Domain Reload Profiling: 761ms
	BeginReloadAssembly (97ms)
		ExecutionOrderSort (0ms)
		DisableScriptedObjects (0ms)
		BackupInstance (0ms)
		ReleaseScriptingObjects (0ms)
		CreateAndSetChildDomain (1ms)
	RebuildCommonClasses (47ms)
	RebuildNativeTypeToScriptingClass (13ms)
	initialDomainReloadingComplete (100ms)
	LoadAllAssembliesAndSetupDomain (171ms)
		LoadAssemblies (95ms)
		RebuildTransferFunctionScriptingTraits (0ms)
		AnalyzeDomain (167ms)
			TypeCache.Refresh (165ms)
				TypeCache.ScanAssembly (152ms)
			ScanForSourceGeneratedMonoScriptInfo (1ms)
			ResolveRequiredComponents (1ms)
	FinalizeReload (334ms)
		ReleaseScriptCaches (0ms)
		RebuildScriptCaches (0ms)
		SetupLoadedEditorAssemblies (253ms)
			LogAssemblyErrors (0ms)
			InitializePlatformSupportModulesInManaged (16ms)
			SetLoadedEditorAssemblies (12ms)
			RefreshPlugins (0ms)
			BeforeProcessingInitializeOnLoad (2ms)
			ProcessInitializeOnLoadAttributes (163ms)
			ProcessInitializeOnLoadMethodAttributes (61ms)
			AfterProcessingInitializeOnLoad (0ms)
			EditorAssembliesLoaded (0ms)
		ExecutionOrderSort2 (0ms)
		AwakeInstancesAfterBackupRestoration (0ms)
========================================================================
Worker process is ready to serve import requests
Begin MonoManager ReloadAssembly
- Loaded All Assemblies, in  1.036 seconds
Refreshing native plugins compatible for Editor in 5.00 ms, found 4 plugins.
Native extension for WindowsStandalone target not found
Error saving file Library/StateCache/LayerSettings/9e/9ecc5c3c162a7aba29bafa64c8b94b7c.json. Error: System.IO.IOException: Sharing violation on path C:\Users\rhsj\Desktop\Unity\ProjectNW\Library\StateCache\LayerSettings\9e\9ecc5c3c162a7aba29bafa64c8b94b7c.json
  at System.IO.FileStream..ctor (System.String path, System.IO.FileMode mode, System.IO.FileAccess access, System.IO.FileShare share, System.Int32 bufferSize, System.Boolean anonymous, System.IO.FileOptions options) [0x0019e] in <605bf8b31fcb444b85176da963870aa7>:0 
  at System.IO.FileStream..ctor (System.String path, System.IO.FileMode mode, System.IO.FileAccess access, System.IO.FileShare share, System.Int32 bufferSize, System.IO.FileOptions options) [0x00000] in <605bf8b31fcb444b85176da963870aa7>:0 
  at (wrapper remoting-invoke-with-check) System.IO.FileStream..ctor(string,System.IO.FileMode,System.IO.FileAccess,System.IO.FileShare,int,System.IO.FileOptions)
  at System.IO.StreamWriter..ctor (System.String path, System.Boolean append, System.Text.Encoding encoding, System.Int32 bufferSize) [0x00055] in <605bf8b31fcb444b85176da963870aa7>:0 
  at System.IO.StreamWriter..ctor (System.String path, System.Boolean append, System.Text.Encoding encoding) [0x00000] in <605bf8b31fcb444b85176da963870aa7>:0 
  at (wrapper remoting-invoke-with-check) System.IO.StreamWriter..ctor(string,bool,System.Text.Encoding)
  at System.IO.File.WriteAllText (System.String path, System.String contents, System.Text.Encoding encoding) [0x00034] in <605bf8b31fcb444b85176da963870aa7>:0 
  at UnityEditor.StateCache`1[T].SetState (UnityEngine.Hash128 key, T obj) [0x0004b] in <da771086bc2e4cfc9ad0a72e083a7f98>:0 
UnityEngine.StackTraceUtility:ExtractStackTrace ()
UnityEngine.DebugLogHandler:LogFormat (UnityEngine.LogType,UnityEngine.Object,string,object[])
UnityEngine.Logger:Log (UnityEngine.LogType,object)
UnityEngine.Debug:LogError (object)
UnityEditor.StateCache`1<UnityEditor.Tools/LayerSettings>:SetState (UnityEngine.Hash128,UnityEditor.Tools/LayerSettings)
UnityEditor.Tools:set_lockedLayers (int)
UnityEditor.Tools:OnEnable ()
UnityEngine.ScriptableObject:CreateInstance (System.Type)
UnityEngine.ScriptableObject:CreateInstance<UnityEditor.Tools> ()
UnityEditor.Tools:get_get ()
UnityEditor.Tools:get_visibleLayers ()
UnityEditor.Animations.Rigging.BoneRendererUtils:.cctor () (at ./Library/PackageCache/com.unity.animation.rigging@1.2.1/Editor/Utils/BoneRendererUtils.cs:121)
System.Runtime.CompilerServices.RuntimeHelpers:RunClassConstructor (System.RuntimeTypeHandle)
UnityEditor.EditorAssemblies:ProcessInitializeOnLoadAttributes (System.Type[])

(Filename: ./Library/PackageCache/com.unity.animation.rigging@1.2.1/Editor/Utils/BoneRendererUtils.cs Line: 121)

[MODES] ModeService[none].Initialize
[MODES] ModeService[none].LoadModes
[MODES] Loading mode Default (0) for mode-current-id-ProjectNW
Package Manager log level set to [2]
[Package Manager] Server::EnsureServerProcessIsRunning -- launch failed, reason: Unity was launched with the -noUpm command-line argument
[Package Manager] UpmClient::Send -- Unable to send message (not connected to UPM process).
[Package Manager] Cannot connect to Unity Package Manager local server
Mono: successfully reloaded assembly
- Finished resetting the current domain, in  1.474 seconds
Domain Reload Profiling: 2507ms
	BeginReloadAssembly (150ms)
		ExecutionOrderSort (0ms)
		DisableScriptedObjects (8ms)
		BackupInstance (0ms)
		ReleaseScriptingObjects (0ms)
		CreateAndSetChildDomain (28ms)
	RebuildCommonClasses (45ms)
	RebuildNativeTypeToScriptingClass (15ms)
	initialDomainReloadingComplete (37ms)
	LoadAllAssembliesAndSetupDomain (786ms)
		LoadAssemblies (387ms)
		RebuildTransferFunctionScriptingTraits (0ms)
		AnalyzeDomain (462ms)
			TypeCache.Refresh (399ms)
				TypeCache.ScanAssembly (388ms)
			ScanForSourceGeneratedMonoScriptInfo (42ms)
			ResolveRequiredComponents (21ms)
	FinalizeReload (1475ms)
		ReleaseScriptCaches (0ms)
		RebuildScriptCaches (0ms)
		SetupLoadedEditorAssemblies (1244ms)
			LogAssemblyErrors (0ms)
			InitializePlatformSupportModulesInManaged (5ms)
			SetLoadedEditorAssemblies (9ms)
			RefreshPlugins (0ms)
			BeforeProcessingInitializeOnLoad (230ms)
			ProcessInitializeOnLoadAttributes (850ms)
			ProcessInitializeOnLoadMethodAttributes (139ms)
			AfterProcessingInitializeOnLoad (10ms)
			EditorAssembliesLoaded (0ms)
		ExecutionOrderSort2 (0ms)
		AwakeInstancesAfterBackupRestoration (7ms)
Launched and connected shader compiler UnityShaderCompiler.exe after 0.04 seconds
Refreshing native plugins compatible for Editor in 5.47 ms, found 4 plugins.
Preloading 0 native plugins for Editor in 0.00 ms.
Unloading 6337 Unused Serialized files (Serialized files now loaded: 0)
Unloading 110 unused Assets / (427.4 KB). Loaded Objects now: 6837.
Memory consumption went from 254.1 MB to 253.7 MB.
Total: 5.832800 ms (FindLiveObjects: 0.518900 ms CreateObjectMapping: 0.448500 ms MarkObjects: 4.523500 ms  DeleteObjects: 0.340900 ms)

AssetImportParameters requested are different than current active one (requested -> active):
  custom:container-demuxer-ogg: 62fdf1f143b41e24485cea50d1cbac27 -> 
  custom:video-decoder-ogg-theora: a1e56fd34408186e4bbccfd4996cb3dc -> 
  custom:framework-win-MediaFoundation: 216162199b28c13a410421893ffa2e32 -> 
  custom:CustomObjectIndexerAttribute: a3ef5dd2817f97addfee359851a9dba5 -> 
  custom:container-demuxer-webm: 4f35f7cbe854078d1ac9338744f61a02 -> 
  custom:container-muxer-webm: aa71ff27fc2769a1b78a27578f13a17b -> 
  custom:video-decoder-webm-vp8: 9c59270c3fd7afecdb556c50c9e8de78 -> 
  custom:AudioImporter_EditorPlatform: d09bf68614088b80899f8185d706f6e7 -> 
  custom:video-encoder-webm-vp8: eb34c28f22e8b96e1ab97ce403110664 -> 
  custom:audio-decoder-ogg-vorbis: bf7c407c2cedff20999df2af8eb42d56 -> 
  custom:audio-encoder-webm-vorbis: bf7c407c2cedff20999df2af8eb42d56 -> 
========================================================================
Received Import Request.
  Time since last request: 1004906.145691 seconds.
  path: Assets/Resources/ModelOriginal/LoginSceneBridge/LoginScene_Bridge01_03_Vo/LoginScene_Bridge01_SMBE.png
  artifactKey: Guid(3ca8b8e128262c847bfedbce8e1734ab) Importer(815301076,1909f56bfc062723c751e8b465ee728b)
Start importing Assets/Resources/ModelOriginal/LoginSceneBridge/LoginScene_Bridge01_03_Vo/LoginScene_Bridge01_SMBE.png using Guid(3ca8b8e128262c847bfedbce8e1734ab) Importer(815301076,1909f56bfc062723c751e8b465ee728b)  -> (artifact id: '0ec58e3bbd3a0ff38dad1106528bed20') in 0.019454 seconds
Number of updated asset objects reloaded before import = 0
Number of asset objects unloaded after import = 1
========================================================================
Received Import Request.
  Time since last request: 0.000115 seconds.
  path: Assets/Resources/ModelOriginal/LoginSceneBridge/LoginScene_Bridge01_03_Vo/LoginScene_Ground02_SMBE.png
  artifactKey: Guid(87e99d326dcbb7346a14cd68240f9db4) Importer(815301076,1909f56bfc062723c751e8b465ee728b)
Start importing Assets/Resources/ModelOriginal/LoginSceneBridge/LoginScene_Bridge01_03_Vo/LoginScene_Ground02_SMBE.png using Guid(87e99d326dcbb7346a14cd68240f9db4) Importer(815301076,1909f56bfc062723c751e8b465ee728b)  -> (artifact id: '9da36c88e16d3bf66d655c2a20a8b0bd') in 0.003301 seconds
Number of updated asset objects reloaded before import = 0
Number of asset objects unloaded after import = 1
========================================================================
Received Import Request.
  Time since last request: 5.451050 seconds.
  path: Assets/Resources/ModelOriginal/LoginSceneBridge/LoginScene_Bridge01_05_Vo/LoginScene_Bridge01_SMBE.png
  artifactKey: Guid(11aeb8d2cda091048bfcdecd769a9069) Importer(815301076,1909f56bfc062723c751e8b465ee728b)
Start importing Assets/Resources/ModelOriginal/LoginSceneBridge/LoginScene_Bridge01_05_Vo/LoginScene_Bridge01_SMBE.png using Guid(11aeb8d2cda091048bfcdecd769a9069) Importer(815301076,1909f56bfc062723c751e8b465ee728b)  -> (artifact id: '1dda86929ddd39284bf65aa170f2b81d') in 0.001878 seconds
Number of updated asset objects reloaded before import = 0
Number of asset objects unloaded after import = 1
========================================================================
Received Import Request.
  Time since last request: 0.000151 seconds.
  path: Assets/Resources/ModelOriginal/LoginSceneBridge/LoginScene_Bridge01_05_Vo/LoginScene_Bridge02_Diffuse.png
  artifactKey: Guid(fa4fae2722a0f94489b773f91db78caa) Importer(815301076,1909f56bfc062723c751e8b465ee728b)
Start importing Assets/Resources/ModelOriginal/LoginSceneBridge/LoginScene_Bridge01_05_Vo/LoginScene_Bridge02_Diffuse.png using Guid(fa4fae2722a0f94489b773f91db78caa) Importer(815301076,1909f56bfc062723c751e8b465ee728b)  -> (artifact id: 'a50490778a7cd65c8a32142c797740d2') in 0.001866 seconds
Number of updated asset objects reloaded before import = 0
Number of asset objects unloaded after import = 1
========================================================================
Received Import Request.
  Time since last request: 0.000016 seconds.
  path: Assets/Resources/ModelOriginal/LoginSceneBridge/LoginScene_Bridge01_05_Vo/LoginScene_Bridge02_SMBE.png
  artifactKey: Guid(4bce6dd2748105044bd74dcab3115933) Importer(815301076,1909f56bfc062723c751e8b465ee728b)
Start importing Assets/Resources/ModelOriginal/LoginSceneBridge/LoginScene_Bridge01_05_Vo/LoginScene_Bridge02_SMBE.png using Guid(4bce6dd2748105044bd74dcab3115933) Importer(815301076,1909f56bfc062723c751e8b465ee728b)  -> (artifact id: '689abeb48a79a318ef48702797b0d335') in 0.001200 seconds
Number of updated asset objects reloaded before import = 0
Number of asset objects unloaded after import = 1
========================================================================
Received Import Request.
  Time since last request: 0.135094 seconds.
  path: Assets/Resources/ModelOriginal/LoginSceneBridge/LoginScene_Bridge01_06_Vo/LoginScene_Bridge02_SMBE.png
  artifactKey: Guid(3a31154873f85144894316e923b78aaa) Importer(815301076,1909f56bfc062723c751e8b465ee728b)
Start importing Assets/Resources/ModelOriginal/LoginSceneBridge/LoginScene_Bridge01_06_Vo/LoginScene_Bridge02_SMBE.png using Guid(3a31154873f85144894316e923b78aaa) Importer(815301076,1909f56bfc062723c751e8b465ee728b)  -> (artifact id: '384b99d586bf846f14d261cb5d4a993c') in 0.001485 seconds
Number of updated asset objects reloaded before import = 0
Number of asset objects unloaded after import = 1
========================================================================
Received Import Request.
  Time since last request: 0.175316 seconds.
  path: Assets/Resources/ModelOriginal/LoginSceneBridge/LoginScene_Bridge01_07_Vo/LoginScene_Bridge02_SMBE.png
  artifactKey: Guid(13ab4312a91439b4789e8d54374e598b) Importer(815301076,1909f56bfc062723c751e8b465ee728b)
Start importing Assets/Resources/ModelOriginal/LoginSceneBridge/LoginScene_Bridge01_07_Vo/LoginScene_Bridge02_SMBE.png using Guid(13ab4312a91439b4789e8d54374e598b) Importer(815301076,1909f56bfc062723c751e8b465ee728b)  -> (artifact id: '8e9f3acb1145d1986fdd2058e217452e') in 0.001409 seconds
Number of updated asset objects reloaded before import = 0
Number of asset objects unloaded after import = 1
========================================================================
Received Import Request.
  Time since last request: 0.000014 seconds.
  path: Assets/Resources/ModelOriginal/LoginSceneBridge/LoginScene_Bridge01_07_Vo/LoginScene_Edge01_Diffuse.png
  artifactKey: Guid(d39dad3b099ac624faf3abf0461b017d) Importer(815301076,1909f56bfc062723c751e8b465ee728b)
Start importing Assets/Resources/ModelOriginal/LoginSceneBridge/LoginScene_Bridge01_07_Vo/LoginScene_Edge01_Diffuse.png using Guid(d39dad3b099ac624faf3abf0461b017d) Importer(815301076,1909f56bfc062723c751e8b465ee728b)  -> (artifact id: '7d2c298245ca68b715ba4aab00c69f29') in 0.001600 seconds
Number of updated asset objects reloaded before import = 0
Number of asset objects unloaded after import = 1
========================================================================
Received Import Request.
  Time since last request: 0.344275 seconds.
  path: Assets/Resources/ModelOriginal/LoginSceneBridge/LoginScene_Bridge01_08_Vo/LoginScene_Bridge01_SMBE.png
  artifactKey: Guid(da236199aa3d4cf4288e37bf9c882701) Importer(815301076,1909f56bfc062723c751e8b465ee728b)
Start importing Assets/Resources/ModelOriginal/LoginSceneBridge/LoginScene_Bridge01_08_Vo/LoginScene_Bridge01_SMBE.png using Guid(da236199aa3d4cf4288e37bf9c882701) Importer(815301076,1909f56bfc062723c751e8b465ee728b)  -> (artifact id: 'c47a617966607d99664dfe6ffc51b5d8') in 0.001194 seconds
Number of updated asset objects reloaded before import = 0
Number of asset objects unloaded after import = 1
========================================================================
Received Import Request.
  Time since last request: 0.000011 seconds.
  path: Assets/Resources/ModelOriginal/LoginSceneBridge/LoginScene_Bridge01_08_Vo/LoginScene_Bridge02_Diffuse.png
  artifactKey: Guid(bacac9264216ee1408dceb177ad50352) Importer(815301076,1909f56bfc062723c751e8b465ee728b)
Start importing Assets/Resources/ModelOriginal/LoginSceneBridge/LoginScene_Bridge01_08_Vo/LoginScene_Bridge02_Diffuse.png using Guid(bacac9264216ee1408dceb177ad50352) Importer(815301076,1909f56bfc062723c751e8b465ee728b)  -> (artifact id: 'b55a3c91ea2e9549f0469de3ae42f5ba') in 0.001881 seconds
Number of updated asset objects reloaded before import = 0
Number of asset objects unloaded after import = 1
========================================================================
Received Import Request.
  Time since last request: 0.000013 seconds.
  path: Assets/Resources/ModelOriginal/LoginSceneBridge/LoginScene_Bridge01_08_Vo/LoginScene_Edge01_Normal.png
  artifactKey: Guid(7bd079f48a924d04db9ec621c9531973) Importer(815301076,1909f56bfc062723c751e8b465ee728b)
Start importing Assets/Resources/ModelOriginal/LoginSceneBridge/LoginScene_Bridge01_08_Vo/LoginScene_Edge01_Normal.png using Guid(7bd079f48a924d04db9ec621c9531973) Importer(815301076,1909f56bfc062723c751e8b465ee728b)  -> (artifact id: '9c2b727daa3a51613b4dec4b17967d94') in 0.001773 seconds
Number of updated asset objects reloaded before import = 0
Number of asset objects unloaded after import = 1
========================================================================
Received Import Request.
  Time since last request: 0.227816 seconds.
  path: Assets/Resources/ModelOriginal/LoginSceneBridge/LoginScene_Bridge01_09_Vo/LoginScene_Edge01_SMBE.png
  artifactKey: Guid(e21c80ab5e37f2644a4cf38bb00b75bc) Importer(815301076,1909f56bfc062723c751e8b465ee728b)
Start importing Assets/Resources/ModelOriginal/LoginSceneBridge/LoginScene_Bridge01_09_Vo/LoginScene_Edge01_SMBE.png using Guid(e21c80ab5e37f2644a4cf38bb00b75bc) Importer(815301076,1909f56bfc062723c751e8b465ee728b)  -> (artifact id: 'caad5847bb52d54bcb2ce9698fb48fb4') in 0.001179 seconds
Number of updated asset objects reloaded before import = 0
Number of asset objects unloaded after import = 1
========================================================================
Received Import Request.
  Time since last request: 0.182344 seconds.
  path: Assets/Resources/ModelOriginal/LoginSceneBridge/LoginScene_Bridge01_10_Vo/LoginScene_Bridge01_SMBE.png
  artifactKey: Guid(5fdbfd1c944d5dd4ca75d63adf19b6e0) Importer(815301076,1909f56bfc062723c751e8b465ee728b)
Start importing Assets/Resources/ModelOriginal/LoginSceneBridge/LoginScene_Bridge01_10_Vo/LoginScene_Bridge01_SMBE.png using Guid(5fdbfd1c944d5dd4ca75d63adf19b6e0) Importer(815301076,1909f56bfc062723c751e8b465ee728b)  -> (artifact id: '23c97c1fe2279cd707f18c57ec7d035e') in 0.001617 seconds
Number of updated asset objects reloaded before import = 0
Number of asset objects unloaded after import = 1
========================================================================
Received Import Request.
  Time since last request: 0.000020 seconds.
  path: Assets/Resources/ModelOriginal/LoginSceneBridge/LoginScene_Bridge01_10_Vo/LoginScene_Edge01_Normal.png
  artifactKey: Guid(f23fc7a95977d7144ab3a847acf54f08) Importer(815301076,1909f56bfc062723c751e8b465ee728b)
Start importing Assets/Resources/ModelOriginal/LoginSceneBridge/LoginScene_Bridge01_10_Vo/LoginScene_Edge01_Normal.png using Guid(f23fc7a95977d7144ab3a847acf54f08) Importer(815301076,1909f56bfc062723c751e8b465ee728b)  -> (artifact id: 'f5c534a8663f035435227c90baeb3702') in 0.001849 seconds
Number of updated asset objects reloaded before import = 0
Number of asset objects unloaded after import = 1
========================================================================
Received Import Request.
  Time since last request: 0.166819 seconds.
  path: Assets/Resources/ModelOriginal/LoginSceneBridge/LoginScene_Bridge01_11_Vo/LoginScene_Bridge01_SMBE.png
  artifactKey: Guid(a2e4601f9f082854eb547c091a737d44) Importer(815301076,1909f56bfc062723c751e8b465ee728b)
Start importing Assets/Resources/ModelOriginal/LoginSceneBridge/LoginScene_Bridge01_11_Vo/LoginScene_Bridge01_SMBE.png using Guid(a2e4601f9f082854eb547c091a737d44) Importer(815301076,1909f56bfc062723c751e8b465ee728b)  -> (artifact id: '475bf214974921db37f8f49d77306deb') in 0.001672 seconds
Number of updated asset objects reloaded before import = 0
Number of asset objects unloaded after import = 1
========================================================================
Received Import Request.
  Time since last request: 0.000015 seconds.
  path: Assets/Resources/ModelOriginal/LoginSceneBridge/LoginScene_Bridge01_11_Vo/LoginScene_Ground02_Diffuse.png
  artifactKey: Guid(9b5de6c90ad2d7d4abeffe9890d2ffac) Importer(815301076,1909f56bfc062723c751e8b465ee728b)
Start importing Assets/Resources/ModelOriginal/LoginSceneBridge/LoginScene_Bridge01_11_Vo/LoginScene_Ground02_Diffuse.png using Guid(9b5de6c90ad2d7d4abeffe9890d2ffac) Importer(815301076,1909f56bfc062723c751e8b465ee728b)  -> (artifact id: 'a108f3da8e2099b56f1e889f6f097623') in 0.001390 seconds
Number of updated asset objects reloaded before import = 0
Number of asset objects unloaded after import = 1
========================================================================
Received Import Request.
  Time since last request: 0.000014 seconds.
  path: Assets/Resources/ModelOriginal/LoginSceneBridge/LoginScene_Bridge01_11_Vo/LoginScene_Edge01_Normal.png
  artifactKey: Guid(2d1665dc65aadc94b99603ffac0adc93) Importer(815301076,1909f56bfc062723c751e8b465ee728b)
Start importing Assets/Resources/ModelOriginal/LoginSceneBridge/LoginScene_Bridge01_11_Vo/LoginScene_Edge01_Normal.png using Guid(2d1665dc65aadc94b99603ffac0adc93) Importer(815301076,1909f56bfc062723c751e8b465ee728b)  -> (artifact id: 'ea4a2668c31c0cca36025689c0a3a1d2') in 0.001817 seconds
Number of updated asset objects reloaded before import = 0
Number of asset objects unloaded after import = 1
========================================================================
Received Import Request.
  Time since last request: 0.244451 seconds.
  path: Assets/Resources/ModelOriginal/LoginSceneBridge/LoginScene_Bridge01_12_Vo/LoginScene_Bridge01_SMBE.png
  artifactKey: Guid(8fd899f74b088e746826cb7e63fe709f) Importer(815301076,1909f56bfc062723c751e8b465ee728b)
Start importing Assets/Resources/ModelOriginal/LoginSceneBridge/LoginScene_Bridge01_12_Vo/LoginScene_Bridge01_SMBE.png using Guid(8fd899f74b088e746826cb7e63fe709f) Importer(815301076,1909f56bfc062723c751e8b465ee728b)  -> (artifact id: 'd76e3dfd9be4b83b2f835a44152b468d') in 0.001436 seconds
Number of updated asset objects reloaded before import = 0
Number of asset objects unloaded after import = 1
========================================================================
Received Import Request.
  Time since last request: 0.000012 seconds.
  path: Assets/Resources/ModelOriginal/LoginSceneBridge/LoginScene_Bridge01_12_Vo/LoginScene_Edge01_Diffuse.png
  artifactKey: Guid(2b644a4568d64e34fbe58b04b6aadf72) Importer(815301076,1909f56bfc062723c751e8b465ee728b)
Start importing Assets/Resources/ModelOriginal/LoginSceneBridge/LoginScene_Bridge01_12_Vo/LoginScene_Edge01_Diffuse.png using Guid(2b644a4568d64e34fbe58b04b6aadf72) Importer(815301076,1909f56bfc062723c751e8b465ee728b)  -> (artifact id: 'ed3d20256f85bdf43ddcf564355d25d5') in 0.001425 seconds
Number of updated asset objects reloaded before import = 0
Number of asset objects unloaded after import = 1
========================================================================
Received Import Request.
  Time since last request: 0.000014 seconds.
  path: Assets/Resources/ModelOriginal/LoginSceneBridge/LoginScene_Bridge01_12_Vo/LoginScene_Ground02_Normal.png
  artifactKey: Guid(91b20674b3a1cb4419b7fb92726c2cef) Importer(815301076,1909f56bfc062723c751e8b465ee728b)
Start importing Assets/Resources/ModelOriginal/LoginSceneBridge/LoginScene_Bridge01_12_Vo/LoginScene_Ground02_Normal.png using Guid(91b20674b3a1cb4419b7fb92726c2cef) Importer(815301076,1909f56bfc062723c751e8b465ee728b)  -> (artifact id: '321ad4645e5dc1faa7c5cba20df089f1') in 0.001387 seconds
Number of updated asset objects reloaded before import = 0
Number of asset objects unloaded after import = 1
========================================================================
Received Import Request.
  Time since last request: 0.230782 seconds.
  path: Assets/Resources/ModelOriginal/LoginSceneBridge/LoginScene_Bridge01_13_Vo/LoginScene_Bridge01_SMBE.png
  artifactKey: Guid(47be35c754bd57a4ea436a7f931a535d) Importer(815301076,1909f56bfc062723c751e8b465ee728b)
Start importing Assets/Resources/ModelOriginal/LoginSceneBridge/LoginScene_Bridge01_13_Vo/LoginScene_Bridge01_SMBE.png using Guid(47be35c754bd57a4ea436a7f931a535d) Importer(815301076,1909f56bfc062723c751e8b465ee728b)  -> (artifact id: 'e23c70bff77828792fb7ded58c99e438') in 0.001201 seconds
Number of updated asset objects reloaded before import = 0
Number of asset objects unloaded after import = 1
========================================================================
Received Import Request.
  Time since last request: 0.000017 seconds.
  path: Assets/Resources/ModelOriginal/LoginSceneBridge/LoginScene_Bridge01_13_Vo/LoginScene_Edge01_Diffuse.png
  artifactKey: Guid(22d2c9bd95f51a346b46a0c1218fc1b1) Importer(815301076,1909f56bfc062723c751e8b465ee728b)
Start importing Assets/Resources/ModelOriginal/LoginSceneBridge/LoginScene_Bridge01_13_Vo/LoginScene_Edge01_Diffuse.png using Guid(22d2c9bd95f51a346b46a0c1218fc1b1) Importer(815301076,1909f56bfc062723c751e8b465ee728b)  -> (artifact id: '790ea020937a45ba30eabe3719a8151a') in 0.001234 seconds
Number of updated asset objects reloaded before import = 0
Number of asset objects unloaded after import = 1
========================================================================
Received Import Request.
  Time since last request: 0.000011 seconds.
  path: Assets/Resources/ModelOriginal/LoginSceneBridge/LoginScene_Bridge01_13_Vo/LoginScene_Ground02_Normal.png
  artifactKey: Guid(592610e258292c542812712be93f80cc) Importer(815301076,1909f56bfc062723c751e8b465ee728b)
Start importing Assets/Resources/ModelOriginal/LoginSceneBridge/LoginScene_Bridge01_13_Vo/LoginScene_Ground02_Normal.png using Guid(592610e258292c542812712be93f80cc) Importer(815301076,1909f56bfc062723c751e8b465ee728b)  -> (artifact id: 'f6018b476d495a9eb7f2a031266d23d5') in 0.001700 seconds
Number of updated asset objects reloaded before import = 0
Number of asset objects unloaded after import = 1
========================================================================
Received Import Request.
  Time since last request: 0.258424 seconds.
  path: Assets/Resources/ModelOriginal/LoginSceneBridge/LoginScene_Bridge01_14_Vo/LoginScene_Bridge01_SMBE.png
  artifactKey: Guid(b947de559627c584aa20d25f569cdb1b) Importer(815301076,1909f56bfc062723c751e8b465ee728b)
Start importing Assets/Resources/ModelOriginal/LoginSceneBridge/LoginScene_Bridge01_14_Vo/LoginScene_Bridge01_SMBE.png using Guid(b947de559627c584aa20d25f569cdb1b) Importer(815301076,1909f56bfc062723c751e8b465ee728b)  -> (artifact id: '64e03e898d30055a3df7aa1baf6d69a2') in 0.001258 seconds
Number of updated asset objects reloaded before import = 0
Number of asset objects unloaded after import = 1
========================================================================
Received Import Request.
  Time since last request: 0.275392 seconds.
  path: Assets/Resources/ModelOriginal/LoginSceneBridge/LoginScene_Bridge01_15_Vo/LoginScene_Bridge01_SMBE.png
  artifactKey: Guid(b2ad5837d70eabb429e64125f81ed940) Importer(815301076,1909f56bfc062723c751e8b465ee728b)
Start importing Assets/Resources/ModelOriginal/LoginSceneBridge/LoginScene_Bridge01_15_Vo/LoginScene_Bridge01_SMBE.png using Guid(b2ad5837d70eabb429e64125f81ed940) Importer(815301076,1909f56bfc062723c751e8b465ee728b)  -> (artifact id: 'cd371f422faba4fd7db3ee93a7efa7a2') in 0.001715 seconds
Number of updated asset objects reloaded before import = 0
Number of asset objects unloaded after import = 1
========================================================================
Received Import Request.
  Time since last request: 0.000017 seconds.
  path: Assets/Resources/ModelOriginal/LoginSceneBridge/LoginScene_Bridge01_15_Vo/LoginScene_Edge01_Diffuse.png
  artifactKey: Guid(e35ea08448958ea449815b2b825bb793) Importer(815301076,1909f56bfc062723c751e8b465ee728b)
Start importing Assets/Resources/ModelOriginal/LoginSceneBridge/LoginScene_Bridge01_15_Vo/LoginScene_Edge01_Diffuse.png using Guid(e35ea08448958ea449815b2b825bb793) Importer(815301076,1909f56bfc062723c751e8b465ee728b)  -> (artifact id: '77e38bd006ec7a69912d927a60ed9149') in 0.001167 seconds
Number of updated asset objects reloaded before import = 0
Number of asset objects unloaded after import = 1
========================================================================
Received Import Request.
  Time since last request: 0.299005 seconds.
  path: Assets/Resources/ModelOriginal/LoginSceneBridge/LoginScene_Bridge01_16_Vo/LoginScene_Bridge01_SMBE.png
  artifactKey: Guid(93dda751c2a39d14982402702457cc56) Importer(815301076,1909f56bfc062723c751e8b465ee728b)
Start importing Assets/Resources/ModelOriginal/LoginSceneBridge/LoginScene_Bridge01_16_Vo/LoginScene_Bridge01_SMBE.png using Guid(93dda751c2a39d14982402702457cc56) Importer(815301076,1909f56bfc062723c751e8b465ee728b)  -> (artifact id: '91f4d5eec644b5c334f8bdaebfd47957') in 0.001516 seconds
Number of updated asset objects reloaded before import = 0
Number of asset objects unloaded after import = 1
========================================================================
Received Import Request.
  Time since last request: 0.000015 seconds.
  path: Assets/Resources/ModelOriginal/LoginSceneBridge/LoginScene_Bridge01_16_Vo/LoginScene_Edge01_Normal.png
  artifactKey: Guid(28ca80c02b4bb314ba6809dc7472b0a3) Importer(815301076,1909f56bfc062723c751e8b465ee728b)
Start importing Assets/Resources/ModelOriginal/LoginSceneBridge/LoginScene_Bridge01_16_Vo/LoginScene_Edge01_Normal.png using Guid(28ca80c02b4bb314ba6809dc7472b0a3) Importer(815301076,1909f56bfc062723c751e8b465ee728b)  -> (artifact id: 'efe7b9ce7d808bb2c41b5c3f8ac060fc') in 0.001449 seconds
Number of updated asset objects reloaded before import = 0
Number of asset objects unloaded after import = 1
========================================================================
Received Import Request.
  Time since last request: 0.000013 seconds.
  path: Assets/Resources/ModelOriginal/LoginSceneBridge/LoginScene_Bridge01_16_Vo/LoginScene_Ground02_Normal.png
  artifactKey: Guid(596c6a48b79a9dd4599aedf4d8b5d8e2) Importer(815301076,1909f56bfc062723c751e8b465ee728b)
Start importing Assets/Resources/ModelOriginal/LoginSceneBridge/LoginScene_Bridge01_16_Vo/LoginScene_Ground02_Normal.png using Guid(596c6a48b79a9dd4599aedf4d8b5d8e2) Importer(815301076,1909f56bfc062723c751e8b465ee728b)  -> (artifact id: 'b62d2b4ae66c2b60dd2ed7f9fca53a8b') in 0.001821 seconds
Number of updated asset objects reloaded before import = 0
Number of asset objects unloaded after import = 1
========================================================================
Received Import Request.
  Time since last request: 0.272509 seconds.
  path: Assets/Resources/ModelOriginal/LoginSceneBridge/LoginScene_Bridge01_17_Vo/LoginScene_Bridge01_SMBE.png
  artifactKey: Guid(6e81c5b288d2d1e49a14433481701f1b) Importer(815301076,1909f56bfc062723c751e8b465ee728b)
Start importing Assets/Resources/ModelOriginal/LoginSceneBridge/LoginScene_Bridge01_17_Vo/LoginScene_Bridge01_SMBE.png using Guid(6e81c5b288d2d1e49a14433481701f1b) Importer(815301076,1909f56bfc062723c751e8b465ee728b)  -> (artifact id: '89f290d654048795a6604f8a6b029a3e') in 0.002103 seconds
Number of updated asset objects reloaded before import = 0
Number of asset objects unloaded after import = 1
========================================================================
Received Import Request.
  Time since last request: 0.000014 seconds.
  path: Assets/Resources/ModelOriginal/LoginSceneBridge/LoginScene_Bridge01_17_Vo/LoginScene_Edge01_SMBE.png
  artifactKey: Guid(c7a5ab63fd2067d409a5a579fc907dc1) Importer(815301076,1909f56bfc062723c751e8b465ee728b)
Start importing Assets/Resources/ModelOriginal/LoginSceneBridge/LoginScene_Bridge01_17_Vo/LoginScene_Edge01_SMBE.png using Guid(c7a5ab63fd2067d409a5a579fc907dc1) Importer(815301076,1909f56bfc062723c751e8b465ee728b)  -> (artifact id: '3bae941425b74ab71bc9b23a670afb6f') in 0.001426 seconds
Number of updated asset objects reloaded before import = 0
Number of asset objects unloaded after import = 1
========================================================================
Received Import Request.
  Time since last request: 0.314621 seconds.
  path: Assets/Resources/ModelOriginal/LoginSceneBridge/LoginScene_Bridge01_18_Vo/LoginScene_Bridge01_SMBE.png
  artifactKey: Guid(7ef9d628d8469d3408842d9c452ed1d7) Importer(815301076,1909f56bfc062723c751e8b465ee728b)
Start importing Assets/Resources/ModelOriginal/LoginSceneBridge/LoginScene_Bridge01_18_Vo/LoginScene_Bridge01_SMBE.png using Guid(7ef9d628d8469d3408842d9c452ed1d7) Importer(815301076,1909f56bfc062723c751e8b465ee728b)  -> (artifact id: '1d9a9d1f23d6eb5a6f37a89baf86412c') in 0.001191 seconds
Number of updated asset objects reloaded before import = 0
Number of asset objects unloaded after import = 1
========================================================================
Received Import Request.
  Time since last request: 0.000011 seconds.
  path: Assets/Resources/ModelOriginal/LoginSceneBridge/LoginScene_Bridge01_18_Vo/LoginScene_Edge01_Normal.png
  artifactKey: Guid(2945a517fdf57e24aa3cb7ffaf52d09c) Importer(815301076,1909f56bfc062723c751e8b465ee728b)
Start importing Assets/Resources/ModelOriginal/LoginSceneBridge/LoginScene_Bridge01_18_Vo/LoginScene_Edge01_Normal.png using Guid(2945a517fdf57e24aa3cb7ffaf52d09c) Importer(815301076,1909f56bfc062723c751e8b465ee728b)  -> (artifact id: '981d5003cef777b9b861291af4c7728f') in 0.001387 seconds
Number of updated asset objects reloaded before import = 0
Number of asset objects unloaded after import = 1
========================================================================
Received Import Request.
  Time since last request: 0.000013 seconds.
  path: Assets/Resources/ModelOriginal/LoginSceneBridge/LoginScene_Bridge01_18_Vo/LoginScene_Ground02_SMBE.png
  artifactKey: Guid(056376d6d351a6747b28936b22becf70) Importer(815301076,1909f56bfc062723c751e8b465ee728b)
Start importing Assets/Resources/ModelOriginal/LoginSceneBridge/LoginScene_Bridge01_18_Vo/LoginScene_Ground02_SMBE.png using Guid(056376d6d351a6747b28936b22becf70) Importer(815301076,1909f56bfc062723c751e8b465ee728b)  -> (artifact id: '6d53b62c23d2b098377b7a9862d50525') in 0.001310 seconds
Number of updated asset objects reloaded before import = 0
Number of asset objects unloaded after import = 1
========================================================================
Received Import Request.
  Time since last request: 0.323723 seconds.
  path: Assets/Resources/ModelOriginal/LoginSceneBridge/LoginScene_Bridge01_19_Vo/LoginScene_Bridge01_SMBE.png
  artifactKey: Guid(88efca272d4dd694caeff774b31f04d9) Importer(815301076,1909f56bfc062723c751e8b465ee728b)
Start importing Assets/Resources/ModelOriginal/LoginSceneBridge/LoginScene_Bridge01_19_Vo/LoginScene_Bridge01_SMBE.png using Guid(88efca272d4dd694caeff774b31f04d9) Importer(815301076,1909f56bfc062723c751e8b465ee728b)  -> (artifact id: '4fddaeee401595c0a14d3b53bb640b41') in 0.001586 seconds
Number of updated asset objects reloaded before import = 0
Number of asset objects unloaded after import = 1
========================================================================
Received Import Request.
  Time since last request: 0.000014 seconds.
  path: Assets/Resources/ModelOriginal/LoginSceneBridge/LoginScene_Bridge01_19_Vo/LoginScene_Edge01_Diffuse.png
  artifactKey: Guid(c4f9ee3eefc42e947b6ab6d806989b78) Importer(815301076,1909f56bfc062723c751e8b465ee728b)
Start importing Assets/Resources/ModelOriginal/LoginSceneBridge/LoginScene_Bridge01_19_Vo/LoginScene_Edge01_Diffuse.png using Guid(c4f9ee3eefc42e947b6ab6d806989b78) Importer(815301076,1909f56bfc062723c751e8b465ee728b)  -> (artifact id: '08dc621d851451546b15c84a430cb599') in 0.001256 seconds
Number of updated asset objects reloaded before import = 0
Number of asset objects unloaded after import = 1
========================================================================
Received Import Request.
  Time since last request: 0.000012 seconds.
  path: Assets/Resources/ModelOriginal/LoginSceneBridge/LoginScene_Bridge01_19_Vo/LoginScene_Edge01_Normal.png
  artifactKey: Guid(2ecc467cec5d5804ea922ffba6a78774) Importer(815301076,1909f56bfc062723c751e8b465ee728b)
Start importing Assets/Resources/ModelOriginal/LoginSceneBridge/LoginScene_Bridge01_19_Vo/LoginScene_Edge01_Normal.png using Guid(2ecc467cec5d5804ea922ffba6a78774) Importer(815301076,1909f56bfc062723c751e8b465ee728b)  -> (artifact id: '8b4771c48c9670e445b5707628c84765') in 0.001404 seconds
Number of updated asset objects reloaded before import = 0
Number of asset objects unloaded after import = 1
========================================================================
Received Import Request.
  Time since last request: 0.276214 seconds.
  path: Assets/Resources/ModelOriginal/LoginSceneBridge/LoginScene_Bridge01_20_Vo/LoginScene_Bridge01_SMBE.png
  artifactKey: Guid(4e8cb921cdc955b40be715ff00bb36f2) Importer(815301076,1909f56bfc062723c751e8b465ee728b)
Start importing Assets/Resources/ModelOriginal/LoginSceneBridge/LoginScene_Bridge01_20_Vo/LoginScene_Bridge01_SMBE.png using Guid(4e8cb921cdc955b40be715ff00bb36f2) Importer(815301076,1909f56bfc062723c751e8b465ee728b)  -> (artifact id: '911526457e1717af40247050e324beef') in 0.001451 seconds
Number of updated asset objects reloaded before import = 0
Number of asset objects unloaded after import = 1
========================================================================
Received Import Request.
  Time since last request: 0.000014 seconds.
  path: Assets/Resources/ModelOriginal/LoginSceneBridge/LoginScene_Bridge01_20_Vo/LoginScene_Bridge02_Diffuse.png
  artifactKey: Guid(795a90ea3cedc6c4eb2f9a1054420130) Importer(815301076,1909f56bfc062723c751e8b465ee728b)
Start importing Assets/Resources/ModelOriginal/LoginSceneBridge/LoginScene_Bridge01_20_Vo/LoginScene_Bridge02_Diffuse.png using Guid(795a90ea3cedc6c4eb2f9a1054420130) Importer(815301076,1909f56bfc062723c751e8b465ee728b)  -> (artifact id: '48d3bccd914c92915ac3c203ebce0d45') in 0.001691 seconds
Number of updated asset objects reloaded before import = 0
Number of asset objects unloaded after import = 1
========================================================================
Received Import Request.
  Time since last request: 0.000013 seconds.
  path: Assets/Resources/ModelOriginal/LoginSceneBridge/LoginScene_Bridge01_20_Vo/LoginScene_Ground02_Diffuse.png
  artifactKey: Guid(8cca6ce20cc59864192f068bd806395b) Importer(815301076,1909f56bfc062723c751e8b465ee728b)
Start importing Assets/Resources/ModelOriginal/LoginSceneBridge/LoginScene_Bridge01_20_Vo/LoginScene_Ground02_Diffuse.png using Guid(8cca6ce20cc59864192f068bd806395b) Importer(815301076,1909f56bfc062723c751e8b465ee728b)  -> (artifact id: '3b25c0dfa3b6974467b8164ff39784cd') in 0.001174 seconds
Number of updated asset objects reloaded before import = 0
Number of asset objects unloaded after import = 1
========================================================================
Received Import Request.
  Time since last request: 0.341442 seconds.
  path: Assets/Resources/ModelOriginal/LoginSceneBridge/LoginScene_Bridge01_21_Vo/LoginScene_Bridge01_SMBE.png
  artifactKey: Guid(ab47baa48ac948d4db6038adac02b61e) Importer(815301076,1909f56bfc062723c751e8b465ee728b)
Start importing Assets/Resources/ModelOriginal/LoginSceneBridge/LoginScene_Bridge01_21_Vo/LoginScene_Bridge01_SMBE.png using Guid(ab47baa48ac948d4db6038adac02b61e) Importer(815301076,1909f56bfc062723c751e8b465ee728b)  -> (artifact id: 'fe488bc1875a7ee4750ab7370b2c59b4') in 0.001388 seconds
Number of updated asset objects reloaded before import = 0
Number of asset objects unloaded after import = 1
========================================================================
Received Import Request.
  Time since last request: 0.000012 seconds.
  path: Assets/Resources/ModelOriginal/LoginSceneBridge/LoginScene_Bridge01_21_Vo/LoginScene_Bridge02_SMBE.png
  artifactKey: Guid(a51416364c28caa4da7afc0c63716f04) Importer(815301076,1909f56bfc062723c751e8b465ee728b)
Start importing Assets/Resources/ModelOriginal/LoginSceneBridge/LoginScene_Bridge01_21_Vo/LoginScene_Bridge02_SMBE.png using Guid(a51416364c28caa4da7afc0c63716f04) Importer(815301076,1909f56bfc062723c751e8b465ee728b)  -> (artifact id: '39541d4766a4e483e560d75efa049573') in 0.001436 seconds
Number of updated asset objects reloaded before import = 0
Number of asset objects unloaded after import = 1
========================================================================
Received Import Request.
  Time since last request: 0.307841 seconds.
  path: Assets/Resources/ModelOriginal/LoginSceneBridge/LoginScene_Bridge01_22_Vo/LoginScene_Bridge01_SMBE.png
  artifactKey: Guid(661778954e161c342a77f17f7668d150) Importer(815301076,1909f56bfc062723c751e8b465ee728b)
Start importing Assets/Resources/ModelOriginal/LoginSceneBridge/LoginScene_Bridge01_22_Vo/LoginScene_Bridge01_SMBE.png using Guid(661778954e161c342a77f17f7668d150) Importer(815301076,1909f56bfc062723c751e8b465ee728b)  -> (artifact id: '6b9305e9c76597eccb5fa63f5a7406ee') in 0.001570 seconds
Number of updated asset objects reloaded before import = 0
Number of asset objects unloaded after import = 1
========================================================================
Received Import Request.
  Time since last request: 0.000011 seconds.
  path: Assets/Resources/ModelOriginal/LoginSceneBridge/LoginScene_Bridge01_22_Vo/LoginScene_Edge01_Diffuse.png
  artifactKey: Guid(1ba3d93130c295846ab66707e3c8da75) Importer(815301076,1909f56bfc062723c751e8b465ee728b)
Start importing Assets/Resources/ModelOriginal/LoginSceneBridge/LoginScene_Bridge01_22_Vo/LoginScene_Edge01_Diffuse.png using Guid(1ba3d93130c295846ab66707e3c8da75) Importer(815301076,1909f56bfc062723c751e8b465ee728b)  -> (artifact id: '84197f5b7023ef19e300135db8d944e9') in 0.001935 seconds
Number of updated asset objects reloaded before import = 0
Number of asset objects unloaded after import = 1
========================================================================
Received Import Request.
  Time since last request: 0.340743 seconds.
  path: Assets/Resources/ModelOriginal/LoginSceneBridge/LoginScene_Bridge01_23_Vo/LoginScene_Bridge01_SMBE.png
  artifactKey: Guid(70e410b6db6daf04297a46a80a9ee470) Importer(815301076,1909f56bfc062723c751e8b465ee728b)
Start importing Assets/Resources/ModelOriginal/LoginSceneBridge/LoginScene_Bridge01_23_Vo/LoginScene_Bridge01_SMBE.png using Guid(70e410b6db6daf04297a46a80a9ee470) Importer(815301076,1909f56bfc062723c751e8b465ee728b)  -> (artifact id: '9c472db825d3c4a0a646a009cd0e0847') in 0.001539 seconds
Number of updated asset objects reloaded before import = 0
Number of asset objects unloaded after import = 1
========================================================================
Received Import Request.
  Time since last request: 0.000013 seconds.
  path: Assets/Resources/ModelOriginal/LoginSceneBridge/LoginScene_Bridge01_23_Vo/LoginScene_Edge01_Normal.png
  artifactKey: Guid(480f67d00586cb74c919500169671187) Importer(815301076,1909f56bfc062723c751e8b465ee728b)
Start importing Assets/Resources/ModelOriginal/LoginSceneBridge/LoginScene_Bridge01_23_Vo/LoginScene_Edge01_Normal.png using Guid(480f67d00586cb74c919500169671187) Importer(815301076,1909f56bfc062723c751e8b465ee728b)  -> (artifact id: 'e59b2552fd640e8f86e9940af5b06685') in 0.001431 seconds
Number of updated asset objects reloaded before import = 0
Number of asset objects unloaded after import = 1
========================================================================
Received Import Request.
  Time since last request: 0.000011 seconds.
  path: Assets/Resources/ModelOriginal/LoginSceneBridge/LoginScene_Bridge01_23_Vo/LoginScene_Ground02_SMBE.png
  artifactKey: Guid(53b1437e276f5b741b94bc9b9eed2b1b) Importer(815301076,1909f56bfc062723c751e8b465ee728b)
Start importing Assets/Resources/ModelOriginal/LoginSceneBridge/LoginScene_Bridge01_23_Vo/LoginScene_Ground02_SMBE.png using Guid(53b1437e276f5b741b94bc9b9eed2b1b) Importer(815301076,1909f56bfc062723c751e8b465ee728b)  -> (artifact id: 'b406f5679d709940ea546079b2d658ba') in 0.001414 seconds
Number of updated asset objects reloaded before import = 0
Number of asset objects unloaded after import = 1
========================================================================
Received Import Request.
  Time since last request: 46.444335 seconds.
  path: Assets/Resources/ModelOriginal/LoginSceneBridge/LoginSceneDoor/LoginScene_Door01_Normal.png
  artifactKey: Guid(24936244457fdef41aa91fa9195f5268) Importer(815301076,1909f56bfc062723c751e8b465ee728b)
Start importing Assets/Resources/ModelOriginal/LoginSceneBridge/LoginSceneDoor/LoginScene_Door01_Normal.png using Guid(24936244457fdef41aa91fa9195f5268) Importer(815301076,1909f56bfc062723c751e8b465ee728b)  -> (artifact id: 'b375fb72dc418854aca3034b4b43fd34') in 0.001621 seconds
Number of updated asset objects reloaded before import = 0
Number of asset objects unloaded after import = 1
========================================================================
Received Import Request.
  Time since last request: 0.000131 seconds.
  path: Assets/Resources/ModelOriginal/LoginSceneBridge/LoginSceneDoor/LoginScene_Door01_SMBE.png
  artifactKey: Guid(d8e863b660adf6f4da2c51c440ec79b1) Importer(815301076,1909f56bfc062723c751e8b465ee728b)
Start importing Assets/Resources/ModelOriginal/LoginSceneBridge/LoginSceneDoor/LoginScene_Door01_SMBE.png using Guid(d8e863b660adf6f4da2c51c440ec79b1) Importer(815301076,1909f56bfc062723c751e8b465ee728b)  -> (artifact id: 'fc25fe8ff409a0d9440b51a19c83e688') in 0.001322 seconds
Number of updated asset objects reloaded before import = 0
Number of asset objects unloaded after import = 1
========================================================================
Received Import Request.
  Time since last request: 196.181050 seconds.
  path: Assets/Resources/ModelOriginal/LoginSceneBridge/LoginScene_Bridge01_05_Vo/LoginScene_Ground02_SMBE.png
  artifactKey: Guid(b3d14822cb4055041af12f280cb32575) Importer(815301076,1909f56bfc062723c751e8b465ee728b)
Start importing Assets/Resources/ModelOriginal/LoginSceneBridge/LoginScene_Bridge01_05_Vo/LoginScene_Ground02_SMBE.png using Guid(b3d14822cb4055041af12f280cb32575) Importer(815301076,1909f56bfc062723c751e8b465ee728b)  -> (artifact id: 'bfe2fb7385397721126f163f87cd79f6') in 0.002419 seconds
Number of updated asset objects reloaded before import = 0
Number of asset objects unloaded after import = 1
========================================================================
Received Import Request.
  Time since last request: 7.420986 seconds.
  path: Assets/Resources/ModelOriginal/LoginSceneBridge/LoginScene_Bridge01_08_Vo/LoginScene_Ground02_SMBE.png
  artifactKey: Guid(f3f9f6644f6a1dc42a31d43d3b4b2e49) Importer(815301076,1909f56bfc062723c751e8b465ee728b)
Start importing Assets/Resources/ModelOriginal/LoginSceneBridge/LoginScene_Bridge01_08_Vo/LoginScene_Ground02_SMBE.png using Guid(f3f9f6644f6a1dc42a31d43d3b4b2e49) Importer(815301076,1909f56bfc062723c751e8b465ee728b)  -> (artifact id: 'adba3bd8960d1c8855036aea00d2e839') in 0.001624 seconds
Number of updated asset objects reloaded before import = 0
Number of asset objects unloaded after import = 1
========================================================================
Received Import Request.
  Time since last request: 8.708276 seconds.
  path: Assets/Resources/ModelOriginal/LoginSceneBridge/LoginScene_Bridge01_11_Vo/LoginScene_Ground02_SMBE.png
  artifactKey: Guid(397435ef34d56444abe8dcc33bd96a21) Importer(815301076,1909f56bfc062723c751e8b465ee728b)
Start importing Assets/Resources/ModelOriginal/LoginSceneBridge/LoginScene_Bridge01_11_Vo/LoginScene_Ground02_SMBE.png using Guid(397435ef34d56444abe8dcc33bd96a21) Importer(815301076,1909f56bfc062723c751e8b465ee728b)  -> (artifact id: '53a16e60f56b3d05885789156399bbbf') in 0.001852 seconds
Number of updated asset objects reloaded before import = 0
Number of asset objects unloaded after import = 1
========================================================================
Received Import Request.
  Time since last request: 330.958418 seconds.
  path: Assets/Resources/ModelOriginal/LoginScene2/LoginScene_Bridge02_02_Lod0.obj
  artifactKey: Guid(45e704fc2168c5c429c5864f522a12d9) Importer(815301076,1909f56bfc062723c751e8b465ee728b)
Start importing Assets/Resources/ModelOriginal/LoginScene2/LoginScene_Bridge02_02_Lod0.obj using Guid(45e704fc2168c5c429c5864f522a12d9) Importer(815301076,1909f56bfc062723c751e8b465ee728b)  -> (artifact id: 'b4330bd016d5f09578b8f9e4886a315f') in 0.003894 seconds
Number of updated asset objects reloaded before import = 0
Number of asset objects unloaded after import = 21
========================================================================
Received Import Request.
  Time since last request: 0.000017 seconds.
  path: Assets/Resources/ModelOriginal/LoginScene2/LoginScene_Bridge02_Lod0.obj
  artifactKey: Guid(b9d781a440ed1284486fed47fd3f4200) Importer(815301076,1909f56bfc062723c751e8b465ee728b)
Start importing Assets/Resources/ModelOriginal/LoginScene2/LoginScene_Bridge02_Lod0.obj using Guid(b9d781a440ed1284486fed47fd3f4200) Importer(815301076,1909f56bfc062723c751e8b465ee728b)  -> (artifact id: '2a736684d16e754bcb597ddeae0cf57d') in 0.002136 seconds
Number of updated asset objects reloaded before import = 0
Number of asset objects unloaded after import = 21
========================================================================
Received Import Request.
  Time since last request: 1.982149 seconds.
  path: Assets/Resources/ModelOriginal/LoginScene2/LoginScene_Bridge03_01_Lod0.obj
  artifactKey: Guid(17f67ad1944d25949b7d6a5b9f52f903) Importer(815301076,1909f56bfc062723c751e8b465ee728b)
Start importing Assets/Resources/ModelOriginal/LoginScene2/LoginScene_Bridge03_01_Lod0.obj using Guid(17f67ad1944d25949b7d6a5b9f52f903) Importer(815301076,1909f56bfc062723c751e8b465ee728b)  -> (artifact id: '0d0242b3458856e4d9c2693df4b6907e') in 0.004020 seconds
Number of updated asset objects reloaded before import = 0
Number of asset objects unloaded after import = 21
========================================================================
Received Import Request.
  Time since last request: 0.000500 seconds.
  path: Assets/Resources/ModelOriginal/LoginScene2/LoginScene_Bridge03_03_Lod0.obj
  artifactKey: Guid(5392344ad6fcc7043a7f39efdca4905e) Importer(815301076,1909f56bfc062723c751e8b465ee728b)
Start importing Assets/Resources/ModelOriginal/LoginScene2/LoginScene_Bridge03_03_Lod0.obj using Guid(5392344ad6fcc7043a7f39efdca4905e) Importer(815301076,1909f56bfc062723c751e8b465ee728b)  -> (artifact id: '190b54e21d1e2cf08e6772d41d537d03') in 0.002799 seconds
Number of updated asset objects reloaded before import = 0
Number of asset objects unloaded after import = 21
========================================================================
Received Import Request.
  Time since last request: 0.000016 seconds.
  path: Assets/Resources/ModelOriginal/LoginScene2/LoginScene_Bridge03_Lod0.obj
  artifactKey: Guid(96b332f781b70584993d7a2a227ca2c2) Importer(815301076,1909f56bfc062723c751e8b465ee728b)
Start importing Assets/Resources/ModelOriginal/LoginScene2/LoginScene_Bridge03_Lod0.obj using Guid(96b332f781b70584993d7a2a227ca2c2) Importer(815301076,1909f56bfc062723c751e8b465ee728b)  -> (artifact id: '4cb39b59dbe7d13e024ef862000ba0bc') in 0.003188 seconds
Number of updated asset objects reloaded before import = 0
Number of asset objects unloaded after import = 21
========================================================================
Received Import Request.
  Time since last request: 0.000046 seconds.
  path: Assets/Resources/ModelOriginal/LoginScene2/LoginScene_Bridge04_01_Lod0.obj
  artifactKey: Guid(ef0d47ced9a96014d9a85d01ea94eefb) Importer(815301076,1909f56bfc062723c751e8b465ee728b)
Start importing Assets/Resources/ModelOriginal/LoginScene2/LoginScene_Bridge04_01_Lod0.obj using Guid(ef0d47ced9a96014d9a85d01ea94eefb) Importer(815301076,1909f56bfc062723c751e8b465ee728b)  -> (artifact id: '5071d4bfae04c366adbd1f24c2c0851b') in 0.004044 seconds
Number of updated asset objects reloaded before import = 0
Number of asset objects unloaded after import = 27
========================================================================
Received Import Request.
  Time since last request: 0.000018 seconds.
  path: Assets/Resources/ModelOriginal/LoginScene2/LoginScene_Bridge03_Lod1.obj
  artifactKey: Guid(330e5a403b1b8824cb6a546eeea987e6) Importer(815301076,1909f56bfc062723c751e8b465ee728b)
Start importing Assets/Resources/ModelOriginal/LoginScene2/LoginScene_Bridge03_Lod1.obj using Guid(330e5a403b1b8824cb6a546eeea987e6) Importer(815301076,1909f56bfc062723c751e8b465ee728b)  -> (artifact id: '4b433ffdff997bc5775182100acf1edd') in 0.002975 seconds
Number of updated asset objects reloaded before import = 0
Number of asset objects unloaded after import = 15
========================================================================
Received Import Request.
  Time since last request: 0.000016 seconds.
  path: Assets/Resources/ModelOriginal/LoginScene2/LoginScene_Bridge04_Lod1.obj
  artifactKey: Guid(139460c1d2043204c9b74145d878e258) Importer(815301076,1909f56bfc062723c751e8b465ee728b)
Start importing Assets/Resources/ModelOriginal/LoginScene2/LoginScene_Bridge04_Lod1.obj using Guid(139460c1d2043204c9b74145d878e258) Importer(815301076,1909f56bfc062723c751e8b465ee728b)  -> (artifact id: '4312f105dcaae3d228dfc02f0d723fe6') in 0.002764 seconds
Number of updated asset objects reloaded before import = 0
Number of asset objects unloaded after import = 9
========================================================================
Received Import Request.
  Time since last request: 0.000030 seconds.
  path: Assets/Resources/ModelOriginal/LoginScene2/LoginScene_Build01_01_Lod0.obj
  artifactKey: Guid(6b50bc1b459d45043bd4fe808de3496c) Importer(815301076,1909f56bfc062723c751e8b465ee728b)
Start importing Assets/Resources/ModelOriginal/LoginScene2/LoginScene_Build01_01_Lod0.obj using Guid(6b50bc1b459d45043bd4fe808de3496c) Importer(815301076,1909f56bfc062723c751e8b465ee728b)  -> (artifact id: 'ac2c7e893726d86d66460a4990f10a76') in 0.003748 seconds
Number of updated asset objects reloaded before import = 0
Number of asset objects unloaded after import = 21
========================================================================
Received Import Request.
  Time since last request: 0.000022 seconds.
  path: Assets/Resources/ModelOriginal/LoginScene2/LoginScene_Build01_01_Lod1.obj
  artifactKey: Guid(ccb2e01c305c3034c9cde60165914fde) Importer(815301076,1909f56bfc062723c751e8b465ee728b)
Start importing Assets/Resources/ModelOriginal/LoginScene2/LoginScene_Build01_01_Lod1.obj using Guid(ccb2e01c305c3034c9cde60165914fde) Importer(815301076,1909f56bfc062723c751e8b465ee728b)  -> (artifact id: 'dd6373b8b74547cc79f795e68467b47e') in 0.002680 seconds
Number of updated asset objects reloaded before import = 0
Number of asset objects unloaded after import = 21
========================================================================
Received Import Request.
  Time since last request: 0.736436 seconds.
  path: Assets/Resources/ModelOriginal/LoginScene2/LoginScene_Build02_02_Lod0.obj
  artifactKey: Guid(6990127c7eb9d554b9f34b392097d253) Importer(815301076,1909f56bfc062723c751e8b465ee728b)
Start importing Assets/Resources/ModelOriginal/LoginScene2/LoginScene_Build02_02_Lod0.obj using Guid(6990127c7eb9d554b9f34b392097d253) Importer(815301076,1909f56bfc062723c751e8b465ee728b)  -> (artifact id: '3188ca398c95bbd399a68b05ef14ac29') in 0.004514 seconds
Number of updated asset objects reloaded before import = 0
Number of asset objects unloaded after import = 27
========================================================================
Received Import Request.
  Time since last request: 0.000015 seconds.
  path: Assets/Resources/ModelOriginal/LoginScene2/LoginScene_Build02_02_Lod2.obj
  artifactKey: Guid(12f7a54d25d6fde4f874d0e11d298bad) Importer(815301076,1909f56bfc062723c751e8b465ee728b)
Start importing Assets/Resources/ModelOriginal/LoginScene2/LoginScene_Build02_02_Lod2.obj using Guid(12f7a54d25d6fde4f874d0e11d298bad) Importer(815301076,1909f56bfc062723c751e8b465ee728b)  -> (artifact id: '8f0711baf8907f4f6f798849991f8dde') in 0.002154 seconds
Number of updated asset objects reloaded before import = 0
Number of asset objects unloaded after import = 9
========================================================================
Received Import Request.
  Time since last request: 0.000013 seconds.
  path: Assets/Resources/ModelOriginal/LoginScene2/LoginScene_Build02_03_Lod0.obj
  artifactKey: Guid(3e8641b4bead78f4fbd5e4e2889a8e78) Importer(815301076,1909f56bfc062723c751e8b465ee728b)
Start importing Assets/Resources/ModelOriginal/LoginScene2/LoginScene_Build02_03_Lod0.obj using Guid(3e8641b4bead78f4fbd5e4e2889a8e78) Importer(815301076,1909f56bfc062723c751e8b465ee728b)  -> (artifact id: '598e71ec9e4c71295c16d8c9aa77ac42') in 0.003602 seconds
Number of updated asset objects reloaded before import = 0
Number of asset objects unloaded after import = 27
========================================================================
Received Import Request.
  Time since last request: 0.030192 seconds.
  path: Assets/Resources/ModelOriginal/LoginScene2/LoginScene_Build03_01_Lod0.obj
  artifactKey: Guid(fb1d35b898ed274469572462dd62a850) Importer(815301076,1909f56bfc062723c751e8b465ee728b)
Start importing Assets/Resources/ModelOriginal/LoginScene2/LoginScene_Build03_01_Lod0.obj using Guid(fb1d35b898ed274469572462dd62a850) Importer(815301076,1909f56bfc062723c751e8b465ee728b)  -> (artifact id: 'c0086c9032d4b441023af752cb8f4123') in 0.004189 seconds
Number of updated asset objects reloaded before import = 0
Number of asset objects unloaded after import = 21
========================================================================
Received Import Request.
  Time since last request: 0.000017 seconds.
  path: Assets/Resources/ModelOriginal/LoginScene2/LoginScene_Build04_01_Lod1.obj
  artifactKey: Guid(4f7a0863f0fdee44da1d4b46426c6a87) Importer(815301076,1909f56bfc062723c751e8b465ee728b)
Start importing Assets/Resources/ModelOriginal/LoginScene2/LoginScene_Build04_01_Lod1.obj using Guid(4f7a0863f0fdee44da1d4b46426c6a87) Importer(815301076,1909f56bfc062723c751e8b465ee728b)  -> (artifact id: '082ada422a786c0bc70b3e45c0602076') in 0.003845 seconds
Number of updated asset objects reloaded before import = 0
Number of asset objects unloaded after import = 27
========================================================================
Received Import Request.
  Time since last request: 0.000018 seconds.
  path: Assets/Resources/ModelOriginal/LoginScene2/LoginScene_Build03_01_Lod2.obj
  artifactKey: Guid(49ab608299bc4464486b4175a036ad35) Importer(815301076,1909f56bfc062723c751e8b465ee728b)
Start importing Assets/Resources/ModelOriginal/LoginScene2/LoginScene_Build03_01_Lod2.obj using Guid(49ab608299bc4464486b4175a036ad35) Importer(815301076,1909f56bfc062723c751e8b465ee728b)  -> (artifact id: '6d59b5c879cb205c16189ed0f8875116') in 0.002010 seconds
Number of updated asset objects reloaded before import = 0
Number of asset objects unloaded after import = 9
Editor requested this worker to shutdown with reason: Scaling down because of idle timeout
TcpMessagingSession - receive error: operation aborted. errorcode: 995, details:        I/O  .
AssetImportWorker is now disconnected from the server
Process exiting
Exiting without the bug reporter. Application will terminate with return code 0