Using pre-set license
Built from '2022.3/staging' branch; Version is '2022.3.4f1 (35713cd46cd7) revision 3502396'; Using compiler version '192829333'; Build Type 'Release'
OS: 'Windows 10  (10.0.19045) 64bit Professional' Language: 'ko' Physical Memory: 32469 MB
BatchMode: 1, IsHumanControllingUs: 0, StartBugReporterOnCrash: 0, Is64bit: 1, IsPro: 1

COMMAND LINE ARGUMENTS:
C:\Program Files\Unity\Hub\Editor\2022.3.4f1\Editor\Unity.exe
-adb2
-batchMode
-noUpm
-name
AssetImportWorker4
-projectPath
C:/Users/rhsj/Desktop/Unity/ProjectNW
-logFile
Logs/AssetImportWorker4.log
-srvPort
55306
Successfully changed project path to: C:/Users/rhsj/Desktop/Unity/ProjectNW
C:/Users/rhsj/Desktop/Unity/ProjectNW
[UnityMemory] Configuration Parameters - Can be set up in boot.config
    "memorysetup-bucket-allocator-granularity=16"
    "memorysetup-bucket-allocator-bucket-count=8"
    "memorysetup-bucket-allocator-block-size=33554432"
    "memorysetup-bucket-allocator-block-count=8"
    "memorysetup-main-allocator-block-size=16777216"
    "memorysetup-thread-allocator-block-size=16777216"
    "memorysetup-gfx-main-allocator-block-size=16777216"
    "memorysetup-gfx-thread-allocator-block-size=16777216"
    "memorysetup-cache-allocator-block-size=4194304"
    "memorysetup-typetree-allocator-block-size=2097152"
    "memorysetup-profiler-bucket-allocator-granularity=16"
    "memorysetup-profiler-bucket-allocator-bucket-count=8"
    "memorysetup-profiler-bucket-allocator-block-size=33554432"
    "memorysetup-profiler-bucket-allocator-block-count=8"
    "memorysetup-profiler-allocator-block-size=16777216"
    "memorysetup-profiler-editor-allocator-block-size=1048576"
    "memorysetup-temp-allocator-size-main=16777216"
    "memorysetup-job-temp-allocator-block-size=2097152"
    "memorysetup-job-temp-allocator-block-size-background=1048576"
    "memorysetup-job-temp-allocator-reduction-small-platforms=262144"
    "memorysetup-allocator-temp-initial-block-size-main=262144"
    "memorysetup-allocator-temp-initial-block-size-worker=262144"
    "memorysetup-temp-allocator-size-background-worker=32768"
    "memorysetup-temp-allocator-size-job-worker=262144"
    "memorysetup-temp-allocator-size-preload-manager=33554432"
    "memorysetup-temp-allocator-size-nav-mesh-worker=65536"
    "memorysetup-temp-allocator-size-audio-worker=65536"
    "memorysetup-temp-allocator-size-cloud-worker=32768"
    "memorysetup-temp-allocator-size-gi-baking-worker=262144"
    "memorysetup-temp-allocator-size-gfx=262144"
Player connection [18584] Host "[IP] 192.168.0.195 [Port] 0 [Flags] 2 [Guid] 3754389372 [EditorId] 3754389372 [Version] 1048832 [Id] WindowsEditor(7,DESKTOP-SUV84E9) [Debug] 1 [PackageName] WindowsEditor [ProjectName] Editor" joined multi-casting on [225.0.0.222:54997]...

Player connection [18584] Host "[IP] 192.168.0.195 [Port] 0 [Flags] 2 [Guid] 3754389372 [EditorId] 3754389372 [Version] 1048832 [Id] WindowsEditor(7,DESKTOP-SUV84E9) [Debug] 1 [PackageName] WindowsEditor [ProjectName] Editor" joined alternative multi-casting on [225.0.0.222:34997]...

Refreshing native plugins compatible for Editor in 32.33 ms, found 4 plugins.
Preloading 0 native plugins for Editor in 0.00 ms.
Initialize engine version: 2022.3.4f1 (35713cd46cd7)
[Subsystems] Discovering subsystems at path C:/Program Files/Unity/Hub/Editor/2022.3.4f1/Editor/Data/Resources/UnitySubsystems
[Subsystems] Discovering subsystems at path C:/Users/rhsj/Desktop/Unity/ProjectNW/Assets
GfxDevice: creating device client; threaded=0; jobified=0
Direct3D:
    Version:  Direct3D 11.0 [level 11.1]
    Renderer: NVIDIA GeForce RTX 3070 Laptop GPU (ID=0x249d)
    Vendor:   NVIDIA
    VRAM:     8020 MB
    Driver:   31.0.15.5244
Initialize mono
Mono path[0] = 'C:/Program Files/Unity/Hub/Editor/2022.3.4f1/Editor/Data/Managed'
Mono path[1] = 'C:/Program Files/Unity/Hub/Editor/2022.3.4f1/Editor/Data/MonoBleedingEdge/lib/mono/unityjit-win32'
Mono config path = 'C:/Program Files/Unity/Hub/Editor/2022.3.4f1/Editor/Data/MonoBleedingEdge/etc'
Using monoOptions --debugger-agent=transport=dt_socket,embedding=1,server=y,suspend=n,address=127.0.0.1:56208
Begin MonoManager ReloadAssembly
Registering precompiled unity dll's ...
Register platform support module: C:/Program Files/Unity/Hub/Editor/2022.3.4f1/Editor/Data/PlaybackEngines/WindowsStandaloneSupport/UnityEditor.WindowsStandalone.Extensions.dll
Registered in 0.015921 seconds.
- Loaded All Assemblies, in  0.405 seconds
Native extension for WindowsStandalone target not found
Mono: successfully reloaded assembly
- Finished resetting the current domain, in  0.329 seconds
Domain Reload Profiling: 732ms
	BeginReloadAssembly (88ms)
		ExecutionOrderSort (0ms)
		DisableScriptedObjects (0ms)
		BackupInstance (0ms)
		ReleaseScriptingObjects (0ms)
		CreateAndSetChildDomain (1ms)
	RebuildCommonClasses (51ms)
	RebuildNativeTypeToScriptingClass (15ms)
	initialDomainReloadingComplete (82ms)
	LoadAllAssembliesAndSetupDomain (167ms)
		LoadAssemblies (86ms)
		RebuildTransferFunctionScriptingTraits (0ms)
		AnalyzeDomain (161ms)
			TypeCache.Refresh (161ms)
				TypeCache.ScanAssembly (146ms)
			ScanForSourceGeneratedMonoScriptInfo (0ms)
			ResolveRequiredComponents (1ms)
	FinalizeReload (329ms)
		ReleaseScriptCaches (0ms)
		RebuildScriptCaches (0ms)
		SetupLoadedEditorAssemblies (248ms)
			LogAssemblyErrors (0ms)
			InitializePlatformSupportModulesInManaged (24ms)
			SetLoadedEditorAssemblies (10ms)
			RefreshPlugins (0ms)
			BeforeProcessingInitializeOnLoad (3ms)
			ProcessInitializeOnLoadAttributes (167ms)
			ProcessInitializeOnLoadMethodAttributes (44ms)
			AfterProcessingInitializeOnLoad (0ms)
			EditorAssembliesLoaded (0ms)
		ExecutionOrderSort2 (0ms)
		AwakeInstancesAfterBackupRestoration (0ms)
========================================================================
Worker process is ready to serve import requests
Begin MonoManager ReloadAssembly
- Loaded All Assemblies, in  1.051 seconds
Refreshing native plugins compatible for Editor in 7.40 ms, found 4 plugins.
Native extension for WindowsStandalone target not found
[MODES] ModeService[none].Initialize
[MODES] ModeService[none].LoadModes
[MODES] Loading mode Default (0) for mode-current-id-ProjectNW
Package Manager log level set to [2]
[Package Manager] Server::EnsureServerProcessIsRunning -- launch failed, reason: Unity was launched with the -noUpm command-line argument
[Package Manager] UpmClient::Send -- Unable to send message (not connected to UPM process).
[Package Manager] Cannot connect to Unity Package Manager local server
Mono: successfully reloaded assembly
- Finished resetting the current domain, in  1.286 seconds
Domain Reload Profiling: 2333ms
	BeginReloadAssembly (130ms)
		ExecutionOrderSort (0ms)
		DisableScriptedObjects (7ms)
		BackupInstance (0ms)
		ReleaseScriptingObjects (0ms)
		CreateAndSetChildDomain (24ms)
	RebuildCommonClasses (50ms)
	RebuildNativeTypeToScriptingClass (9ms)
	initialDomainReloadingComplete (43ms)
	LoadAllAssembliesAndSetupDomain (815ms)
		LoadAssemblies (390ms)
		RebuildTransferFunctionScriptingTraits (0ms)
		AnalyzeDomain (474ms)
			TypeCache.Refresh (430ms)
				TypeCache.ScanAssembly (416ms)
			ScanForSourceGeneratedMonoScriptInfo (29ms)
			ResolveRequiredComponents (15ms)
	FinalizeReload (1286ms)
		ReleaseScriptCaches (0ms)
		RebuildScriptCaches (0ms)
		SetupLoadedEditorAssemblies (1059ms)
			LogAssemblyErrors (0ms)
			InitializePlatformSupportModulesInManaged (8ms)
			SetLoadedEditorAssemblies (4ms)
			RefreshPlugins (0ms)
			BeforeProcessingInitializeOnLoad (181ms)
			ProcessInitializeOnLoadAttributes (733ms)
			ProcessInitializeOnLoadMethodAttributes (127ms)
			AfterProcessingInitializeOnLoad (5ms)
			EditorAssembliesLoaded (0ms)
		ExecutionOrderSort2 (0ms)
		AwakeInstancesAfterBackupRestoration (5ms)
Launched and connected shader compiler UnityShaderCompiler.exe after 0.03 seconds
Refreshing native plugins compatible for Editor in 7.69 ms, found 4 plugins.
Preloading 0 native plugins for Editor in 0.00 ms.
Unloading 6334 Unused Serialized files (Serialized files now loaded: 0)
Unloading 110 unused Assets / (426.0 KB). Loaded Objects now: 6834.
Memory consumption went from 252.2 MB to 251.7 MB.
Total: 4.166700 ms (FindLiveObjects: 0.442600 ms CreateObjectMapping: 0.259900 ms MarkObjects: 3.241100 ms  DeleteObjects: 0.222300 ms)

AssetImportParameters requested are different than current active one (requested -> active):
  custom:container-demuxer-ogg: 62fdf1f143b41e24485cea50d1cbac27 -> 
  custom:video-decoder-ogg-theora: a1e56fd34408186e4bbccfd4996cb3dc -> 
  custom:framework-win-MediaFoundation: 216162199b28c13a410421893ffa2e32 -> 
  custom:CustomObjectIndexerAttribute: a3ef5dd2817f97addfee359851a9dba5 -> 
  custom:container-demuxer-webm: 4f35f7cbe854078d1ac9338744f61a02 -> 
  custom:container-muxer-webm: aa71ff27fc2769a1b78a27578f13a17b -> 
  custom:video-decoder-webm-vp8: 9c59270c3fd7afecdb556c50c9e8de78 -> 
  custom:AudioImporter_EditorPlatform: d09bf68614088b80899f8185d706f6e7 -> 
  custom:video-encoder-webm-vp8: eb34c28f22e8b96e1ab97ce403110664 -> 
  custom:audio-decoder-ogg-vorbis: bf7c407c2cedff20999df2af8eb42d56 -> 
  custom:audio-encoder-webm-vorbis: bf7c407c2cedff20999df2af8eb42d56 -> 
========================================================================
Received Import Request.
  Time since last request: 887749.685505 seconds.
  path: Assets/IgnoreResources/FightingMotionsVolume1/FBX/hp_straight_left_A.fbx
  artifactKey: Guid(e0ad8083c895ff74ea01f55b82884971) Importer(815301076,1909f56bfc062723c751e8b465ee728b)
Start importing Assets/IgnoreResources/FightingMotionsVolume1/FBX/hp_straight_left_A.fbx using Guid(e0ad8083c895ff74ea01f55b82884971) Importer(815301076,1909f56bfc062723c751e8b465ee728b)  -> (artifact id: 'f646a8e63c34ed224910efa6be4a4830') in 0.015409 seconds
Number of updated asset objects reloaded before import = 0
Number of asset objects unloaded after import = 52
========================================================================
Received Import Request.
  Time since last request: 9.503092 seconds.
  path: Assets/IgnoreResources/FightingMotionsVolume1/FBX/hp_upper_right_A.fbx
  artifactKey: Guid(59c7dab75889cc747a38565aacf425cb) Importer(815301076,1909f56bfc062723c751e8b465ee728b)
Start importing Assets/IgnoreResources/FightingMotionsVolume1/FBX/hp_upper_right_A.fbx using Guid(59c7dab75889cc747a38565aacf425cb) Importer(815301076,1909f56bfc062723c751e8b465ee728b)  -> (artifact id: '800b55b6eeb3a030fc2b55472ad6cddf') in 0.002611 seconds
Number of updated asset objects reloaded before import = 0
Number of asset objects unloaded after import = 52
========================================================================
Received Import Request.
  Time since last request: 5.708804 seconds.
  path: Assets/IgnoreResources/FightingMotionsVolume1/FBX/knockdown_A.fbx
  artifactKey: Guid(80c66b0b507d2374e8a428e340dd8414) Importer(815301076,1909f56bfc062723c751e8b465ee728b)
Start importing Assets/IgnoreResources/FightingMotionsVolume1/FBX/knockdown_A.fbx using Guid(80c66b0b507d2374e8a428e340dd8414) Importer(815301076,1909f56bfc062723c751e8b465ee728b)  -> (artifact id: '858488ab0ab2f001427f72d05d7cc6a5') in 0.002675 seconds
Number of updated asset objects reloaded before import = 0
Number of asset objects unloaded after import = 52
========================================================================
Received Import Request.
  Time since last request: 583.170213 seconds.
  path: Assets/Resources/Anims/Dehya
  artifactKey: Guid(61bbf637cded5824bb39c0e2d37f0c0c) Importer(815301076,1909f56bfc062723c751e8b465ee728b)
Start importing Assets/Resources/Anims/Dehya using Guid(61bbf637cded5824bb39c0e2d37f0c0c) Importer(815301076,1909f56bfc062723c751e8b465ee728b)  -> (artifact id: 'f721469d9d3c147905fa76b45d5bd7fa') in 0.000768 seconds
Number of updated asset objects reloaded before import = 0
Number of asset objects unloaded after import = 0
========================================================================
Received Import Request.
  Time since last request: 9.614628 seconds.
  path: Assets/Resources/Anims/Dehya/Ani_Avatar_Lady_Claymore_Dehya_ElementalArt_Insert.anim
  artifactKey: Guid(a6e09ea2f82cce3459083cec5e0fb03b) Importer(815301076,1909f56bfc062723c751e8b465ee728b)
Start importing Assets/Resources/Anims/Dehya/Ani_Avatar_Lady_Claymore_Dehya_ElementalArt_Insert.anim using Guid(a6e09ea2f82cce3459083cec5e0fb03b) Importer(815301076,1909f56bfc062723c751e8b465ee728b)  -> (artifact id: '8d9e7ef9aabfa1415e24840a70b95137') in 0.036514 seconds
Number of updated asset objects reloaded before import = 0
Number of asset objects unloaded after import = 1
========================================================================
Received Import Request.
  Time since last request: 3.432434 seconds.
  path: Assets/Resources/Anims/Dehya/Ani_Avatar_Lady_Claymore_Dehya_ElementalArt_Insert_AS.anim
  artifactKey: Guid(c5f726f132446684fa341c43bda17e1a) Importer(815301076,1909f56bfc062723c751e8b465ee728b)
Start importing Assets/Resources/Anims/Dehya/Ani_Avatar_Lady_Claymore_Dehya_ElementalArt_Insert_AS.anim using Guid(c5f726f132446684fa341c43bda17e1a) Importer(815301076,1909f56bfc062723c751e8b465ee728b)  -> (artifact id: '0003de62c48960e94036ae1bb4c5ff49') in 0.107822 seconds
Number of updated asset objects reloaded before import = 0
Number of asset objects unloaded after import = 1
========================================================================
Received Import Request.
  Time since last request: 2.172056 seconds.
  path: Assets/Resources/Anims/Dehya/Ani_Avatar_Lady_Claymore_Dehya_ElementalArt_Recycle.anim
  artifactKey: Guid(6fda9b92dadfa9046975bdbfdd16de42) Importer(815301076,1909f56bfc062723c751e8b465ee728b)
Start importing Assets/Resources/Anims/Dehya/Ani_Avatar_Lady_Claymore_Dehya_ElementalArt_Recycle.anim using Guid(6fda9b92dadfa9046975bdbfdd16de42) Importer(815301076,1909f56bfc062723c751e8b465ee728b)  -> (artifact id: '15d7e3dedbd20f51242fc8e8755e3994') in 0.055686 seconds
Number of updated asset objects reloaded before import = 0
Number of asset objects unloaded after import = 1
========================================================================
Received Import Request.
  Time since last request: 4.109973 seconds.
  path: Assets/Resources/Anims/Dehya/Ani_Avatar_Lady_Claymore_Dehya_ElementalArt_Recycle_AS.anim
  artifactKey: Guid(ab7ce7964110e9a4a83c4c2da0481ba3) Importer(815301076,1909f56bfc062723c751e8b465ee728b)
Start importing Assets/Resources/Anims/Dehya/Ani_Avatar_Lady_Claymore_Dehya_ElementalArt_Recycle_AS.anim using Guid(ab7ce7964110e9a4a83c4c2da0481ba3) Importer(815301076,1909f56bfc062723c751e8b465ee728b)  -> (artifact id: 'e23490fc38499c2bd0e71b94777c06a8') in 0.151308 seconds
Number of updated asset objects reloaded before import = 0
Number of asset objects unloaded after import = 1
========================================================================
Received Import Request.
  Time since last request: 3.185444 seconds.
  path: Assets/Resources/Anims/Dehya/Ani_Avatar_Lady_Claymore_Dehya_ElementalBurst.anim
  artifactKey: Guid(7299c4f577983c6479690aa23d0f1a4b) Importer(815301076,1909f56bfc062723c751e8b465ee728b)
Start importing Assets/Resources/Anims/Dehya/Ani_Avatar_Lady_Claymore_Dehya_ElementalBurst.anim using Guid(7299c4f577983c6479690aa23d0f1a4b) Importer(815301076,1909f56bfc062723c751e8b465ee728b)  -> (artifact id: 'ad95d8bf6d153266628f4edc293e3390') in 0.091937 seconds
Number of updated asset objects reloaded before import = 0
Number of asset objects unloaded after import = 1
========================================================================
Received Import Request.
  Time since last request: 2.165639 seconds.
  path: Assets/Resources/Anims/Dehya/Ani_Avatar_Lady_Claymore_Dehya_ElementalBurst_End.anim
  artifactKey: Guid(6f3dfdc02f1f47d4cb358f27954b96c6) Importer(815301076,1909f56bfc062723c751e8b465ee728b)
Start importing Assets/Resources/Anims/Dehya/Ani_Avatar_Lady_Claymore_Dehya_ElementalBurst_End.anim using Guid(6f3dfdc02f1f47d4cb358f27954b96c6) Importer(815301076,1909f56bfc062723c751e8b465ee728b)  -> (artifact id: 'c7332a106e70667b6928a49e094ce60e') in 0.061163 seconds
Number of updated asset objects reloaded before import = 0
Number of asset objects unloaded after import = 1
========================================================================
Received Import Request.
  Time since last request: 4.943676 seconds.
  path: Assets/Resources/Anims/Dehya/Ani_Avatar_Lady_Claymore_Dehya_ElementalBurst_Loop_B.anim
  artifactKey: Guid(db3ab2b7538455940ad5379c33c728f7) Importer(815301076,1909f56bfc062723c751e8b465ee728b)
Start importing Assets/Resources/Anims/Dehya/Ani_Avatar_Lady_Claymore_Dehya_ElementalBurst_Loop_B.anim using Guid(db3ab2b7538455940ad5379c33c728f7) Importer(815301076,1909f56bfc062723c751e8b465ee728b)  -> (artifact id: '53c52b589592f1b5f12ce68e7c36b640') in 0.042305 seconds
Number of updated asset objects reloaded before import = 0
Number of asset objects unloaded after import = 1
========================================================================
Received Import Request.
  Time since last request: 65.410667 seconds.
  path: Assets/Resources/Anims/Dehya/Ani_Avatar_Lady_Claymore_Dehya_ElementalBurst_Loop_A.anim
  artifactKey: Guid(74bf301669315904988afac4c3f20572) Importer(815301076,1909f56bfc062723c751e8b465ee728b)
Start importing Assets/Resources/Anims/Dehya/Ani_Avatar_Lady_Claymore_Dehya_ElementalBurst_Loop_A.anim using Guid(74bf301669315904988afac4c3f20572) Importer(815301076,1909f56bfc062723c751e8b465ee728b)  -> (artifact id: '437ca1b99a11b7466229ca74d361ef8c') in 0.042838 seconds
Number of updated asset objects reloaded before import = 0
Number of asset objects unloaded after import = 1
========================================================================
Received Import Request.
  Time since last request: 20.350828 seconds.
  path: Assets/Resources/Anims/Dehya/Ani_Avatar_Lady_Claymore_Dehya_ElementalBurst_Loop_B 1.anim
  artifactKey: Guid(7540265d5f4faae4081c7130e0221b89) Importer(815301076,1909f56bfc062723c751e8b465ee728b)
Start importing Assets/Resources/Anims/Dehya/Ani_Avatar_Lady_Claymore_Dehya_ElementalBurst_Loop_B 1.anim using Guid(7540265d5f4faae4081c7130e0221b89) Importer(815301076,1909f56bfc062723c751e8b465ee728b)  -> (artifact id: 'c9569ca760570a4a52574de400e4762b') in 0.069575 seconds
Number of updated asset objects reloaded before import = 0
Number of asset objects unloaded after import = 1
========================================================================
Received Import Request.
  Time since last request: 1.002562 seconds.
  path: Assets/Resources/Anims/Dehya/Ani_Avatar_Lady_Claymore_Dehya_ElementalBurst_Loop_B.anim
  artifactKey: Guid(db3ab2b7538455940ad5379c33c728f7) Importer(815301076,1909f56bfc062723c751e8b465ee728b)
Start importing Assets/Resources/Anims/Dehya/Ani_Avatar_Lady_Claymore_Dehya_ElementalBurst_Loop_B.anim using Guid(db3ab2b7538455940ad5379c33c728f7) Importer(815301076,1909f56bfc062723c751e8b465ee728b)  -> (artifact id: '10628c809a650b0d5a2c9a727d390231') in 0.066534 seconds
Number of updated asset objects reloaded before import = 0
Number of asset objects unloaded after import = 1
========================================================================
Received Import Request.
  Time since last request: 129.713454 seconds.
  path: Assets/CSharp/ScriptableObjects/StateAsset/Created/Player/Attack
  artifactKey: Guid(732717e4b9c8e5a43916b2e620821aa9) Importer(815301076,1909f56bfc062723c751e8b465ee728b)
Start importing Assets/CSharp/ScriptableObjects/StateAsset/Created/Player/Attack using Guid(732717e4b9c8e5a43916b2e620821aa9) Importer(815301076,1909f56bfc062723c751e8b465ee728b)  -> (artifact id: '5643431dfea4de415ec0eb7b74abf540') in 0.011530 seconds
Number of updated asset objects reloaded before import = 0
Number of asset objects unloaded after import = 0
========================================================================
Received Import Request.
  Time since last request: 7.182092 seconds.
  path: Assets/CSharp/ScriptableObjects/StateAsset/Created/Player/Attack/State_MediumSwordAttack_FromPlayerBoy_1.asset
  artifactKey: Guid(2f7dff691bee2c849a287877c5936d3c) Importer(815301076,1909f56bfc062723c751e8b465ee728b)
Start importing Assets/CSharp/ScriptableObjects/StateAsset/Created/Player/Attack/State_MediumSwordAttack_FromPlayerBoy_1.asset using Guid(2f7dff691bee2c849a287877c5936d3c) Importer(815301076,1909f56bfc062723c751e8b465ee728b)  -> (artifact id: 'a9c61d5d48f1e15803b507878301f690') in 0.136105 seconds
Number of updated asset objects reloaded before import = 0
Number of asset objects unloaded after import = 2
========================================================================
Received Import Request.
  Time since last request: 14.965226 seconds.
  path: Assets/CSharp/ScriptableObjects/StateAsset/Created/Player/Attack/State_NormalPunch_1.asset
  artifactKey: Guid(2f7dff691bee2c849a287877c5936d3c) Importer(815301076,1909f56bfc062723c751e8b465ee728b)
Start importing Assets/CSharp/ScriptableObjects/StateAsset/Created/Player/Attack/State_NormalPunch_1.asset using Guid(2f7dff691bee2c849a287877c5936d3c) Importer(815301076,1909f56bfc062723c751e8b465ee728b)  -> (artifact id: 'e279aeb147a3596700563ab49b86ad3c') in 0.075799 seconds
Number of updated asset objects reloaded before import = 0
Number of asset objects unloaded after import = 2
========================================================================
Received Import Request.
  Time since last request: 3.708450 seconds.
  path: Assets/CSharp/ScriptableObjects/StateAsset/Created/Player/Attack/State_NormalPunch_2.asset
  artifactKey: Guid(f654849b84e515943ba909a05982bc8f) Importer(815301076,1909f56bfc062723c751e8b465ee728b)
Start importing Assets/CSharp/ScriptableObjects/StateAsset/Created/Player/Attack/State_NormalPunch_2.asset using Guid(f654849b84e515943ba909a05982bc8f) Importer(815301076,1909f56bfc062723c751e8b465ee728b)  -> (artifact id: '0d0034da900541b47568220ae9bea9d3') in 0.079520 seconds
Number of updated asset objects reloaded before import = 0
Number of asset objects unloaded after import = 2
========================================================================
Received Import Request.
  Time since last request: 117.644910 seconds.
  path: Assets/Resources/Anims/Heizo
  artifactKey: Guid(35cc68e3eb7c70447ba4bf26d84a2cc7) Importer(815301076,1909f56bfc062723c751e8b465ee728b)
Start importing Assets/Resources/Anims/Heizo using Guid(35cc68e3eb7c70447ba4bf26d84a2cc7) Importer(815301076,1909f56bfc062723c751e8b465ee728b)  -> (artifact id: 'd53e6fe9a3925bdc87817a396b84a8c1') in 0.000579 seconds
Number of updated asset objects reloaded before import = 0
Number of asset objects unloaded after import = 0
========================================================================
Received Import Request.
  Time since last request: 12.182463 seconds.
  path: Assets/Resources/Anims/Heizo/Elemt
  artifactKey: Guid(6c693c60475a49a4f99ed386330574f5) Importer(815301076,1909f56bfc062723c751e8b465ee728b)
Start importing Assets/Resources/Anims/Heizo/Elemt using Guid(6c693c60475a49a4f99ed386330574f5) Importer(815301076,1909f56bfc062723c751e8b465ee728b)  -> (artifact id: '66dff829cf2e6df277b72fb37dedca8c') in 0.000592 seconds
Number of updated asset objects reloaded before import = 0
Number of asset objects unloaded after import = 0
========================================================================
Received Import Request.
  Time since last request: 5.839809 seconds.
  path: Assets/Resources/Anims/Heizo/Attack
  artifactKey: Guid(b709f0147208f3141bc2e46091e180be) Importer(815301076,1909f56bfc062723c751e8b465ee728b)
Start importing Assets/Resources/Anims/Heizo/Attack using Guid(b709f0147208f3141bc2e46091e180be) Importer(815301076,1909f56bfc062723c751e8b465ee728b)  -> (artifact id: '35380d440b3f4098dce4bdd6d61a8d96') in 0.000465 seconds
Number of updated asset objects reloaded before import = 0
Number of asset objects unloaded after import = 0
========================================================================
Received Import Request.
  Time since last request: 20.533031 seconds.
  path: Assets/Resources/Anims/Heizo/Attack/Ani_Avatar_Boy_Catalyst_Heizo_Attack_01.anim
  artifactKey: Guid(781aadc931a7b774d82d5a30977496e7) Importer(815301076,1909f56bfc062723c751e8b465ee728b)
Start importing Assets/Resources/Anims/Heizo/Attack/Ani_Avatar_Boy_Catalyst_Heizo_Attack_01.anim using Guid(781aadc931a7b774d82d5a30977496e7) Importer(815301076,1909f56bfc062723c751e8b465ee728b)  -> (artifact id: '934ff8d234da2d8d907c7db070112780') in 0.112750 seconds
Number of updated asset objects reloaded before import = 0
Number of asset objects unloaded after import = 1
========================================================================
Received Import Request.
  Time since last request: 4.091939 seconds.
  path: Assets/Resources/Anims/Heizo/Attack/Ani_Avatar_Boy_Catalyst_Heizo_Attack_02.anim
  artifactKey: Guid(46b16ed31e09914479fda678847b68c0) Importer(815301076,1909f56bfc062723c751e8b465ee728b)
Start importing Assets/Resources/Anims/Heizo/Attack/Ani_Avatar_Boy_Catalyst_Heizo_Attack_02.anim using Guid(46b16ed31e09914479fda678847b68c0) Importer(815301076,1909f56bfc062723c751e8b465ee728b)  -> (artifact id: 'ff1132b3ec86637b3e54b41c8c40fdcd') in 0.146462 seconds
Number of updated asset objects reloaded before import = 0
Number of asset objects unloaded after import = 1
========================================================================
Received Import Request.
  Time since last request: 3.046431 seconds.
  path: Assets/Resources/Anims/Heizo/Attack/Ani_Avatar_Boy_Catalyst_Heizo_Attack_03.anim
  artifactKey: Guid(ff186b0bedab44149aac881fe0b88c46) Importer(815301076,1909f56bfc062723c751e8b465ee728b)
Start importing Assets/Resources/Anims/Heizo/Attack/Ani_Avatar_Boy_Catalyst_Heizo_Attack_03.anim using Guid(ff186b0bedab44149aac881fe0b88c46) Importer(815301076,1909f56bfc062723c751e8b465ee728b)  -> (artifact id: 'd67feec87a50f78d5df7f03ebf63b7d3') in 0.153852 seconds
Number of updated asset objects reloaded before import = 0
Number of asset objects unloaded after import = 1
========================================================================
Received Import Request.
  Time since last request: 3.863237 seconds.
  path: Assets/Resources/Anims/Heizo/Attack/Ani_Avatar_Boy_Catalyst_Heizo_Attack_04.anim
  artifactKey: Guid(0a6d4f8a370e4ed44a904b67e3fc7021) Importer(815301076,1909f56bfc062723c751e8b465ee728b)
Start importing Assets/Resources/Anims/Heizo/Attack/Ani_Avatar_Boy_Catalyst_Heizo_Attack_04.anim using Guid(0a6d4f8a370e4ed44a904b67e3fc7021) Importer(815301076,1909f56bfc062723c751e8b465ee728b)  -> (artifact id: 'f62b0298f9b6a6bd68a9fc20b28eb8c8') in 0.162355 seconds
Number of updated asset objects reloaded before import = 0
Number of asset objects unloaded after import = 1
========================================================================
Received Import Request.
  Time since last request: 2.900368 seconds.
  path: Assets/Resources/Anims/Heizo/Attack/Ani_Avatar_Boy_Catalyst_Heizo_Attack_05.anim
  artifactKey: Guid(bf36b7bfe686ff84ca65f51e2ce357e7) Importer(815301076,1909f56bfc062723c751e8b465ee728b)
Start importing Assets/Resources/Anims/Heizo/Attack/Ani_Avatar_Boy_Catalyst_Heizo_Attack_05.anim using Guid(bf36b7bfe686ff84ca65f51e2ce357e7) Importer(815301076,1909f56bfc062723c751e8b465ee728b)  -> (artifact id: 'fee9d8873acfe5828defe39ab3540fb0') in 0.144743 seconds
Number of updated asset objects reloaded before import = 0
Number of asset objects unloaded after import = 1
========================================================================
Received Import Request.
  Time since last request: 7.315176 seconds.
  path: Assets/Resources/Anims/Heizo/Attack/Ani_Avatar_Boy_Catalyst_Heizo_Attack_05_AS.anim
  artifactKey: Guid(0df95ecdbee72a24b88d32966ff80d30) Importer(815301076,1909f56bfc062723c751e8b465ee728b)
Start importing Assets/Resources/Anims/Heizo/Attack/Ani_Avatar_Boy_Catalyst_Heizo_Attack_05_AS.anim using Guid(0df95ecdbee72a24b88d32966ff80d30) Importer(815301076,1909f56bfc062723c751e8b465ee728b)  -> (artifact id: 'adf23ae6a682fd4c77c7b625515fb617') in 0.062149 seconds
Number of updated asset objects reloaded before import = 0
Number of asset objects unloaded after import = 1
========================================================================
Received Import Request.
  Time since last request: 21.830602 seconds.
  path: Assets/Resources/Anims/Heizo/Elemt/Ani_Avatar_Boy_Catalyst_Heizo_ElementalArt_AS.anim
  artifactKey: Guid(f875a4d5d9061564fa6a27422c4a0fc6) Importer(815301076,1909f56bfc062723c751e8b465ee728b)
Start importing Assets/Resources/Anims/Heizo/Elemt/Ani_Avatar_Boy_Catalyst_Heizo_ElementalArt_AS.anim using Guid(f875a4d5d9061564fa6a27422c4a0fc6) Importer(815301076,1909f56bfc062723c751e8b465ee728b)  -> (artifact id: '18723d3cabcd260f2ddaf684d5c46cc7') in 0.069335 seconds
Number of updated asset objects reloaded before import = 0
Number of asset objects unloaded after import = 1
========================================================================
Received Import Request.
  Time since last request: 2.930812 seconds.
  path: Assets/Resources/Anims/Heizo/Elemt/Ani_Avatar_Boy_Catalyst_Heizo_ElementalArt_BS.anim
  artifactKey: Guid(0b7e8eac7308f0e4cbb338489be0409d) Importer(815301076,1909f56bfc062723c751e8b465ee728b)
Start importing Assets/Resources/Anims/Heizo/Elemt/Ani_Avatar_Boy_Catalyst_Heizo_ElementalArt_BS.anim using Guid(0b7e8eac7308f0e4cbb338489be0409d) Importer(815301076,1909f56bfc062723c751e8b465ee728b)  -> (artifact id: '4e5b2625ce4cf4f6bdd56104e9dfc707') in 0.015304 seconds
Number of updated asset objects reloaded before import = 0
Number of asset objects unloaded after import = 1
========================================================================
Received Import Request.
  Time since last request: 2.206978 seconds.
  path: Assets/Resources/Anims/Heizo/Elemt/Ani_Avatar_Boy_Catalyst_Heizo_ElementalArt_Cast.anim
  artifactKey: Guid(5b11af80dd0cb9a45a48f86f7395d0a2) Importer(815301076,1909f56bfc062723c751e8b465ee728b)
Start importing Assets/Resources/Anims/Heizo/Elemt/Ani_Avatar_Boy_Catalyst_Heizo_ElementalArt_Cast.anim using Guid(5b11af80dd0cb9a45a48f86f7395d0a2) Importer(815301076,1909f56bfc062723c751e8b465ee728b)  -> (artifact id: '31521459dacfd801837e484001a0dbc1') in 0.024600 seconds
Number of updated asset objects reloaded before import = 0
Number of asset objects unloaded after import = 1
========================================================================
Received Import Request.
  Time since last request: 5.421153 seconds.
  path: Assets/Resources/Anims/Heizo/Elemt/Ani_Avatar_Boy_Catalyst_Heizo_ElementalArt_Cast_Max.anim
  artifactKey: Guid(734325212a5c21e4980b226c04c7a7b4) Importer(815301076,1909f56bfc062723c751e8b465ee728b)
Start importing Assets/Resources/Anims/Heizo/Elemt/Ani_Avatar_Boy_Catalyst_Heizo_ElementalArt_Cast_Max.anim using Guid(734325212a5c21e4980b226c04c7a7b4) Importer(815301076,1909f56bfc062723c751e8b465ee728b)  -> (artifact id: '706a0d6a8eb3682f7f5988218ab16fbf') in 0.023741 seconds
Number of updated asset objects reloaded before import = 0
Number of asset objects unloaded after import = 1
========================================================================
Received Import Request.
  Time since last request: 0.813474 seconds.
  path: Assets/Resources/Anims/Heizo/Elemt/Ani_Avatar_Boy_Catalyst_Heizo_ElementalArt_Cast_AS.anim
  artifactKey: Guid(e8b728e3349036d419a3339e377be0ed) Importer(815301076,1909f56bfc062723c751e8b465ee728b)
Start importing Assets/Resources/Anims/Heizo/Elemt/Ani_Avatar_Boy_Catalyst_Heizo_ElementalArt_Cast_AS.anim using Guid(e8b728e3349036d419a3339e377be0ed) Importer(815301076,1909f56bfc062723c751e8b465ee728b)  -> (artifact id: '03bd2f5c1e47ed2471831655f4d7a2ad') in 0.085877 seconds
Number of updated asset objects reloaded before import = 0
Number of asset objects unloaded after import = 1
========================================================================
Received Import Request.
  Time since last request: 1.329699 seconds.
  path: Assets/Resources/Anims/Heizo/Elemt/Ani_Avatar_Boy_Catalyst_Heizo_ElementalArt_Charge.anim
  artifactKey: Guid(fb6bf3f7fc9a4c145a7046151023501d) Importer(815301076,1909f56bfc062723c751e8b465ee728b)
Start importing Assets/Resources/Anims/Heizo/Elemt/Ani_Avatar_Boy_Catalyst_Heizo_ElementalArt_Charge.anim using Guid(fb6bf3f7fc9a4c145a7046151023501d) Importer(815301076,1909f56bfc062723c751e8b465ee728b)  -> (artifact id: 'de3908b5bc74cff985c254ddbb1afe86') in 0.062617 seconds
Number of updated asset objects reloaded before import = 0
Number of asset objects unloaded after import = 1
========================================================================
Received Import Request.
  Time since last request: 5.183347 seconds.
  path: Assets/Resources/Anims/Heizo/Elemt/Ani_Avatar_Boy_Catalyst_Heizo_ElementalArt_Charge_Max.anim
  artifactKey: Guid(c5a36e1187de4e445b14746f00e2ccd8) Importer(815301076,1909f56bfc062723c751e8b465ee728b)
Start importing Assets/Resources/Anims/Heizo/Elemt/Ani_Avatar_Boy_Catalyst_Heizo_ElementalArt_Charge_Max.anim using Guid(c5a36e1187de4e445b14746f00e2ccd8) Importer(815301076,1909f56bfc062723c751e8b465ee728b)  -> (artifact id: '7238aaf58b1961474e66237d14cc917d') in 0.016892 seconds
Number of updated asset objects reloaded before import = 0
Number of asset objects unloaded after import = 1
========================================================================
Received Import Request.
  Time since last request: 3.129792 seconds.
  path: Assets/Resources/Anims/Heizo/Elemt/Ani_Avatar_Boy_Catalyst_Heizo_ElementalBurst_Land.anim
  artifactKey: Guid(3126667bd8df3404ea11623a7f3517e9) Importer(815301076,1909f56bfc062723c751e8b465ee728b)
Start importing Assets/Resources/Anims/Heizo/Elemt/Ani_Avatar_Boy_Catalyst_Heizo_ElementalBurst_Land.anim using Guid(3126667bd8df3404ea11623a7f3517e9) Importer(815301076,1909f56bfc062723c751e8b465ee728b)  -> (artifact id: 'b507fd6c1ec66bc4ebf7c9a58dcebf09') in 0.093234 seconds
Number of updated asset objects reloaded before import = 0
Number of asset objects unloaded after import = 1
========================================================================
Received Import Request.
  Time since last request: 340.354815 seconds.
  path: Assets/Resources/Anims/Dehya/Ani_Avatar_Lady_Claymore_Dehya_ElementalBurst_AS.anim
  artifactKey: Guid(d4296eb9216e83d4b800153f44245d08) Importer(815301076,1909f56bfc062723c751e8b465ee728b)
Start importing Assets/Resources/Anims/Dehya/Ani_Avatar_Lady_Claymore_Dehya_ElementalBurst_AS.anim using Guid(d4296eb9216e83d4b800153f44245d08) Importer(815301076,1909f56bfc062723c751e8b465ee728b)  -> (artifact id: 'cddb922bab233d12d5ea70f5e84c292d') in 0.160995 seconds
Number of updated asset objects reloaded before import = 0
Number of asset objects unloaded after import = 1
========================================================================
Received Import Request.
  Time since last request: 75.705639 seconds.
  path: Assets/Resources/Anims/PlayerBoyAnimation/Ani_Avatar_Blocking_Hit_0.anim
  artifactKey: Guid(658ae190892367b47adde00dcac12ab1) Importer(815301076,1909f56bfc062723c751e8b465ee728b)
Start importing Assets/Resources/Anims/PlayerBoyAnimation/Ani_Avatar_Blocking_Hit_0.anim using Guid(658ae190892367b47adde00dcac12ab1) Importer(815301076,1909f56bfc062723c751e8b465ee728b)  -> (artifact id: 'a8a556c8785342f89c76dd9761ba16af') in 0.001792 seconds
Number of updated asset objects reloaded before import = 0
Number of asset objects unloaded after import = 1
========================================================================
Received Import Request.
  Time since last request: 1.567136 seconds.
  path: Assets/Resources/Anims/PlayerBoyAnimation/Ani_Avatar_Boy_DeathHitFall.anim
  artifactKey: Guid(3cbd907bf6468ed4fbf7909020c97283) Importer(815301076,1909f56bfc062723c751e8b465ee728b)
Start importing Assets/Resources/Anims/PlayerBoyAnimation/Ani_Avatar_Boy_DeathHitFall.anim using Guid(3cbd907bf6468ed4fbf7909020c97283) Importer(815301076,1909f56bfc062723c751e8b465ee728b)  -> (artifact id: '39004ad5cb2e9e33f9793e32e3b7da25') in 0.018037 seconds
Number of updated asset objects reloaded before import = 0
Number of asset objects unloaded after import = 1
========================================================================
Received Import Request.
  Time since last request: 48.721826 seconds.
  path: Assets/IgnoreResources/DoubleL/FBX_Animations/One Hand Base/Attack_A/OneHand_Base_Attack_A_1.fbx
  artifactKey: Guid(582f79a05bb86a34db56c59e7991d8e3) Importer(815301076,1909f56bfc062723c751e8b465ee728b)
Start importing Assets/IgnoreResources/DoubleL/FBX_Animations/One Hand Base/Attack_A/OneHand_Base_Attack_A_1.fbx using Guid(582f79a05bb86a34db56c59e7991d8e3) Importer(815301076,1909f56bfc062723c751e8b465ee728b)  -> (artifact id: 'db003dc4c5d1b9f8a0fc02f93a85188b') in 0.003542 seconds
Number of updated asset objects reloaded before import = 0
Number of asset objects unloaded after import = 144
========================================================================
Received Import Request.
  Time since last request: 10.176485 seconds.
  path: Assets/IgnoreResources/DoubleL/FBX_Animations/One Hand Base/Attack_A/OneHand_Base_Attack_A_2_InPlace.fbx
  artifactKey: Guid(333e3f3beef041c43ba2f478c2b3ab81) Importer(815301076,1909f56bfc062723c751e8b465ee728b)
Start importing Assets/IgnoreResources/DoubleL/FBX_Animations/One Hand Base/Attack_A/OneHand_Base_Attack_A_2_InPlace.fbx using Guid(333e3f3beef041c43ba2f478c2b3ab81) Importer(815301076,1909f56bfc062723c751e8b465ee728b)  -> (artifact id: 'd8d723258e7b2dacdc40cd034d8b3288') in 0.003343 seconds
Number of updated asset objects reloaded before import = 0
Number of asset objects unloaded after import = 144
========================================================================
Received Import Request.
  Time since last request: 11.647781 seconds.
  path: Assets/IgnoreResources/DoubleL/FBX_Animations/One Hand Base/Attack_A/OneHand_Base_Attack_A_1_InPlace.fbx
  artifactKey: Guid(ade9d210ac76c294687f94202418682c) Importer(815301076,1909f56bfc062723c751e8b465ee728b)
Start importing Assets/IgnoreResources/DoubleL/FBX_Animations/One Hand Base/Attack_A/OneHand_Base_Attack_A_1_InPlace.fbx using Guid(ade9d210ac76c294687f94202418682c) Importer(815301076,1909f56bfc062723c751e8b465ee728b)  -> (artifact id: 'fd796ae5df06ed08231c9de7c3cd7f8e') in 0.002704 seconds
Number of updated asset objects reloaded before import = 0
Number of asset objects unloaded after import = 144
========================================================================
Received Import Request.
  Time since last request: 3.494048 seconds.
  path: Assets/IgnoreResources/DoubleL/FBX_Animations/One Hand Base/Attack_A/OneHand_Base_Attack_A_3.fbx
  artifactKey: Guid(0926d52c0815eaf4ea052ed87f590e85) Importer(815301076,1909f56bfc062723c751e8b465ee728b)
Start importing Assets/IgnoreResources/DoubleL/FBX_Animations/One Hand Base/Attack_A/OneHand_Base_Attack_A_3.fbx using Guid(0926d52c0815eaf4ea052ed87f590e85) Importer(815301076,1909f56bfc062723c751e8b465ee728b)  -> (artifact id: '210939c396d9793a968136884bb169e4') in 0.002311 seconds
Number of updated asset objects reloaded before import = 0
Number of asset objects unloaded after import = 144
========================================================================
Received Import Request.
  Time since last request: 3.734465 seconds.
  path: Assets/IgnoreResources/DoubleL/FBX_Animations/One Hand Base/Attack_A/OneHand_Base_Attack_A_Combo_1.fbx
  artifactKey: Guid(6fc0a18efff12c447a1dc17e96ec9363) Importer(815301076,1909f56bfc062723c751e8b465ee728b)
Start importing Assets/IgnoreResources/DoubleL/FBX_Animations/One Hand Base/Attack_A/OneHand_Base_Attack_A_Combo_1.fbx using Guid(6fc0a18efff12c447a1dc17e96ec9363) Importer(815301076,1909f56bfc062723c751e8b465ee728b)  -> (artifact id: '61c03ad975ccf2a2adb4ec21c2513982') in 0.002834 seconds
Number of updated asset objects reloaded before import = 0
Number of asset objects unloaded after import = 144
========================================================================
Received Import Request.
  Time since last request: 12.847175 seconds.
  path: Assets/IgnoreResources/DoubleL/FBX_Animations/One Hand Base/Fatal/Hit/OneHand_Base_Fatal_Hit_1.fbx
  artifactKey: Guid(ed9a8c66c7bc45541b02d35cadbdfbcd) Importer(815301076,1909f56bfc062723c751e8b465ee728b)
Start importing Assets/IgnoreResources/DoubleL/FBX_Animations/One Hand Base/Fatal/Hit/OneHand_Base_Fatal_Hit_1.fbx using Guid(ed9a8c66c7bc45541b02d35cadbdfbcd) Importer(815301076,1909f56bfc062723c751e8b465ee728b)  -> (artifact id: '6b8e18c50188bd5c755936c3db3eaac7') in 0.002567 seconds
Number of updated asset objects reloaded before import = 0
Number of asset objects unloaded after import = 144
========================================================================
Received Import Request.
  Time since last request: 20.700097 seconds.
  path: Assets/IgnoreResources/DoubleL/FBX_Animations/Enemy Attack/Enemy_Attack_1.fbx
  artifactKey: Guid(1eb801d77413f674b9416badfda16069) Importer(815301076,1909f56bfc062723c751e8b465ee728b)
Start importing Assets/IgnoreResources/DoubleL/FBX_Animations/Enemy Attack/Enemy_Attack_1.fbx using Guid(1eb801d77413f674b9416badfda16069) Importer(815301076,1909f56bfc062723c751e8b465ee728b)  -> (artifact id: '389ccb15c1e9602bb5ab1f0a706bde07') in 0.002996 seconds
Number of updated asset objects reloaded before import = 0
Number of asset objects unloaded after import = 144
========================================================================
Received Import Request.
  Time since last request: 15.291629 seconds.
  path: Assets/IgnoreResources/DoubleL/FBX_Animations/Actions/Obj Action/Obj_Kick.fbx
  artifactKey: Guid(757f4a2371ab1a848b88bfd170322f7a) Importer(815301076,1909f56bfc062723c751e8b465ee728b)
Start importing Assets/IgnoreResources/DoubleL/FBX_Animations/Actions/Obj Action/Obj_Kick.fbx using Guid(757f4a2371ab1a848b88bfd170322f7a) Importer(815301076,1909f56bfc062723c751e8b465ee728b)  -> (artifact id: '9dd997a878d377f374751b6c0b1e5a45') in 0.003333 seconds
Number of updated asset objects reloaded before import = 0
Number of asset objects unloaded after import = 144
========================================================================
Received Import Request.
  Time since last request: 961.883125 seconds.
  path: Assets/CSharp/ScriptableObjects/AnimationAttackFrameAsset/Created/Wrio 1
  artifactKey: Guid(8468add2dc73eb3419e5ff60cffe3a9d) Importer(815301076,1909f56bfc062723c751e8b465ee728b)
Start importing Assets/CSharp/ScriptableObjects/AnimationAttackFrameAsset/Created/Wrio 1 using Guid(8468add2dc73eb3419e5ff60cffe3a9d) Importer(815301076,1909f56bfc062723c751e8b465ee728b)  -> (artifact id: 'c5f3cd53d3a705a80629f59bf48e4a76') in 0.000718 seconds
Number of updated asset objects reloaded before import = 0
Number of asset objects unloaded after import = 0
========================================================================
Received Import Request.
  Time since last request: 2.495418 seconds.
  path: Assets/CSharp/ScriptableObjects/AnimationAttackFrameAsset/Created/Heizo
  artifactKey: Guid(8468add2dc73eb3419e5ff60cffe3a9d) Importer(815301076,1909f56bfc062723c751e8b465ee728b)
Start importing Assets/CSharp/ScriptableObjects/AnimationAttackFrameAsset/Created/Heizo using Guid(8468add2dc73eb3419e5ff60cffe3a9d) Importer(815301076,1909f56bfc062723c751e8b465ee728b)  -> (artifact id: 'e0e79ee6509f49606d3782ba5a3daed7') in 0.000664 seconds
Number of updated asset objects reloaded before import = 0
Number of asset objects unloaded after import = 0
========================================================================
Received Import Request.
  Time since last request: 1.394743 seconds.
  path: Assets/CSharp/ScriptableObjects/AnimationAttackFrameAsset/Created/Heizo/Wrio_NormalAttack1.asset
  artifactKey: Guid(2955aa4cd34c32047a6a826f174723ec) Importer(815301076,1909f56bfc062723c751e8b465ee728b)
Start importing Assets/CSharp/ScriptableObjects/AnimationAttackFrameAsset/Created/Heizo/Wrio_NormalAttack1.asset using Guid(2955aa4cd34c32047a6a826f174723ec) Importer(815301076,1909f56bfc062723c751e8b465ee728b)  -> (artifact id: '20ba2007f00bf600c43be02358b6ff5e') in 0.644576 seconds
Number of updated asset objects reloaded before import = 0
Number of asset objects unloaded after import = 2
========================================================================
Received Import Request.
  Time since last request: 0.000134 seconds.
  path: Assets/CSharp/ScriptableObjects/AnimationAttackFrameAsset/Created/Heizo/Wrio_NormalAttack4.asset
  artifactKey: Guid(800a235e7e356154ba8a485f5d30df21) Importer(815301076,1909f56bfc062723c751e8b465ee728b)
Start importing Assets/CSharp/ScriptableObjects/AnimationAttackFrameAsset/Created/Heizo/Wrio_NormalAttack4.asset using Guid(800a235e7e356154ba8a485f5d30df21) Importer(815301076,1909f56bfc062723c751e8b465ee728b)  -> (artifact id: 'f408d4f9b9fdd7cceb185ea4f1b82d70') in 0.446200 seconds
Number of updated asset objects reloaded before import = 0
Number of asset objects unloaded after import = 2
========================================================================
Received Import Request.
  Time since last request: 0.000040 seconds.
  path: Assets/CSharp/ScriptableObjects/AnimationAttackFrameAsset/Created/Heizo/Wrio_NormalAttack3.asset
  artifactKey: Guid(0e4bc2aac63bd6b4bb3384e5c06342d5) Importer(815301076,1909f56bfc062723c751e8b465ee728b)
Start importing Assets/CSharp/ScriptableObjects/AnimationAttackFrameAsset/Created/Heizo/Wrio_NormalAttack3.asset using Guid(0e4bc2aac63bd6b4bb3384e5c06342d5) Importer(815301076,1909f56bfc062723c751e8b465ee728b)  -> (artifact id: '40e5ea52bc30fffbeeb3b69660307976') in 0.564945 seconds
Number of updated asset objects reloaded before import = 0
Number of asset objects unloaded after import = 2
========================================================================
Received Import Request.
  Time since last request: 4.746088 seconds.
  path: Assets/CSharp/ScriptableObjects/AnimationAttackFrameAsset/Created/Heizo/Heizo_NormalAttack1.asset
  artifactKey: Guid(2955aa4cd34c32047a6a826f174723ec) Importer(815301076,1909f56bfc062723c751e8b465ee728b)
Start importing Assets/CSharp/ScriptableObjects/AnimationAttackFrameAsset/Created/Heizo/Heizo_NormalAttack1.asset using Guid(2955aa4cd34c32047a6a826f174723ec) Importer(815301076,1909f56bfc062723c751e8b465ee728b)  -> (artifact id: '12f2f0657bf8362774e5c55e1748a2cf') in 0.527595 seconds
Number of updated asset objects reloaded before import = 0
Number of asset objects unloaded after import = 2
========================================================================
Received Import Request.
  Time since last request: 1.914866 seconds.
  path: Assets/CSharp/ScriptableObjects/AnimationAttackFrameAsset/Created/Heizo/Heizo_NormalAttack2.asset
  artifactKey: Guid(890e96763d6e745468989db6876e96cf) Importer(815301076,1909f56bfc062723c751e8b465ee728b)
Start importing Assets/CSharp/ScriptableObjects/AnimationAttackFrameAsset/Created/Heizo/Heizo_NormalAttack2.asset using Guid(890e96763d6e745468989db6876e96cf) Importer(815301076,1909f56bfc062723c751e8b465ee728b)  -> (artifact id: 'd9ec7014d03f8ee648abd4d4e34742bb') in 0.428548 seconds
Number of updated asset objects reloaded before import = 0
Number of asset objects unloaded after import = 2
========================================================================
Received Import Request.
  Time since last request: 2.426668 seconds.
  path: Assets/CSharp/ScriptableObjects/AnimationAttackFrameAsset/Created/Heizo/Heizo_NormalAttack3.asset
  artifactKey: Guid(0e4bc2aac63bd6b4bb3384e5c06342d5) Importer(815301076,1909f56bfc062723c751e8b465ee728b)
Start importing Assets/CSharp/ScriptableObjects/AnimationAttackFrameAsset/Created/Heizo/Heizo_NormalAttack3.asset using Guid(0e4bc2aac63bd6b4bb3384e5c06342d5) Importer(815301076,1909f56bfc062723c751e8b465ee728b)  -> (artifact id: '09af5f817e01ec466928a02e6ff5f137') in 0.403980 seconds
Number of updated asset objects reloaded before import = 0
Number of asset objects unloaded after import = 2
========================================================================
Received Import Request.
  Time since last request: 2.620283 seconds.
  path: Assets/CSharp/ScriptableObjects/AnimationAttackFrameAsset/Created/Heizo/Heizo_NormalAttack4.asset
  artifactKey: Guid(800a235e7e356154ba8a485f5d30df21) Importer(815301076,1909f56bfc062723c751e8b465ee728b)
Start importing Assets/CSharp/ScriptableObjects/AnimationAttackFrameAsset/Created/Heizo/Heizo_NormalAttack4.asset using Guid(800a235e7e356154ba8a485f5d30df21) Importer(815301076,1909f56bfc062723c751e8b465ee728b)  -> (artifact id: '0a68a9450d1f55824e4ebd85afd2d9d6') in 0.265005 seconds
Number of updated asset objects reloaded before import = 0
Number of asset objects unloaded after import = 2
========================================================================
Received Import Request.
  Time since last request: 3.030344 seconds.
  path: Assets/CSharp/ScriptableObjects/AnimationAttackFrameAsset/Created/Heizo/Heizo_NormalAttack5.asset
  artifactKey: Guid(7392396b5482abd46a56c072edd082af) Importer(815301076,1909f56bfc062723c751e8b465ee728b)
Start importing Assets/CSharp/ScriptableObjects/AnimationAttackFrameAsset/Created/Heizo/Heizo_NormalAttack5.asset using Guid(7392396b5482abd46a56c072edd082af) Importer(815301076,1909f56bfc062723c751e8b465ee728b)  -> (artifact id: 'd8ebae360cf9585db2d47bfacb8521c1') in 0.305481 seconds
Number of updated asset objects reloaded before import = 0
Number of asset objects unloaded after import = 2
========================================================================
Received Import Request.
  Time since last request: 80.892676 seconds.
  path: Assets/CSharp/ScriptableObjects/AnimationAttackFrameAsset/Created/Heizo/Heizo_NormalAttack1.asset
  artifactKey: Guid(2955aa4cd34c32047a6a826f174723ec) Importer(815301076,1909f56bfc062723c751e8b465ee728b)
Start importing Assets/CSharp/ScriptableObjects/AnimationAttackFrameAsset/Created/Heizo/Heizo_NormalAttack1.asset using Guid(2955aa4cd34c32047a6a826f174723ec) Importer(815301076,1909f56bfc062723c751e8b465ee728b)  -> (artifact id: '07f92d46ee82a31fcda68595185fb782') in 0.493277 seconds
Number of updated asset objects reloaded before import = 0
Number of asset objects unloaded after import = 2
========================================================================
Received Import Request.
  Time since last request: 0.000023 seconds.
  path: Assets/CSharp/ScriptableObjects/AnimationAttackFrameAsset/Created/Heizo/Heizo_NormalAttack5.asset
  artifactKey: Guid(7392396b5482abd46a56c072edd082af) Importer(815301076,1909f56bfc062723c751e8b465ee728b)
Start importing Assets/CSharp/ScriptableObjects/AnimationAttackFrameAsset/Created/Heizo/Heizo_NormalAttack5.asset using Guid(7392396b5482abd46a56c072edd082af) Importer(815301076,1909f56bfc062723c751e8b465ee728b)  -> (artifact id: '317c614117b310f520b588c19a6330d4') in 0.480753 seconds
Number of updated asset objects reloaded before import = 0
Number of asset objects unloaded after import = 2
Editor requested this worker to shutdown with reason: Scaling down because of idle timeout
TcpMessagingSession - receive error: operation aborted. errorcode: 995, details:        I/O  .
AssetImportWorker is now disconnected from the server
Process exiting
Exiting without the bug reporter. Application will terminate with return code 0