Using pre-set license
Built from '2022.3/staging' branch; Version is '2022.3.4f1 (35713cd46cd7) revision 3502396'; Using compiler version '192829333'; Build Type 'Release'
OS: 'Windows 10  (10.0.19045) 64bit Professional' Language: 'ko' Physical Memory: 32469 MB
BatchMode: 1, IsHumanControllingUs: 0, StartBugReporterOnCrash: 0, Is64bit: 1, IsPro: 1

COMMAND LINE ARGUMENTS:
C:\Program Files\Unity\Hub\Editor\2022.3.4f1\Editor\Unity.exe
-adb2
-batchMode
-noUpm
-name
AssetImportWorker13
-projectPath
C:/Users/rhsj/Desktop/Unity/ProjectNW
-logFile
Logs/AssetImportWorker13.log
-srvPort
51623
Successfully changed project path to: C:/Users/rhsj/Desktop/Unity/ProjectNW
C:/Users/rhsj/Desktop/Unity/ProjectNW
[UnityMemory] Configuration Parameters - Can be set up in boot.config
    "memorysetup-bucket-allocator-granularity=16"
    "memorysetup-bucket-allocator-bucket-count=8"
    "memorysetup-bucket-allocator-block-size=33554432"
    "memorysetup-bucket-allocator-block-count=8"
    "memorysetup-main-allocator-block-size=16777216"
    "memorysetup-thread-allocator-block-size=16777216"
    "memorysetup-gfx-main-allocator-block-size=16777216"
    "memorysetup-gfx-thread-allocator-block-size=16777216"
    "memorysetup-cache-allocator-block-size=4194304"
    "memorysetup-typetree-allocator-block-size=2097152"
    "memorysetup-profiler-bucket-allocator-granularity=16"
    "memorysetup-profiler-bucket-allocator-bucket-count=8"
    "memorysetup-profiler-bucket-allocator-block-size=33554432"
    "memorysetup-profiler-bucket-allocator-block-count=8"
    "memorysetup-profiler-allocator-block-size=16777216"
    "memorysetup-profiler-editor-allocator-block-size=1048576"
    "memorysetup-temp-allocator-size-main=16777216"
    "memorysetup-job-temp-allocator-block-size=2097152"
    "memorysetup-job-temp-allocator-block-size-background=1048576"
    "memorysetup-job-temp-allocator-reduction-small-platforms=262144"
    "memorysetup-allocator-temp-initial-block-size-main=262144"
    "memorysetup-allocator-temp-initial-block-size-worker=262144"
    "memorysetup-temp-allocator-size-background-worker=32768"
    "memorysetup-temp-allocator-size-job-worker=262144"
    "memorysetup-temp-allocator-size-preload-manager=33554432"
    "memorysetup-temp-allocator-size-nav-mesh-worker=65536"
    "memorysetup-temp-allocator-size-audio-worker=65536"
    "memorysetup-temp-allocator-size-cloud-worker=32768"
    "memorysetup-temp-allocator-size-gi-baking-worker=262144"
    "memorysetup-temp-allocator-size-gfx=262144"
Player connection [18316] Host "[IP] 192.168.200.183 [Port] 0 [Flags] 2 [Guid] 3689348518 [EditorId] 3689348518 [Version] 1048832 [Id] WindowsEditor(7,DESKTOP-SUV84E9) [Debug] 1 [PackageName] WindowsEditor [ProjectName] Editor" joined multi-casting on [225.0.0.222:54997]...

Player connection [18316] Host "[IP] 192.168.200.183 [Port] 0 [Flags] 2 [Guid] 3689348518 [EditorId] 3689348518 [Version] 1048832 [Id] WindowsEditor(7,DESKTOP-SUV84E9) [Debug] 1 [PackageName] WindowsEditor [ProjectName] Editor" joined alternative multi-casting on [225.0.0.222:34997]...

Refreshing native plugins compatible for Editor in 27.54 ms, found 3 plugins.
Preloading 0 native plugins for Editor in 0.00 ms.
Initialize engine version: 2022.3.4f1 (35713cd46cd7)
[Subsystems] Discovering subsystems at path C:/Program Files/Unity/Hub/Editor/2022.3.4f1/Editor/Data/Resources/UnitySubsystems
[Subsystems] Discovering subsystems at path C:/Users/rhsj/Desktop/Unity/ProjectNW/Assets
GfxDevice: creating device client; threaded=0; jobified=0
Direct3D:
    Version:  Direct3D 11.0 [level 11.1]
    Renderer: NVIDIA GeForce RTX 3070 Laptop GPU (ID=0x249d)
    Vendor:   NVIDIA
    VRAM:     8020 MB
    Driver:   31.0.15.5244
Initialize mono
Mono path[0] = 'C:/Program Files/Unity/Hub/Editor/2022.3.4f1/Editor/Data/Managed'
Mono path[1] = 'C:/Program Files/Unity/Hub/Editor/2022.3.4f1/Editor/Data/MonoBleedingEdge/lib/mono/unityjit-win32'
Mono config path = 'C:/Program Files/Unity/Hub/Editor/2022.3.4f1/Editor/Data/MonoBleedingEdge/etc'
Using monoOptions --debugger-agent=transport=dt_socket,embedding=1,server=y,suspend=n,address=127.0.0.1:56028
Begin MonoManager ReloadAssembly
Registering precompiled unity dll's ...
Register platform support module: C:/Program Files/Unity/Hub/Editor/2022.3.4f1/Editor/Data/PlaybackEngines/WindowsStandaloneSupport/UnityEditor.WindowsStandalone.Extensions.dll
Registered in 0.018150 seconds.
- Loaded All Assemblies, in  0.643 seconds
Native extension for WindowsStandalone target not found
Mono: successfully reloaded assembly
- Finished resetting the current domain, in  0.476 seconds
Domain Reload Profiling: 1115ms
	BeginReloadAssembly (158ms)
		ExecutionOrderSort (0ms)
		DisableScriptedObjects (0ms)
		BackupInstance (0ms)
		ReleaseScriptingObjects (0ms)
		CreateAndSetChildDomain (1ms)
	RebuildCommonClasses (65ms)
	RebuildNativeTypeToScriptingClass (21ms)
	initialDomainReloadingComplete (132ms)
	LoadAllAssembliesAndSetupDomain (262ms)
		LoadAssemblies (154ms)
		RebuildTransferFunctionScriptingTraits (0ms)
		AnalyzeDomain (247ms)
			TypeCache.Refresh (245ms)
				TypeCache.ScanAssembly (225ms)
			ScanForSourceGeneratedMonoScriptInfo (1ms)
			ResolveRequiredComponents (1ms)
	FinalizeReload (477ms)
		ReleaseScriptCaches (0ms)
		RebuildScriptCaches (0ms)
		SetupLoadedEditorAssemblies (367ms)
			LogAssemblyErrors (0ms)
			InitializePlatformSupportModulesInManaged (16ms)
			SetLoadedEditorAssemblies (16ms)
			RefreshPlugins (0ms)
			BeforeProcessingInitializeOnLoad (5ms)
			ProcessInitializeOnLoadAttributes (243ms)
			ProcessInitializeOnLoadMethodAttributes (87ms)
			AfterProcessingInitializeOnLoad (0ms)
			EditorAssembliesLoaded (0ms)
		ExecutionOrderSort2 (0ms)
		AwakeInstancesAfterBackupRestoration (0ms)
========================================================================
Worker process is ready to serve import requests
Begin MonoManager ReloadAssembly
- Loaded All Assemblies, in  1.595 seconds
Refreshing native plugins compatible for Editor in 6.17 ms, found 3 plugins.
Native extension for WindowsStandalone target not found
Error saving file Library/StateCache/LayerSettings/9e/9ecc5c3c162a7aba29bafa64c8b94b7c.json. Error: System.IO.IOException: Sharing violation on path C:\Users\rhsj\Desktop\Unity\ProjectNW\Library\StateCache\LayerSettings\9e\9ecc5c3c162a7aba29bafa64c8b94b7c.json
  at System.IO.FileStream..ctor (System.String path, System.IO.FileMode mode, System.IO.FileAccess access, System.IO.FileShare share, System.Int32 bufferSize, System.Boolean anonymous, System.IO.FileOptions options) [0x0019e] in <605bf8b31fcb444b85176da963870aa7>:0 
  at System.IO.FileStream..ctor (System.String path, System.IO.FileMode mode, System.IO.FileAccess access, System.IO.FileShare share, System.Int32 bufferSize, System.IO.FileOptions options) [0x00000] in <605bf8b31fcb444b85176da963870aa7>:0 
  at (wrapper remoting-invoke-with-check) System.IO.FileStream..ctor(string,System.IO.FileMode,System.IO.FileAccess,System.IO.FileShare,int,System.IO.FileOptions)
  at System.IO.StreamWriter..ctor (System.String path, System.Boolean append, System.Text.Encoding encoding, System.Int32 bufferSize) [0x00055] in <605bf8b31fcb444b85176da963870aa7>:0 
  at System.IO.StreamWriter..ctor (System.String path, System.Boolean append, System.Text.Encoding encoding) [0x00000] in <605bf8b31fcb444b85176da963870aa7>:0 
  at (wrapper remoting-invoke-with-check) System.IO.StreamWriter..ctor(string,bool,System.Text.Encoding)
  at System.IO.File.WriteAllText (System.String path, System.String contents, System.Text.Encoding encoding) [0x00034] in <605bf8b31fcb444b85176da963870aa7>:0 
  at UnityEditor.StateCache`1[T].SetState (UnityEngine.Hash128 key, T obj) [0x0004b] in <da771086bc2e4cfc9ad0a72e083a7f98>:0 
UnityEngine.StackTraceUtility:ExtractStackTrace ()
UnityEngine.DebugLogHandler:LogFormat (UnityEngine.LogType,UnityEngine.Object,string,object[])
UnityEngine.Logger:Log (UnityEngine.LogType,object)
UnityEngine.Debug:LogError (object)
UnityEditor.StateCache`1<UnityEditor.Tools/LayerSettings>:SetState (UnityEngine.Hash128,UnityEditor.Tools/LayerSettings)
UnityEditor.Tools:set_lockedLayers (int)
UnityEditor.Tools:OnEnable ()
UnityEngine.ScriptableObject:CreateInstance (System.Type)
UnityEngine.ScriptableObject:CreateInstance<UnityEditor.Tools> ()
UnityEditor.Tools:get_get ()
UnityEditor.Tools:get_visibleLayers ()
UnityEditor.Animations.Rigging.BoneRendererUtils:.cctor () (at ./Library/PackageCache/com.unity.animation.rigging@1.2.1/Editor/Utils/BoneRendererUtils.cs:121)
System.Runtime.CompilerServices.RuntimeHelpers:RunClassConstructor (System.RuntimeTypeHandle)
UnityEditor.EditorAssemblies:ProcessInitializeOnLoadAttributes (System.Type[])

(Filename: ./Library/PackageCache/com.unity.animation.rigging@1.2.1/Editor/Utils/BoneRendererUtils.cs Line: 121)

[MODES] ModeService[none].Initialize
[MODES] ModeService[none].LoadModes
[MODES] Loading mode Default (0) for mode-current-id-ProjectNW
Package Manager log level set to [2]
[Package Manager] Server::EnsureServerProcessIsRunning -- launch failed, reason: Unity was launched with the -noUpm command-line argument
[Package Manager] UpmClient::Send -- Unable to send message (not connected to UPM process).
[Package Manager] Cannot connect to Unity Package Manager local server
Mono: successfully reloaded assembly
- Finished resetting the current domain, in  1.891 seconds
Domain Reload Profiling: 3481ms
	BeginReloadAssembly (242ms)
		ExecutionOrderSort (0ms)
		DisableScriptedObjects (11ms)
		BackupInstance (0ms)
		ReleaseScriptingObjects (0ms)
		CreateAndSetChildDomain (38ms)
	RebuildCommonClasses (79ms)
	RebuildNativeTypeToScriptingClass (26ms)
	initialDomainReloadingComplete (74ms)
	LoadAllAssembliesAndSetupDomain (1168ms)
		LoadAssemblies (598ms)
		RebuildTransferFunctionScriptingTraits (0ms)
		AnalyzeDomain (677ms)
			TypeCache.Refresh (595ms)
				TypeCache.ScanAssembly (567ms)
			ScanForSourceGeneratedMonoScriptInfo (58ms)
			ResolveRequiredComponents (25ms)
	FinalizeReload (1892ms)
		ReleaseScriptCaches (0ms)
		RebuildScriptCaches (0ms)
		SetupLoadedEditorAssemblies (1542ms)
			LogAssemblyErrors (0ms)
			InitializePlatformSupportModulesInManaged (13ms)
			SetLoadedEditorAssemblies (10ms)
			RefreshPlugins (0ms)
			BeforeProcessingInitializeOnLoad (303ms)
			ProcessInitializeOnLoadAttributes (1085ms)
			ProcessInitializeOnLoadMethodAttributes (119ms)
			AfterProcessingInitializeOnLoad (13ms)
			EditorAssembliesLoaded (0ms)
		ExecutionOrderSort2 (0ms)
		AwakeInstancesAfterBackupRestoration (11ms)
Launched and connected shader compiler UnityShaderCompiler.exe after 0.34 seconds
Refreshing native plugins compatible for Editor in 13.43 ms, found 3 plugins.
Preloading 0 native plugins for Editor in 0.00 ms.
Unloading 5871 Unused Serialized files (Serialized files now loaded: 0)
Unloading 90 unused Assets / (424.2 KB). Loaded Objects now: 6341.
Memory consumption went from 223.5 MB to 223.1 MB.
Total: 24.428200 ms (FindLiveObjects: 5.612900 ms CreateObjectMapping: 9.114000 ms MarkObjects: 9.309600 ms  DeleteObjects: 0.388900 ms)

AssetImportParameters requested are different than current active one (requested -> active):
  custom:scripting/monoscript/fileName/GlowBehaviour.cs: ca861d3f49951074594e88435ffd8088 -> 
  custom:container-demuxer-ogg: 62fdf1f143b41e24485cea50d1cbac27 -> 
  custom:scripting/monoscript/fileName/SceneSwitchManager.cs: df50a3d24c80308d26bc2a745fb42676 -> 58e5eb0dea83ab8edb1f1f60a746cc8e
  custom:video-decoder-ogg-theora: a1e56fd34408186e4bbccfd4996cb3dc -> 
  custom:framework-win-MediaFoundation: 216162199b28c13a410421893ffa2e32 -> 
  custom:CustomObjectIndexerAttribute: a3ef5dd2817f97addfee359851a9dba5 -> 
  custom:container-demuxer-webm: 4f35f7cbe854078d1ac9338744f61a02 -> 
  custom:container-muxer-webm: aa71ff27fc2769a1b78a27578f13a17b -> 
  custom:video-decoder-webm-vp8: 9c59270c3fd7afecdb556c50c9e8de78 -> 
  custom:AudioImporter_EditorPlatform: d09bf68614088b80899f8185d706f6e7 -> 
  custom:scripting/monoscript/fileName/FlyCameraBehaviour.cs: 65bfad318fd0822acedc5d4d128a4cf1 -> 447eed16c19bf671b669789534e75370
  custom:video-encoder-webm-vp8: eb34c28f22e8b96e1ab97ce403110664 -> 
  custom:audio-decoder-ogg-vorbis: bf7c407c2cedff20999df2af8eb42d56 -> 
  custom:audio-encoder-webm-vorbis: bf7c407c2cedff20999df2af8eb42d56 -> 
  custom:scripting/monoscript/fileName/InterfaceManager.cs: c212f60bf200697ee7be245421e1e623 -> 21cfdf8fde856ed3df1d4355b35ce7d5
========================================================================
Received Import Request.
  Time since last request: 792190.556454 seconds.
  path: Assets/IgnoreResources/Military/Prefab/Environment.prefab
  artifactKey: Guid(13038b49a8cfa564aa1a9ef9df96de79) Importer(2089858483,0ecaa5967403d082aa24f35e1b516d23)
Start importing Assets/IgnoreResources/Military/Prefab/Environment.prefab using Guid(13038b49a8cfa564aa1a9ef9df96de79) Importer(2089858483,0ecaa5967403d082aa24f35e1b516d23) Generated GUIDs only implemented for interfaces!
 -> (artifact id: 'a2c2f8f73975e5a1d8a43f748f05fd5b') in 1.873119 seconds
Number of updated asset objects reloaded before import = 0
Number of asset objects unloaded after import = 278
========================================================================
Received Import Request.
  Time since last request: 0.092470 seconds.
  path: Assets/IgnoreResources/Military/Materials HDRP/HDRP_Cap1_Skin4.mat
  artifactKey: Guid(36697b70b15235042a5e89c98e83276f) Importer(2089858483,0ecaa5967403d082aa24f35e1b516d23)
Start importing Assets/IgnoreResources/Military/Materials HDRP/HDRP_Cap1_Skin4.mat using Guid(36697b70b15235042a5e89c98e83276f) Importer(2089858483,0ecaa5967403d082aa24f35e1b516d23) Generated GUIDs only implemented for interfaces!
 -> (artifact id: '7c264b8254fdd04d2ebc2c395c8e7114') in 0.035382 seconds
Number of updated asset objects reloaded before import = 0
Number of asset objects unloaded after import = 1
========================================================================
Received Import Request.
  Time since last request: 0.010832 seconds.
  path: Assets/IgnoreResources/Military/Texture/Top/T_Military_Caps1_Skin3_color.png
  artifactKey: Guid(818a2037f0d09c341a8f02e2c58533ae) Importer(2089858483,0ecaa5967403d082aa24f35e1b516d23)
Start importing Assets/IgnoreResources/Military/Texture/Top/T_Military_Caps1_Skin3_color.png using Guid(818a2037f0d09c341a8f02e2c58533ae) Importer(2089858483,0ecaa5967403d082aa24f35e1b516d23) Generated GUIDs only implemented for interfaces!
 -> (artifact id: '3f87919bdbc58bc37ce53951011d7f36') in 0.156759 seconds
Number of updated asset objects reloaded before import = 0
Number of asset objects unloaded after import = 1
========================================================================
Received Import Request.
  Time since last request: 0.000991 seconds.
  path: Assets/IgnoreResources/StarterAssets/ThirdPersonController/Scripts/ThirdPersonController.cs
  artifactKey: Guid(26e54e5a728a9234ab24fcf1460ed8a2) Importer(2089858483,0ecaa5967403d082aa24f35e1b516d23)
Start importing Assets/IgnoreResources/StarterAssets/ThirdPersonController/Scripts/ThirdPersonController.cs using Guid(26e54e5a728a9234ab24fcf1460ed8a2) Importer(2089858483,0ecaa5967403d082aa24f35e1b516d23) Generated GUIDs only implemented for interfaces!
 -> (artifact id: '4b965acec4a8d08d2bb22ea2bc6504b0') in 0.027518 seconds
Number of updated asset objects reloaded before import = 0
Number of asset objects unloaded after import = 1
========================================================================
Received Import Request.
  Time since last request: 0.000041 seconds.
  path: Assets/IgnoreResources/StarterAssets/Environment/Art/Models/Stairs_650_400_300_Mesh.fbx
  artifactKey: Guid(7e0223e1d3e1733499accfa5ebffb67e) Importer(2089858483,0ecaa5967403d082aa24f35e1b516d23)
Start importing Assets/IgnoreResources/StarterAssets/Environment/Art/Models/Stairs_650_400_300_Mesh.fbx using Guid(7e0223e1d3e1733499accfa5ebffb67e) Importer(2089858483,0ecaa5967403d082aa24f35e1b516d23) Generated GUIDs only implemented for interfaces!
 -> (artifact id: 'c86708bd6f55ddc528c59f27e019c044') in 0.139739 seconds
Number of updated asset objects reloaded before import = 0
Number of asset objects unloaded after import = 16
========================================================================
Received Import Request.
  Time since last request: 0.000025 seconds.
  path: Assets/IgnoreResources/Military/Prefab/URP/Environment_URP.prefab
  artifactKey: Guid(c1950778895ab564683b7f255fdaf06b) Importer(2089858483,0ecaa5967403d082aa24f35e1b516d23)
Start importing Assets/IgnoreResources/Military/Prefab/URP/Environment_URP.prefab using Guid(c1950778895ab564683b7f255fdaf06b) Importer(2089858483,0ecaa5967403d082aa24f35e1b516d23) Generated GUIDs only implemented for interfaces!
 -> (artifact id: 'a76c01ed8d8d1591b58714ef148f3125') in 0.023541 seconds
Number of updated asset objects reloaded before import = 0
Number of asset objects unloaded after import = 19
========================================================================
Received Import Request.
  Time since last request: 0.000039 seconds.
  path: Assets/IgnoreResources/Military/Materials HDRP/HDRP_Vest1_Skin1.mat
  artifactKey: Guid(51f173ca9dccfe049bd0657a354ddfe5) Importer(2089858483,0ecaa5967403d082aa24f35e1b516d23)
Start importing Assets/IgnoreResources/Military/Materials HDRP/HDRP_Vest1_Skin1.mat using Guid(51f173ca9dccfe049bd0657a354ddfe5) Importer(2089858483,0ecaa5967403d082aa24f35e1b516d23) Generated GUIDs only implemented for interfaces!
 -> (artifact id: 'c86802e8033feac8881f2db053c77685') in 0.021049 seconds
Number of updated asset objects reloaded before import = 0
Number of asset objects unloaded after import = 1
========================================================================
Received Import Request.
  Time since last request: 0.000029 seconds.
  path: Assets/IgnoreResources/Aligned Games/Polygonal Modern Weapons Collection 1 Asset Package/Models/Attachments/Scope4/scope_4.prefab
  artifactKey: Guid(32ab638ccf9b52249a460559baa327c5) Importer(2089858483,3d70f49cd1c2eb9ae422958d1c652c6b)
Start importing Assets/IgnoreResources/Aligned Games/Polygonal Modern Weapons Collection 1 Asset Package/Models/Attachments/Scope4/scope_4.prefab using Guid(32ab638ccf9b52249a460559baa327c5) Importer(2089858483,3d70f49cd1c2eb9ae422958d1c652c6b) Generated GUIDs only implemented for interfaces!
 -> (artifact id: 'c45cc8f1d7c8e4c302f69fde01868764') in 0.023499 seconds
Number of updated asset objects reloaded before import = 0
Number of asset objects unloaded after import = 9
========================================================================
Received Import Request.
  Time since last request: 0.000027 seconds.
  path: Assets/IgnoreResources/Basic Motions/Textures
  artifactKey: Guid(814c701abdfcecd4d944ab1fa1eff14d) Importer(2089858483,0ecaa5967403d082aa24f35e1b516d23)
Start importing Assets/IgnoreResources/Basic Motions/Textures using Guid(814c701abdfcecd4d944ab1fa1eff14d) Importer(2089858483,0ecaa5967403d082aa24f35e1b516d23) Generated GUIDs only implemented for interfaces!
 -> (artifact id: '36feb39dcd72aae14fd3d58844aed308') in 0.014729 seconds
Number of updated asset objects reloaded before import = 0
Number of asset objects unloaded after import = 1
========================================================================
Received Import Request.
  Time since last request: 0.000111 seconds.
  path: Assets/IgnoreResources/Aligned Games/Polygonal Modern Weapons Collection 1 Asset Package/Models/Guns/MachineGuns/MachineGun1/machine_gun_1.prefab
  artifactKey: Guid(c0bf9d1fd848d554abda1ef59eb498bc) Importer(2089858483,3d70f49cd1c2eb9ae422958d1c652c6b)
Start importing Assets/IgnoreResources/Aligned Games/Polygonal Modern Weapons Collection 1 Asset Package/Models/Guns/MachineGuns/MachineGun1/machine_gun_1.prefab using Guid(c0bf9d1fd848d554abda1ef59eb498bc) Importer(2089858483,3d70f49cd1c2eb9ae422958d1c652c6b) Generated GUIDs only implemented for interfaces!
 -> (artifact id: 'c9096269f43e929418a2a79cf05b575c') in 0.017751 seconds
Number of updated asset objects reloaded before import = 0
Number of asset objects unloaded after import = 8
========================================================================
Received Import Request.
  Time since last request: 0.000021 seconds.
  path: Assets/IgnoreResources/Mesh/Weapons/Materials/Gray5.mat
  artifactKey: Guid(6f06e318c92984042a9074c734738fb7) Importer(2089858483,0ecaa5967403d082aa24f35e1b516d23)
Start importing Assets/IgnoreResources/Mesh/Weapons/Materials/Gray5.mat using Guid(6f06e318c92984042a9074c734738fb7) Importer(2089858483,0ecaa5967403d082aa24f35e1b516d23) Generated GUIDs only implemented for interfaces!
 -> (artifact id: 'c07efd839855559fd2dca79217aed817') in 0.020759 seconds
Number of updated asset objects reloaded before import = 0
Number of asset objects unloaded after import = 1
========================================================================
Received Import Request.
  Time since last request: 0.000024 seconds.
  path: Assets/CSharp/Scripts/CharacterMoveScript.cs
  artifactKey: Guid(74a6e647643f6d241bc5f3f63e84c606) Importer(2089858483,0ecaa5967403d082aa24f35e1b516d23)
Start importing Assets/CSharp/Scripts/CharacterMoveScript.cs using Guid(74a6e647643f6d241bc5f3f63e84c606) Importer(2089858483,0ecaa5967403d082aa24f35e1b516d23) Generated GUIDs only implemented for interfaces!
 -> (artifact id: '332a80673b310b116d929e3c01689f05') in 0.015758 seconds
Number of updated asset objects reloaded before import = 0
Number of asset objects unloaded after import = 1
========================================================================
Received Import Request.
  Time since last request: 0.000022 seconds.
  path: Assets/Resources/Anims/Zombie/ZombieBite.anim
  artifactKey: Guid(a821e5a343e164f429be73c61301ec89) Importer(2089858483,0ecaa5967403d082aa24f35e1b516d23)
Start importing Assets/Resources/Anims/Zombie/ZombieBite.anim using Guid(a821e5a343e164f429be73c61301ec89) Importer(2089858483,0ecaa5967403d082aa24f35e1b516d23) Generated GUIDs only implemented for interfaces!
 -> (artifact id: '2fe0138a99f817896e572092c02b4eb3') in 0.154573 seconds
Number of updated asset objects reloaded before import = 0
Number of asset objects unloaded after import = 1
========================================================================
Received Import Request.
  Time since last request: 0.321439 seconds.
  path: Assets/IgnoreResources/Military/Materials/Cap1_Skin2.mat
  artifactKey: Guid(177b89c6830906448881f566d8143446) Importer(2089858483,0ecaa5967403d082aa24f35e1b516d23)
Start importing Assets/IgnoreResources/Military/Materials/Cap1_Skin2.mat using Guid(177b89c6830906448881f566d8143446) Importer(2089858483,0ecaa5967403d082aa24f35e1b516d23) Generated GUIDs only implemented for interfaces!
 -> (artifact id: '7b1b3e4ad42c133f83fc69046181f8e2') in 0.128527 seconds
Number of updated asset objects reloaded before import = 0
Number of asset objects unloaded after import = 6
========================================================================
Received Import Request.
  Time since last request: 0.000023 seconds.
  path: Assets/IgnoreResources/Military/Texture/Equip/T_Military_Gloves1_color_skin1.png
  artifactKey: Guid(3e45fffb71f825445863ecd6ef0932e0) Importer(2089858483,0ecaa5967403d082aa24f35e1b516d23)
Start importing Assets/IgnoreResources/Military/Texture/Equip/T_Military_Gloves1_color_skin1.png using Guid(3e45fffb71f825445863ecd6ef0932e0) Importer(2089858483,0ecaa5967403d082aa24f35e1b516d23) Generated GUIDs only implemented for interfaces!
 -> (artifact id: '7a2460ca69c8e4d0c5f0d08ffccc4178') in 0.050766 seconds
Number of updated asset objects reloaded before import = 0
Number of asset objects unloaded after import = 1
========================================================================
Received Import Request.
  Time since last request: 0.001967 seconds.
  path: Assets/IgnoreResources/StarterAssets/Readme.asset
  artifactKey: Guid(4181bfe715a83e843b7538d750dc57cc) Importer(2089858483,0ecaa5967403d082aa24f35e1b516d23)
Start importing Assets/IgnoreResources/StarterAssets/Readme.asset using Guid(4181bfe715a83e843b7538d750dc57cc) Importer(2089858483,0ecaa5967403d082aa24f35e1b516d23) Generated GUIDs only implemented for interfaces!
 -> (artifact id: 'ed5952a3793144dac6f61dd49c9e1727') in 0.052845 seconds
Number of updated asset objects reloaded before import = 0
Number of asset objects unloaded after import = 2
========================================================================
Received Import Request.
  Time since last request: 0.000024 seconds.
  path: Assets/IgnoreResources/Military/Materials HDRP/HDRP_Boots3_Skin1.mat
  artifactKey: Guid(9e0546643c83d104a90ae7ca68392bff) Importer(2089858483,0ecaa5967403d082aa24f35e1b516d23)
Start importing Assets/IgnoreResources/Military/Materials HDRP/HDRP_Boots3_Skin1.mat using Guid(9e0546643c83d104a90ae7ca68392bff) Importer(2089858483,0ecaa5967403d082aa24f35e1b516d23) Generated GUIDs only implemented for interfaces!
 -> (artifact id: 'ec60a1bbaa15fb3c93245a3bc0fb84e8') in 0.023908 seconds
Number of updated asset objects reloaded before import = 0
Number of asset objects unloaded after import = 1
========================================================================
Received Import Request.
  Time since last request: 0.001051 seconds.
  path: Assets/IgnoreResources/Military/Materials HDRP/HDRP_Cap1_Skin3.mat
  artifactKey: Guid(52164bfa6fd9ab240bff627ce4c62452) Importer(2089858483,0ecaa5967403d082aa24f35e1b516d23)
Start importing Assets/IgnoreResources/Military/Materials HDRP/HDRP_Cap1_Skin3.mat using Guid(52164bfa6fd9ab240bff627ce4c62452) Importer(2089858483,0ecaa5967403d082aa24f35e1b516d23) Generated GUIDs only implemented for interfaces!
 -> (artifact id: '577dfc9d6c543a61a9212b8cbd164027') in 0.024845 seconds
Number of updated asset objects reloaded before import = 0
Number of asset objects unloaded after import = 1
========================================================================
Received Import Request.
  Time since last request: 0.000020 seconds.
  path: Assets/IgnoreResources/StarterAssets/Environment/Art/Models/Wall_Mesh.fbx
  artifactKey: Guid(ff02a0a00ab750f48b09459b1cafd1b8) Importer(2089858483,0ecaa5967403d082aa24f35e1b516d23)
Start importing Assets/IgnoreResources/StarterAssets/Environment/Art/Models/Wall_Mesh.fbx using Guid(ff02a0a00ab750f48b09459b1cafd1b8) Importer(2089858483,0ecaa5967403d082aa24f35e1b516d23) Generated GUIDs only implemented for interfaces!
 -> (artifact id: '409dd9627e406ef6d8e74779ffe14734') in 0.066008 seconds
Number of updated asset objects reloaded before import = 0
Number of asset objects unloaded after import = 8
========================================================================
Received Import Request.
  Time since last request: 0.000036 seconds.
  path: Assets/IgnoreResources/StarterAssets/Environment/Art/Textures/Grid_01_Normal.png
  artifactKey: Guid(c5c221ed57a3bf6488f8eba0db28a004) Importer(2089858483,0ecaa5967403d082aa24f35e1b516d23)
Start importing Assets/IgnoreResources/StarterAssets/Environment/Art/Textures/Grid_01_Normal.png using Guid(c5c221ed57a3bf6488f8eba0db28a004) Importer(2089858483,0ecaa5967403d082aa24f35e1b516d23) Generated GUIDs only implemented for interfaces!
 -> (artifact id: '0830e18fff00763ab658fe3e9fa7fa7f') in 0.055699 seconds
Number of updated asset objects reloaded before import = 0
Number of asset objects unloaded after import = 1
========================================================================
Received Import Request.
  Time since last request: 0.369050 seconds.
  path: Assets/CSharp/Scripts/BoneCombiner.cs
  artifactKey: Guid(a68b3c55d80aa614caefc768b1b0219b) Importer(2089858483,0ecaa5967403d082aa24f35e1b516d23)
Start importing Assets/CSharp/Scripts/BoneCombiner.cs using Guid(a68b3c55d80aa614caefc768b1b0219b) Importer(2089858483,0ecaa5967403d082aa24f35e1b516d23) Generated GUIDs only implemented for interfaces!
 -> (artifact id: 'f821af5dbe6b56210d6360c3c8dd3402') in 0.018353 seconds
Number of updated asset objects reloaded before import = 0
Number of asset objects unloaded after import = 1
========================================================================
Received Import Request.
  Time since last request: 0.000024 seconds.
  path: Assets/IgnoreResources/StarterAssets/ThirdPersonController/Character/Sfx/Player_Footstep_06.wav
  artifactKey: Guid(29841e7d5bbfb5b419c9ad16ca8bc4c1) Importer(2089858483,0ecaa5967403d082aa24f35e1b516d23)
Start importing Assets/IgnoreResources/StarterAssets/ThirdPersonController/Character/Sfx/Player_Footstep_06.wav using Guid(29841e7d5bbfb5b419c9ad16ca8bc4c1) Importer(2089858483,0ecaa5967403d082aa24f35e1b516d23) Generated GUIDs only implemented for interfaces!
 -> (artifact id: '0b2c9f5eb750763bb437355877d9a391') in 0.104039 seconds
Number of updated asset objects reloaded before import = 0
Number of asset objects unloaded after import = 1
========================================================================
Received Import Request.
  Time since last request: 0.000032 seconds.
  path: Assets/IgnoreResources/StarterAssets/Mobile/Scripts
  artifactKey: Guid(7b0e507958fc3a940b3afabb02fdb2cc) Importer(2089858483,0ecaa5967403d082aa24f35e1b516d23)
Start importing Assets/IgnoreResources/StarterAssets/Mobile/Scripts using Guid(7b0e507958fc3a940b3afabb02fdb2cc) Importer(2089858483,0ecaa5967403d082aa24f35e1b516d23) Generated GUIDs only implemented for interfaces!
 -> (artifact id: 'b07419b7bba65c84ac7c49e8130b620a') in 0.015736 seconds
Number of updated asset objects reloaded before import = 0
Number of asset objects unloaded after import = 1
========================================================================
Received Import Request.
  Time since last request: 0.000032 seconds.
  path: Assets/CSharp/Scripts/EquipmentBoard.cs
  artifactKey: Guid(3ca136bc6948a8948857a541072ae338) Importer(2089858483,0ecaa5967403d082aa24f35e1b516d23)
Start importing Assets/CSharp/Scripts/EquipmentBoard.cs using Guid(3ca136bc6948a8948857a541072ae338) Importer(2089858483,0ecaa5967403d082aa24f35e1b516d23) Generated GUIDs only implemented for interfaces!
 -> (artifact id: '8f6736c4d74055a86dfaefa04793ae77') in 0.019248 seconds
Number of updated asset objects reloaded before import = 0
Number of asset objects unloaded after import = 1
========================================================================
Received Import Request.
  Time since last request: 0.000025 seconds.
  path: Assets/IgnoreResources/StarterAssets/ThirdPersonController/Character/Textures/Armature_Arms_MetallicSmoothness.tif
  artifactKey: Guid(b41d630ccc344454bb1f27587f9acd70) Importer(2089858483,0ecaa5967403d082aa24f35e1b516d23)
Start importing Assets/IgnoreResources/StarterAssets/ThirdPersonController/Character/Textures/Armature_Arms_MetallicSmoothness.tif using Guid(b41d630ccc344454bb1f27587f9acd70) Importer(2089858483,0ecaa5967403d082aa24f35e1b516d23) Generated GUIDs only implemented for interfaces!
 -> (artifact id: 'b856e28658e5e10a76111e44bc9d9264') in 0.061705 seconds
Number of updated asset objects reloaded before import = 0
Number of asset objects unloaded after import = 1
========================================================================
Received Import Request.
  Time since last request: 0.000024 seconds.
  path: Assets/IgnoreResources/StarterAssets/ThirdPersonController/Character/Textures/Armature_Legs_MetallicSmoothness.tif
  artifactKey: Guid(1c98c94efa7792645972ecf95e6f86c2) Importer(2089858483,0ecaa5967403d082aa24f35e1b516d23)
Start importing Assets/IgnoreResources/StarterAssets/ThirdPersonController/Character/Textures/Armature_Legs_MetallicSmoothness.tif using Guid(1c98c94efa7792645972ecf95e6f86c2) Importer(2089858483,0ecaa5967403d082aa24f35e1b516d23) Generated GUIDs only implemented for interfaces!
 -> (artifact id: '2106325dbeeea28315680f0a80c407cc') in 0.058061 seconds
Number of updated asset objects reloaded before import = 0
Number of asset objects unloaded after import = 1
========================================================================
Received Import Request.
  Time since last request: 0.000024 seconds.
  path: Assets/Resources/ModelOriginal/Paladin J Nordstrom.fbx
  artifactKey: Guid(3904558c6786e264198eece67c789c9f) Importer(2089858483,0ecaa5967403d082aa24f35e1b516d23)
Start importing Assets/Resources/ModelOriginal/Paladin J Nordstrom.fbx using Guid(3904558c6786e264198eece67c789c9f) Importer(2089858483,0ecaa5967403d082aa24f35e1b516d23) Generated GUIDs only implemented for interfaces!
 -> (artifact id: 'a0a9e70dbe5bc63ec1a81e5ddb8bed66') in 0.079080 seconds
Number of updated asset objects reloaded before import = 0
Number of asset objects unloaded after import = 148
========================================================================
Received Import Request.
  Time since last request: 0.000060 seconds.
  path: Assets/IgnoreResources/StarterAssets/ThirdPersonController/Scenes/Playground.unity
  artifactKey: Guid(6ae9f1d0adc534b43a1d0b92a778703f) Importer(2089858483,0ecaa5967403d082aa24f35e1b516d23)
Start importing Assets/IgnoreResources/StarterAssets/ThirdPersonController/Scenes/Playground.unity using Guid(6ae9f1d0adc534b43a1d0b92a778703f) Importer(2089858483,0ecaa5967403d082aa24f35e1b516d23) Generated GUIDs only implemented for interfaces!
 -> (artifact id: '5ff9f7a5de064c07fca80d3746a37d21') in 0.016905 seconds
Number of updated asset objects reloaded before import = 0
Number of asset objects unloaded after import = 1
========================================================================
Received Import Request.
  Time since last request: 0.000043 seconds.
  path: Assets/IgnoreResources/StarterAssets/Mobile/UI/UI_Circle_Faded.png
  artifactKey: Guid(90ded0611e490aa4ba6961afbfc2280d) Importer(2089858483,0ecaa5967403d082aa24f35e1b516d23)
Start importing Assets/IgnoreResources/StarterAssets/Mobile/UI/UI_Circle_Faded.png using Guid(90ded0611e490aa4ba6961afbfc2280d) Importer(2089858483,0ecaa5967403d082aa24f35e1b516d23) Generated GUIDs only implemented for interfaces!
 -> (artifact id: 'bc2f3d0bb1f95d180ba3691645f4f8db') in 0.097789 seconds
Number of updated asset objects reloaded before import = 0
Number of asset objects unloaded after import = 3
========================================================================
Received Import Request.
  Time since last request: 0.000032 seconds.
  path: Assets/IgnoreResources/StarterAssets/Mobile/UI
  artifactKey: Guid(e7fdf9603bb47074a9b04a3eb60ffcd8) Importer(2089858483,0ecaa5967403d082aa24f35e1b516d23)
Start importing Assets/IgnoreResources/StarterAssets/Mobile/UI using Guid(e7fdf9603bb47074a9b04a3eb60ffcd8) Importer(2089858483,0ecaa5967403d082aa24f35e1b516d23) Generated GUIDs only implemented for interfaces!
 -> (artifact id: 'b6f8d8a77f0437d8e5a2dc5566c0dc66') in 0.017296 seconds
Number of updated asset objects reloaded before import = 0
Number of asset objects unloaded after import = 1
========================================================================
Received Import Request.
  Time since last request: 0.000298 seconds.
  path: Assets/IgnoreResources/StarterAssets/Environment/Prefabs/Environment_Prefab.prefab
  artifactKey: Guid(09aade0ecefd01e4b8f7661acf64f5c2) Importer(2089858483,0ecaa5967403d082aa24f35e1b516d23)
Start importing Assets/IgnoreResources/StarterAssets/Environment/Prefabs/Environment_Prefab.prefab using Guid(09aade0ecefd01e4b8f7661acf64f5c2) Importer(2089858483,0ecaa5967403d082aa24f35e1b516d23) Generated GUIDs only implemented for interfaces!
 -> (artifact id: '1b45704d3da34a2016bfa13e6095fe62') in 0.026730 seconds
Number of updated asset objects reloaded before import = 0
Number of asset objects unloaded after import = 303
========================================================================
Received Import Request.
  Time since last request: 0.109823 seconds.
  path: Assets/Resources/Textures/Materials/Ch35_1001_Normal.png
  artifactKey: Guid(eff54364f76f95d4c8b9397c43e30a5f) Importer(2089858483,0ecaa5967403d082aa24f35e1b516d23)
Start importing Assets/Resources/Textures/Materials/Ch35_1001_Normal.png using Guid(eff54364f76f95d4c8b9397c43e30a5f) Importer(2089858483,0ecaa5967403d082aa24f35e1b516d23) Generated GUIDs only implemented for interfaces!
 -> (artifact id: '35565c75f79caf1f5d20e116b2055f65') in 0.053601 seconds
Number of updated asset objects reloaded before import = 0
Number of asset objects unloaded after import = 1
========================================================================
Received Import Request.
  Time since last request: 0.000018 seconds.
  path: Assets/ExtractedAnimations/mixamo.com0.anim
  artifactKey: Guid(7643fe89eb9b9ef479786968ab2b0947) Importer(2089858483,0ecaa5967403d082aa24f35e1b516d23)
Start importing Assets/ExtractedAnimations/mixamo.com0.anim using Guid(7643fe89eb9b9ef479786968ab2b0947) Importer(2089858483,0ecaa5967403d082aa24f35e1b516d23) Generated GUIDs only implemented for interfaces!
 -> (artifact id: 'cc96e0b81371e0acac2678497f5c2f28') in 0.046573 seconds
Number of updated asset objects reloaded before import = 0
Number of asset objects unloaded after import = 1
========================================================================
Received Import Request.
  Time since last request: 0.000130 seconds.
  path: Assets/Editor/ColliderGeneratorCustomInspector.cs
  artifactKey: Guid(a4a2b3f99b330ba4fbe1a0f10a90187f) Importer(2089858483,0ecaa5967403d082aa24f35e1b516d23)
Start importing Assets/Editor/ColliderGeneratorCustomInspector.cs using Guid(a4a2b3f99b330ba4fbe1a0f10a90187f) Importer(2089858483,0ecaa5967403d082aa24f35e1b516d23) Generated GUIDs only implemented for interfaces!
 -> (artifact id: 'a67473b438b34347adc0b19c2b130201') in 0.020600 seconds
Number of updated asset objects reloaded before import = 0
Number of asset objects unloaded after import = 1
========================================================================
Received Import Request.
  Time since last request: 0.000025 seconds.
  path: Assets/IgnoreResources/Aligned Games/Polygonal Modern Weapons Collection 1 Asset Package/Models/Guns/MachineGuns/MachineGun5/machine_gun_5.fbx
  artifactKey: Guid(dc343590ef83cd845910a8928611296e) Importer(2089858483,0ecaa5967403d082aa24f35e1b516d23)
Start importing Assets/IgnoreResources/Aligned Games/Polygonal Modern Weapons Collection 1 Asset Package/Models/Guns/MachineGuns/MachineGun5/machine_gun_5.fbx using Guid(dc343590ef83cd845910a8928611296e) Importer(2089858483,0ecaa5967403d082aa24f35e1b516d23) Generated GUIDs only implemented for interfaces!
 -> (artifact id: 'c71b0ff5fae74be7591fefc2b5fdf64c') in 0.071413 seconds
Number of updated asset objects reloaded before import = 0
Number of asset objects unloaded after import = 7
========================================================================
Received Import Request.
  Time since last request: 0.000457 seconds.
  path: Assets/IgnoreResources/Aligned Games/Polygonal Modern Weapons Collection 1 Asset Package/Models/Attachments/Flashlight1/flashlight_1.fbx
  artifactKey: Guid(9f37d1bfa67bd8148bfdc95656a851b4) Importer(2089858483,0ecaa5967403d082aa24f35e1b516d23)
Start importing Assets/IgnoreResources/Aligned Games/Polygonal Modern Weapons Collection 1 Asset Package/Models/Attachments/Flashlight1/flashlight_1.fbx using Guid(9f37d1bfa67bd8148bfdc95656a851b4) Importer(2089858483,0ecaa5967403d082aa24f35e1b516d23) Generated GUIDs only implemented for interfaces!
 -> (artifact id: '70a8594bc6032966b1ebe1898e0d2fc9') in 0.052860 seconds
Number of updated asset objects reloaded before import = 0
Number of asset objects unloaded after import = 7
========================================================================
Received Import Request.
  Time since last request: 0.000051 seconds.
  path: Assets/ExtractedAnimations/mixamo.com11.anim
  artifactKey: Guid(1b4d093b7050a9747876dd4d697a55bb) Importer(2089858483,0ecaa5967403d082aa24f35e1b516d23)
Start importing Assets/ExtractedAnimations/mixamo.com11.anim using Guid(1b4d093b7050a9747876dd4d697a55bb) Importer(2089858483,0ecaa5967403d082aa24f35e1b516d23) Generated GUIDs only implemented for interfaces!
 -> (artifact id: '065ec6bb45750b370b42081cff0ce086') in 0.067441 seconds
Number of updated asset objects reloaded before import = 0
Number of asset objects unloaded after import = 1
========================================================================
Received Import Request.
  Time since last request: 0.000036 seconds.
  path: Assets/ExtractedAnimations/mixamo.com12.anim
  artifactKey: Guid(3d97610f3fe913a40be0e573edf7614f) Importer(2089858483,0ecaa5967403d082aa24f35e1b516d23)
Start importing Assets/ExtractedAnimations/mixamo.com12.anim using Guid(3d97610f3fe913a40be0e573edf7614f) Importer(2089858483,0ecaa5967403d082aa24f35e1b516d23) Generated GUIDs only implemented for interfaces!
 -> (artifact id: '5a567814486ea9467e0e06d915825984') in 0.065550 seconds
Number of updated asset objects reloaded before import = 0
Number of asset objects unloaded after import = 1
========================================================================
Received Import Request.
  Time since last request: 0.000045 seconds.
  path: Assets/ExtractedAnimations
  artifactKey: Guid(30b5f600d57f119458647fdc98ad6420) Importer(2089858483,0ecaa5967403d082aa24f35e1b516d23)
Start importing Assets/ExtractedAnimations using Guid(30b5f600d57f119458647fdc98ad6420) Importer(2089858483,0ecaa5967403d082aa24f35e1b516d23) Generated GUIDs only implemented for interfaces!
 -> (artifact id: '07bb339c721d491160f2473836ae007d') in 0.013259 seconds
Number of updated asset objects reloaded before import = 0
Number of asset objects unloaded after import = 1
========================================================================
Received Import Request.
  Time since last request: 0.000022 seconds.
  path: Assets/IgnoreResources/Aligned Games/Polygonal Modern Weapons Collection 1 Asset Package/Models/Guns/Rifles/Rifle3/rifle_3.prefab
  artifactKey: Guid(24aaccf5aff892e4f9a992f2dfd152eb) Importer(2089858483,0ecaa5967403d082aa24f35e1b516d23)
Start importing Assets/IgnoreResources/Aligned Games/Polygonal Modern Weapons Collection 1 Asset Package/Models/Guns/Rifles/Rifle3/rifle_3.prefab using Guid(24aaccf5aff892e4f9a992f2dfd152eb) Importer(2089858483,0ecaa5967403d082aa24f35e1b516d23) Generated GUIDs only implemented for interfaces!
 -> (artifact id: 'e80c4322788109269b7e72dbdf023e13') in 0.028195 seconds
Number of updated asset objects reloaded before import = 0
Number of asset objects unloaded after import = 7
========================================================================
Received Import Request.
  Time since last request: 0.000023 seconds.
  path: Assets/IgnoreResources/Aligned Games/Polygonal Modern Weapons Collection 1 Asset Package/Models/Melee/Hammers/Hammer1/hammer_1.fbx
  artifactKey: Guid(73cb002cf4539484a9560ea4e51352d0) Importer(2089858483,0ecaa5967403d082aa24f35e1b516d23)
Start importing Assets/IgnoreResources/Aligned Games/Polygonal Modern Weapons Collection 1 Asset Package/Models/Melee/Hammers/Hammer1/hammer_1.fbx using Guid(73cb002cf4539484a9560ea4e51352d0) Importer(2089858483,0ecaa5967403d082aa24f35e1b516d23) Generated GUIDs only implemented for interfaces!
 -> (artifact id: '3fdef33158aba9f1a62ec70d790ea391') in 0.049405 seconds
Number of updated asset objects reloaded before import = 0
Number of asset objects unloaded after import = 7
========================================================================
Received Import Request.
  Time since last request: 0.028014 seconds.
  path: Assets/IgnoreResources/Aligned Games/Polygonal Modern Weapons Collection 1 Asset Package/Models/Explosives/Explosive3/explosive_3.prefab
  artifactKey: Guid(f2c1a48a342718c4eb642a5595ac2167) Importer(2089858483,0ecaa5967403d082aa24f35e1b516d23)
Start importing Assets/IgnoreResources/Aligned Games/Polygonal Modern Weapons Collection 1 Asset Package/Models/Explosives/Explosive3/explosive_3.prefab using Guid(f2c1a48a342718c4eb642a5595ac2167) Importer(2089858483,0ecaa5967403d082aa24f35e1b516d23) Generated GUIDs only implemented for interfaces!
 -> (artifact id: '60b145d5ce60f70831f4b09042651d70') in 0.024425 seconds
Number of updated asset objects reloaded before import = 0
Number of asset objects unloaded after import = 7
========================================================================
Received Import Request.
  Time since last request: 0.000021 seconds.
  path: Assets/IgnoreResources/Aligned Games/Polygonal Modern Weapons Collection 1 Asset Package/Models/Guns/MachineGuns/MachineGun1
  artifactKey: Guid(e8cfd4ea656f0344086e4084b2605bf7) Importer(2089858483,0ecaa5967403d082aa24f35e1b516d23)
Start importing Assets/IgnoreResources/Aligned Games/Polygonal Modern Weapons Collection 1 Asset Package/Models/Guns/MachineGuns/MachineGun1 using Guid(e8cfd4ea656f0344086e4084b2605bf7) Importer(2089858483,0ecaa5967403d082aa24f35e1b516d23) Generated GUIDs only implemented for interfaces!
 -> (artifact id: '60edcbfd150064efb4430a1659230a5e') in 0.013618 seconds
Number of updated asset objects reloaded before import = 0
Number of asset objects unloaded after import = 1
========================================================================
Received Import Request.
  Time since last request: 0.000026 seconds.
  path: Assets/IgnoreResources/Low Poly ShotGun Weapon Pack 1/Models/Attachments/Optics/Optic_F.fbx
  artifactKey: Guid(b088f7d63f404ca4488102ea362cec81) Importer(2089858483,0ecaa5967403d082aa24f35e1b516d23)
Start importing Assets/IgnoreResources/Low Poly ShotGun Weapon Pack 1/Models/Attachments/Optics/Optic_F.fbx using Guid(b088f7d63f404ca4488102ea362cec81) Importer(2089858483,0ecaa5967403d082aa24f35e1b516d23) Generated GUIDs only implemented for interfaces!
 -> (artifact id: '466b57af6a09362d559a7eb75b9b4ce2') in 0.059690 seconds
Number of updated asset objects reloaded before import = 0
Number of asset objects unloaded after import = 7
========================================================================
Received Import Request.
  Time since last request: 0.000031 seconds.
  path: Assets/IgnoreResources/Low Poly ShotGun Weapon Pack 1/Texture
  artifactKey: Guid(5e56f80486d500643830e10c958d901c) Importer(2089858483,0ecaa5967403d082aa24f35e1b516d23)
Start importing Assets/IgnoreResources/Low Poly ShotGun Weapon Pack 1/Texture using Guid(5e56f80486d500643830e10c958d901c) Importer(2089858483,0ecaa5967403d082aa24f35e1b516d23) Generated GUIDs only implemented for interfaces!
 -> (artifact id: '1f79ff7d282847d4f7e3c9ec03f07cfd') in 0.016176 seconds
Number of updated asset objects reloaded before import = 0
Number of asset objects unloaded after import = 1
========================================================================
Received Import Request.
  Time since last request: 0.000025 seconds.
  path: Assets/IgnoreResources/Aligned Games/Polygonal Modern Weapons Collection 1 Asset Package/Models/Guns/MachineGuns/MachineGun7/machine_gun_7.prefab
  artifactKey: Guid(1f9dbd24bac74a849b2da03e20590731) Importer(2089858483,0ecaa5967403d082aa24f35e1b516d23)
Start importing Assets/IgnoreResources/Aligned Games/Polygonal Modern Weapons Collection 1 Asset Package/Models/Guns/MachineGuns/MachineGun7/machine_gun_7.prefab using Guid(1f9dbd24bac74a849b2da03e20590731) Importer(2089858483,0ecaa5967403d082aa24f35e1b516d23) Generated GUIDs only implemented for interfaces!
 -> (artifact id: 'c8b6d532be572c22a827cac07d8b9daf') in 0.028816 seconds
Number of updated asset objects reloaded before import = 0
Number of asset objects unloaded after import = 7
========================================================================
Received Import Request.
  Time since last request: 0.000179 seconds.
  path: Assets/IgnoreResources/Low Poly ShotGun Weapon Pack 1/Prefabs/Weapons/ShotGun_A.prefab
  artifactKey: Guid(b8c17493916497746a927a4ff3f93429) Importer(2089858483,0ecaa5967403d082aa24f35e1b516d23)
Start importing Assets/IgnoreResources/Low Poly ShotGun Weapon Pack 1/Prefabs/Weapons/ShotGun_A.prefab using Guid(b8c17493916497746a927a4ff3f93429) Importer(2089858483,0ecaa5967403d082aa24f35e1b516d23) Generated GUIDs only implemented for interfaces!
 -> (artifact id: '9b619cf5e46ca1f936e8c76d024bc39e') in 0.024537 seconds
Number of updated asset objects reloaded before import = 0
Number of asset objects unloaded after import = 49
========================================================================
Received Import Request.
  Time since last request: 0.000523 seconds.
  path: Assets/IgnoreResources/Low Poly ShotGun Weapon Pack 1/Models/Weapons/ShotGun_C.fbx
  artifactKey: Guid(4b5a0236e3180964c9218d8d99b57ba4) Importer(2089858483,0ecaa5967403d082aa24f35e1b516d23)
Start importing Assets/IgnoreResources/Low Poly ShotGun Weapon Pack 1/Models/Weapons/ShotGun_C.fbx using Guid(4b5a0236e3180964c9218d8d99b57ba4) Importer(2089858483,0ecaa5967403d082aa24f35e1b516d23) Generated GUIDs only implemented for interfaces!
 -> (artifact id: 'e968616f055315b615407b390d999782') in 0.101022 seconds
Number of updated asset objects reloaded before import = 0
Number of asset objects unloaded after import = 64
========================================================================
Received Import Request.
  Time since last request: 0.000046 seconds.
  path: Assets/IgnoreResources/Aligned Games/Polygonal Modern Weapons Collection 1 Asset Package/Models/Melee/Swords
  artifactKey: Guid(d295eeb15322e7241adb6d4e14033cb1) Importer(2089858483,0ecaa5967403d082aa24f35e1b516d23)
Start importing Assets/IgnoreResources/Aligned Games/Polygonal Modern Weapons Collection 1 Asset Package/Models/Melee/Swords using Guid(d295eeb15322e7241adb6d4e14033cb1) Importer(2089858483,0ecaa5967403d082aa24f35e1b516d23) Generated GUIDs only implemented for interfaces!
 -> (artifact id: 'f74ca08f184a3fa98dd9e0117b296d60') in 0.017735 seconds
Number of updated asset objects reloaded before import = 0
Number of asset objects unloaded after import = 1
========================================================================
Received Import Request.
  Time since last request: 0.000034 seconds.
  path: Assets/IgnoreResources/Aligned Games/Polygonal Modern Weapons Collection 1 Asset Package/Models/Attachments/Scope2
  artifactKey: Guid(8165f6f21b0c15044b4db977a17f9d36) Importer(2089858483,0ecaa5967403d082aa24f35e1b516d23)
Start importing Assets/IgnoreResources/Aligned Games/Polygonal Modern Weapons Collection 1 Asset Package/Models/Attachments/Scope2 using Guid(8165f6f21b0c15044b4db977a17f9d36) Importer(2089858483,0ecaa5967403d082aa24f35e1b516d23) Generated GUIDs only implemented for interfaces!
 -> (artifact id: '335c68a34cd1094a3bb4afc88c816c07') in 0.018247 seconds
Number of updated asset objects reloaded before import = 0
Number of asset objects unloaded after import = 1
========================================================================
Received Import Request.
  Time since last request: 0.000020 seconds.
  path: Assets/IgnoreResources/Aligned Games/Polygonal Modern Weapons Collection 2 Asset Package/Shaders
  artifactKey: Guid(13f798f02f5d8ce49a9feca61e20b3a9) Importer(2089858483,0ecaa5967403d082aa24f35e1b516d23)
Start importing Assets/IgnoreResources/Aligned Games/Polygonal Modern Weapons Collection 2 Asset Package/Shaders using Guid(13f798f02f5d8ce49a9feca61e20b3a9) Importer(2089858483,0ecaa5967403d082aa24f35e1b516d23) Generated GUIDs only implemented for interfaces!
 -> (artifact id: '3d35eafbbe5f8b28f602591ef8539f8b') in 0.016580 seconds
Number of updated asset objects reloaded before import = 0
Number of asset objects unloaded after import = 1
========================================================================
Received Import Request.
  Time since last request: 0.000081 seconds.
  path: Assets/IgnoreResources/Low Poly ShotGun Weapon Pack 1/Texture/Low Poly ShotGun Weapon.png
  artifactKey: Guid(67bf4d67b1c7fec4e99e909e7eee8f8d) Importer(2089858483,0ecaa5967403d082aa24f35e1b516d23)
Start importing Assets/IgnoreResources/Low Poly ShotGun Weapon Pack 1/Texture/Low Poly ShotGun Weapon.png using Guid(67bf4d67b1c7fec4e99e909e7eee8f8d) Importer(2089858483,0ecaa5967403d082aa24f35e1b516d23) Generated GUIDs only implemented for interfaces!
 -> (artifact id: '23f3b08fb94d42414d3cc2d699ac950e') in 0.061178 seconds
Number of updated asset objects reloaded before import = 0
Number of asset objects unloaded after import = 1
========================================================================
Received Import Request.
  Time since last request: 0.000021 seconds.
  path: Assets/IgnoreResources/Aligned Games/Polygonal Modern Weapons Collection 2 Asset Package/Scenes/DemonstrationDay/ReflectionProbe-7.exr
  artifactKey: Guid(eed12b9c0841b5c418a2309b75b89c48) Importer(2089858483,0ecaa5967403d082aa24f35e1b516d23)
Start importing Assets/IgnoreResources/Aligned Games/Polygonal Modern Weapons Collection 2 Asset Package/Scenes/DemonstrationDay/ReflectionProbe-7.exr using Guid(eed12b9c0841b5c418a2309b75b89c48) Importer(2089858483,0ecaa5967403d082aa24f35e1b516d23) Generated GUIDs only implemented for interfaces!
 -> (artifact id: '7c17ba49b6a1442cc7fdc3d1f8a23339') in 0.062267 seconds
Number of updated asset objects reloaded before import = 0
Number of asset objects unloaded after import = 1
========================================================================
Received Import Request.
  Time since last request: 0.000031 seconds.
  path: Assets/IgnoreResources/Aligned Games/Polygonal Modern Weapons Collection 2 Asset Package/Models/Rifle2/rifle_2.prefab
  artifactKey: Guid(242143892596f964a81cd0a4b4181ae1) Importer(2089858483,0ecaa5967403d082aa24f35e1b516d23)
Start importing Assets/IgnoreResources/Aligned Games/Polygonal Modern Weapons Collection 2 Asset Package/Models/Rifle2/rifle_2.prefab using Guid(242143892596f964a81cd0a4b4181ae1) Importer(2089858483,0ecaa5967403d082aa24f35e1b516d23) Generated GUIDs only implemented for interfaces!
 -> (artifact id: 'cdd382bb34e9423630034004f84a8912') in 0.022631 seconds
Number of updated asset objects reloaded before import = 0
Number of asset objects unloaded after import = 7
========================================================================
Received Import Request.
  Time since last request: 0.000036 seconds.
  path: Assets/IgnoreResources/Aligned Games/Polygonal Modern Weapons Collection 2 Asset Package/Models/Explosive3/explosive_3.fbx
  artifactKey: Guid(1c2d545ffdb09ab48b3e1e3b0f613946) Importer(2089858483,0ecaa5967403d082aa24f35e1b516d23)
Start importing Assets/IgnoreResources/Aligned Games/Polygonal Modern Weapons Collection 2 Asset Package/Models/Explosive3/explosive_3.fbx using Guid(1c2d545ffdb09ab48b3e1e3b0f613946) Importer(2089858483,0ecaa5967403d082aa24f35e1b516d23) Generated GUIDs only implemented for interfaces!
 -> (artifact id: '37fd5eed281756a90c19ede091c11c4c') in 0.044441 seconds
Number of updated asset objects reloaded before import = 0
Number of asset objects unloaded after import = 7
========================================================================
Received Import Request.
  Time since last request: 0.000023 seconds.
  path: Assets/IgnoreResources/Aligned Games/Polygonal Modern Weapons Collection 2 Asset Package/Models/MachineGun8/machine_gun_8.prefab
  artifactKey: Guid(12549b059375d154c875af890084015e) Importer(2089858483,0ecaa5967403d082aa24f35e1b516d23)
Start importing Assets/IgnoreResources/Aligned Games/Polygonal Modern Weapons Collection 2 Asset Package/Models/MachineGun8/machine_gun_8.prefab using Guid(12549b059375d154c875af890084015e) Importer(2089858483,0ecaa5967403d082aa24f35e1b516d23) Generated GUIDs only implemented for interfaces!
 -> (artifact id: '95b679fe262223f355c44d02451f038f') in 0.028355 seconds
Number of updated asset objects reloaded before import = 0
Number of asset objects unloaded after import = 7
========================================================================
Received Import Request.
  Time since last request: 0.000022 seconds.
  path: Assets/IgnoreResources/Aligned Games/Polygonal Modern Weapons Collection 2 Asset Package/Models/Explosive2/explosive_2.fbx
  artifactKey: Guid(bb6b59de983d6dd42b97a50cdd7fe673) Importer(2089858483,0ecaa5967403d082aa24f35e1b516d23)
Start importing Assets/IgnoreResources/Aligned Games/Polygonal Modern Weapons Collection 2 Asset Package/Models/Explosive2/explosive_2.fbx using Guid(bb6b59de983d6dd42b97a50cdd7fe673) Importer(2089858483,0ecaa5967403d082aa24f35e1b516d23) Generated GUIDs only implemented for interfaces!
 -> (artifact id: '792e43addda1cdd894bb10b9624327fe') in 0.051462 seconds
Number of updated asset objects reloaded before import = 0
Number of asset objects unloaded after import = 7
========================================================================
Received Import Request.
  Time since last request: 0.000024 seconds.
  path: Assets/IgnoreResources/Aligned Games/Polygonal Modern Weapons Collection 2 Asset Package/Models/Rifle1/rifle_1.prefab
  artifactKey: Guid(459c4001ee5abf844b0f116cd2940d88) Importer(2089858483,0ecaa5967403d082aa24f35e1b516d23)
Start importing Assets/IgnoreResources/Aligned Games/Polygonal Modern Weapons Collection 2 Asset Package/Models/Rifle1/rifle_1.prefab using Guid(459c4001ee5abf844b0f116cd2940d88) Importer(2089858483,0ecaa5967403d082aa24f35e1b516d23) Generated GUIDs only implemented for interfaces!
 -> (artifact id: 'd61429b74c0dc2fe790b9d757ad8af15') in 0.028411 seconds
Number of updated asset objects reloaded before import = 0
Number of asset objects unloaded after import = 8
========================================================================
Received Import Request.
  Time since last request: 0.000036 seconds.
  path: Assets/IgnoreResources/Low Poly ShotGun Weapon Pack 1/Models/Weapons/ShotGun_A.fbx
  artifactKey: Guid(d87ec85b3d74e9444a4c7f56c335c95e) Importer(2089858483,0ecaa5967403d082aa24f35e1b516d23)
Start importing Assets/IgnoreResources/Low Poly ShotGun Weapon Pack 1/Models/Weapons/ShotGun_A.fbx using Guid(d87ec85b3d74e9444a4c7f56c335c95e) Importer(2089858483,0ecaa5967403d082aa24f35e1b516d23) Generated GUIDs only implemented for interfaces!
 -> (artifact id: '1c07891608b3718d4d259c32903cee3d') in 0.081377 seconds
Number of updated asset objects reloaded before import = 0
Number of asset objects unloaded after import = 49
========================================================================
Received Import Request.
  Time since last request: 0.000035 seconds.
  path: Assets/IgnoreResources/Low Poly ShotGun Weapon Pack 1/Scene
  artifactKey: Guid(1fe339b68e2c09042a86e5032dfff0fd) Importer(2089858483,0ecaa5967403d082aa24f35e1b516d23)
Start importing Assets/IgnoreResources/Low Poly ShotGun Weapon Pack 1/Scene using Guid(1fe339b68e2c09042a86e5032dfff0fd) Importer(2089858483,0ecaa5967403d082aa24f35e1b516d23) Generated GUIDs only implemented for interfaces!
 -> (artifact id: 'c3c3b9df04e0a21a34e0bae978503d0f') in 0.013159 seconds
Number of updated asset objects reloaded before import = 0
Number of asset objects unloaded after import = 1
========================================================================
Received Import Request.
  Time since last request: 0.000021 seconds.
  path: Assets/IgnoreResources/Aligned Games/Polygonal Modern Weapons Collection 1 Asset Package/Models/Attachments/Silencer1/silencer_1.fbx
  artifactKey: Guid(0bbd12e58814f1d4996a156cf412a506) Importer(2089858483,0ecaa5967403d082aa24f35e1b516d23)
Start importing Assets/IgnoreResources/Aligned Games/Polygonal Modern Weapons Collection 1 Asset Package/Models/Attachments/Silencer1/silencer_1.fbx using Guid(0bbd12e58814f1d4996a156cf412a506) Importer(2089858483,0ecaa5967403d082aa24f35e1b516d23) Generated GUIDs only implemented for interfaces!
 -> (artifact id: '6e0d385c2eb565b86916c9a680be0b0b') in 0.056314 seconds
Number of updated asset objects reloaded before import = 0
Number of asset objects unloaded after import = 7
========================================================================
Received Import Request.
  Time since last request: 0.000027 seconds.
  path: Assets/IgnoreResources/Low Poly ShotGun Weapon Pack 1/Models/Attachments/UnderBarrels/ForwardGrip_C.fbx
  artifactKey: Guid(c83221ac09e5cf94fbf2aca59c18f55f) Importer(2089858483,0ecaa5967403d082aa24f35e1b516d23)
Start importing Assets/IgnoreResources/Low Poly ShotGun Weapon Pack 1/Models/Attachments/UnderBarrels/ForwardGrip_C.fbx using Guid(c83221ac09e5cf94fbf2aca59c18f55f) Importer(2089858483,0ecaa5967403d082aa24f35e1b516d23) Generated GUIDs only implemented for interfaces!
 -> (artifact id: '358f94b96dfc1ebacd2ef9a090b66956') in 0.046563 seconds
Number of updated asset objects reloaded before import = 0
Number of asset objects unloaded after import = 7
========================================================================
Received Import Request.
  Time since last request: 0.000021 seconds.
  path: Assets/IgnoreResources/nappin/Weapon Props Softpack/Materials/(Mat)GradientPink_Reflective.mat
  artifactKey: Guid(3a91ca0619448e3439f00da7d45cf80b) Importer(2089858483,0ecaa5967403d082aa24f35e1b516d23)
Start importing Assets/IgnoreResources/nappin/Weapon Props Softpack/Materials/(Mat)GradientPink_Reflective.mat using Guid(3a91ca0619448e3439f00da7d45cf80b) Importer(2089858483,0ecaa5967403d082aa24f35e1b516d23) Generated GUIDs only implemented for interfaces!
 -> (artifact id: '3e9a965679a2275f7fcb2d4916dabf6d') in 0.023605 seconds
Number of updated asset objects reloaded before import = 0
Number of asset objects unloaded after import = 2
========================================================================
Received Import Request.
  Time since last request: 0.000083 seconds.
  path: Assets/IgnoreResources/nappin/Weapon Props Softpack/Prefabs/(Prb)RocketLauncher.prefab
  artifactKey: Guid(9994a75873b2cce44a2e36f1a1598ece) Importer(2089858483,0ecaa5967403d082aa24f35e1b516d23)
Start importing Assets/IgnoreResources/nappin/Weapon Props Softpack/Prefabs/(Prb)RocketLauncher.prefab using Guid(9994a75873b2cce44a2e36f1a1598ece) Importer(2089858483,0ecaa5967403d082aa24f35e1b516d23) Generated GUIDs only implemented for interfaces!
 -> (artifact id: '2a9a3de7d430554aecd97720142e93c0') in 0.017867 seconds
Number of updated asset objects reloaded before import = 0
Number of asset objects unloaded after import = 18
========================================================================
Received Import Request.
  Time since last request: 0.000028 seconds.
  path: Assets/IgnoreResources/Aligned Games/Polygonal Modern Weapons Collection 2 Asset Package/Models/MachineGun7
  artifactKey: Guid(3ff0928fc2521334fb5b3339e37c2273) Importer(2089858483,0ecaa5967403d082aa24f35e1b516d23)
Start importing Assets/IgnoreResources/Aligned Games/Polygonal Modern Weapons Collection 2 Asset Package/Models/MachineGun7 using Guid(3ff0928fc2521334fb5b3339e37c2273) Importer(2089858483,0ecaa5967403d082aa24f35e1b516d23) Generated GUIDs only implemented for interfaces!
 -> (artifact id: '0e6609638781bc2b6b28b0eb10e26f0c') in 0.013663 seconds
Number of updated asset objects reloaded before import = 0
Number of asset objects unloaded after import = 1
========================================================================
Received Import Request.
  Time since last request: 0.000033 seconds.
  path: Assets/IgnoreResources/nappin/Weapon Props Softpack/Materials/(Mat)GradientBlue.mat
  artifactKey: Guid(f5bb4d45bda905f428fc97c3ff5ba569) Importer(2089858483,0ecaa5967403d082aa24f35e1b516d23)
Start importing Assets/IgnoreResources/nappin/Weapon Props Softpack/Materials/(Mat)GradientBlue.mat using Guid(f5bb4d45bda905f428fc97c3ff5ba569) Importer(2089858483,0ecaa5967403d082aa24f35e1b516d23) Generated GUIDs only implemented for interfaces!
 -> (artifact id: 'e176c6a4482d45f5aad8b1c5a501b075') in 0.024540 seconds
Number of updated asset objects reloaded before import = 0
Number of asset objects unloaded after import = 2
========================================================================
Received Import Request.
  Time since last request: 0.000022 seconds.
  path: Assets/IgnoreResources/nappin/Weapon Props Softpack/Materials/(Mat)GradientWhite_Reflective.mat
  artifactKey: Guid(79c5b4c5b4b1d7b438ba184a185904c7) Importer(2089858483,0ecaa5967403d082aa24f35e1b516d23)
Start importing Assets/IgnoreResources/nappin/Weapon Props Softpack/Materials/(Mat)GradientWhite_Reflective.mat using Guid(79c5b4c5b4b1d7b438ba184a185904c7) Importer(2089858483,0ecaa5967403d082aa24f35e1b516d23) Generated GUIDs only implemented for interfaces!
 -> (artifact id: '144cd018440e77e7c2f5e3fb04dac10c') in 0.030717 seconds
Number of updated asset objects reloaded before import = 0
Number of asset objects unloaded after import = 2
========================================================================
Received Import Request.
  Time since last request: 0.000022 seconds.
  path: Assets/IgnoreResources/nappin/Weapon Props Softpack
  artifactKey: Guid(8dfe764c7438e89478f4932afae1fbb4) Importer(2089858483,0ecaa5967403d082aa24f35e1b516d23)
Start importing Assets/IgnoreResources/nappin/Weapon Props Softpack using Guid(8dfe764c7438e89478f4932afae1fbb4) Importer(2089858483,0ecaa5967403d082aa24f35e1b516d23) Generated GUIDs only implemented for interfaces!
 -> (artifact id: 'e929379a647525b0f8f93186b861ac67') in 0.013283 seconds
Number of updated asset objects reloaded before import = 0
Number of asset objects unloaded after import = 1
========================================================================
Received Import Request.
  Time since last request: 0.000021 seconds.
  path: Assets/IgnoreResources/nappin/Weapon Props Softpack/Prefabs/(Prb)WaterGun.prefab
  artifactKey: Guid(aa72c3fe73cce624b9d57e35e4260aae) Importer(2089858483,0ecaa5967403d082aa24f35e1b516d23)
Start importing Assets/IgnoreResources/nappin/Weapon Props Softpack/Prefabs/(Prb)WaterGun.prefab using Guid(aa72c3fe73cce624b9d57e35e4260aae) Importer(2089858483,0ecaa5967403d082aa24f35e1b516d23) Generated GUIDs only implemented for interfaces!
 -> (artifact id: 'b4f3789f9d33c887d7dbbcb5d8486d83') in 0.020556 seconds
Number of updated asset objects reloaded before import = 0
Number of asset objects unloaded after import = 24
========================================================================
Received Import Request.
  Time since last request: 0.000022 seconds.
  path: Assets/IgnoreResources/nappin/Weapon Props Softpack/Materials/(Mat)GradientRed.mat
  artifactKey: Guid(b533f8d90623497488d5a072b36cf622) Importer(2089858483,0ecaa5967403d082aa24f35e1b516d23)
Start importing Assets/IgnoreResources/nappin/Weapon Props Softpack/Materials/(Mat)GradientRed.mat using Guid(b533f8d90623497488d5a072b36cf622) Importer(2089858483,0ecaa5967403d082aa24f35e1b516d23) Generated GUIDs only implemented for interfaces!
 -> (artifact id: 'cc65b4667b583f0c337a313324627be7') in 0.023765 seconds
Number of updated asset objects reloaded before import = 0
Number of asset objects unloaded after import = 2
========================================================================
Received Import Request.
  Time since last request: 0.000021 seconds.
  path: Assets/IgnoreResources/nappin/Weapon Props Softpack/Prefabs/(Prb)Arrow1.prefab
  artifactKey: Guid(bbc23788ef21ef44ba2683a21cb265c8) Importer(2089858483,0ecaa5967403d082aa24f35e1b516d23)
Start importing Assets/IgnoreResources/nappin/Weapon Props Softpack/Prefabs/(Prb)Arrow1.prefab using Guid(bbc23788ef21ef44ba2683a21cb265c8) Importer(2089858483,0ecaa5967403d082aa24f35e1b516d23) Generated GUIDs only implemented for interfaces!
 -> (artifact id: 'cbebe0ffb8e34d380e86477cac1e03c2') in 0.019468 seconds
Number of updated asset objects reloaded before import = 0
Number of asset objects unloaded after import = 10
========================================================================
Received Import Request.
  Time since last request: 0.000507 seconds.
  path: Assets/IgnoreResources/nappin/Weapon Props Softpack/Prefabs/(Prb)AlienGun.prefab
  artifactKey: Guid(288081e4f166aab4ca167f5b10f3c626) Importer(2089858483,0ecaa5967403d082aa24f35e1b516d23)
Start importing Assets/IgnoreResources/nappin/Weapon Props Softpack/Prefabs/(Prb)AlienGun.prefab using Guid(288081e4f166aab4ca167f5b10f3c626) Importer(2089858483,0ecaa5967403d082aa24f35e1b516d23) Generated GUIDs only implemented for interfaces!
 -> (artifact id: 'de95847f2234c1062acd924e55545af8') in 0.022341 seconds
Number of updated asset objects reloaded before import = 0
Number of asset objects unloaded after import = 18
========================================================================
Received Import Request.
  Time since last request: 0.000035 seconds.
  path: Assets/IgnoreResources/nappin/Weapon Props Softpack/(Sc)WeaponsPack.unity
  artifactKey: Guid(0800e40a3e76f994bbcd42afb2ed74da) Importer(2089858483,0ecaa5967403d082aa24f35e1b516d23)
Start importing Assets/IgnoreResources/nappin/Weapon Props Softpack/(Sc)WeaponsPack.unity using Guid(0800e40a3e76f994bbcd42afb2ed74da) Importer(2089858483,0ecaa5967403d082aa24f35e1b516d23) Generated GUIDs only implemented for interfaces!
 -> (artifact id: '47bb41f551bce3bb6f864fe69263a859') in 0.014971 seconds
Number of updated asset objects reloaded before import = 0
Number of asset objects unloaded after import = 1
========================================================================
Received Import Request.
  Time since last request: 0.000026 seconds.
  path: Assets/IgnoreResources/Aligned Games/Polygonal Modern Weapons Collection 2 Asset Package/Models/SubmachineGun1
  artifactKey: Guid(42e5440523fbba441b85c106e6647617) Importer(2089858483,0ecaa5967403d082aa24f35e1b516d23)
Start importing Assets/IgnoreResources/Aligned Games/Polygonal Modern Weapons Collection 2 Asset Package/Models/SubmachineGun1 using Guid(42e5440523fbba441b85c106e6647617) Importer(2089858483,0ecaa5967403d082aa24f35e1b516d23) Generated GUIDs only implemented for interfaces!
 -> (artifact id: 'd5706b4fe9c264f5b9342110b58991d5') in 0.014255 seconds
Number of updated asset objects reloaded before import = 0
Number of asset objects unloaded after import = 1
========================================================================
Received Import Request.
  Time since last request: 0.000030 seconds.
  path: Assets/IgnoreResources/Aligned Games/Polygonal Modern Weapons Collection 2 Asset Package/Scenes/DemonstrationNight/OcclusionCullingData.asset
  artifactKey: Guid(7abca8977e9d2074bb0f401dd8660ea5) Importer(2089858483,0ecaa5967403d082aa24f35e1b516d23)
Start importing Assets/IgnoreResources/Aligned Games/Polygonal Modern Weapons Collection 2 Asset Package/Scenes/DemonstrationNight/OcclusionCullingData.asset using Guid(7abca8977e9d2074bb0f401dd8660ea5) Importer(2089858483,0ecaa5967403d082aa24f35e1b516d23) Generated GUIDs only implemented for interfaces!
 -> (artifact id: '24c3dfb91ee315e15a7465c62cdb9a7d') in 0.018803 seconds
Number of updated asset objects reloaded before import = 0
Number of asset objects unloaded after import = 1
========================================================================
Received Import Request.
  Time since last request: 0.000024 seconds.
  path: Assets/IgnoreResources/nappin/Weapon Props Softpack/Prefabs/(Prb)Cutlass2.prefab
  artifactKey: Guid(870ec673fd575c14a8757a2200c3617b) Importer(2089858483,0ecaa5967403d082aa24f35e1b516d23)
Start importing Assets/IgnoreResources/nappin/Weapon Props Softpack/Prefabs/(Prb)Cutlass2.prefab using Guid(870ec673fd575c14a8757a2200c3617b) Importer(2089858483,0ecaa5967403d082aa24f35e1b516d23) Generated GUIDs only implemented for interfaces!
 -> (artifact id: '48f3508b85d270cf52e095aa364de63c') in 0.020638 seconds
Number of updated asset objects reloaded before import = 0
Number of asset objects unloaded after import = 10
========================================================================
Received Import Request.
  Time since last request: 0.000022 seconds.
  path: Assets/IgnoreResources/Aligned Games/Polygonal Modern Weapons Collection 2 Asset Package/Scripts/Managers/SceneSwitchManager.cs
  artifactKey: Guid(8fcabe67151d8d0409aeb81adb8c71f3) Importer(2089858483,0ecaa5967403d082aa24f35e1b516d23)
Start importing Assets/IgnoreResources/Aligned Games/Polygonal Modern Weapons Collection 2 Asset Package/Scripts/Managers/SceneSwitchManager.cs using Guid(8fcabe67151d8d0409aeb81adb8c71f3) Importer(2089858483,0ecaa5967403d082aa24f35e1b516d23) Generated GUIDs only implemented for interfaces!
 -> (artifact id: 'b411d818c217fabde9506f435d3e316a') in 0.017487 seconds
Number of updated asset objects reloaded before import = 0
Number of asset objects unloaded after import = 1
========================================================================
Received Import Request.
  Time since last request: 0.000025 seconds.
  path: Assets/IgnoreResources/Aligned Games/Polygonal Modern Weapons Collection 2 Asset Package/Models/SubmachineGun3/submachine_gun_3.fbx
  artifactKey: Guid(c1c0391a672d5694fa2d9a32c39fe4ce) Importer(2089858483,0ecaa5967403d082aa24f35e1b516d23)
Start importing Assets/IgnoreResources/Aligned Games/Polygonal Modern Weapons Collection 2 Asset Package/Models/SubmachineGun3/submachine_gun_3.fbx using Guid(c1c0391a672d5694fa2d9a32c39fe4ce) Importer(2089858483,0ecaa5967403d082aa24f35e1b516d23) Generated GUIDs only implemented for interfaces!
 -> (artifact id: '8c9caa7ada123480285284a3a9290815') in 0.049408 seconds
Number of updated asset objects reloaded before import = 0
Number of asset objects unloaded after import = 7
========================================================================
Received Import Request.
  Time since last request: 0.000028 seconds.
  path: Assets/IgnoreResources/nappin/Weapon Props Softpack/Textures/(Txt)GradientYellow_reflective.png
  artifactKey: Guid(cebfe2dff7c0ed740b4abd6c5869b287) Importer(2089858483,0ecaa5967403d082aa24f35e1b516d23)
Start importing Assets/IgnoreResources/nappin/Weapon Props Softpack/Textures/(Txt)GradientYellow_reflective.png using Guid(cebfe2dff7c0ed740b4abd6c5869b287) Importer(2089858483,0ecaa5967403d082aa24f35e1b516d23) Generated GUIDs only implemented for interfaces!
 -> (artifact id: 'f6892b6a7b7785c2d21780303ee04a4b') in 0.049236 seconds
Number of updated asset objects reloaded before import = 0
Number of asset objects unloaded after import = 1
Editor requested this worker to shutdown with reason: balancing worker count downwards
TcpMessagingSession - receive error: operation aborted. errorcode: 995, details:        I/O  .
AssetImportWorker is now disconnected from the server
Process exiting
Exiting without the bug reporter. Application will terminate with return code 0