Using pre-set license
Built from '2022.3/staging' branch; Version is '2022.3.4f1 (35713cd46cd7) revision 3502396'; Using compiler version '192829333'; Build Type 'Release'
OS: 'Windows 10  (10.0.19045) 64bit Professional' Language: 'ko' Physical Memory: 32469 MB
BatchMode: 1, IsHumanControllingUs: 0, StartBugReporterOnCrash: 0, Is64bit: 1, IsPro: 1

COMMAND LINE ARGUMENTS:
C:\Program Files\Unity\Hub\Editor\2022.3.4f1\Editor\Unity.exe
-adb2
-batchMode
-noUpm
-name
AssetImportWorker14
-projectPath
C:/Users/rhsj/Desktop/Unity/ProjectNW
-logFile
Logs/AssetImportWorker14.log
-srvPort
51623
Successfully changed project path to: C:/Users/rhsj/Desktop/Unity/ProjectNW
C:/Users/rhsj/Desktop/Unity/ProjectNW
[UnityMemory] Configuration Parameters - Can be set up in boot.config
    "memorysetup-bucket-allocator-granularity=16"
    "memorysetup-bucket-allocator-bucket-count=8"
    "memorysetup-bucket-allocator-block-size=33554432"
    "memorysetup-bucket-allocator-block-count=8"
    "memorysetup-main-allocator-block-size=16777216"
    "memorysetup-thread-allocator-block-size=16777216"
    "memorysetup-gfx-main-allocator-block-size=16777216"
    "memorysetup-gfx-thread-allocator-block-size=16777216"
    "memorysetup-cache-allocator-block-size=4194304"
    "memorysetup-typetree-allocator-block-size=2097152"
    "memorysetup-profiler-bucket-allocator-granularity=16"
    "memorysetup-profiler-bucket-allocator-bucket-count=8"
    "memorysetup-profiler-bucket-allocator-block-size=33554432"
    "memorysetup-profiler-bucket-allocator-block-count=8"
    "memorysetup-profiler-allocator-block-size=16777216"
    "memorysetup-profiler-editor-allocator-block-size=1048576"
    "memorysetup-temp-allocator-size-main=16777216"
    "memorysetup-job-temp-allocator-block-size=2097152"
    "memorysetup-job-temp-allocator-block-size-background=1048576"
    "memorysetup-job-temp-allocator-reduction-small-platforms=262144"
    "memorysetup-allocator-temp-initial-block-size-main=262144"
    "memorysetup-allocator-temp-initial-block-size-worker=262144"
    "memorysetup-temp-allocator-size-background-worker=32768"
    "memorysetup-temp-allocator-size-job-worker=262144"
    "memorysetup-temp-allocator-size-preload-manager=33554432"
    "memorysetup-temp-allocator-size-nav-mesh-worker=65536"
    "memorysetup-temp-allocator-size-audio-worker=65536"
    "memorysetup-temp-allocator-size-cloud-worker=32768"
    "memorysetup-temp-allocator-size-gi-baking-worker=262144"
    "memorysetup-temp-allocator-size-gfx=262144"
Player connection [30672] Host "[IP] 192.168.200.183 [Port] 0 [Flags] 2 [Guid] 1037581677 [EditorId] 1037581677 [Version] 1048832 [Id] WindowsEditor(7,DESKTOP-SUV84E9) [Debug] 1 [PackageName] WindowsEditor [ProjectName] Editor" joined multi-casting on [225.0.0.222:54997]...

Player connection [30672] Host "[IP] 192.168.200.183 [Port] 0 [Flags] 2 [Guid] 1037581677 [EditorId] 1037581677 [Version] 1048832 [Id] WindowsEditor(7,DESKTOP-SUV84E9) [Debug] 1 [PackageName] WindowsEditor [ProjectName] Editor" joined alternative multi-casting on [225.0.0.222:34997]...

Refreshing native plugins compatible for Editor in 19.70 ms, found 3 plugins.
Preloading 0 native plugins for Editor in 0.00 ms.
Initialize engine version: 2022.3.4f1 (35713cd46cd7)
[Subsystems] Discovering subsystems at path C:/Program Files/Unity/Hub/Editor/2022.3.4f1/Editor/Data/Resources/UnitySubsystems
[Subsystems] Discovering subsystems at path C:/Users/rhsj/Desktop/Unity/ProjectNW/Assets
GfxDevice: creating device client; threaded=0; jobified=0
Direct3D:
    Version:  Direct3D 11.0 [level 11.1]
    Renderer: NVIDIA GeForce RTX 3070 Laptop GPU (ID=0x249d)
    Vendor:   NVIDIA
    VRAM:     8020 MB
    Driver:   31.0.15.5244
Initialize mono
Mono path[0] = 'C:/Program Files/Unity/Hub/Editor/2022.3.4f1/Editor/Data/Managed'
Mono path[1] = 'C:/Program Files/Unity/Hub/Editor/2022.3.4f1/Editor/Data/MonoBleedingEdge/lib/mono/unityjit-win32'
Mono config path = 'C:/Program Files/Unity/Hub/Editor/2022.3.4f1/Editor/Data/MonoBleedingEdge/etc'
Using monoOptions --debugger-agent=transport=dt_socket,embedding=1,server=y,suspend=n,address=127.0.0.1:56212
Begin MonoManager ReloadAssembly
Registering precompiled unity dll's ...
Register platform support module: C:/Program Files/Unity/Hub/Editor/2022.3.4f1/Editor/Data/PlaybackEngines/WindowsStandaloneSupport/UnityEditor.WindowsStandalone.Extensions.dll
Registered in 0.016560 seconds.
- Loaded All Assemblies, in  0.625 seconds
Native extension for WindowsStandalone target not found
Mono: successfully reloaded assembly
- Finished resetting the current domain, in  0.482 seconds
Domain Reload Profiling: 1104ms
	BeginReloadAssembly (152ms)
		ExecutionOrderSort (0ms)
		DisableScriptedObjects (0ms)
		BackupInstance (0ms)
		ReleaseScriptingObjects (0ms)
		CreateAndSetChildDomain (1ms)
	RebuildCommonClasses (66ms)
	RebuildNativeTypeToScriptingClass (20ms)
	initialDomainReloadingComplete (129ms)
	LoadAllAssembliesAndSetupDomain (254ms)
		LoadAssemblies (147ms)
		RebuildTransferFunctionScriptingTraits (0ms)
		AnalyzeDomain (244ms)
			TypeCache.Refresh (242ms)
				TypeCache.ScanAssembly (223ms)
			ScanForSourceGeneratedMonoScriptInfo (1ms)
			ResolveRequiredComponents (1ms)
	FinalizeReload (483ms)
		ReleaseScriptCaches (0ms)
		RebuildScriptCaches (0ms)
		SetupLoadedEditorAssemblies (368ms)
			LogAssemblyErrors (0ms)
			InitializePlatformSupportModulesInManaged (17ms)
			SetLoadedEditorAssemblies (17ms)
			RefreshPlugins (0ms)
			BeforeProcessingInitializeOnLoad (6ms)
			ProcessInitializeOnLoadAttributes (242ms)
			ProcessInitializeOnLoadMethodAttributes (86ms)
			AfterProcessingInitializeOnLoad (0ms)
			EditorAssembliesLoaded (0ms)
		ExecutionOrderSort2 (0ms)
		AwakeInstancesAfterBackupRestoration (0ms)
========================================================================
Worker process is ready to serve import requests
Begin MonoManager ReloadAssembly
- Loaded All Assemblies, in  1.604 seconds
Refreshing native plugins compatible for Editor in 6.52 ms, found 3 plugins.
Native extension for WindowsStandalone target not found
Error saving file Library/StateCache/LayerSettings/9e/9ecc5c3c162a7aba29bafa64c8b94b7c.json. Error: System.IO.IOException: Sharing violation on path C:\Users\rhsj\Desktop\Unity\ProjectNW\Library\StateCache\LayerSettings\9e\9ecc5c3c162a7aba29bafa64c8b94b7c.json
  at System.IO.FileStream..ctor (System.String path, System.IO.FileMode mode, System.IO.FileAccess access, System.IO.FileShare share, System.Int32 bufferSize, System.Boolean anonymous, System.IO.FileOptions options) [0x0019e] in <605bf8b31fcb444b85176da963870aa7>:0 
  at System.IO.FileStream..ctor (System.String path, System.IO.FileMode mode, System.IO.FileAccess access, System.IO.FileShare share, System.Int32 bufferSize, System.IO.FileOptions options) [0x00000] in <605bf8b31fcb444b85176da963870aa7>:0 
  at (wrapper remoting-invoke-with-check) System.IO.FileStream..ctor(string,System.IO.FileMode,System.IO.FileAccess,System.IO.FileShare,int,System.IO.FileOptions)
  at System.IO.StreamWriter..ctor (System.String path, System.Boolean append, System.Text.Encoding encoding, System.Int32 bufferSize) [0x00055] in <605bf8b31fcb444b85176da963870aa7>:0 
  at System.IO.StreamWriter..ctor (System.String path, System.Boolean append, System.Text.Encoding encoding) [0x00000] in <605bf8b31fcb444b85176da963870aa7>:0 
  at (wrapper remoting-invoke-with-check) System.IO.StreamWriter..ctor(string,bool,System.Text.Encoding)
  at System.IO.File.WriteAllText (System.String path, System.String contents, System.Text.Encoding encoding) [0x00034] in <605bf8b31fcb444b85176da963870aa7>:0 
  at UnityEditor.StateCache`1[T].SetState (UnityEngine.Hash128 key, T obj) [0x0004b] in <da771086bc2e4cfc9ad0a72e083a7f98>:0 
UnityEngine.StackTraceUtility:ExtractStackTrace ()
UnityEngine.DebugLogHandler:LogFormat (UnityEngine.LogType,UnityEngine.Object,string,object[])
UnityEngine.Logger:Log (UnityEngine.LogType,object)
UnityEngine.Debug:LogError (object)
UnityEditor.StateCache`1<UnityEditor.Tools/LayerSettings>:SetState (UnityEngine.Hash128,UnityEditor.Tools/LayerSettings)
UnityEditor.Tools:set_lockedLayers (int)
UnityEditor.Tools:OnEnable ()
UnityEngine.ScriptableObject:CreateInstance (System.Type)
UnityEngine.ScriptableObject:CreateInstance<UnityEditor.Tools> ()
UnityEditor.Tools:get_get ()
UnityEditor.Tools:get_visibleLayers ()
UnityEditor.Animations.Rigging.BoneRendererUtils:.cctor () (at ./Library/PackageCache/com.unity.animation.rigging@1.2.1/Editor/Utils/BoneRendererUtils.cs:121)
System.Runtime.CompilerServices.RuntimeHelpers:RunClassConstructor (System.RuntimeTypeHandle)
UnityEditor.EditorAssemblies:ProcessInitializeOnLoadAttributes (System.Type[])

(Filename: ./Library/PackageCache/com.unity.animation.rigging@1.2.1/Editor/Utils/BoneRendererUtils.cs Line: 121)

[MODES] ModeService[none].Initialize
[MODES] ModeService[none].LoadModes
[MODES] Loading mode Default (0) for mode-current-id-ProjectNW
Package Manager log level set to [2]
[Package Manager] Server::EnsureServerProcessIsRunning -- launch failed, reason: Unity was launched with the -noUpm command-line argument
[Package Manager] UpmClient::Send -- Unable to send message (not connected to UPM process).
[Package Manager] Cannot connect to Unity Package Manager local server
Mono: successfully reloaded assembly
- Finished resetting the current domain, in  1.871 seconds
Domain Reload Profiling: 3471ms
	BeginReloadAssembly (246ms)
		ExecutionOrderSort (0ms)
		DisableScriptedObjects (13ms)
		BackupInstance (0ms)
		ReleaseScriptingObjects (0ms)
		CreateAndSetChildDomain (39ms)
	RebuildCommonClasses (82ms)
	RebuildNativeTypeToScriptingClass (26ms)
	initialDomainReloadingComplete (64ms)
	LoadAllAssembliesAndSetupDomain (1181ms)
		LoadAssemblies (593ms)
		RebuildTransferFunctionScriptingTraits (0ms)
		AnalyzeDomain (697ms)
			TypeCache.Refresh (621ms)
				TypeCache.ScanAssembly (594ms)
			ScanForSourceGeneratedMonoScriptInfo (52ms)
			ResolveRequiredComponents (24ms)
	FinalizeReload (1872ms)
		ReleaseScriptCaches (0ms)
		RebuildScriptCaches (0ms)
		SetupLoadedEditorAssemblies (1533ms)
			LogAssemblyErrors (0ms)
			InitializePlatformSupportModulesInManaged (11ms)
			SetLoadedEditorAssemblies (11ms)
			RefreshPlugins (0ms)
			BeforeProcessingInitializeOnLoad (291ms)
			ProcessInitializeOnLoadAttributes (1088ms)
			ProcessInitializeOnLoadMethodAttributes (120ms)
			AfterProcessingInitializeOnLoad (12ms)
			EditorAssembliesLoaded (0ms)
		ExecutionOrderSort2 (0ms)
		AwakeInstancesAfterBackupRestoration (10ms)
Launched and connected shader compiler UnityShaderCompiler.exe after 0.08 seconds
Refreshing native plugins compatible for Editor in 126.21 ms, found 3 plugins.
Preloading 0 native plugins for Editor in 0.00 ms.
Unloading 5871 Unused Serialized files (Serialized files now loaded: 0)
Unloading 90 unused Assets / (424.2 KB). Loaded Objects now: 6341.
Memory consumption went from 223.4 MB to 222.9 MB.
Total: 9.967100 ms (FindLiveObjects: 2.231100 ms CreateObjectMapping: 0.656300 ms MarkObjects: 6.441100 ms  DeleteObjects: 0.636900 ms)

AssetImportParameters requested are different than current active one (requested -> active):
  custom:scripting/monoscript/fileName/GlowBehaviour.cs: ca861d3f49951074594e88435ffd8088 -> 
  custom:container-demuxer-ogg: 62fdf1f143b41e24485cea50d1cbac27 -> 
  custom:scripting/monoscript/fileName/SceneSwitchManager.cs: df50a3d24c80308d26bc2a745fb42676 -> 58e5eb0dea83ab8edb1f1f60a746cc8e
  custom:video-decoder-ogg-theora: a1e56fd34408186e4bbccfd4996cb3dc -> 
  custom:framework-win-MediaFoundation: 216162199b28c13a410421893ffa2e32 -> 
  custom:CustomObjectIndexerAttribute: a3ef5dd2817f97addfee359851a9dba5 -> 
  custom:container-demuxer-webm: 4f35f7cbe854078d1ac9338744f61a02 -> 
  custom:container-muxer-webm: aa71ff27fc2769a1b78a27578f13a17b -> 
  custom:video-decoder-webm-vp8: 9c59270c3fd7afecdb556c50c9e8de78 -> 
  custom:AudioImporter_EditorPlatform: d09bf68614088b80899f8185d706f6e7 -> 
  custom:scripting/monoscript/fileName/FlyCameraBehaviour.cs: 65bfad318fd0822acedc5d4d128a4cf1 -> 447eed16c19bf671b669789534e75370
  custom:video-encoder-webm-vp8: eb34c28f22e8b96e1ab97ce403110664 -> 
  custom:audio-decoder-ogg-vorbis: bf7c407c2cedff20999df2af8eb42d56 -> 
  custom:audio-encoder-webm-vorbis: bf7c407c2cedff20999df2af8eb42d56 -> 
  custom:scripting/monoscript/fileName/InterfaceManager.cs: c212f60bf200697ee7be245421e1e623 -> 21cfdf8fde856ed3df1d4355b35ce7d5
========================================================================
Received Import Request.
  Time since last request: 792189.780489 seconds.
  path: Assets/IgnoreResources/StarterAssets/ThirdPersonController/Character/Animations/Stand--Idle.anim.fbx
  artifactKey: Guid(12e52e465ed793a4d801955e9f964a82) Importer(2089858483,0ecaa5967403d082aa24f35e1b516d23)
Start importing Assets/IgnoreResources/StarterAssets/ThirdPersonController/Character/Animations/Stand--Idle.anim.fbx using Guid(12e52e465ed793a4d801955e9f964a82) Importer(2089858483,0ecaa5967403d082aa24f35e1b516d23) Generated GUIDs only implemented for interfaces!
 -> (artifact id: '423a85b31a3fc2f4eb574bf3b54f6e74') in 2.706908 seconds
Number of updated asset objects reloaded before import = 0
Number of asset objects unloaded after import = 144
========================================================================
Received Import Request.
  Time since last request: 0.114902 seconds.
  path: Assets/IgnoreResources/Military/Materials/Pouches1_Skin3.mat
  artifactKey: Guid(c4ebab701bd8b4244a7201e9c2ee70ec) Importer(2089858483,0ecaa5967403d082aa24f35e1b516d23)
Start importing Assets/IgnoreResources/Military/Materials/Pouches1_Skin3.mat using Guid(c4ebab701bd8b4244a7201e9c2ee70ec) Importer(2089858483,0ecaa5967403d082aa24f35e1b516d23) Generated GUIDs only implemented for interfaces!
 -> (artifact id: '77f6dabcc051baa4baa3ff5656b83461') in 0.157173 seconds
Number of updated asset objects reloaded before import = 0
Number of asset objects unloaded after import = 6
========================================================================
Received Import Request.
  Time since last request: 0.000061 seconds.
  path: Assets/Resources/Textures/UI/UI_Activity_Steeplechase_LikeIcon.png
  artifactKey: Guid(3e898349fab4cbd4da21a5cf3895df4c) Importer(2089858483,0ecaa5967403d082aa24f35e1b516d23)
Start importing Assets/Resources/Textures/UI/UI_Activity_Steeplechase_LikeIcon.png using Guid(3e898349fab4cbd4da21a5cf3895df4c) Importer(2089858483,0ecaa5967403d082aa24f35e1b516d23) Generated GUIDs only implemented for interfaces!
 -> (artifact id: 'bbc7f0ad9ae648220bf0ab525dad29b7') in 0.156224 seconds
Number of updated asset objects reloaded before import = 0
Number of asset objects unloaded after import = 3
========================================================================
Received Import Request.
  Time since last request: 0.000378 seconds.
  path: Assets/IgnoreResources/Military/Texture/Equip/T_Military_Backpack1_color_skin2.png
  artifactKey: Guid(6f155a5c4cbfb084bbbc7167159b44b6) Importer(2089858483,0ecaa5967403d082aa24f35e1b516d23)
Start importing Assets/IgnoreResources/Military/Texture/Equip/T_Military_Backpack1_color_skin2.png using Guid(6f155a5c4cbfb084bbbc7167159b44b6) Importer(2089858483,0ecaa5967403d082aa24f35e1b516d23) Generated GUIDs only implemented for interfaces!
 -> (artifact id: 'd09cc58aad9a5e2d95fc419c2ce24358') in 0.051616 seconds
Number of updated asset objects reloaded before import = 0
Number of asset objects unloaded after import = 1
========================================================================
Received Import Request.
  Time since last request: 0.000030 seconds.
  path: Assets/IgnoreResources/Military/Materials URP/URP_Backpack1_Skin4.mat
  artifactKey: Guid(1ddc53d882c351049bd35d969f8dc0bd) Importer(2089858483,0ecaa5967403d082aa24f35e1b516d23)
Start importing Assets/IgnoreResources/Military/Materials URP/URP_Backpack1_Skin4.mat using Guid(1ddc53d882c351049bd35d969f8dc0bd) Importer(2089858483,0ecaa5967403d082aa24f35e1b516d23) Generated GUIDs only implemented for interfaces!
 -> (artifact id: '1a46b9ae72bc5dd54f0643cf2679b1ab') in 0.044303 seconds
Number of updated asset objects reloaded before import = 0
Number of asset objects unloaded after import = 6
========================================================================
Received Import Request.
  Time since last request: 0.000028 seconds.
  path: Assets/IgnoreResources/Military/Materials/Cap1_Skin3.mat
  artifactKey: Guid(96a5b189e0fdcb74b970135d97057d9a) Importer(2089858483,0ecaa5967403d082aa24f35e1b516d23)
Start importing Assets/IgnoreResources/Military/Materials/Cap1_Skin3.mat using Guid(96a5b189e0fdcb74b970135d97057d9a) Importer(2089858483,0ecaa5967403d082aa24f35e1b516d23) Generated GUIDs only implemented for interfaces!
 -> (artifact id: 'eb63bc45b12adcdedce7b6245e5985a8') in 0.043432 seconds
Number of updated asset objects reloaded before import = 0
Number of asset objects unloaded after import = 6
========================================================================
Received Import Request.
  Time since last request: 0.000028 seconds.
  path: Assets/Resources/Textures/UI/InventoryCell.png
  artifactKey: Guid(5a40b49221bf6fe44aff2f97dc2cdfaf) Importer(2089858483,0ecaa5967403d082aa24f35e1b516d23)
Start importing Assets/Resources/Textures/UI/InventoryCell.png using Guid(5a40b49221bf6fe44aff2f97dc2cdfaf) Importer(2089858483,0ecaa5967403d082aa24f35e1b516d23) Generated GUIDs only implemented for interfaces!
 -> (artifact id: '583f2b375071e9b7ad36662e3d4dad91') in 0.055355 seconds
Number of updated asset objects reloaded before import = 0
Number of asset objects unloaded after import = 3
========================================================================
Received Import Request.
  Time since last request: 0.000024 seconds.
  path: Assets/IgnoreResources/Basic Motions/Animations/Movement/Walk/Human@Walk01_Right.fbx
  artifactKey: Guid(6ae6fc1ae59ede345b4fb194814f318f) Importer(2089858483,0ecaa5967403d082aa24f35e1b516d23)
Start importing Assets/IgnoreResources/Basic Motions/Animations/Movement/Walk/Human@Walk01_Right.fbx using Guid(6ae6fc1ae59ede345b4fb194814f318f) Importer(2089858483,0ecaa5967403d082aa24f35e1b516d23) Generated GUIDs only implemented for interfaces!
 -> (artifact id: '297b179283e2504d2ec6403a3dbf5700') in 0.072601 seconds
Number of updated asset objects reloaded before import = 0
Number of asset objects unloaded after import = 114
========================================================================
Received Import Request.
  Time since last request: 0.000034 seconds.
  path: Assets/IgnoreResources/Mesh/Weapons/Materials/Gold.mat
  artifactKey: Guid(1eb64454235a88445b27868a75388ddb) Importer(2089858483,0ecaa5967403d082aa24f35e1b516d23)
Start importing Assets/IgnoreResources/Mesh/Weapons/Materials/Gold.mat using Guid(1eb64454235a88445b27868a75388ddb) Importer(2089858483,0ecaa5967403d082aa24f35e1b516d23) Generated GUIDs only implemented for interfaces!
 -> (artifact id: 'd0338b614f39193c7f69bf5d8d3a00d9') in 0.027730 seconds
Number of updated asset objects reloaded before import = 0
Number of asset objects unloaded after import = 1
========================================================================
Received Import Request.
  Time since last request: 0.000025 seconds.
  path: Assets/IgnoreResources/Basic Motions/Textures/DummyType02/BasicMotions_DummyType02.mat
  artifactKey: Guid(d49e8cb9075168e4aaa232d90b4e092a) Importer(2089858483,0ecaa5967403d082aa24f35e1b516d23)
Start importing Assets/IgnoreResources/Basic Motions/Textures/DummyType02/BasicMotions_DummyType02.mat using Guid(d49e8cb9075168e4aaa232d90b4e092a) Importer(2089858483,0ecaa5967403d082aa24f35e1b516d23) Generated GUIDs only implemented for interfaces!
 -> (artifact id: 'aa8f6926b03e177f0aa4fdd671178962') in 0.032385 seconds
Number of updated asset objects reloaded before import = 0
Number of asset objects unloaded after import = 5
========================================================================
Received Import Request.
  Time since last request: 0.420689 seconds.
  path: Assets/IgnoreResources/Military/Texture/Top/T_Military_Shirt3_Skin3_color.png
  artifactKey: Guid(9878fef611633ff45af9a501cf14adb4) Importer(2089858483,0ecaa5967403d082aa24f35e1b516d23)
Start importing Assets/IgnoreResources/Military/Texture/Top/T_Military_Shirt3_Skin3_color.png using Guid(9878fef611633ff45af9a501cf14adb4) Importer(2089858483,0ecaa5967403d082aa24f35e1b516d23) Generated GUIDs only implemented for interfaces!
 -> (artifact id: '86d08613a7520d3570bde973225ebe35') in 0.060320 seconds
Number of updated asset objects reloaded before import = 0
Number of asset objects unloaded after import = 1
========================================================================
Received Import Request.
  Time since last request: 0.000037 seconds.
  path: Assets/IgnoreResources/Military/Texture/Equip/T_Military_Backpack1_color_skin1.png
  artifactKey: Guid(24e1524af7b1ad64fb6f33ad17cb8478) Importer(2089858483,0ecaa5967403d082aa24f35e1b516d23)
Start importing Assets/IgnoreResources/Military/Texture/Equip/T_Military_Backpack1_color_skin1.png using Guid(24e1524af7b1ad64fb6f33ad17cb8478) Importer(2089858483,0ecaa5967403d082aa24f35e1b516d23) Generated GUIDs only implemented for interfaces!
 -> (artifact id: '3f114aa46ad94b2c2a6447c2f56cd525') in 0.065420 seconds
Number of updated asset objects reloaded before import = 0
Number of asset objects unloaded after import = 1
========================================================================
Received Import Request.
  Time since last request: 0.000176 seconds.
  path: Assets/IgnoreResources/Military/Texture/Top/T_Military_Shirt3_rough.png
  artifactKey: Guid(0f7b648e9df10a44ca7cb3f740a9714e) Importer(2089858483,0ecaa5967403d082aa24f35e1b516d23)
Start importing Assets/IgnoreResources/Military/Texture/Top/T_Military_Shirt3_rough.png using Guid(0f7b648e9df10a44ca7cb3f740a9714e) Importer(2089858483,0ecaa5967403d082aa24f35e1b516d23) Generated GUIDs only implemented for interfaces!
 -> (artifact id: 'c11331bd10c8a8fad1ec09f8031fdf8c') in 0.066382 seconds
Number of updated asset objects reloaded before import = 0
Number of asset objects unloaded after import = 1
========================================================================
Received Import Request.
  Time since last request: 0.000026 seconds.
  path: Assets/IgnoreResources/StarterAssets/ThirdPersonController/Character/Animations/Jump--Jump.anim.fbx
  artifactKey: Guid(98f277b0c8055e143b2fcf058d3c27dc) Importer(2089858483,0ecaa5967403d082aa24f35e1b516d23)
Start importing Assets/IgnoreResources/StarterAssets/ThirdPersonController/Character/Animations/Jump--Jump.anim.fbx using Guid(98f277b0c8055e143b2fcf058d3c27dc) Importer(2089858483,0ecaa5967403d082aa24f35e1b516d23) Generated GUIDs only implemented for interfaces!
 -> (artifact id: '63e046bda00b8294fb25c4e7cf6c0848') in 0.098072 seconds
Number of updated asset objects reloaded before import = 0
Number of asset objects unloaded after import = 145
========================================================================
Received Import Request.
  Time since last request: 0.000026 seconds.
  path: Assets/IgnoreResources/StarterAssets/Environment/Art/Models/Tunnel_Mesh.fbx
  artifactKey: Guid(f712806514868e54699156ec05dcb749) Importer(2089858483,0ecaa5967403d082aa24f35e1b516d23)
Start importing Assets/IgnoreResources/StarterAssets/Environment/Art/Models/Tunnel_Mesh.fbx using Guid(f712806514868e54699156ec05dcb749) Importer(2089858483,0ecaa5967403d082aa24f35e1b516d23) Generated GUIDs only implemented for interfaces!
 -> (artifact id: '4865c4246e99eb03a0b5b66de4189c3b') in 0.056033 seconds
Number of updated asset objects reloaded before import = 0
Number of asset objects unloaded after import = 8
========================================================================
Received Import Request.
  Time since last request: 0.000027 seconds.
  path: Assets/IgnoreResources/Military/Materials/Pouches1_Skin1.mat
  artifactKey: Guid(66281e6f4c3b1b34d8046c9fdea8fa9f) Importer(2089858483,0ecaa5967403d082aa24f35e1b516d23)
Start importing Assets/IgnoreResources/Military/Materials/Pouches1_Skin1.mat using Guid(66281e6f4c3b1b34d8046c9fdea8fa9f) Importer(2089858483,0ecaa5967403d082aa24f35e1b516d23) Generated GUIDs only implemented for interfaces!
 -> (artifact id: '8acd851f7c7931cd99f0514496f6b88d') in 0.061980 seconds
Number of updated asset objects reloaded before import = 0
Number of asset objects unloaded after import = 6
========================================================================
Received Import Request.
  Time since last request: 0.391099 seconds.
  path: Assets/IgnoreResources/Character/BaseCharacter.prefab
  artifactKey: Guid(e8fcec1dcd526334aa7e59bf62a32004) Importer(2089858483,0ecaa5967403d082aa24f35e1b516d23)
Start importing Assets/IgnoreResources/Character/BaseCharacter.prefab using Guid(e8fcec1dcd526334aa7e59bf62a32004) Importer(2089858483,0ecaa5967403d082aa24f35e1b516d23) Generated GUIDs only implemented for interfaces!
 -> (artifact id: '7119f995295bbe81f1f476553a763fdd') in 0.049255 seconds
Number of updated asset objects reloaded before import = 0
Number of asset objects unloaded after import = 186
========================================================================
Received Import Request.
  Time since last request: 0.000029 seconds.
  path: Assets/Resources/ModelOriginal
  artifactKey: Guid(b98742147a7b2c14b9e9c8cc77f02234) Importer(2089858483,0ecaa5967403d082aa24f35e1b516d23)
Start importing Assets/Resources/ModelOriginal using Guid(b98742147a7b2c14b9e9c8cc77f02234) Importer(2089858483,0ecaa5967403d082aa24f35e1b516d23) Generated GUIDs only implemented for interfaces!
 -> (artifact id: '4665d1bf0e644e9d3de800d3f23b03c6') in 0.016438 seconds
Number of updated asset objects reloaded before import = 0
Number of asset objects unloaded after import = 1
========================================================================
Received Import Request.
  Time since last request: 0.000036 seconds.
  path: Assets/IgnoreResources/StarterAssets/ThirdPersonController/Character/Textures/Armature_Legs_AlbedoTransparency.tif
  artifactKey: Guid(c444e3d02d2fcff4d9fe5211d67652a0) Importer(2089858483,0ecaa5967403d082aa24f35e1b516d23)
Start importing Assets/IgnoreResources/StarterAssets/ThirdPersonController/Character/Textures/Armature_Legs_AlbedoTransparency.tif using Guid(c444e3d02d2fcff4d9fe5211d67652a0) Importer(2089858483,0ecaa5967403d082aa24f35e1b516d23) Generated GUIDs only implemented for interfaces!
 -> (artifact id: '55277d39d2b5de5c0025db09796fa3a4') in 0.064417 seconds
Number of updated asset objects reloaded before import = 0
Number of asset objects unloaded after import = 1
========================================================================
Received Import Request.
  Time since last request: 0.000027 seconds.
  path: Assets
  artifactKey: Guid(00000000000000001000000000000000) Importer(2089858483,0ecaa5967403d082aa24f35e1b516d23)
Start importing Assets using Guid(00000000000000001000000000000000) Importer(2089858483,0ecaa5967403d082aa24f35e1b516d23) Generated GUIDs only implemented for interfaces!
 -> (artifact id: 'c857b336fee7a26d6e990068e474efe6') in 0.017189 seconds
Number of updated asset objects reloaded before import = 0
Number of asset objects unloaded after import = 1
========================================================================
Received Import Request.
  Time since last request: 0.000423 seconds.
  path: Assets/IgnoreResources/StarterAssets/ThirdPersonController/Prefabs/PlayerFollowCamera.prefab
  artifactKey: Guid(a1a802ecaf6775746bb2a929fb554ad8) Importer(2089858483,0ecaa5967403d082aa24f35e1b516d23)
Start importing Assets/IgnoreResources/StarterAssets/ThirdPersonController/Prefabs/PlayerFollowCamera.prefab using Guid(a1a802ecaf6775746bb2a929fb554ad8) Importer(2089858483,0ecaa5967403d082aa24f35e1b516d23) Generated GUIDs only implemented for interfaces!
 -> (artifact id: 'e082897764aedf08c4764e8b2b98a42a') in 0.066728 seconds
Number of updated asset objects reloaded before import = 0
Number of asset objects unloaded after import = 11
========================================================================
Received Import Request.
  Time since last request: 0.000024 seconds.
  path: Assets/Resources/Textures/Materials/vanguard_specular.png
  artifactKey: Guid(99ea1479daecec945bae06887231fdb8) Importer(2089858483,0ecaa5967403d082aa24f35e1b516d23)
Start importing Assets/Resources/Textures/Materials/vanguard_specular.png using Guid(99ea1479daecec945bae06887231fdb8) Importer(2089858483,0ecaa5967403d082aa24f35e1b516d23) Generated GUIDs only implemented for interfaces!
 -> (artifact id: '025edaa227665e94d9e7d31d3cfc55e9') in 0.052783 seconds
Number of updated asset objects reloaded before import = 0
Number of asset objects unloaded after import = 1
========================================================================
Received Import Request.
  Time since last request: 0.002141 seconds.
  path: Assets/Resources/Textures/UI
  artifactKey: Guid(629c2ec58e05ccf4eb308afcc72615c4) Importer(2089858483,0ecaa5967403d082aa24f35e1b516d23)
Start importing Assets/Resources/Textures/UI using Guid(629c2ec58e05ccf4eb308afcc72615c4) Importer(2089858483,0ecaa5967403d082aa24f35e1b516d23) Generated GUIDs only implemented for interfaces!
 -> (artifact id: '2de0a85bb8f7f0974848c01c12e2f3d0') in 0.016399 seconds
Number of updated asset objects reloaded before import = 0
Number of asset objects unloaded after import = 1
========================================================================
Received Import Request.
  Time since last request: 0.000028 seconds.
  path: Assets/Resources/Textures/Materials/VanguardBodyMat.mat
  artifactKey: Guid(8b47a7c7ca2469245a62ba442c660cc8) Importer(2089858483,0ecaa5967403d082aa24f35e1b516d23)
Start importing Assets/Resources/Textures/Materials/VanguardBodyMat.mat using Guid(8b47a7c7ca2469245a62ba442c660cc8) Importer(2089858483,0ecaa5967403d082aa24f35e1b516d23) Generated GUIDs only implemented for interfaces!
 -> (artifact id: 'c30aa8f3aa391f9fa8bf12cce511adcb') in 0.026129 seconds
Number of updated asset objects reloaded before import = 0
Number of asset objects unloaded after import = 3
========================================================================
Received Import Request.
  Time since last request: 0.000025 seconds.
  path: Assets/IgnoreResources/StarterAssets/Mobile/Scripts/VirtualInputs/UIVirtualButton.cs
  artifactKey: Guid(448cd6d8e2f2cb04096e777d99974bc4) Importer(2089858483,0ecaa5967403d082aa24f35e1b516d23)
Start importing Assets/IgnoreResources/StarterAssets/Mobile/Scripts/VirtualInputs/UIVirtualButton.cs using Guid(448cd6d8e2f2cb04096e777d99974bc4) Importer(2089858483,0ecaa5967403d082aa24f35e1b516d23) Generated GUIDs only implemented for interfaces!
 -> (artifact id: '1483864f3d58e97ff2b933edc76f2788') in 0.020002 seconds
Number of updated asset objects reloaded before import = 0
Number of asset objects unloaded after import = 1
========================================================================
Received Import Request.
  Time since last request: 0.000026 seconds.
  path: Assets/IgnoreResources/StarterAssets/ThirdPersonController/Character/Sfx/Player_Footstep_02.wav
  artifactKey: Guid(85016e0f2b01da248b9663dd49a161b0) Importer(2089858483,0ecaa5967403d082aa24f35e1b516d23)
Start importing Assets/IgnoreResources/StarterAssets/ThirdPersonController/Character/Sfx/Player_Footstep_02.wav using Guid(85016e0f2b01da248b9663dd49a161b0) Importer(2089858483,0ecaa5967403d082aa24f35e1b516d23) Generated GUIDs only implemented for interfaces!
 -> (artifact id: 'a8fadd2264ceff8d70be4d05d39d5611') in 0.117685 seconds
Number of updated asset objects reloaded before import = 0
Number of asset objects unloaded after import = 1
========================================================================
Received Import Request.
  Time since last request: 0.000035 seconds.
  path: Assets/IgnoreResources/StarterAssets/Environment/Prefabs/Stairs_650_400_300_Prefab.prefab
  artifactKey: Guid(50a0925b0c22af146a2d15615f815a1c) Importer(2089858483,0ecaa5967403d082aa24f35e1b516d23)
Start importing Assets/IgnoreResources/StarterAssets/Environment/Prefabs/Stairs_650_400_300_Prefab.prefab using Guid(50a0925b0c22af146a2d15615f815a1c) Importer(2089858483,0ecaa5967403d082aa24f35e1b516d23) Generated GUIDs only implemented for interfaces!
 -> (artifact id: '7b2f53cff24036bbafe402f0a4b88315') in 0.031265 seconds
Number of updated asset objects reloaded before import = 0
Number of asset objects unloaded after import = 9
========================================================================
Received Import Request.
  Time since last request: 0.000039 seconds.
  path: Assets/Resources/Textures/Materials/Paladin_normal.png
  artifactKey: Guid(7e542f6cfbe9d1040b7dfa73f93cb214) Importer(2089858483,0ecaa5967403d082aa24f35e1b516d23)
Start importing Assets/Resources/Textures/Materials/Paladin_normal.png using Guid(7e542f6cfbe9d1040b7dfa73f93cb214) Importer(2089858483,0ecaa5967403d082aa24f35e1b516d23) Generated GUIDs only implemented for interfaces!
 -> (artifact id: 'a93760a32a1061e7b786ea48b0c9a4fc') in 0.049754 seconds
Number of updated asset objects reloaded before import = 0
Number of asset objects unloaded after import = 1
========================================================================
Received Import Request.
  Time since last request: 0.082361 seconds.
  path: Assets/Resources/Textures/Materials/Ch35_1003_Normal.png
  artifactKey: Guid(662345930a83b8b488f8888f7ec8503b) Importer(2089858483,0ecaa5967403d082aa24f35e1b516d23)
Start importing Assets/Resources/Textures/Materials/Ch35_1003_Normal.png using Guid(662345930a83b8b488f8888f7ec8503b) Importer(2089858483,0ecaa5967403d082aa24f35e1b516d23) Generated GUIDs only implemented for interfaces!
 -> (artifact id: 'e8ba3a5d0d947932ecb85e8b36061b1d') in 0.046085 seconds
Number of updated asset objects reloaded before import = 0
Number of asset objects unloaded after import = 1
========================================================================
Received Import Request.
  Time since last request: 0.000785 seconds.
  path: Assets/Resources/Textures/Materials/Ch10_1001_Specular.png
  artifactKey: Guid(0c3155d7571e5f54d9f09e7e3eed87b8) Importer(2089858483,0ecaa5967403d082aa24f35e1b516d23)
Start importing Assets/Resources/Textures/Materials/Ch10_1001_Specular.png using Guid(0c3155d7571e5f54d9f09e7e3eed87b8) Importer(2089858483,0ecaa5967403d082aa24f35e1b516d23) Generated GUIDs only implemented for interfaces!
 -> (artifact id: '5cc96d8184b4f01c0a9294a9bbb24738') in 0.057725 seconds
Number of updated asset objects reloaded before import = 0
Number of asset objects unloaded after import = 1
========================================================================
Received Import Request.
  Time since last request: 0.000022 seconds.
  path: Assets/IgnoreResources/Aligned Games/Polygonal Modern Weapons Collection 1 Asset Package/Materials/atlass_1_4.mat
  artifactKey: Guid(48f01cbc0668eed4c8e6738a335bb1c9) Importer(2089858483,0ecaa5967403d082aa24f35e1b516d23)
Start importing Assets/IgnoreResources/Aligned Games/Polygonal Modern Weapons Collection 1 Asset Package/Materials/atlass_1_4.mat using Guid(48f01cbc0668eed4c8e6738a335bb1c9) Importer(2089858483,0ecaa5967403d082aa24f35e1b516d23) Generated GUIDs only implemented for interfaces!
 -> (artifact id: 'a0206429a06168abfd8f61c0b94cf837') in 0.023180 seconds
Number of updated asset objects reloaded before import = 0
Number of asset objects unloaded after import = 2
========================================================================
Received Import Request.
  Time since last request: 0.000035 seconds.
  path: Assets/IgnoreResources/Aligned Games/Polygonal Modern Weapons Collection 1 Asset Package/Models/Guns/MachineGuns/MachineGun1/machine_gun_1.prefab
  artifactKey: Guid(c0bf9d1fd848d554abda1ef59eb498bc) Importer(2089858483,0ecaa5967403d082aa24f35e1b516d23)
Start importing Assets/IgnoreResources/Aligned Games/Polygonal Modern Weapons Collection 1 Asset Package/Models/Guns/MachineGuns/MachineGun1/machine_gun_1.prefab using Guid(c0bf9d1fd848d554abda1ef59eb498bc) Importer(2089858483,0ecaa5967403d082aa24f35e1b516d23) Generated GUIDs only implemented for interfaces!
 -> (artifact id: '62e0422aec6d3b7504b2cd46f2228300') in 0.028012 seconds
Number of updated asset objects reloaded before import = 0
Number of asset objects unloaded after import = 7
========================================================================
Received Import Request.
  Time since last request: 0.000266 seconds.
  path: Assets/IgnoreResources/Aligned Games/Polygonal Modern Weapons Collection 1 Asset Package/Models/Explosives/Explosive2/explosive_2.fbx
  artifactKey: Guid(1407190e78aec904bab309fdf0fe266e) Importer(2089858483,0ecaa5967403d082aa24f35e1b516d23)
Start importing Assets/IgnoreResources/Aligned Games/Polygonal Modern Weapons Collection 1 Asset Package/Models/Explosives/Explosive2/explosive_2.fbx using Guid(1407190e78aec904bab309fdf0fe266e) Importer(2089858483,0ecaa5967403d082aa24f35e1b516d23) Generated GUIDs only implemented for interfaces!
 -> (artifact id: '6afd957e2cf2a219e440b800850a55ab') in 0.048043 seconds
Number of updated asset objects reloaded before import = 0
Number of asset objects unloaded after import = 7
========================================================================
Received Import Request.
  Time since last request: 0.000141 seconds.
  path: Assets/Resources/Anims/Zombie/mixamo.com4.anim
  artifactKey: Guid(cb508206961b8b74ca9c30dfb3765cb1) Importer(2089858483,0ecaa5967403d082aa24f35e1b516d23)
Start importing Assets/Resources/Anims/Zombie/mixamo.com4.anim using Guid(cb508206961b8b74ca9c30dfb3765cb1) Importer(2089858483,0ecaa5967403d082aa24f35e1b516d23) Generated GUIDs only implemented for interfaces!
 -> (artifact id: '52bd51a6ea7a59ec8421b74409f874ba') in 0.124945 seconds
Number of updated asset objects reloaded before import = 0
Number of asset objects unloaded after import = 1
========================================================================
Received Import Request.
  Time since last request: 0.000027 seconds.
  path: Assets/Resources/Anims/Zombie/mixamo.com6.anim
  artifactKey: Guid(f9d24f3f432da6941baf4a32dd6eddee) Importer(2089858483,0ecaa5967403d082aa24f35e1b516d23)
Start importing Assets/Resources/Anims/Zombie/mixamo.com6.anim using Guid(f9d24f3f432da6941baf4a32dd6eddee) Importer(2089858483,0ecaa5967403d082aa24f35e1b516d23) Generated GUIDs only implemented for interfaces!
 -> (artifact id: '3ce90a10193540bd451f9c33a4885268') in 0.084719 seconds
Number of updated asset objects reloaded before import = 0
Number of asset objects unloaded after import = 1
========================================================================
Received Import Request.
  Time since last request: 0.000035 seconds.
  path: Assets/Resources/Anims/Zombie/mixamo.com3.anim
  artifactKey: Guid(431205eeea5507b45aac05aca8f5fdae) Importer(2089858483,0ecaa5967403d082aa24f35e1b516d23)
Start importing Assets/Resources/Anims/Zombie/mixamo.com3.anim using Guid(431205eeea5507b45aac05aca8f5fdae) Importer(2089858483,0ecaa5967403d082aa24f35e1b516d23) Generated GUIDs only implemented for interfaces!
 -> (artifact id: 'b1c074f1736b05010177ef8905734e38') in 0.080538 seconds
Number of updated asset objects reloaded before import = 0
Number of asset objects unloaded after import = 1
========================================================================
Received Import Request.
  Time since last request: 0.000024 seconds.
  path: Assets/CSharp/Scripts/ColliderGenerator.cs
  artifactKey: Guid(b03ebfd3c46f151468e517ea00495df1) Importer(2089858483,0ecaa5967403d082aa24f35e1b516d23)
Start importing Assets/CSharp/Scripts/ColliderGenerator.cs using Guid(b03ebfd3c46f151468e517ea00495df1) Importer(2089858483,0ecaa5967403d082aa24f35e1b516d23) Generated GUIDs only implemented for interfaces!
 -> (artifact id: 'dd434e365ada5bdab0e4bf338426cbd1') in 0.020200 seconds
Number of updated asset objects reloaded before import = 0
Number of asset objects unloaded after import = 1
========================================================================
Received Import Request.
  Time since last request: 0.012893 seconds.
  path: Assets/IgnoreResources/Aligned Games/Polygonal Modern Weapons Collection 1 Asset Package/Models/Guns/Rifles/Rifle1
  artifactKey: Guid(0d9ab5d09f1eb1149b1ce2f168c6ec12) Importer(2089858483,0ecaa5967403d082aa24f35e1b516d23)
Start importing Assets/IgnoreResources/Aligned Games/Polygonal Modern Weapons Collection 1 Asset Package/Models/Guns/Rifles/Rifle1 using Guid(0d9ab5d09f1eb1149b1ce2f168c6ec12) Importer(2089858483,0ecaa5967403d082aa24f35e1b516d23) Generated GUIDs only implemented for interfaces!
 -> (artifact id: '951b3b0f10005b46f94ef346b8f0bbf2') in 0.014390 seconds
Number of updated asset objects reloaded before import = 0
Number of asset objects unloaded after import = 1
========================================================================
Received Import Request.
  Time since last request: 0.000023 seconds.
  path: Assets/IgnoreResources/Aligned Games/Polygonal Modern Weapons Collection 1 Asset Package/Models/Melee/Knive/Knive4
  artifactKey: Guid(1d7aa53d99d98b34da3cdd14b0e48702) Importer(2089858483,0ecaa5967403d082aa24f35e1b516d23)
Start importing Assets/IgnoreResources/Aligned Games/Polygonal Modern Weapons Collection 1 Asset Package/Models/Melee/Knive/Knive4 using Guid(1d7aa53d99d98b34da3cdd14b0e48702) Importer(2089858483,0ecaa5967403d082aa24f35e1b516d23) Generated GUIDs only implemented for interfaces!
 -> (artifact id: '6f7e2cbff05f90d1d3a6eff93d71c460') in 0.017824 seconds
Number of updated asset objects reloaded before import = 0
Number of asset objects unloaded after import = 1
========================================================================
Received Import Request.
  Time since last request: 0.000024 seconds.
  path: Assets/IgnoreResources/Aligned Games/Polygonal Modern Weapons Collection 2 Asset Package/Scenes/DemonstrationNight/ReflectionProbe-0.exr
  artifactKey: Guid(69affa7757259f443b53901810ae6cce) Importer(2089858483,0ecaa5967403d082aa24f35e1b516d23)
Start importing Assets/IgnoreResources/Aligned Games/Polygonal Modern Weapons Collection 2 Asset Package/Scenes/DemonstrationNight/ReflectionProbe-0.exr using Guid(69affa7757259f443b53901810ae6cce) Importer(2089858483,0ecaa5967403d082aa24f35e1b516d23) Generated GUIDs only implemented for interfaces!
 -> (artifact id: '671592fca6ab4c76d095c8fee200f931') in 0.058225 seconds
Number of updated asset objects reloaded before import = 0
Number of asset objects unloaded after import = 1
========================================================================
Received Import Request.
  Time since last request: 0.000028 seconds.
  path: Assets/IgnoreResources/Aligned Games/Polygonal Modern Weapons Collection 1 Asset Package/Models/Guns/SubmachineGuns/SubmachineGun2/submachine_gun_2.fbx
  artifactKey: Guid(af2a396b14f98364381795f6ed95b839) Importer(2089858483,0ecaa5967403d082aa24f35e1b516d23)
Start importing Assets/IgnoreResources/Aligned Games/Polygonal Modern Weapons Collection 1 Asset Package/Models/Guns/SubmachineGuns/SubmachineGun2/submachine_gun_2.fbx using Guid(af2a396b14f98364381795f6ed95b839) Importer(2089858483,0ecaa5967403d082aa24f35e1b516d23) Generated GUIDs only implemented for interfaces!
 -> (artifact id: '176beaacf3461b3e517ad3258f3cb03a') in 0.076930 seconds
Number of updated asset objects reloaded before import = 0
Number of asset objects unloaded after import = 7
========================================================================
Received Import Request.
  Time since last request: 0.000205 seconds.
  path: Assets/IgnoreResources/Aligned Games/Polygonal Modern Weapons Collection 1 Asset Package/Models/Melee/Axes/Axe1/axe_1.fbx
  artifactKey: Guid(64932d512d123a2439c84e51e28ad6e7) Importer(2089858483,0ecaa5967403d082aa24f35e1b516d23)
Start importing Assets/IgnoreResources/Aligned Games/Polygonal Modern Weapons Collection 1 Asset Package/Models/Melee/Axes/Axe1/axe_1.fbx using Guid(64932d512d123a2439c84e51e28ad6e7) Importer(2089858483,0ecaa5967403d082aa24f35e1b516d23) Generated GUIDs only implemented for interfaces!
 -> (artifact id: '62a8a7cdb6e18bd9ab49597729db6769') in 0.051182 seconds
Number of updated asset objects reloaded before import = 0
Number of asset objects unloaded after import = 7
========================================================================
Received Import Request.
  Time since last request: 0.000547 seconds.
  path: Assets/IgnoreResources/Aligned Games/Polygonal Modern Weapons Collection 1 Asset Package/Models/Attachments/Scope5
  artifactKey: Guid(ab1dc46f005fcd244b251f5c2baf113d) Importer(2089858483,0ecaa5967403d082aa24f35e1b516d23)
Start importing Assets/IgnoreResources/Aligned Games/Polygonal Modern Weapons Collection 1 Asset Package/Models/Attachments/Scope5 using Guid(ab1dc46f005fcd244b251f5c2baf113d) Importer(2089858483,0ecaa5967403d082aa24f35e1b516d23) Generated GUIDs only implemented for interfaces!
 -> (artifact id: '286e71f690296c4cd791d2967ad2cffd') in 0.024743 seconds
Number of updated asset objects reloaded before import = 0
Number of asset objects unloaded after import = 1
========================================================================
Received Import Request.
  Time since last request: 0.000023 seconds.
  path: Assets/IgnoreResources/Aligned Games/Polygonal Modern Weapons Collection 1 Asset Package/Models/Attachments/Fitment1/fitment_1.fbx
  artifactKey: Guid(899799cdd58ecf04fa487961cc90540d) Importer(2089858483,0ecaa5967403d082aa24f35e1b516d23)
Start importing Assets/IgnoreResources/Aligned Games/Polygonal Modern Weapons Collection 1 Asset Package/Models/Attachments/Fitment1/fitment_1.fbx using Guid(899799cdd58ecf04fa487961cc90540d) Importer(2089858483,0ecaa5967403d082aa24f35e1b516d23) Generated GUIDs only implemented for interfaces!
 -> (artifact id: '569be6b73df07a52360b4e39766a5db7') in 0.071514 seconds
Number of updated asset objects reloaded before import = 0
Number of asset objects unloaded after import = 7
========================================================================
Received Import Request.
  Time since last request: 0.000023 seconds.
  path: Assets/IgnoreResources/Aligned Games/Polygonal Modern Weapons Collection 1 Asset Package/Models/Guns/RocketLaunchers/RocketLauncher1/rocket_launcher_1.fbx
  artifactKey: Guid(03097b40df6a7344298a71ef134d8fb3) Importer(2089858483,0ecaa5967403d082aa24f35e1b516d23)
Start importing Assets/IgnoreResources/Aligned Games/Polygonal Modern Weapons Collection 1 Asset Package/Models/Guns/RocketLaunchers/RocketLauncher1/rocket_launcher_1.fbx using Guid(03097b40df6a7344298a71ef134d8fb3) Importer(2089858483,0ecaa5967403d082aa24f35e1b516d23) Generated GUIDs only implemented for interfaces!
 -> (artifact id: '5109adde2e1cc65e141325c30c717453') in 0.063920 seconds
Number of updated asset objects reloaded before import = 0
Number of asset objects unloaded after import = 7
========================================================================
Received Import Request.
  Time since last request: 0.000265 seconds.
  path: Assets/IgnoreResources/Aligned Games/Polygonal Modern Weapons Collection 1 Asset Package/Models/Guns/MachineGuns/MachineGun6/machine_gun_6.fbx
  artifactKey: Guid(6f056af99a87a9d429c89c7f29cd6d59) Importer(2089858483,0ecaa5967403d082aa24f35e1b516d23)
Start importing Assets/IgnoreResources/Aligned Games/Polygonal Modern Weapons Collection 1 Asset Package/Models/Guns/MachineGuns/MachineGun6/machine_gun_6.fbx using Guid(6f056af99a87a9d429c89c7f29cd6d59) Importer(2089858483,0ecaa5967403d082aa24f35e1b516d23) Generated GUIDs only implemented for interfaces!
 -> (artifact id: '7c7319ac9bdcee740359614850254cdd') in 0.050246 seconds
Number of updated asset objects reloaded before import = 0
Number of asset objects unloaded after import = 7
========================================================================
Received Import Request.
  Time since last request: 0.000025 seconds.
  path: Assets/IgnoreResources/Aligned Games/Polygonal Modern Weapons Collection 2 Asset Package/Models/Shotgun2/shotgun_2.fbx
  artifactKey: Guid(46affe55530140d4fabd0249ac5752d0) Importer(2089858483,0ecaa5967403d082aa24f35e1b516d23)
Start importing Assets/IgnoreResources/Aligned Games/Polygonal Modern Weapons Collection 2 Asset Package/Models/Shotgun2/shotgun_2.fbx using Guid(46affe55530140d4fabd0249ac5752d0) Importer(2089858483,0ecaa5967403d082aa24f35e1b516d23) Generated GUIDs only implemented for interfaces!
 -> (artifact id: '7b41e13595f0eb2aa215958aba766a1b') in 0.049924 seconds
Number of updated asset objects reloaded before import = 0
Number of asset objects unloaded after import = 7
========================================================================
Received Import Request.
  Time since last request: 0.000043 seconds.
  path: Assets/IgnoreResources/Aligned Games/Polygonal Modern Weapons Collection 2 Asset Package/Models/MachineGun1
  artifactKey: Guid(169fa2995aad8d543a2ab83185094e06) Importer(2089858483,0ecaa5967403d082aa24f35e1b516d23)
Start importing Assets/IgnoreResources/Aligned Games/Polygonal Modern Weapons Collection 2 Asset Package/Models/MachineGun1 using Guid(169fa2995aad8d543a2ab83185094e06) Importer(2089858483,0ecaa5967403d082aa24f35e1b516d23) Generated GUIDs only implemented for interfaces!
 -> (artifact id: 'c5d331e09fa9c58af06994e673654e74') in 0.014751 seconds
Number of updated asset objects reloaded before import = 0
Number of asset objects unloaded after import = 1
========================================================================
Received Import Request.
  Time since last request: 0.000023 seconds.
  path: Assets/IgnoreResources/Aligned Games/Polygonal Modern Weapons Collection 2 Asset Package/Models/SubmachineGun3
  artifactKey: Guid(b1f57b2b9c0dfd743930bcc1d0945b37) Importer(2089858483,0ecaa5967403d082aa24f35e1b516d23)
Start importing Assets/IgnoreResources/Aligned Games/Polygonal Modern Weapons Collection 2 Asset Package/Models/SubmachineGun3 using Guid(b1f57b2b9c0dfd743930bcc1d0945b37) Importer(2089858483,0ecaa5967403d082aa24f35e1b516d23) Generated GUIDs only implemented for interfaces!
 -> (artifact id: '83e41f704ec3765ca7f9c6468c338b25') in 0.018962 seconds
Number of updated asset objects reloaded before import = 0
Number of asset objects unloaded after import = 1
========================================================================
Received Import Request.
  Time since last request: 0.000024 seconds.
  path: Assets/IgnoreResources/Aligned Games/Polygonal Modern Weapons Collection 2 Asset Package/Textures/atlass_1_diffuse.png
  artifactKey: Guid(bb8118f34410a604dbf31c021fae3009) Importer(2089858483,0ecaa5967403d082aa24f35e1b516d23)
Start importing Assets/IgnoreResources/Aligned Games/Polygonal Modern Weapons Collection 2 Asset Package/Textures/atlass_1_diffuse.png using Guid(bb8118f34410a604dbf31c021fae3009) Importer(2089858483,0ecaa5967403d082aa24f35e1b516d23) Generated GUIDs only implemented for interfaces!
 -> (artifact id: 'a79c76658dba7b066c60859703f26d56') in 0.056655 seconds
Number of updated asset objects reloaded before import = 0
Number of asset objects unloaded after import = 1
========================================================================
Received Import Request.
  Time since last request: 0.000793 seconds.
  path: Assets/IgnoreResources/Aligned Games/Polygonal Modern Weapons Collection 2 Asset Package/Models/MachineGun1/machine_gun_1.prefab
  artifactKey: Guid(c768ef85a0fb08f41814c012257d5af3) Importer(2089858483,0ecaa5967403d082aa24f35e1b516d23)
Start importing Assets/IgnoreResources/Aligned Games/Polygonal Modern Weapons Collection 2 Asset Package/Models/MachineGun1/machine_gun_1.prefab using Guid(c768ef85a0fb08f41814c012257d5af3) Importer(2089858483,0ecaa5967403d082aa24f35e1b516d23) Generated GUIDs only implemented for interfaces!
 -> (artifact id: '1bf9cbb984128871890c9ec6be005890') in 0.035501 seconds
Number of updated asset objects reloaded before import = 0
Number of asset objects unloaded after import = 8
========================================================================
Received Import Request.
  Time since last request: 0.000023 seconds.
  path: Assets/IgnoreResources/Aligned Games/Polygonal Modern Weapons Collection 2 Asset Package/Models/Sight4
  artifactKey: Guid(c22bdda454b56c84791211cd7070ebc9) Importer(2089858483,0ecaa5967403d082aa24f35e1b516d23)
Start importing Assets/IgnoreResources/Aligned Games/Polygonal Modern Weapons Collection 2 Asset Package/Models/Sight4 using Guid(c22bdda454b56c84791211cd7070ebc9) Importer(2089858483,0ecaa5967403d082aa24f35e1b516d23) Generated GUIDs only implemented for interfaces!
 -> (artifact id: '0386a1d42578b89cbb946543b962e651') in 0.015272 seconds
Number of updated asset objects reloaded before import = 0
Number of asset objects unloaded after import = 1
========================================================================
Received Import Request.
  Time since last request: 0.000026 seconds.
  path: Assets/IgnoreResources/Aligned Games/Polygonal Modern Weapons Collection 2 Asset Package/Scenes/DemonstrationDay/ReflectionProbe-1.exr
  artifactKey: Guid(c5e525220b7914d4f9f36ed3d042f930) Importer(2089858483,0ecaa5967403d082aa24f35e1b516d23)
Start importing Assets/IgnoreResources/Aligned Games/Polygonal Modern Weapons Collection 2 Asset Package/Scenes/DemonstrationDay/ReflectionProbe-1.exr using Guid(c5e525220b7914d4f9f36ed3d042f930) Importer(2089858483,0ecaa5967403d082aa24f35e1b516d23) Generated GUIDs only implemented for interfaces!
 -> (artifact id: 'a68198ea63a3fb412f5455cafb77f0bb') in 0.049427 seconds
Number of updated asset objects reloaded before import = 0
Number of asset objects unloaded after import = 1
========================================================================
Received Import Request.
  Time since last request: 0.000029 seconds.
  path: Assets/IgnoreResources/Aligned Games/Polygonal Modern Weapons Collection 1 Asset Package/Models/Explosives/Explosive2
  artifactKey: Guid(9fffd5442cc3ee94986575ae73d8dff2) Importer(2089858483,0ecaa5967403d082aa24f35e1b516d23)
Start importing Assets/IgnoreResources/Aligned Games/Polygonal Modern Weapons Collection 1 Asset Package/Models/Explosives/Explosive2 using Guid(9fffd5442cc3ee94986575ae73d8dff2) Importer(2089858483,0ecaa5967403d082aa24f35e1b516d23) Generated GUIDs only implemented for interfaces!
 -> (artifact id: '3cc0a33d1c9de9ca1ec8f9d9b0f194b2') in 0.016062 seconds
Number of updated asset objects reloaded before import = 0
Number of asset objects unloaded after import = 1
========================================================================
Received Import Request.
  Time since last request: 0.000028 seconds.
  path: Assets/IgnoreResources/Aligned Games/Polygonal Modern Weapons Collection 2 Asset Package/Models/Muzzleflash1/muzzleflash_1.prefab
  artifactKey: Guid(555e2339f44828a47a50e687b0a8b2bf) Importer(2089858483,0ecaa5967403d082aa24f35e1b516d23)
Start importing Assets/IgnoreResources/Aligned Games/Polygonal Modern Weapons Collection 2 Asset Package/Models/Muzzleflash1/muzzleflash_1.prefab using Guid(555e2339f44828a47a50e687b0a8b2bf) Importer(2089858483,0ecaa5967403d082aa24f35e1b516d23) Generated GUIDs only implemented for interfaces!
 -> (artifact id: '2b6a20ffedaccdd693ee35f4995d0d10') in 0.029655 seconds
Number of updated asset objects reloaded before import = 0
Number of asset objects unloaded after import = 7
========================================================================
Received Import Request.
  Time since last request: 0.000039 seconds.
  path: Assets/IgnoreResources/Low Poly ShotGun Weapon Pack 1/Models/Attachments/Accessories/Laser_A_Right.fbx
  artifactKey: Guid(9a59cd31aef50024482f97d57e6a4bf6) Importer(2089858483,0ecaa5967403d082aa24f35e1b516d23)
Start importing Assets/IgnoreResources/Low Poly ShotGun Weapon Pack 1/Models/Attachments/Accessories/Laser_A_Right.fbx using Guid(9a59cd31aef50024482f97d57e6a4bf6) Importer(2089858483,0ecaa5967403d082aa24f35e1b516d23) Generated GUIDs only implemented for interfaces!
 -> (artifact id: '135c1cee0804060c821e56ede3331b00') in 0.054732 seconds
Number of updated asset objects reloaded before import = 0
Number of asset objects unloaded after import = 7
========================================================================
Received Import Request.
  Time since last request: 0.000039 seconds.
  path: Assets/IgnoreResources/Low Poly ShotGun Weapon Pack 1/Models/Attachments/Barrels/Muzzle_ShotGun_Flash Hider_A.fbx
  artifactKey: Guid(436e4a01b4fab7a409ea5a93026328c4) Importer(2089858483,0ecaa5967403d082aa24f35e1b516d23)
Start importing Assets/IgnoreResources/Low Poly ShotGun Weapon Pack 1/Models/Attachments/Barrels/Muzzle_ShotGun_Flash Hider_A.fbx using Guid(436e4a01b4fab7a409ea5a93026328c4) Importer(2089858483,0ecaa5967403d082aa24f35e1b516d23) Generated GUIDs only implemented for interfaces!
 -> (artifact id: 'b3153c53afa9e9edbc2c218698fb327e') in 0.050818 seconds
Number of updated asset objects reloaded before import = 0
Number of asset objects unloaded after import = 7
========================================================================
Received Import Request.
  Time since last request: 0.000023 seconds.
  path: Assets/IgnoreResources/nappin/Weapon Props Softpack/Prefabs/(Prb)Rapier.prefab
  artifactKey: Guid(1dc79990a24b6394aa6854ed3ab23944) Importer(2089858483,0ecaa5967403d082aa24f35e1b516d23)
Start importing Assets/IgnoreResources/nappin/Weapon Props Softpack/Prefabs/(Prb)Rapier.prefab using Guid(1dc79990a24b6394aa6854ed3ab23944) Importer(2089858483,0ecaa5967403d082aa24f35e1b516d23) Generated GUIDs only implemented for interfaces!
 -> (artifact id: 'a0ec66987196f6371a165a390d87534f') in 0.018693 seconds
Number of updated asset objects reloaded before import = 0
Number of asset objects unloaded after import = 10
========================================================================
Received Import Request.
  Time since last request: 0.000029 seconds.
  path: Assets/IgnoreResources/nappin/Weapon Props Softpack/Materials/(Mat)GradientWaterDarkGreen_Reflective.mat
  artifactKey: Guid(e7344223e551ef64c9a8968977fde5f9) Importer(2089858483,0ecaa5967403d082aa24f35e1b516d23)
Start importing Assets/IgnoreResources/nappin/Weapon Props Softpack/Materials/(Mat)GradientWaterDarkGreen_Reflective.mat using Guid(e7344223e551ef64c9a8968977fde5f9) Importer(2089858483,0ecaa5967403d082aa24f35e1b516d23) Generated GUIDs only implemented for interfaces!
 -> (artifact id: 'bcf65324434bb419f26efa0b8d36b04e') in 0.023282 seconds
Number of updated asset objects reloaded before import = 0
Number of asset objects unloaded after import = 2
========================================================================
Received Import Request.
  Time since last request: 0.000024 seconds.
  path: Assets/IgnoreResources/nappin/Weapon Props Softpack/Materials/(Mat)DeepBlack.mat
  artifactKey: Guid(3930d9ec8c44ef94eabe41ec10d041c8) Importer(2089858483,0ecaa5967403d082aa24f35e1b516d23)
Start importing Assets/IgnoreResources/nappin/Weapon Props Softpack/Materials/(Mat)DeepBlack.mat using Guid(3930d9ec8c44ef94eabe41ec10d041c8) Importer(2089858483,0ecaa5967403d082aa24f35e1b516d23) Generated GUIDs only implemented for interfaces!
 -> (artifact id: 'b448a2b8806418ef6aa74962a0de461b') in 0.021628 seconds
Number of updated asset objects reloaded before import = 0
Number of asset objects unloaded after import = 1
========================================================================
Received Import Request.
  Time since last request: 0.000497 seconds.
  path: Assets/IgnoreResources/nappin
  artifactKey: Guid(8c72b8044387b1b4eb57e4c8520f5ec7) Importer(2089858483,0ecaa5967403d082aa24f35e1b516d23)
Start importing Assets/IgnoreResources/nappin using Guid(8c72b8044387b1b4eb57e4c8520f5ec7) Importer(2089858483,0ecaa5967403d082aa24f35e1b516d23) Generated GUIDs only implemented for interfaces!
 -> (artifact id: 'e18c994fa13b97e46bd6231411797ebe') in 0.014582 seconds
Number of updated asset objects reloaded before import = 0
Number of asset objects unloaded after import = 1
========================================================================
Received Import Request.
  Time since last request: 0.000027 seconds.
  path: Assets/IgnoreResources/nappin/Weapon Props Softpack/Models/(Msh)Granade.fbx
  artifactKey: Guid(b1f45736bf67582449d51464d30933b2) Importer(2089858483,0ecaa5967403d082aa24f35e1b516d23)
Start importing Assets/IgnoreResources/nappin/Weapon Props Softpack/Models/(Msh)Granade.fbx using Guid(b1f45736bf67582449d51464d30933b2) Importer(2089858483,0ecaa5967403d082aa24f35e1b516d23) Generated GUIDs only implemented for interfaces!
 -> (artifact id: '3c2e1370cd8569d087767037ed3e78cf') in 0.049987 seconds
Number of updated asset objects reloaded before import = 0
Number of asset objects unloaded after import = 16
========================================================================
Received Import Request.
  Time since last request: 0.000026 seconds.
  path: Assets/IgnoreResources/nappin/Weapon Props Softpack/Models/(Msh)Katana.fbx
  artifactKey: Guid(e1ce3c0e2486703489a57079b2cfc2f5) Importer(2089858483,0ecaa5967403d082aa24f35e1b516d23)
Start importing Assets/IgnoreResources/nappin/Weapon Props Softpack/Models/(Msh)Katana.fbx using Guid(e1ce3c0e2486703489a57079b2cfc2f5) Importer(2089858483,0ecaa5967403d082aa24f35e1b516d23) Generated GUIDs only implemented for interfaces!
 -> (artifact id: '9b40c5c9c725685fafedd042819131dd') in 0.039657 seconds
Number of updated asset objects reloaded before import = 0
Number of asset objects unloaded after import = 9
========================================================================
Received Import Request.
  Time since last request: 0.000605 seconds.
  path: Assets/IgnoreResources/nappin/Weapon Props Softpack/Models/(Msh)Pickaxe.fbx
  artifactKey: Guid(a86256b05385e20438902c6fa3ef7815) Importer(2089858483,0ecaa5967403d082aa24f35e1b516d23)
Start importing Assets/IgnoreResources/nappin/Weapon Props Softpack/Models/(Msh)Pickaxe.fbx using Guid(a86256b05385e20438902c6fa3ef7815) Importer(2089858483,0ecaa5967403d082aa24f35e1b516d23) Generated GUIDs only implemented for interfaces!
 -> (artifact id: 'c7e88824b3f336cb73612df82703e366') in 0.055742 seconds
Number of updated asset objects reloaded before import = 0
Number of asset objects unloaded after import = 9
========================================================================
Received Import Request.
  Time since last request: 0.000160 seconds.
  path: Assets/IgnoreResources/nappin/Weapon Props Softpack/Prefabs/(Prb)Kunai.prefab
  artifactKey: Guid(51974ed7a10bbf148b951aae89d64465) Importer(2089858483,0ecaa5967403d082aa24f35e1b516d23)
Start importing Assets/IgnoreResources/nappin/Weapon Props Softpack/Prefabs/(Prb)Kunai.prefab using Guid(51974ed7a10bbf148b951aae89d64465) Importer(2089858483,0ecaa5967403d082aa24f35e1b516d23) Generated GUIDs only implemented for interfaces!
 -> (artifact id: '9a1393f594efccf7cc5b9cc99c25bfde') in 0.026914 seconds
Number of updated asset objects reloaded before import = 0
Number of asset objects unloaded after import = 10
========================================================================
Received Import Request.
  Time since last request: 0.003056 seconds.
  path: Assets/IgnoreResources/nappin/Weapon Props Softpack/PP.asset
  artifactKey: Guid(b900e86182ac3614cbd2ebc5bc5cd64e) Importer(2089858483,0ecaa5967403d082aa24f35e1b516d23)
Start importing Assets/IgnoreResources/nappin/Weapon Props Softpack/PP.asset using Guid(b900e86182ac3614cbd2ebc5bc5cd64e) Importer(2089858483,0ecaa5967403d082aa24f35e1b516d23) Generated GUIDs only implemented for interfaces!
 -> (artifact id: '8d3dee4db5dbbbd42e18aae9135cbfb7') in 0.015026 seconds
Number of updated asset objects reloaded before import = 0
Number of asset objects unloaded after import = 1
========================================================================
Received Import Request.
  Time since last request: 0.000035 seconds.
  path: Assets/IgnoreResources/Aligned Games/Polygonal Modern Weapons Collection 2 Asset Package/Models/Sight1/sight_1.fbx
  artifactKey: Guid(17270d0e3aa3b2d4a92e7d5ea1f25fc4) Importer(2089858483,0ecaa5967403d082aa24f35e1b516d23)
Start importing Assets/IgnoreResources/Aligned Games/Polygonal Modern Weapons Collection 2 Asset Package/Models/Sight1/sight_1.fbx using Guid(17270d0e3aa3b2d4a92e7d5ea1f25fc4) Importer(2089858483,0ecaa5967403d082aa24f35e1b516d23) Generated GUIDs only implemented for interfaces!
 -> (artifact id: '8917c251cfb890e2efbdc54218d2cd16') in 0.043520 seconds
Number of updated asset objects reloaded before import = 0
Number of asset objects unloaded after import = 7
========================================================================
Received Import Request.
  Time since last request: 0.000023 seconds.
  path: Assets/IgnoreResources/Aligned Games/Polygonal Modern Weapons Collection 1 Asset Package/Models/Guns/RocketLaunchers/RocketLauncher1/rocket_launcher_1.prefab
  artifactKey: Guid(28cac15429ba5ab44be0bd722c6a8e1a) Importer(2089858483,0ecaa5967403d082aa24f35e1b516d23)
Start importing Assets/IgnoreResources/Aligned Games/Polygonal Modern Weapons Collection 1 Asset Package/Models/Guns/RocketLaunchers/RocketLauncher1/rocket_launcher_1.prefab using Guid(28cac15429ba5ab44be0bd722c6a8e1a) Importer(2089858483,0ecaa5967403d082aa24f35e1b516d23) Generated GUIDs only implemented for interfaces!
 -> (artifact id: '0262c25a69c636a3cb80edf1390d0c74') in 0.022507 seconds
Number of updated asset objects reloaded before import = 0
Number of asset objects unloaded after import = 7
========================================================================
Received Import Request.
  Time since last request: 0.000029 seconds.
  path: Assets/IgnoreResources/Aligned Games/Polygonal Modern Weapons Collection 2 Asset Package/Models
  artifactKey: Guid(7fc242d33d76c1d469ea5bbe6484a463) Importer(2089858483,0ecaa5967403d082aa24f35e1b516d23)
Start importing Assets/IgnoreResources/Aligned Games/Polygonal Modern Weapons Collection 2 Asset Package/Models using Guid(7fc242d33d76c1d469ea5bbe6484a463) Importer(2089858483,0ecaa5967403d082aa24f35e1b516d23) Generated GUIDs only implemented for interfaces!
 -> (artifact id: '9b779b8a67e71aa6dbe58aca9a625748') in 0.014089 seconds
Number of updated asset objects reloaded before import = 0
Number of asset objects unloaded after import = 1
========================================================================
Received Import Request.
  Time since last request: 0.000036 seconds.
  path: Assets/IgnoreResources/Low Poly ShotGun Weapon Pack 1/Materials
  artifactKey: Guid(8fae361783af74a429911bdda02fb0f0) Importer(2089858483,0ecaa5967403d082aa24f35e1b516d23)
Start importing Assets/IgnoreResources/Low Poly ShotGun Weapon Pack 1/Materials using Guid(8fae361783af74a429911bdda02fb0f0) Importer(2089858483,0ecaa5967403d082aa24f35e1b516d23) Generated GUIDs only implemented for interfaces!
 -> (artifact id: '44927b035e6733eff799e2bbab53c570') in 0.013009 seconds
Number of updated asset objects reloaded before import = 0
Number of asset objects unloaded after import = 1
========================================================================
Received Import Request.
  Time since last request: 0.000019 seconds.
  path: Assets/IgnoreResources/Aligned Games/Polygonal Modern Weapons Collection 2 Asset Package/Models/Grip1/grip_1.prefab
  artifactKey: Guid(8b4adcb75667a2b4682141f41ab5de4c) Importer(2089858483,0ecaa5967403d082aa24f35e1b516d23)
Start importing Assets/IgnoreResources/Aligned Games/Polygonal Modern Weapons Collection 2 Asset Package/Models/Grip1/grip_1.prefab using Guid(8b4adcb75667a2b4682141f41ab5de4c) Importer(2089858483,0ecaa5967403d082aa24f35e1b516d23) Generated GUIDs only implemented for interfaces!
 -> (artifact id: '1b71fbaaf2ab039e8b4917df4c82145f') in 0.029647 seconds
Number of updated asset objects reloaded before import = 0
Number of asset objects unloaded after import = 7
========================================================================
Received Import Request.
  Time since last request: 0.000024 seconds.
  path: Assets/IgnoreResources/Aligned Games/Polygonal Modern Weapons Collection 2 Asset Package/Models/MachineGun7/machine_gun_7.prefab
  artifactKey: Guid(8cc8fcff798fd2e4da103216dbe7f7c6) Importer(2089858483,0ecaa5967403d082aa24f35e1b516d23)
Start importing Assets/IgnoreResources/Aligned Games/Polygonal Modern Weapons Collection 2 Asset Package/Models/MachineGun7/machine_gun_7.prefab using Guid(8cc8fcff798fd2e4da103216dbe7f7c6) Importer(2089858483,0ecaa5967403d082aa24f35e1b516d23) Generated GUIDs only implemented for interfaces!
 -> (artifact id: 'd40160a2e61b18881f26123779aa7e7e') in 0.027360 seconds
Number of updated asset objects reloaded before import = 0
Number of asset objects unloaded after import = 7
========================================================================
Received Import Request.
  Time since last request: 0.000028 seconds.
  path: Assets/IgnoreResources/Aligned Games/Polygonal Modern Weapons Collection 1 Asset Package/Models/Guns/RocketLaunchers/RocketLauncher1
  artifactKey: Guid(414e268a70804e449b6a1f0f959c42f6) Importer(2089858483,0ecaa5967403d082aa24f35e1b516d23)
Start importing Assets/IgnoreResources/Aligned Games/Polygonal Modern Weapons Collection 1 Asset Package/Models/Guns/RocketLaunchers/RocketLauncher1 using Guid(414e268a70804e449b6a1f0f959c42f6) Importer(2089858483,0ecaa5967403d082aa24f35e1b516d23) Generated GUIDs only implemented for interfaces!
 -> (artifact id: '7d4c3c182026ce4809eac5a3e2e82fd8') in 0.010618 seconds
Number of updated asset objects reloaded before import = 0
Number of asset objects unloaded after import = 1
Editor requested this worker to shutdown with reason: Scaling down because of idle timeout
TcpMessagingSession - receive error: operation aborted. errorcode: 995, details:        I/O  .
AssetImportWorker is now disconnected from the server
Process exiting
Exiting without the bug reporter. Application will terminate with return code 0